Log file open, 02/25/22 22:10:49
LogWindows: Failed to load 'aqProf.dll' (GetLastError=126)
LogWindows: File 'aqProf.dll' does not exist
LogWindows: Failed to load 'VtuneApi.dll' (GetLastError=126)
LogWindows: File 'VtuneApi.dll' does not exist
LogWindows: Failed to load 'VtuneApi32e.dll' (GetLastError=126)
LogWindows: File 'VtuneApi32e.dll' does not exist
LogConsoleResponse: Display: Failed to find resolution value strings in scalability ini. Falling back to default.
LogConsoleResponse: Display: Failed to find resolution value strings in scalability ini. Falling back to default.
LogInit: Display: Running engine for game: FEM
LogPlatformFile: Not using cached read wrapper
LogTaskGraph: Started task graph with 5 named threads and 23 total threads with 3 sets of task threads.
LogStats: Stats thread started at 1.186390
LogICUInternationalization: ICU TimeZone Detection - Raw Offset: -5:00, Platform Override: ''
LogInit: Display: Loading text-based GConfig....
LogPluginManager: Mounting plugin MeshPainting
LogPluginManager: Mounting plugin XGEController
LogPluginManager: Mounting plugin Paper2D
LogPluginManager: Mounting plugin LiveLink
LogPluginManager: Mounting plugin AISupport
LogPluginManager: Mounting plugin EnvironmentQueryEditor
LogPluginManager: Mounting plugin LightPropagationVolume
LogPluginManager: Mounting plugin GameplayCameras
LogPluginManager: Mounting plugin OodleData
LogPluginManager: Mounting plugin CameraShakePreviewer
LogPluginManager: Mounting plugin OodleNetwork
LogPluginManager: Mounting plugin AnimationSharing
LogPluginManager: Mounting plugin CLionSourceCodeAccess
LogPluginManager: Mounting plugin CodeLiteSourceCodeAccess
LogPluginManager: Mounting plugin GitSourceControl
LogPluginManager: Mounting plugin KDevelopSourceCodeAccess
LogPluginManager: Mounting plugin NullSourceCodeAccess
LogPluginManager: Mounting plugin PerforceSourceControl
LogPluginManager: Mounting plugin PixWinPlugin
LogPluginManager: Mounting plugin PlasticSourceControl
LogPluginManager: Mounting plugin PropertyAccessNode
LogPluginManager: Mounting plugin PluginUtils
LogPluginManager: Mounting plugin RiderSourceCodeAccess
LogPluginManager: Mounting plugin SubversionSourceControl
LogPluginManager: Mounting plugin TextureFormatOodle
LogPluginManager: Mounting plugin UObjectPlugin
LogPluginManager: Mounting plugin VisualStudioCodeSourceCodeAccess
LogPluginManager: Mounting plugin XCodeSourceCodeAccess
LogPluginManager: Mounting plugin VisualStudioSourceCodeAccess
LogPluginManager: Mounting plugin DatasmithContent
LogPluginManager: Mounting plugin Niagara
LogPluginManager: Mounting plugin VariantManagerContent
LogPluginManager: Mounting plugin AssetManagerEditor
LogPluginManager: Mounting plugin CryptoKeys
LogPluginManager: Mounting plugin DataValidation
LogPluginManager: Mounting plugin EditorScriptingUtilities
LogPluginManager: Mounting plugin FacialAnimation
LogPluginManager: Mounting plugin GameplayTagsEditor
LogPluginManager: Mounting plugin GeometryMode
LogPluginManager: Mounting plugin MacGraphicsSwitching
LogPluginManager: Mounting plugin MobileLauncherProfileWizard
LogPluginManager: Mounting plugin PluginBrowser
LogPluginManager: Mounting plugin SpeedTreeImporter
LogPluginManager: Mounting plugin AlembicImporter
LogPluginManager: Mounting plugin CurveEditorTools
LogPluginManager: Mounting plugin AutomationUtils
LogPluginManager: Mounting plugin BackChannel
LogPluginManager: Mounting plugin MaterialAnalyzer
LogPluginManager: Mounting plugin ChaosCloth
LogPluginManager: Mounting plugin ChaosClothEditor
LogPluginManager: Mounting plugin LuminPlatformFeatures
LogPluginManager: Mounting plugin ChaosEditor
LogPluginManager: Mounting plugin ChaosSolverPlugin
LogPluginManager: Mounting plugin MagicLeap
LogPluginManager: Mounting plugin CharacterAI
LogPluginManager: Mounting plugin MagicLeapLightEstimation
LogPluginManager: Mounting plugin MagicLeapMedia
LogPluginManager: Mounting plugin MagicLeapPassableWorld
LogPluginManager: Mounting plugin GeometryCache
LogPluginManager: Mounting plugin ChaosNiagara
LogPluginManager: Mounting plugin MLSDK
LogPluginManager: Mounting plugin GeometryCollectionPlugin
LogPluginManager: Mounting plugin TcpMessaging
LogPluginManager: Mounting plugin UdpMessaging
LogPluginManager: Mounting plugin AndroidMedia
LogPluginManager: Mounting plugin AvfMedia
LogPluginManager: Mounting plugin ImgMedia
LogPluginManager: Mounting plugin GeometryProcessing
LogPluginManager: Mounting plugin MediaCompositing
LogPluginManager: Mounting plugin MediaPlayerEditor
LogPluginManager: Mounting plugin WebMMedia
LogPluginManager: Mounting plugin MeshModelingToolset
LogPluginManager: Mounting plugin WmfMedia
LogPluginManager: Mounting plugin OpenImageDenoise
LogPluginManager: Mounting plugin MotoSynth
LogPluginManager: Mounting plugin PlanarCut
LogPluginManager: Mounting plugin PlatformCrypto
LogPluginManager: Mounting plugin ProxyLODPlugin
LogPluginManager: Mounting plugin PythonScriptPlugin
LogPluginManager: Mounting plugin SkeletalReduction
LogPluginManager: Mounting plugin ActorSequence
LogPluginManager: Mounting plugin LevelSequenceEditor
LogPluginManager: Mounting plugin MatineeToLevelSequence
LogPluginManager: Mounting plugin LauncherChunkInstaller
LogPluginManager: Mounting plugin TemplateSequence
LogPluginManager: Mounting plugin OnlineSubsystem
LogPluginManager: Mounting plugin OnlineSubsystemNull
LogPluginManager: Mounting plugin OnlineSubsystemUtils
LogPluginManager: Mounting plugin ActorLayerUtilities
LogPluginManager: Mounting plugin AndroidDeviceProfileSelector
LogPluginManager: Mounting plugin AndroidMoviePlayer
LogPluginManager: Mounting plugin AndroidPermission
LogPluginManager: Mounting plugin AppleImageUtils
LogPluginManager: Mounting plugin AppleMoviePlayer
LogPluginManager: Mounting plugin ArchVisCharacter
LogPluginManager: Mounting plugin AssetTags
LogPluginManager: Mounting plugin AudioCapture
LogPluginManager: Mounting plugin AudioSynesthesia
LogPluginManager: Mounting plugin CableComponent
LogPluginManager: Mounting plugin ChunkDownloader
LogPluginManager: Mounting plugin CustomMeshComponent
LogPluginManager: Mounting plugin EditableMesh
LogPluginManager: Mounting plugin ExampleDeviceProfileSelector
LogPluginManager: Mounting plugin GoogleCloudMessaging
LogPluginManager: Mounting plugin GooglePAD
LogPluginManager: Mounting plugin ScreenshotTools
LogPluginManager: Mounting plugin HairStrands
LogPluginManager: Mounting plugin IOSDeviceProfileSelector
LogPluginManager: Mounting plugin LinuxDeviceProfileSelector
LogPluginManager: Mounting plugin LocationServicesBPLibrary
LogPluginManager: Mounting plugin MobilePatchingUtils
LogPluginManager: Mounting plugin OpenXR
LogPluginManager: Mounting plugin OpenXREyeTracker
LogPluginManager: Mounting plugin OpenXRHandTracking
LogPluginManager: Mounting plugin PhysXVehicles
LogPluginManager: Mounting plugin PostSplashScreen
LogPluginManager: Mounting plugin Takes
LogPluginManager: Mounting plugin ProceduralMeshComponent
LogPluginManager: Mounting plugin PropertyAccessEditor
LogPluginManager: Mounting plugin RuntimePhysXCooking
LogPluginManager: Mounting plugin SignificanceManager
LogPluginManager: Mounting plugin SoundFields
LogPluginManager: Mounting plugin Synthesis
LogPluginManager: Mounting plugin WebMMoviePlayer
LogPluginManager: Mounting plugin WindowsMoviePlayer
LogPluginManager: Mounting plugin ContentBrowserAssetDataSource
LogPluginManager: Mounting plugin ContentBrowserClassDataSource
LogPluginManager: Mounting plugin ContentBrowserFileDataSource
LogPluginManager: Mounting plugin OnlineSubsystemGooglePlay
LogPluginManager: Mounting plugin OnlineSubsystemIOS
LogPluginManager: Mounting plugin OculusVR
LogPluginManager: Mounting plugin SteamVR
PixWinPlugin: PIX capture plugin failed to initialize! Check that the process is launched from PIX.
LogInit: Using libcurl 7.55.1-DEV
LogInit:  - built for x86_64-pc-win32
LogInit:  - supports SSL with OpenSSL/1.1.1
LogInit:  - supports HTTP deflate (compression) using libz 1.2.8
LogInit:  - other features:
LogInit:      CURL_VERSION_SSL
LogInit:      CURL_VERSION_LIBZ
LogInit:      CURL_VERSION_IPV6
LogInit:      CURL_VERSION_ASYNCHDNS
LogInit:      CURL_VERSION_LARGEFILE
LogInit:      CURL_VERSION_IDN
LogInit:  CurlRequestOptions (configurable via config and command line):
LogInit:  - bVerifyPeer = true  - Libcurl will verify peer certificate
LogInit:  - bUseHttpProxy = false  - Libcurl will NOT use HTTP proxy
LogInit:  - bDontReuseConnections = false  - Libcurl will reuse connections
LogInit:  - MaxHostConnections = 16  - Libcurl will limit the number of connections to a host
LogInit:  - LocalHostAddr = Default
LogInit:  - BufferSize = 65536
LogOnline: OSS: Creating online subsystem instance for: NULL
LogInit: WinSock: version 1.1 (2.2), MaxSocks=32767, MaxUdp=65467
LogOnline: OSS: TryLoadSubsystemAndSetDefault: Loaded subsystem for module [NULL]
LogOculusPluginWrapper: OculusPlugin initialized successfully
LogHMD: Failed initializing OVRPlugin 1.59.0
LogInit: Build: ++UE4+Release-4.27-CL-0
LogInit: Engine Version: 4.27.2-0+++UE4+Release-4.27
LogInit: Compatible Engine Version: 4.27.0-0+++UE4+Release-4.27
LogInit: Net CL: 0
LogInit: OS: Windows 10 (Release 2009) (), CPU: Intel(R) Core(TM) i7-6700HQ CPU @ 2.60GHz, GPU: NVIDIA GeForce GTX 1060
LogInit: Compiled (64-bit): Feb 12 2022 15:44:32
LogInit: Compiled with Visual C++: 19.16.27045.00
LogInit: Build Configuration: Development
LogInit: Branch Name: ++UE4+Release-4.27
LogInit: Command Line:  -skipcompile
LogInit: Base Directory: C:/UnrealEngine/Engine/Binaries/Win64/
LogInit: Allocator: TBB
LogInit: Installed Engine Build: 0
LogDevObjectVersion: Number of dev versions registered: 29
LogDevObjectVersion:   Dev-Blueprints (B0D832E4-1F89-4F0D-ACCF-7EB736FD4AA2): 10
LogDevObjectVersion:   Dev-Build (E1C64328-A22C-4D53-A36C-8E866417BD8C): 0
LogDevObjectVersion:   Dev-Core (375EC13C-06E4-48FB-B500-84F0262A717E): 4
LogDevObjectVersion:   Dev-Editor (E4B068ED-F494-42E9-A231-DA0B2E46BB41): 40
LogDevObjectVersion:   Dev-Framework (CFFC743F-43B0-4480-9391-14DF171D2073): 37
LogDevObjectVersion:   Dev-Mobile (B02B49B5-BB20-44E9-A304-32B752E40360): 3
LogDevObjectVersion:   Dev-Networking (A4E4105C-59A1-49B5-A7C5-40C4547EDFEE): 0
LogDevObjectVersion:   Dev-Online (39C831C9-5AE6-47DC-9A44-9C173E1C8E7C): 0
LogDevObjectVersion:   Dev-Physics (78F01B33-EBEA-4F98-B9B4-84EACCB95AA2): 20
LogDevObjectVersion:   Dev-Platform (6631380F-2D4D-43E0-8009-CF276956A95A): 0
LogDevObjectVersion:   Dev-Rendering (12F88B9F-8875-4AFC-A67C-D90C383ABD29): 45
LogDevObjectVersion:   Dev-Sequencer (7B5AE74C-D270-4C10-A958-57980B212A5A): 13
LogDevObjectVersion:   Dev-VR (D7296918-1DD6-4BDD-9DE2-64A83CC13884): 3
LogDevObjectVersion:   Dev-LoadTimes (C2A15278-BFE7-4AFE-6C17-90FF531DF755): 1
LogDevObjectVersion:   Private-Geometry (6EACA3D4-40EC-4CC1-B786-8BED09428FC5): 3
LogDevObjectVersion:   Dev-AnimPhys (29E575DD-E0A3-4627-9D10-D276232CDCEA): 17
LogDevObjectVersion:   Dev-Anim (AF43A65D-7FD3-4947-9873-3E8ED9C1BB05): 15
LogDevObjectVersion:   Dev-ReflectionCapture (6B266CEC-1EC7-4B8F-A30B-E4D90942FC07): 1
LogDevObjectVersion:   Dev-Automation (0DF73D61-A23F-47EA-B727-89E90C41499A): 1
LogDevObjectVersion:   FortniteMain (601D1886-AC64-4F84-AA16-D3DE0DEAC7D6): 47
LogDevObjectVersion:   FortniteRelease (E7086368-6B23-4C58-8439-1B7016265E91): 1
LogDevObjectVersion:   Dev-Enterprise (9DFFBCD6-494F-0158-E221-12823C92A888): 10
LogDevObjectVersion:   Dev-Niagara (F2AED0AC-9AFE-416F-8664-AA7FFA26D6FC): 1
LogDevObjectVersion:   Dev-Destruction (174F1F0B-B4C6-45A5-B13F-2EE8D0FB917D): 10
LogDevObjectVersion:   Dev-Physics-Ext (35F94A83-E258-406C-A318-09F59610247C): 41
LogDevObjectVersion:   Dev-PhysicsMaterial-Chaos (B68FC16E-8B1B-42E2-B453-215C058844FE): 1
LogDevObjectVersion:   Dev-CineCamera (B2E18506-4273-CFC2-A54E-F4BB758BBA07): 1
LogDevObjectVersion:   Dev-VirtualProduction (64F58936-FD1B-42BA-BA96-7289D5D0FA4E): 1
LogDevObjectVersion:   Dev-MediaFramework (6F0ED827-A609-4895-9C91-998D90180EA4): 2
LogInit: Presizing for max 25165824 objects, including 0 objects not considered by GC, pre-allocating 0 bytes for permanent pool.
LogConfig: Applying CVar settings from Section [/Script/Engine.StreamingSettings] File [C:/FEM_Unreal/FEM/Saved/Config/Windows/Engine.ini]
LogConfig: Setting CVar [[s.MinBulkDataSizeForAsyncLoading:131072]]
LogConfig: Setting CVar [[s.AsyncLoadingThreadEnabled:0]]
LogConfig: Setting CVar [[s.EventDrivenLoaderEnabled:1]]
LogConfig: Setting CVar [[s.WarnIfTimeLimitExceeded:0]]
LogConfig: Setting CVar [[s.TimeLimitExceededMultiplier:1.5]]
LogConfig: Setting CVar [[s.TimeLimitExceededMinTime:0.005]]
LogConfig: Setting CVar [[s.UseBackgroundLevelStreaming:1]]
LogConfig: Setting CVar [[s.PriorityAsyncLoadingExtraTime:15.0]]
LogConfig: Setting CVar [[s.LevelStreamingActorsUpdateTimeLimit:5.0]]
LogConfig: Setting CVar [[s.PriorityLevelStreamingActorsUpdateExtraTime:5.0]]
LogConfig: Setting CVar [[s.LevelStreamingComponentsRegistrationGranularity:10]]
LogConfig: Setting CVar [[s.UnregisterComponentsTimeLimit:1.0]]
LogConfig: Setting CVar [[s.LevelStreamingComponentsUnregistrationGranularity:5]]
LogConfig: Setting CVar [[s.FlushStreamingOnExit:1]]
LogInit: Object subsystem initialized
LogConfig: Setting CVar [[con.DebugEarlyDefault:1]]
LogConfig: Setting CVar [[r.setres:1280x720]]
LogConfig: Setting CVar [[fx.NiagaraAllowRuntimeScalabilityChanges:1]]
[2022.02.26-03.10.51:332][  0]LogConfig: Setting CVar [[r.VSync:0]]
[2022.02.26-03.10.51:332][  0]LogConfig: Setting CVar [[r.RHICmdBypass:0]]
[2022.02.26-03.10.51:332][  0]LogConfig: Applying CVar settings from Section [/Script/Engine.RendererSettings] File [C:/FEM_Unreal/FEM/Saved/Config/Windows/Engine.ini]
[2022.02.26-03.10.51:332][  0]LogConfig: Setting CVar [[r.GPUCrashDebugging:0]]
[2022.02.26-03.10.51:332][  0]LogConfig: Applying CVar settings from Section [/Script/Engine.RendererOverrideSettings] File [C:/FEM_Unreal/FEM/Saved/Config/Windows/Engine.ini]
[2022.02.26-03.10.51:332][  0]LogConfig: Applying CVar settings from Section [/Script/Engine.StreamingSettings] File [C:/FEM_Unreal/FEM/Saved/Config/Windows/Engine.ini]
[2022.02.26-03.10.51:333][  0]LogConfig: Setting CVar [[s.MinBulkDataSizeForAsyncLoading:131072]]
[2022.02.26-03.10.51:333][  0]LogConfig: Setting CVar [[s.AsyncLoadingThreadEnabled:0]]
[2022.02.26-03.10.51:333][  0]LogConfig: Setting CVar [[s.EventDrivenLoaderEnabled:1]]
[2022.02.26-03.10.51:333][  0]LogConfig: Setting CVar [[s.WarnIfTimeLimitExceeded:0]]
[2022.02.26-03.10.51:333][  0]LogConfig: Setting CVar [[s.TimeLimitExceededMultiplier:1.5]]
[2022.02.26-03.10.51:333][  0]LogConfig: Setting CVar [[s.TimeLimitExceededMinTime:0.005]]
[2022.02.26-03.10.51:333][  0]LogConfig: Setting CVar [[s.UseBackgroundLevelStreaming:1]]
[2022.02.26-03.10.51:333][  0]LogConfig: Setting CVar [[s.PriorityAsyncLoadingExtraTime:15.0]]
[2022.02.26-03.10.51:333][  0]LogConfig: Setting CVar [[s.LevelStreamingActorsUpdateTimeLimit:5.0]]
[2022.02.26-03.10.51:333][  0]LogConfig: Setting CVar [[s.PriorityLevelStreamingActorsUpdateExtraTime:5.0]]
[2022.02.26-03.10.51:333][  0]LogConfig: Setting CVar [[s.LevelStreamingComponentsRegistrationGranularity:10]]
[2022.02.26-03.10.51:333][  0]LogConfig: Setting CVar [[s.UnregisterComponentsTimeLimit:1.0]]
[2022.02.26-03.10.51:333][  0]LogConfig: Setting CVar [[s.LevelStreamingComponentsUnregistrationGranularity:5]]
[2022.02.26-03.10.51:334][  0]LogConfig: Setting CVar [[s.FlushStreamingOnExit:1]]
[2022.02.26-03.10.51:334][  0]LogConfig: Applying CVar settings from Section [/Script/Engine.GarbageCollectionSettings] File [C:/FEM_Unreal/FEM/Saved/Config/Windows/Engine.ini]
[2022.02.26-03.10.51:334][  0]LogConfig: Setting CVar [[gc.MaxObjectsNotConsideredByGC:1]]
[2022.02.26-03.10.51:334][  0]LogConfig: Setting CVar [[gc.SizeOfPermanentObjectPool:0]]
[2022.02.26-03.10.51:334][  0]LogConfig: Setting CVar [[gc.FlushStreamingOnGC:0]]
[2022.02.26-03.10.51:334][  0]LogConfig: Setting CVar [[gc.NumRetriesBeforeForcingGC:10]]
[2022.02.26-03.10.51:334][  0]LogConfig: Setting CVar [[gc.AllowParallelGC:1]]
[2022.02.26-03.10.51:334][  0]LogConfig: Setting CVar [[gc.TimeBetweenPurgingPendingKillObjects:61.1]]
[2022.02.26-03.10.51:334][  0]LogConfig: Setting CVar [[gc.MaxObjectsInEditor:25165824]]
[2022.02.26-03.10.51:334][  0]LogConfig: Setting CVar [[gc.IncrementalBeginDestroyEnabled:1]]
[2022.02.26-03.10.51:334][  0]LogConfig: Setting CVar [[gc.CreateGCClusters:1]]
[2022.02.26-03.10.51:334][  0]LogConfig: Setting CVar [[gc.MinGCClusterSize:5]]
[2022.02.26-03.10.51:334][  0]LogConfig: Setting CVar [[gc.ActorClusteringEnabled:0]]
[2022.02.26-03.10.51:334][  0]LogConfig: Setting CVar [[gc.BlueprintClusteringEnabled:0]]
[2022.02.26-03.10.51:335][  0]LogConfig: Setting CVar [[gc.UseDisregardForGCOnDedicatedServers:0]]
[2022.02.26-03.10.51:335][  0]LogConfig: Setting CVar [[gc.MultithreadedDestructionEnabled:1]]
[2022.02.26-03.10.51:335][  0]LogConfig: Applying CVar settings from Section [/Script/Engine.NetworkSettings] File [C:/FEM_Unreal/FEM/Saved/Config/Windows/Engine.ini]
[2022.02.26-03.10.51:335][  0]LogConfig: Applying CVar settings from Section [/Script/UnrealEd.CookerSettings] File [C:/FEM_Unreal/FEM/Saved/Config/Windows/Engine.ini]
[2022.02.26-03.10.51:344][  0]LogConfig: Applying CVar settings from Section [ViewDistanceQuality@3] File [C:/FEM_Unreal/FEM/Saved/Config/Windows/Scalability.ini]
[2022.02.26-03.10.51:344][  0]LogConfig: Setting CVar [[r.SkeletalMeshLODBias:0]]
[2022.02.26-03.10.51:344][  0]LogConfig: Setting CVar [[r.ViewDistanceScale:1.0]]
[2022.02.26-03.10.51:344][  0]LogConfig: Applying CVar settings from Section [AntiAliasingQuality@3] File [C:/FEM_Unreal/FEM/Saved/Config/Windows/Scalability.ini]
[2022.02.26-03.10.51:344][  0]LogConfig: Setting CVar [[r.PostProcessAAQuality:4]]
[2022.02.26-03.10.51:344][  0]LogConfig: Applying CVar settings from Section [ShadowQuality@3] File [C:/FEM_Unreal/FEM/Saved/Config/Windows/Scalability.ini]
[2022.02.26-03.10.51:344][  0]LogConfig: Setting CVar [[r.LightFunctionQuality:1]]
[2022.02.26-03.10.51:344][  0]LogConfig: Setting CVar [[r.ShadowQuality:5]]
[2022.02.26-03.10.51:344][  0]LogConfig: Setting CVar [[r.Shadow.CSM.MaxCascades:10]]
[2022.02.26-03.10.51:345][  0]LogConfig: Setting CVar [[r.Shadow.MaxResolution:2048]]
[2022.02.26-03.10.51:345][  0]LogConfig: Setting CVar [[r.Shadow.MaxCSMResolution:2048]]
[2022.02.26-03.10.51:345][  0]LogConfig: Setting CVar [[r.Shadow.RadiusThreshold:0.01]]
[2022.02.26-03.10.51:345][  0]LogConfig: Setting CVar [[r.Shadow.DistanceScale:1.0]]
[2022.02.26-03.10.51:345][  0]LogConfig: Setting CVar [[r.Shadow.CSM.TransitionScale:1.0]]
[2022.02.26-03.10.51:345][  0]LogConfig: Setting CVar [[r.Shadow.PreShadowResolutionFactor:1.0]]
[2022.02.26-03.10.51:345][  0]LogConfig: Setting CVar [[r.DistanceFieldShadowing:1]]
[2022.02.26-03.10.51:345][  0]LogConfig: Setting CVar [[r.DistanceFieldAO:1]]
[2022.02.26-03.10.51:345][  0]LogConfig: Setting CVar [[r.AOQuality:2]]
[2022.02.26-03.10.51:345][  0]LogConfig: Setting CVar [[r.VolumetricFog:1]]
[2022.02.26-03.10.51:345][  0]LogConfig: Setting CVar [[r.VolumetricFog.GridPixelSize:8]]
[2022.02.26-03.10.51:345][  0]LogConfig: Setting CVar [[r.VolumetricFog.GridSizeZ:128]]
[2022.02.26-03.10.51:345][  0]LogConfig: Setting CVar [[r.VolumetricFog.HistoryMissSupersampleCount:4]]
[2022.02.26-03.10.51:346][  0]LogConfig: Setting CVar [[r.LightMaxDrawDistanceScale:1]]
[2022.02.26-03.10.51:346][  0]LogConfig: Setting CVar [[r.CapsuleShadows:1]]
[2022.02.26-03.10.51:346][  0]LogConfig: Applying CVar settings from Section [PostProcessQuality@3] File [C:/FEM_Unreal/FEM/Saved/Config/Windows/Scalability.ini]
[2022.02.26-03.10.51:346][  0]LogConfig: Setting CVar [[r.MotionBlurQuality:4]]
[2022.02.26-03.10.51:346][  0]LogConfig: Setting CVar [[r.AmbientOcclusionMipLevelFactor:0.4]]
[2022.02.26-03.10.51:346][  0]LogConfig: Setting CVar [[r.AmbientOcclusionMaxQuality:100]]
[2022.02.26-03.10.51:346][  0]LogConfig: Setting CVar [[r.AmbientOcclusionLevels:-1]]
[2022.02.26-03.10.51:346][  0]LogConfig: Setting CVar [[r.AmbientOcclusionRadiusScale:1.0]]
[2022.02.26-03.10.51:346][  0]LogConfig: Setting CVar [[r.DepthOfFieldQuality:2]]
[2022.02.26-03.10.51:346][  0]LogConfig: Setting CVar [[r.RenderTargetPoolMin:400]]
[2022.02.26-03.10.51:346][  0]LogConfig: Setting CVar [[r.LensFlareQuality:2]]
[2022.02.26-03.10.51:346][  0]LogConfig: Setting CVar [[r.SceneColorFringeQuality:1]]
[2022.02.26-03.10.51:346][  0]LogConfig: Setting CVar [[r.EyeAdaptationQuality:2]]
[2022.02.26-03.10.51:347][  0]LogConfig: Setting CVar [[r.BloomQuality:5]]
[2022.02.26-03.10.51:347][  0]LogConfig: Setting CVar [[r.FastBlurThreshold:100]]
[2022.02.26-03.10.51:347][  0]LogConfig: Setting CVar [[r.Upscale.Quality:3]]
[2022.02.26-03.10.51:347][  0]LogConfig: Setting CVar [[r.Tonemapper.GrainQuantization:1]]
[2022.02.26-03.10.51:347][  0]LogConfig: Setting CVar [[r.LightShaftQuality:1]]
[2022.02.26-03.10.51:347][  0]LogConfig: Setting CVar [[r.Filter.SizeScale:1]]
[2022.02.26-03.10.51:347][  0]LogConfig: Setting CVar [[r.Tonemapper.Quality:5]]
[2022.02.26-03.10.51:347][  0]LogConfig: Setting CVar [[r.DOF.Gather.AccumulatorQuality:1        ; higher gathering accumulator quality]]
[2022.02.26-03.10.51:347][  0]LogConfig: Setting CVar [[r.DOF.Gather.PostfilterMethod:1          ; Median3x3 postfilering method]]
[2022.02.26-03.10.51:347][  0]LogConfig: Setting CVar [[r.DOF.Gather.EnableBokehSettings:0       ; no bokeh simulation when gathering]]
[2022.02.26-03.10.51:347][  0]LogConfig: Setting CVar [[r.DOF.Gather.RingCount:4                 ; medium number of samples when gathering]]
[2022.02.26-03.10.51:347][  0]LogConfig: Setting CVar [[r.DOF.Scatter.ForegroundCompositing:1    ; additive foreground scattering]]
[2022.02.26-03.10.51:347][  0]LogConfig: Setting CVar [[r.DOF.Scatter.BackgroundCompositing:2    ; additive background scattering]]
[2022.02.26-03.10.51:347][  0]LogConfig: Setting CVar [[r.DOF.Scatter.EnableBokehSettings:1      ; bokeh simulation when scattering]]
[2022.02.26-03.10.51:348][  0]LogConfig: Setting CVar [[r.DOF.Scatter.MaxSpriteRatio:0.1         ; only a maximum of 10% of scattered bokeh]]
[2022.02.26-03.10.51:348][  0]LogConfig: Setting CVar [[r.DOF.Recombine.Quality:1                ; cheap slight out of focus]]
[2022.02.26-03.10.51:348][  0]LogConfig: Setting CVar [[r.DOF.Recombine.EnableBokehSettings:0    ; no bokeh simulation on slight out of focus]]
[2022.02.26-03.10.51:348][  0]LogConfig: Setting CVar [[r.DOF.TemporalAAQuality:1                ; more stable temporal accumulation]]
[2022.02.26-03.10.51:348][  0]LogConfig: Setting CVar [[r.DOF.Kernel.MaxForegroundRadius:0.025]]
[2022.02.26-03.10.51:348][  0]LogConfig: Setting CVar [[r.DOF.Kernel.MaxBackgroundRadius:0.025]]
[2022.02.26-03.10.51:348][  0]LogConfig: Applying CVar settings from Section [TextureQuality@3] File [C:/FEM_Unreal/FEM/Saved/Config/Windows/Scalability.ini]
[2022.02.26-03.10.51:348][  0]LogConfig: Setting CVar [[r.Streaming.MipBias:0]]
[2022.02.26-03.10.51:348][  0]LogConfig: Setting CVar [[r.Streaming.AmortizeCPUToGPUCopy:0]]
[2022.02.26-03.10.51:348][  0]LogConfig: Setting CVar [[r.Streaming.MaxNumTexturesToStreamPerFrame:0]]
[2022.02.26-03.10.51:348][  0]LogConfig: Setting CVar [[r.Streaming.Boost:1]]
[2022.02.26-03.10.51:348][  0]LogConfig: Setting CVar [[r.MaxAnisotropy:8]]
[2022.02.26-03.10.51:348][  0]LogConfig: Setting CVar [[r.VT.MaxAnisotropy:8]]
[2022.02.26-03.10.51:348][  0]LogConfig: Setting CVar [[r.Streaming.LimitPoolSizeToVRAM:0]]
[2022.02.26-03.10.51:348][  0]LogConfig: Setting CVar [[r.Streaming.PoolSize:1000]]
[2022.02.26-03.10.51:348][  0]LogConfig: Setting CVar [[r.Streaming.MaxEffectiveScreenSize:0]]
[2022.02.26-03.10.51:348][  0]LogConfig: Applying CVar settings from Section [EffectsQuality@3] File [C:/FEM_Unreal/FEM/Saved/Config/Windows/Scalability.ini]
[2022.02.26-03.10.51:348][  0]LogConfig: Setting CVar [[r.TranslucencyLightingVolumeDim:64]]
[2022.02.26-03.10.51:349][  0]LogConfig: Setting CVar [[r.RefractionQuality:2]]
[2022.02.26-03.10.51:349][  0]LogConfig: Setting CVar [[r.SSR.Quality:3]]
[2022.02.26-03.10.51:349][  0]LogConfig: Setting CVar [[r.SSR.HalfResSceneColor:0]]
[2022.02.26-03.10.51:349][  0]LogConfig: Setting CVar [[r.SceneColorFormat:4]]
[2022.02.26-03.10.51:349][  0]LogConfig: Setting CVar [[r.DetailMode:2]]
[2022.02.26-03.10.51:349][  0]LogConfig: Setting CVar [[r.TranslucencyVolumeBlur:1]]
[2022.02.26-03.10.51:349][  0]LogConfig: Setting CVar [[r.MaterialQualityLevel:1 ; High quality]]
[2022.02.26-03.10.51:349][  0]LogConfig: Setting CVar [[r.AnisotropicMaterials:1]]
[2022.02.26-03.10.51:349][  0]LogConfig: Setting CVar [[r.SSS.Scale:1]]
[2022.02.26-03.10.51:349][  0]LogConfig: Setting CVar [[r.SSS.SampleSet:2]]
[2022.02.26-03.10.51:349][  0]LogConfig: Setting CVar [[r.SSS.Quality:1]]
[2022.02.26-03.10.51:349][  0]LogConfig: Setting CVar [[r.SSS.HalfRes:0]]
[2022.02.26-03.10.51:349][  0]LogConfig: Setting CVar [[r.SSGI.Quality:3]]
[2022.02.26-03.10.51:349][  0]LogConfig: Setting CVar [[r.EmitterSpawnRateScale:1.0]]
[2022.02.26-03.10.51:349][  0]LogConfig: Setting CVar [[r.ParticleLightQuality:2]]
[2022.02.26-03.10.51:350][  0]LogConfig: Setting CVar [[r.SkyAtmosphere.AerialPerspectiveLUT.FastApplyOnOpaque:1 ; Always have FastSkyLUT 1 in this case to avoid wrong sky]]
[2022.02.26-03.10.51:350][  0]LogConfig: Setting CVar [[r.SkyAtmosphere.AerialPerspectiveLUT.SampleCountMaxPerSlice:4]]
[2022.02.26-03.10.51:350][  0]LogConfig: Setting CVar [[r.SkyAtmosphere.AerialPerspectiveLUT.DepthResolution:16.0]]
[2022.02.26-03.10.51:350][  0]LogConfig: Setting CVar [[r.SkyAtmosphere.FastSkyLUT:1]]
[2022.02.26-03.10.51:350][  0]LogConfig: Setting CVar [[r.SkyAtmosphere.FastSkyLUT.SampleCountMin:4.0]]
[2022.02.26-03.10.51:350][  0]LogConfig: Setting CVar [[r.SkyAtmosphere.FastSkyLUT.SampleCountMax:128.0]]
[2022.02.26-03.10.51:350][  0]LogConfig: Setting CVar [[r.SkyAtmosphere.SampleCountMin:4.0]]
[2022.02.26-03.10.51:350][  0]LogConfig: Setting CVar [[r.SkyAtmosphere.SampleCountMax:128.0]]
[2022.02.26-03.10.51:350][  0]LogConfig: Setting CVar [[r.SkyAtmosphere.TransmittanceLUT.UseSmallFormat:0]]
[2022.02.26-03.10.51:350][  0]LogConfig: Setting CVar [[r.SkyAtmosphere.TransmittanceLUT.SampleCount:10.0]]
[2022.02.26-03.10.51:350][  0]LogConfig: Setting CVar [[r.SkyAtmosphere.MultiScatteringLUT.SampleCount:15.0]]
[2022.02.26-03.10.51:350][  0]LogConfig: Setting CVar [[r.SkyLight.RealTimeReflectionCapture:1]]
[2022.02.26-03.10.51:350][  0]LogConfig: Setting CVar [[fx.Niagara.QualityLevel:3]]
[2022.02.26-03.10.51:350][  0]LogConfig: Applying CVar settings from Section [FoliageQuality@3] File [C:/FEM_Unreal/FEM/Saved/Config/Windows/Scalability.ini]
[2022.02.26-03.10.51:351][  0]LogConfig: Setting CVar [[foliage.DensityScale:1.0]]
[2022.02.26-03.10.51:351][  0]LogConfig: Setting CVar [[grass.DensityScale:1.0]]
[2022.02.26-03.10.51:351][  0]LogConfig: Applying CVar settings from Section [ShadingQuality@3] File [C:/FEM_Unreal/FEM/Saved/Config/Windows/Scalability.ini]
[2022.02.26-03.10.51:351][  0]LogConfig: Setting CVar [[r.HairStrands.SkyLighting.IntegrationType:2]]
[2022.02.26-03.10.51:351][  0]LogConfig: Setting CVar [[r.HairStrands.SkyAO.SampleCount:4]]
[2022.02.26-03.10.51:351][  0]LogConfig: Setting CVar [[r.HairStrands.Visibility.MSAA.SamplePerPixel:4]]
[2022.02.26-03.10.51:351][  0]LogConfig: Setting CVar [[r.HairStrands.Interpolation.UseSingleGuide:0]]
[2022.02.26-03.10.51:351][  0]LogInit: Selected Device Profile: [Windows]
[2022.02.26-03.10.51:351][  0]LogInit: Applying CVar settings loaded from the selected device profile: [Windows]
[2022.02.26-03.10.51:351][  0]LogHAL: Display: Platform has ~ 16 GB [17112543232 / 17179869184 / 16], which maps to Larger [LargestMinGB=32, LargerMinGB=12, DefaultMinGB=8, SmallerMinGB=6, SmallestMinGB=0)
[2022.02.26-03.10.51:351][  0]LogInit: Going up to parent DeviceProfile []
[2022.02.26-03.10.51:352][  0]LogConfig: Applying CVar settings from Section [ViewDistanceQuality@3] File [C:/FEM_Unreal/FEM/Saved/Config/Windows/Scalability.ini]
[2022.02.26-03.10.51:352][  0]LogConfig: Setting CVar [[r.SkeletalMeshLODBias:0]]
[2022.02.26-03.10.51:352][  0]LogConfig: Setting CVar [[r.ViewDistanceScale:1.0]]
[2022.02.26-03.10.51:352][  0]LogConfig: Applying CVar settings from Section [AntiAliasingQuality@3] File [C:/FEM_Unreal/FEM/Saved/Config/Windows/Scalability.ini]
[2022.02.26-03.10.51:352][  0]LogConfig: Setting CVar [[r.PostProcessAAQuality:4]]
[2022.02.26-03.10.51:352][  0]LogConfig: Applying CVar settings from Section [ShadowQuality@3] File [C:/FEM_Unreal/FEM/Saved/Config/Windows/Scalability.ini]
[2022.02.26-03.10.51:352][  0]LogConfig: Setting CVar [[r.LightFunctionQuality:1]]
[2022.02.26-03.10.51:352][  0]LogConfig: Setting CVar [[r.ShadowQuality:5]]
[2022.02.26-03.10.51:352][  0]LogConfig: Setting CVar [[r.Shadow.CSM.MaxCascades:10]]
[2022.02.26-03.10.51:352][  0]LogConfig: Setting CVar [[r.Shadow.MaxResolution:2048]]
[2022.02.26-03.10.51:352][  0]LogConfig: Setting CVar [[r.Shadow.MaxCSMResolution:2048]]
[2022.02.26-03.10.51:352][  0]LogConfig: Setting CVar [[r.Shadow.RadiusThreshold:0.01]]
[2022.02.26-03.10.51:352][  0]LogConfig: Setting CVar [[r.Shadow.DistanceScale:1.0]]
[2022.02.26-03.10.51:352][  0]LogConfig: Setting CVar [[r.Shadow.CSM.TransitionScale:1.0]]
[2022.02.26-03.10.51:353][  0]LogConfig: Setting CVar [[r.Shadow.PreShadowResolutionFactor:1.0]]
[2022.02.26-03.10.51:353][  0]LogConfig: Setting CVar [[r.DistanceFieldShadowing:1]]
[2022.02.26-03.10.51:353][  0]LogConfig: Setting CVar [[r.DistanceFieldAO:1]]
[2022.02.26-03.10.51:353][  0]LogConfig: Setting CVar [[r.AOQuality:2]]
[2022.02.26-03.10.51:353][  0]LogConfig: Setting CVar [[r.VolumetricFog:1]]
[2022.02.26-03.10.51:353][  0]LogConfig: Setting CVar [[r.VolumetricFog.GridPixelSize:8]]
[2022.02.26-03.10.51:353][  0]LogConfig: Setting CVar [[r.VolumetricFog.GridSizeZ:128]]
[2022.02.26-03.10.51:353][  0]LogConfig: Setting CVar [[r.VolumetricFog.HistoryMissSupersampleCount:4]]
[2022.02.26-03.10.51:353][  0]LogConfig: Setting CVar [[r.LightMaxDrawDistanceScale:1]]
[2022.02.26-03.10.51:353][  0]LogConfig: Setting CVar [[r.CapsuleShadows:1]]
[2022.02.26-03.10.51:353][  0]LogConfig: Applying CVar settings from Section [PostProcessQuality@3] File [C:/FEM_Unreal/FEM/Saved/Config/Windows/Scalability.ini]
[2022.02.26-03.10.51:353][  0]LogConfig: Setting CVar [[r.MotionBlurQuality:4]]
[2022.02.26-03.10.51:353][  0]LogConfig: Setting CVar [[r.AmbientOcclusionMipLevelFactor:0.4]]
[2022.02.26-03.10.51:353][  0]LogConfig: Setting CVar [[r.AmbientOcclusionMaxQuality:100]]
[2022.02.26-03.10.51:354][  0]LogConfig: Setting CVar [[r.AmbientOcclusionLevels:-1]]
[2022.02.26-03.10.51:354][  0]LogConfig: Setting CVar [[r.AmbientOcclusionRadiusScale:1.0]]
[2022.02.26-03.10.51:354][  0]LogConfig: Setting CVar [[r.DepthOfFieldQuality:2]]
[2022.02.26-03.10.51:354][  0]LogConfig: Setting CVar [[r.RenderTargetPoolMin:400]]
[2022.02.26-03.10.51:354][  0]LogConfig: Setting CVar [[r.LensFlareQuality:2]]
[2022.02.26-03.10.51:354][  0]LogConfig: Setting CVar [[r.SceneColorFringeQuality:1]]
[2022.02.26-03.10.51:354][  0]LogConfig: Setting CVar [[r.EyeAdaptationQuality:2]]
[2022.02.26-03.10.51:354][  0]LogConfig: Setting CVar [[r.BloomQuality:5]]
[2022.02.26-03.10.51:354][  0]LogConfig: Setting CVar [[r.FastBlurThreshold:100]]
[2022.02.26-03.10.51:354][  0]LogConfig: Setting CVar [[r.Upscale.Quality:3]]
[2022.02.26-03.10.51:354][  0]LogConfig: Setting CVar [[r.Tonemapper.GrainQuantization:1]]
[2022.02.26-03.10.51:354][  0]LogConfig: Setting CVar [[r.LightShaftQuality:1]]
[2022.02.26-03.10.51:354][  0]LogConfig: Setting CVar [[r.Filter.SizeScale:1]]
[2022.02.26-03.10.51:354][  0]LogConfig: Setting CVar [[r.Tonemapper.Quality:5]]
[2022.02.26-03.10.51:355][  0]LogConfig: Setting CVar [[r.DOF.Gather.AccumulatorQuality:1        ; higher gathering accumulator quality]]
[2022.02.26-03.10.51:355][  0]LogConfig: Setting CVar [[r.DOF.Gather.PostfilterMethod:1          ; Median3x3 postfilering method]]
[2022.02.26-03.10.51:355][  0]LogConfig: Setting CVar [[r.DOF.Gather.EnableBokehSettings:0       ; no bokeh simulation when gathering]]
[2022.02.26-03.10.51:355][  0]LogConfig: Setting CVar [[r.DOF.Gather.RingCount:4                 ; medium number of samples when gathering]]
[2022.02.26-03.10.51:355][  0]LogConfig: Setting CVar [[r.DOF.Scatter.ForegroundCompositing:1    ; additive foreground scattering]]
[2022.02.26-03.10.51:355][  0]LogConfig: Setting CVar [[r.DOF.Scatter.BackgroundCompositing:2    ; additive background scattering]]
[2022.02.26-03.10.51:355][  0]LogConfig: Setting CVar [[r.DOF.Scatter.EnableBokehSettings:1      ; bokeh simulation when scattering]]
[2022.02.26-03.10.51:355][  0]LogConfig: Setting CVar [[r.DOF.Scatter.MaxSpriteRatio:0.1         ; only a maximum of 10% of scattered bokeh]]
[2022.02.26-03.10.51:355][  0]LogConfig: Setting CVar [[r.DOF.Recombine.Quality:1                ; cheap slight out of focus]]
[2022.02.26-03.10.51:355][  0]LogConfig: Setting CVar [[r.DOF.Recombine.EnableBokehSettings:0    ; no bokeh simulation on slight out of focus]]
[2022.02.26-03.10.51:355][  0]LogConfig: Setting CVar [[r.DOF.TemporalAAQuality:1                ; more stable temporal accumulation]]
[2022.02.26-03.10.51:355][  0]LogConfig: Setting CVar [[r.DOF.Kernel.MaxForegroundRadius:0.025]]
[2022.02.26-03.10.51:355][  0]LogConfig: Setting CVar [[r.DOF.Kernel.MaxBackgroundRadius:0.025]]
[2022.02.26-03.10.51:356][  0]LogConfig: Applying CVar settings from Section [TextureQuality@3] File [C:/FEM_Unreal/FEM/Saved/Config/Windows/Scalability.ini]
[2022.02.26-03.10.51:356][  0]LogConfig: Setting CVar [[r.Streaming.MipBias:0]]
[2022.02.26-03.10.51:356][  0]LogConfig: Setting CVar [[r.Streaming.AmortizeCPUToGPUCopy:0]]
[2022.02.26-03.10.51:356][  0]LogConfig: Setting CVar [[r.Streaming.MaxNumTexturesToStreamPerFrame:0]]
[2022.02.26-03.10.51:356][  0]LogConfig: Setting CVar [[r.Streaming.Boost:1]]
[2022.02.26-03.10.51:356][  0]LogConfig: Setting CVar [[r.MaxAnisotropy:8]]
[2022.02.26-03.10.51:356][  0]LogConfig: Setting CVar [[r.VT.MaxAnisotropy:8]]
[2022.02.26-03.10.51:356][  0]LogConfig: Setting CVar [[r.Streaming.LimitPoolSizeToVRAM:0]]
[2022.02.26-03.10.51:356][  0]LogConfig: Setting CVar [[r.Streaming.PoolSize:1000]]
[2022.02.26-03.10.51:356][  0]LogConfig: Setting CVar [[r.Streaming.MaxEffectiveScreenSize:0]]
[2022.02.26-03.10.51:356][  0]LogConfig: Applying CVar settings from Section [EffectsQuality@3] File [C:/FEM_Unreal/FEM/Saved/Config/Windows/Scalability.ini]
[2022.02.26-03.10.51:356][  0]LogConfig: Setting CVar [[r.TranslucencyLightingVolumeDim:64]]
[2022.02.26-03.10.51:356][  0]LogConfig: Setting CVar [[r.RefractionQuality:2]]
[2022.02.26-03.10.51:356][  0]LogConfig: Setting CVar [[r.SSR.Quality:3]]
[2022.02.26-03.10.51:357][  0]LogConfig: Setting CVar [[r.SSR.HalfResSceneColor:0]]
[2022.02.26-03.10.51:357][  0]LogConfig: Setting CVar [[r.SceneColorFormat:4]]
[2022.02.26-03.10.51:357][  0]LogConfig: Setting CVar [[r.DetailMode:2]]
[2022.02.26-03.10.51:357][  0]LogConfig: Setting CVar [[r.TranslucencyVolumeBlur:1]]
[2022.02.26-03.10.51:357][  0]LogConfig: Setting CVar [[r.MaterialQualityLevel:1 ; High quality]]
[2022.02.26-03.10.51:357][  0]LogConfig: Setting CVar [[r.AnisotropicMaterials:1]]
[2022.02.26-03.10.51:357][  0]LogConfig: Setting CVar [[r.SSS.Scale:1]]
[2022.02.26-03.10.51:357][  0]LogConfig: Setting CVar [[r.SSS.SampleSet:2]]
[2022.02.26-03.10.51:357][  0]LogConfig: Setting CVar [[r.SSS.Quality:1]]
[2022.02.26-03.10.51:357][  0]LogConfig: Setting CVar [[r.SSS.HalfRes:0]]
[2022.02.26-03.10.51:357][  0]LogConfig: Setting CVar [[r.SSGI.Quality:3]]
[2022.02.26-03.10.51:357][  0]LogConfig: Setting CVar [[r.EmitterSpawnRateScale:1.0]]
[2022.02.26-03.10.51:357][  0]LogConfig: Setting CVar [[r.ParticleLightQuality:2]]
[2022.02.26-03.10.51:357][  0]LogConfig: Setting CVar [[r.SkyAtmosphere.AerialPerspectiveLUT.FastApplyOnOpaque:1 ; Always have FastSkyLUT 1 in this case to avoid wrong sky]]
[2022.02.26-03.10.51:358][  0]LogConfig: Setting CVar [[r.SkyAtmosphere.AerialPerspectiveLUT.SampleCountMaxPerSlice:4]]
[2022.02.26-03.10.51:358][  0]LogConfig: Setting CVar [[r.SkyAtmosphere.AerialPerspectiveLUT.DepthResolution:16.0]]
[2022.02.26-03.10.51:358][  0]LogConfig: Setting CVar [[r.SkyAtmosphere.FastSkyLUT:1]]
[2022.02.26-03.10.51:358][  0]LogConfig: Setting CVar [[r.SkyAtmosphere.FastSkyLUT.SampleCountMin:4.0]]
[2022.02.26-03.10.51:358][  0]LogConfig: Setting CVar [[r.SkyAtmosphere.FastSkyLUT.SampleCountMax:128.0]]
[2022.02.26-03.10.51:358][  0]LogConfig: Setting CVar [[r.SkyAtmosphere.SampleCountMin:4.0]]
[2022.02.26-03.10.51:358][  0]LogConfig: Setting CVar [[r.SkyAtmosphere.SampleCountMax:128.0]]
[2022.02.26-03.10.51:358][  0]LogConfig: Setting CVar [[r.SkyAtmosphere.TransmittanceLUT.UseSmallFormat:0]]
[2022.02.26-03.10.51:358][  0]LogConfig: Setting CVar [[r.SkyAtmosphere.TransmittanceLUT.SampleCount:10.0]]
[2022.02.26-03.10.51:358][  0]LogConfig: Setting CVar [[r.SkyAtmosphere.MultiScatteringLUT.SampleCount:15.0]]
[2022.02.26-03.10.51:358][  0]LogConfig: Setting CVar [[r.SkyLight.RealTimeReflectionCapture:1]]
[2022.02.26-03.10.51:358][  0]LogConfig: Setting CVar [[fx.Niagara.QualityLevel:3]]
[2022.02.26-03.10.51:358][  0]LogConfig: Applying CVar settings from Section [FoliageQuality@3] File [C:/FEM_Unreal/FEM/Saved/Config/Windows/Scalability.ini]
[2022.02.26-03.10.51:358][  0]LogConfig: Setting CVar [[foliage.DensityScale:1.0]]
[2022.02.26-03.10.51:359][  0]LogConfig: Setting CVar [[grass.DensityScale:1.0]]
[2022.02.26-03.10.51:359][  0]LogConfig: Applying CVar settings from Section [ShadingQuality@3] File [C:/FEM_Unreal/FEM/Saved/Config/Windows/Scalability.ini]
[2022.02.26-03.10.51:359][  0]LogConfig: Setting CVar [[r.HairStrands.SkyLighting.IntegrationType:2]]
[2022.02.26-03.10.51:359][  0]LogConfig: Setting CVar [[r.HairStrands.SkyAO.SampleCount:4]]
[2022.02.26-03.10.51:359][  0]LogConfig: Setting CVar [[r.HairStrands.Visibility.MSAA.SamplePerPixel:4]]
[2022.02.26-03.10.51:359][  0]LogConfig: Setting CVar [[r.HairStrands.Interpolation.UseSingleGuide:0]]
[2022.02.26-03.10.51:359][  0]LogConfig: Applying CVar settings from Section [Startup] File [../../../Engine/Config/ConsoleVariables.ini]
[2022.02.26-03.10.51:359][  0]LogConfig: Setting CVar [[net.UseAdaptiveNetUpdateFrequency:0]]
[2022.02.26-03.10.51:359][  0]LogConfig: Setting CVar [[p.chaos.AllowCreatePhysxBodies:1]]
[2022.02.26-03.10.51:359][  0]LogConfig: Setting CVar [[fx.SkipVectorVMBackendOptimizations:1]]
[2022.02.26-03.10.51:360][  0]LogConfig: Applying CVar settings from Section [ConsoleVariables] File [C:/FEM_Unreal/FEM/Saved/Config/Windows/Engine.ini]
[2022.02.26-03.10.51:360][  0]LogConfig: Applying CVar settings from Section [ConsoleVariables] File [C:/FEM_Unreal/FEM/Saved/Config/Windows/Editor.ini]
[2022.02.26-03.10.51:360][  0]LogInit: Computer: DESKTOP-IUA6Q6A
[2022.02.26-03.10.51:360][  0]LogInit: User: mauri
[2022.02.26-03.10.51:360][  0]LogInit: CPU Page size=4096, Cores=4
[2022.02.26-03.10.51:360][  0]LogInit: High frequency timer resolution =10.000000 MHz
[2022.02.26-03.10.51:360][  0]LogMemory: Memory total: Physical=15.9GB (16GB approx)
[2022.02.26-03.10.51:360][  0]LogMemory: Platform Memory Stats for Windows
[2022.02.26-03.10.51:360][  0]LogMemory: Process Physical Memory: 143.49 MB used, 143.50 MB peak
[2022.02.26-03.10.51:360][  0]LogMemory: Process Virtual Memory: 113.73 MB used, 113.73 MB peak
[2022.02.26-03.10.51:360][  0]LogMemory: Physical Memory: 9911.15 MB used,  6408.64 MB free, 16319.79 MB total
[2022.02.26-03.10.51:360][  0]LogMemory: Virtual Memory: 134212200.00 MB used,  5531.57 MB free, 134217728.00 MB total
[2022.02.26-03.10.51:377][  0]LogWindows: WindowsPlatformFeatures enabled
[2022.02.26-03.10.51:438][  0]LogInit: Physics initialised using underlying interface: Chaos
[2022.02.26-03.10.51:439][  0]LogInit: Using OS detected language (en-US).
[2022.02.26-03.10.51:439][  0]LogInit: Using OS detected locale (en-CA).
[2022.02.26-03.10.51:448][  0]LogTextLocalizationManager: No specific localization for 'en-US' exists, so the 'en' localization will be used.
[2022.02.26-03.10.51:731][  0]LogInit: Setting process to per monitor DPI aware
[2022.02.26-03.10.51:767][  0]LogWindowsTextInputMethodSystem: Display: IME system deactivated.
[2022.02.26-03.10.51:793][  0]LogSlate: New Slate User Created.  User Index 0, Is Virtual User: 0
[2022.02.26-03.10.51:793][  0]LogSlate: Slate User Registered.  User Index 0, Is Virtual User: 0
[2022.02.26-03.10.51:976][  0]LogD3D11RHI: Loaded GFSDK_Aftermath_Lib.x64.dll
[2022.02.26-03.10.51:984][  0]LogHMD: Failed to initialize OpenVR with code 110
[2022.02.26-03.10.51:984][  0]LogD3D11RHI: D3D11 min allowed feature level: 11_0
[2022.02.26-03.10.51:984][  0]LogD3D11RHI: D3D11 max allowed feature level: 11_0
[2022.02.26-03.10.51:984][  0]LogD3D11RHI: D3D11 adapters:
[2022.02.26-03.10.52:035][  0]LogD3D11RHI:    0. 'NVIDIA GeForce GTX 1060' (Feature Level 11_0)
[2022.02.26-03.10.52:035][  0]LogD3D11RHI:       6100/0/8159 MB DedicatedVideo/DedicatedSystem/SharedSystem, Outputs:1, VendorId:0x10de
[2022.02.26-03.10.52:042][  0]LogD3D11RHI:    1. 'Microsoft Basic Render Driver' (Feature Level 11_0)
[2022.02.26-03.10.52:042][  0]LogD3D11RHI:       0/0/8159 MB DedicatedVideo/DedicatedSystem/SharedSystem, Outputs:0, VendorId:0x1414
[2022.02.26-03.10.52:042][  0]LogD3D11RHI: Chosen D3D11 Adapter:
[2022.02.26-03.10.52:042][  0]LogD3D11RHI:     Description : NVIDIA GeForce GTX 1060
[2022.02.26-03.10.52:042][  0]LogD3D11RHI:     VendorId    : 10de
[2022.02.26-03.10.52:042][  0]LogD3D11RHI:     DeviceId    : 1c60
[2022.02.26-03.10.52:042][  0]LogD3D11RHI:     SubSysId    : 15501043
[2022.02.26-03.10.52:042][  0]LogD3D11RHI:     Revision    : 00a1
[2022.02.26-03.10.52:042][  0]LogD3D11RHI:     DedicatedVideoMemory : 6397165568 bytes
[2022.02.26-03.10.52:042][  0]LogD3D11RHI:     DedicatedSystemMemory : 0 bytes
[2022.02.26-03.10.52:043][  0]LogD3D11RHI:     SharedSystemMemory : 8556271616 bytes
[2022.02.26-03.10.52:043][  0]LogD3D11RHI:     AdapterLuid : 0 39764
[2022.02.26-03.10.52:050][  0]LogD3D11RHI: Creating new Direct3DDevice
[2022.02.26-03.10.52:050][  0]LogD3D11RHI:     GPU DeviceId: 0x1c60 (for the marketing name, search the web for "GPU Device Id")
[2022.02.26-03.10.52:051][  0]LogWindows: EnumDisplayDevices:
[2022.02.26-03.10.52:051][  0]LogWindows:    0. 'NVIDIA GeForce GTX 1060' (P:1 D:1)
[2022.02.26-03.10.52:051][  0]LogWindows:    1. 'NVIDIA GeForce GTX 1060' (P:0 D:0)
[2022.02.26-03.10.52:052][  0]LogWindows:    2. 'NVIDIA GeForce GTX 1060' (P:0 D:0)
[2022.02.26-03.10.52:052][  0]LogWindows:    3. 'NVIDIA GeForce GTX 1060' (P:0 D:0)
[2022.02.26-03.10.52:053][  0]LogWindows: DebugString: FoundDriverCount:4 
[2022.02.26-03.10.52:053][  0]LogD3D11RHI:     Adapter Name: NVIDIA GeForce GTX 1060
[2022.02.26-03.10.52:053][  0]LogD3D11RHI:   Driver Version: 373.06 (internal:21.21.13.7306, unified:373.06)
[2022.02.26-03.10.52:053][  0]LogD3D11RHI:      Driver Date: 10-1-2016
[2022.02.26-03.10.52:053][  0]LogRHI: Texture pool is 4270 MB (70% of 6100 MB)
[2022.02.26-03.10.52:053][  0]LogD3D11RHI: Creating D3DDevice using adapter:
[2022.02.26-03.10.52:053][  0]LogD3D11RHI:     Description : NVIDIA GeForce GTX 1060
[2022.02.26-03.10.52:053][  0]LogD3D11RHI:     VendorId    : 10de
[2022.02.26-03.10.52:053][  0]LogD3D11RHI:     DeviceId    : 1c60
[2022.02.26-03.10.52:053][  0]LogD3D11RHI:     SubSysId    : 15501043
[2022.02.26-03.10.52:053][  0]LogD3D11RHI:     Revision    : 00a1
[2022.02.26-03.10.52:054][  0]LogD3D11RHI:     DedicatedVideoMemory : 6397165568 bytes
[2022.02.26-03.10.52:054][  0]LogD3D11RHI:     DedicatedSystemMemory : 0 bytes
[2022.02.26-03.10.52:054][  0]LogD3D11RHI:     SharedSystemMemory : 8556271616 bytes
[2022.02.26-03.10.52:054][  0]LogD3D11RHI:     AdapterLuid : 0 39764
[2022.02.26-03.10.52:090][  0]LogD3D11RHI: RHI does not have support for 64 bit atomics
[2022.02.26-03.10.52:090][  0]LogD3D11RHI: Async texture creation enabled
[2022.02.26-03.10.52:090][  0]LogD3D11RHI: Array index from any shader is supported
[2022.02.26-03.10.52:111][  0]LogD3D11RHI: GPU Timing Frequency: 1000.000000 (Debug: 2 1)
[2022.02.26-03.10.52:196][  0]LogRHI: GeForceNow SDK initialized: 1
[2022.02.26-03.10.53:043][  0]LogTargetPlatformManager: Display: Loaded TargetPlatform 'AllDesktop'
[2022.02.26-03.10.53:088][  0]LogTargetPlatformManager: Display: Loaded TargetPlatform 'Android'
[2022.02.26-03.10.53:088][  0]LogTargetPlatformManager: Display: Loaded TargetPlatform 'Android_ASTC'
[2022.02.26-03.10.53:089][  0]LogTargetPlatformManager: Display: Loaded TargetPlatform 'Android_DXT'
[2022.02.26-03.10.53:089][  0]LogTargetPlatformManager: Display: Loaded TargetPlatform 'Android_ETC2'
[2022.02.26-03.10.53:089][  0]LogTargetPlatformManager: Display: Loaded TargetPlatform 'AndroidClient'
[2022.02.26-03.10.53:089][  0]LogTargetPlatformManager: Display: Loaded TargetPlatform 'Android_ASTCClient'
[2022.02.26-03.10.53:089][  0]LogTargetPlatformManager: Display: Loaded TargetPlatform 'Android_DXTClient'
[2022.02.26-03.10.53:089][  0]LogTargetPlatformManager: Display: Loaded TargetPlatform 'Android_ETC2Client'
[2022.02.26-03.10.53:089][  0]LogTargetPlatformManager: Display: Loaded TargetPlatform 'Android_Multi'
[2022.02.26-03.10.53:089][  0]LogTargetPlatformManager: Display: Loaded TargetPlatform 'Android_MultiClient'
[2022.02.26-03.10.53:152][  0]LogTargetPlatformManager: Display: Loaded TargetPlatform 'IOSClient'
[2022.02.26-03.10.53:153][  0]LogTargetPlatformManager: Display: Loaded TargetPlatform 'IOS'
[2022.02.26-03.10.53:202][  0]LogTargetPlatformManager: Display: Loaded TargetPlatform 'Lumin'
[2022.02.26-03.10.53:202][  0]LogTargetPlatformManager: Display: Loaded TargetPlatform 'LuminClient'
[2022.02.26-03.10.53:227][  0]LogTargetPlatformManager: Display: Loaded TargetPlatform 'MacNoEditor'
[2022.02.26-03.10.53:244][  0]LogTargetPlatformManager: Display: Loaded TargetPlatform 'Mac'
[2022.02.26-03.10.53:260][  0]LogTargetPlatformManager: Display: Loaded TargetPlatform 'MacClient'
[2022.02.26-03.10.53:275][  0]LogTargetPlatformManager: Display: Loaded TargetPlatform 'MacServer'
[2022.02.26-03.10.53:301][  0]LogTargetPlatformManager: Display: Loaded TargetPlatform 'TVOSClient'
[2022.02.26-03.10.53:302][  0]LogTargetPlatformManager: Display: Loaded TargetPlatform 'TVOS'
[2022.02.26-03.10.53:326][  0]LogTargetPlatformManager: Display: Loaded TargetPlatform 'WindowsNoEditor'
[2022.02.26-03.10.53:339][  0]LogTargetPlatformManager: Display: Loaded TargetPlatform 'Windows'
[2022.02.26-03.10.53:356][  0]LogTargetPlatformManager: Display: Loaded TargetPlatform 'WindowsClient'
[2022.02.26-03.10.53:371][  0]LogTargetPlatformManager: Display: Loaded TargetPlatform 'WindowsServer'
[2022.02.26-03.10.53:372][  0]LogTargetPlatformManager: Display: Building Assets For Windows
[2022.02.26-03.10.53:405][  0]LogAudioDebug: Display: Lib vorbis DLL was dynamically loaded.
[2022.02.26-03.10.53:519][  0]LogTextureFormatOodle: Display: Oodle Texture 2.9.0 init RDO Off
[2022.02.26-03.10.53:631][  0]LogRendererCore: Ray tracing is disabled. Reason: r.RayTracing=0.
[2022.02.26-03.10.53:631][  0]LogShaderCompilers: Guid format shader working directory is 19 characters bigger than the processId version (../../../../FEM_Unreal/FEM/Intermediate/Shaders/WorkingDirectory/15864/).
[2022.02.26-03.10.53:632][  0]LogShaderCompilers: Cleaned the shader compiler working directory 'C:/Users/mauri/AppData/Local/Temp/UnrealShaderWorkingDir/332449374A308783858F7BA3F6976D75/'.
[2022.02.26-03.10.53:632][  0]LogXGEController: Cannot use XGE Controller as Incredibuild is not installed on this machine.
[2022.02.26-03.10.53:632][  0]LogShaderCompilers: Cannot use XGE Shader Compiler as Incredibuild is not installed on this machine.
[2022.02.26-03.10.53:632][  0]LogShaderCompilers: Display: Using Local Shader Compiler.
[2022.02.26-03.10.54:822][  0]LogDerivedDataCache: Display: Max Cache Size: 512 MB
[2022.02.26-03.10.54:905][  0]LogDerivedDataCache: Loaded boot cache 0.08s 103MB ../../../../FEM_Unreal/FEM/DerivedDataCache/Boot.ddc.
[2022.02.26-03.10.54:906][  0]LogDerivedDataCache: Display: Loaded Boot cache: ../../../../FEM_Unreal/FEM/DerivedDataCache/Boot.ddc
[2022.02.26-03.10.54:906][  0]LogDerivedDataCache: FDerivedDataBackendGraph:  Pak pak cache file ../../../../FEM_Unreal/FEM/DerivedDataCache/DDC.ddp not found, will not use a pak cache.
[2022.02.26-03.10.54:906][  0]LogDerivedDataCache: Unable to find inner node Pak for hierarchical cache Hierarchy.
[2022.02.26-03.10.54:906][  0]LogDerivedDataCache: FDerivedDataBackendGraph:  EnginePak pak cache file ../../../Engine/DerivedDataCache/DDC.ddp not found, will not use a pak cache.
[2022.02.26-03.10.54:906][  0]LogDerivedDataCache: Unable to find inner node EnginePak for hierarchical cache Hierarchy.
[2022.02.26-03.10.54:923][  0]LogDerivedDataCache: Speed tests for ../../../Engine/DerivedDataCache took 0.02 seconds
[2022.02.26-03.10.54:924][  0]LogDerivedDataCache: Display: Performance to ../../../Engine/DerivedDataCache: Latency=0.07ms. RandomReadSpeed=689.88MBs, RandomWriteSpeed=64.03MBs. Assigned SpeedClass 'Local'
[2022.02.26-03.10.54:926][  0]LogDerivedDataCache: Using Local data cache path ../../../Engine/DerivedDataCache: Writable
[2022.02.26-03.10.54:926][  0]LogDerivedDataCache: Shared data cache path not found in *engine.ini, will not use an Shared cache.
[2022.02.26-03.10.54:927][  0]LogDerivedDataCache: Unable to find inner node Shared for hierarchical cache Hierarchy.
[2022.02.26-03.10.55:030][  0]LogSlate: Using FreeType 2.10.0
[2022.02.26-03.10.55:031][  0]LogSlate: SlateFontServices - WITH_FREETYPE: 1, WITH_HARFBUZZ: 1
[2022.02.26-03.10.55:071][  0]LogAssetRegistry: FAssetRegistry took 0.0062 seconds to start up
[2022.02.26-03.10.55:413][  0]LogInit: Selected Device Profile: [Windows]
[2022.02.26-03.10.55:413][  0]LogInit: Active device profile: [00000209CEEC5300][00000209CCB3F5C0 49] Windows
[2022.02.26-03.10.55:414][  0]LogInit: Profiles: [00000209CEEC5300][00000209CCB3F5C0 49] Windows, [00000209CEE8B300][00000209CB75D740 49] WindowsNoEditor, [00000209CEEC6400][00000209CCB43880 49] WindowsServer, [00000209CEE89F00][00000209CB7619C0 49] WindowsClient, [00000209CEEC7300][00000209CB765B00 49] IOS, [00000209CEE89200][00000209C3B4C100 49] iPadAir, [00000209CEEC7E00][00000209C3B50280 49] iPadAir2, [00000209CEDDE100][00000209C3B58540 49] IPadPro, [00000209CEDDE200][00000209C3B54580 49] iPadAir3, [00000209CEE89B00][00000209C3B5C700 49] iPadAir4, [00000209CEDDF100][00000209C3B78880 49] iPadMini2, [00000209CEE8B600][00000209C3B80A00 49] iPadMini3, [00000209CEDDFD00][00000209C3B84B80 49] iPadMini4, [00000209CEE8A700][00000209C3B88D00 49] iPadMini5, [00000209CEE79A00][00000209C3B90FC0 49] iPhone6, [00000209CEE79B00][00000209CD63D000 49] iPodTouch6, [00000209CEEC6F00][00000209CDA1F2C0 49] iPhone7, [00000209CEEC7000][00000209CD9F3300 49] iPodTouch7, [00000209CEDDDC00][00000209CDA2D480 49] iPhone5S, [00000209CEEC5100][00000209CDA31600 49] iPhone6Plus, [00000209CEDDD800][00000209CDA35780 49] iPhone6S, [00000209CEEC4400][00000209CCBBF900 49] iPhone6SPlus, [00000209CEDDCE00][00000209CB769A40 49] iPhone7Plus, [00000209CEEC5700][00000209CDA39B80 49] iPhoneSE, [00000209CEDDCA00][00000209CDA3C140 49] iPhone8, [00000209CEEC4800][00000209CDA442C0 49] iPhone8Plus, [00000209CEDDDA00][00000209CDA48440 49] iPhoneX, [00000209CEEC7D00][00000209CDA4C5C0 49] iPhoneXS, [00000209CEE78200][00000209CD2E6740 49] iPhoneXSMax, [00000209CEDDCD00][00000209CD2EA8C0 49] iPhoneXR, [00000209CEE78C00][00000209CCCF0A40 49] iPhone11, [00000209CEDDEE00][00000209CCD00BC0 49] iPhone11Pro, [00000209CEE79500][00000209CCD04D40 49] iPhone11ProMax, [00000209CEDDFA00][00000209CCD08EC0 49] iPhoneSE2, [00000209CEE78400][00000209CCD0D040 49] iPhone12Mini, [00000209CEDDD200][00000209CCD151C0 49] iPhone12, [00000209CEE7BC00][00000209CCD23340 49] iPhone12Pro, [00000209CEDDE000][00000209CCD794C0 49] iPhone12ProMax, [00000209CEE7AC00][00000209CCD7D640 49] iPadPro105, [00000209CEEC6100][00000209CCD817C0 49] iPadPro129, [00000209CEE79100][00000209CCD85940 49] iPadPro97, [00000209CEEC5000][00000209CCD89AC0 49] iPadPro2_129, [00000209CEE78D00][00000209CDA41C00 49] iPad5, [00000209CEEC5D00][00000209CCDA01C0 49] iPad6, [00000209CEE78600][00000209CCDA4300 49] iPad7, [00000209CEEC6E00][00000209CCDB0440 49] iPad8, [00000209CEE7B100][00000209CD12E5C0 49] iPadPro11, [00000209CEEC6A00][00000209BF6B2740 49] iPadPro2_11, [00000209CEE78900][00000209BF6B68C0 49] iPadPro3_129, [00000209CEEC4500][00000209BF6BEA40 49] iPadPro4_129, [00000209CEE7A700][00000209BF6C2BC0 49] AppleTV, [00000209CEEC4100][00000209BF6C6D40 49] AppleTV4K, [00000209CEE79F00][00000209BF6CEEC0 49] TVOS, [00000209CEEC7100][00000209BF6D3040 49] Mac, [00000209CEE7B800][00000209CCB9F1C0 49] MacClient, [00000209CEEC5F00][00000209CCBA3340 49] MacNoEditor, [00000209CEE7B500][00000209CCBA74C0 49] MacServer, [00000209CEEC4E00][00000209CCBB7640 49] Linux, [00000209CEE7AE00][00000209CCBBB7C0 49] LinuxAArch64, [00000209CEEC7800][00000209BF6CB940 49] LinuxNoEditor, [00000209CEE78500][00000209BF6BBAC0 49] LinuxAArch64NoEditor, [00000209CEEC4F00][00000209CCDB40C0 49] LinuxClient, [00000209CEE79400][00000209CD12A200 49] LinuxAArch64Client, [00000209CEEC7500][00000209CD6DC340 49] LinuxServer, [00000209CEE7AA00][00000209CD6E0480 49] LinuxAArch64Server, [00000209CEEC7600][00000209CD6E45C0 49] Android, [00000209CEE7A800][00000209CD6EC740 49] Android_Low, [00000209CEEC4D00][00000209CD6F08C0 49] Android_Mid, [00000209CEE78100][00000209CD6F4A40 49] Android_High, [00000209CEEC5900][00000209C5FC0BC0 49] Android_Default, [00000209CEE7B300][00000209C5FC4D40 49] Android_Adreno4xx, [00000209CEEC7900][00000209C5FC8EC0 49] Android_Adreno5xx_Low, [00000209CEE7AF00][00000209C5FCD040 49] Android_Adreno5xx, [00000209CEEC6500][00000209C5FD11C0 49] Android_Adreno6xx, [00000209CEE7BD00][00000209C5FD5340 49] Android_Adreno6xx_Vulkan, [00000209CEEC7C00][00000209C5FD94C0 49] Android_Mali_T6xx, [00000209CEE79E00][00000209C5FDD640 49] Android_Mali_T7xx, [00000209CEEC4C00][00000209C5FE17C0 49] Android_Mali_T8xx, [00000209CEE7B400][00000209C5FE5940 49] Android_Mali_G71, [00000209CEEC5400][00000209C5FE9AC0 49] Android_Mali_G72, [00000209CEE78F00][00000209C5FEC0C0 49] Android_Mali_G72_Vulkan, [00000209CEEC5C00][00000209C5FF0240 49] Android_Mali_G76, [00000209CEE7BB00][00000209C5FF43C0 49] Android_Mali_G76_Vulkan, [00000209CEEC5E00][00000209CD6E8500 49] Android_Mali_G77, [00000209CEE7AB00][00000209C5FF8640 49] Android_Mali_G77_Vulkan, [00000209CEEC6000][00000209C5FFC780 49] Android_Mali_G78, [00000209CEE7A200][00000209C6004900 49] Android_Mali_G78_Vulkan, [00000209CEE8AA00][00000209C6008A80 49] Android_Mali_G710, [00000209CEDDC800][00000209C600CC00 49] Android_Mali_G710_Vulkan, [00000209CEE8BA00][00000209CD240D80 49] Android_Vulkan_SM5, [00000209CEDDEB00][00000209CD244F00 49] Android_PowerVR_G6xxx, [00000209CEE88B00][00000209CD249080 49] Android_PowerVR_GT7xxx, [00000209CEDDCB00][00000209CD24D200 49] Android_PowerVR_GE8xxx, [00000209CEE8AF00][00000209CD251380 49] Android_PowerVR_GM9xxx, [00000209CEDDC500][00000209CD255500 49] Android_PowerVR_GM9xxx_Vulkan, [00000209CEE89A00][00000209CD259680 49] Android_TegraK1, [00000209CEDDF400][00000209CD25D800 49] Android_Unknown_Vulkan, [00000209CEE8B100][00000209CD261980 49] Lumin, [00000209CEDDE500][00000209CD265B00 49] Lumin_Desktop, [00000209CEE8BC00][00000209CD268100 49] HoloLens, 
[2022.02.26-03.10.55:666][  0]LogMeshReduction: Using QuadricMeshReduction for automatic static mesh reduction
[2022.02.26-03.10.55:666][  0]LogMeshReduction: Using SimplygonMeshReduction for automatic skeletal mesh reduction
[2022.02.26-03.10.55:666][  0]LogMeshReduction: Using ProxyLODMeshReduction for automatic mesh merging
[2022.02.26-03.10.55:666][  0]LogMeshReduction: No distributed automatic mesh merging module available
[2022.02.26-03.10.55:666][  0]LogMeshMerging: No distributed automatic mesh merging module available
[2022.02.26-03.10.55:700][  0]LogNetVersion: FEM 1.0.0, NetCL: 0, EngineNetVer: 17, GameNetVer: 0 (Checksum: 2844638706)
[2022.02.26-03.10.56:213][  0]LogTexture: Default maximum texture size for cubemaps generated from long-lat sources has been changed from 512 to unlimited. In order to preserve old behaiour for '/Engine/MapTemplates/Sky/DaylightAmbientCubemap.DaylightAmbientCubemap', its maximum texture size has been explicitly set to 512.
[2022.02.26-03.10.56:468][  0]LogHMD: PokeAHoleMaterial loaded successfully
[2022.02.26-03.10.56:479][  0]LogUObjectArray: 18147 objects as part of root set at end of initial load.
[2022.02.26-03.10.56:479][  0]LogUObjectAllocator: 4655008 out of 0 bytes used by permanent object pool.
[2022.02.26-03.10.56:480][  0]LogUObjectArray: CloseDisregardForGC: 0/0 objects in disregard for GC pool
[2022.02.26-03.10.57:020][  0]LogNiagaraDebuggerClient: Niagara Debugger Client Initialized | Session: 3CE61CB64251F5BAAE643690F727EE6D | Instance: C50F2F4B481376DC572A4DBB68032AD4 (DESKTOP-IUA6Q6A-15864).
[2022.02.26-03.10.57:611][  0]LogTcpMessaging: Initializing TcpMessaging bridge
[2022.02.26-03.10.57:623][  0]LogUdpMessaging: Initializing bridge on interface 0.0.0.0:0 to multicast group 230.0.0.1:6666.
[2022.02.26-03.10.57:680][  0]LogPython: Using Python 3.7.7
[2022.02.26-03.10.58:993][  0]SourceControl: Source control is disabled
[2022.02.26-03.10.58:993][  0]SourceControl: Source control is disabled
[2022.02.26-03.10.59:005][  0]SourceControl: Source control is disabled
[2022.02.26-03.10.59:019][  0]SourceControl: Source control is disabled
[2022.02.26-03.10.59:049][  0]SourceControl: Source control is disabled
[2022.02.26-03.10.59:072][  0]LogUProjectInfo: Found projects:
[2022.02.26-03.10.59:849][  0]LogOpenImageDenoise: OIDN starting up
[2022.02.26-03.10.59:926][  0]LogAndroidPermission: UAndroidPermissionCallbackProxy::GetInstance
[2022.02.26-03.11.00:002][  0]LogAudioCaptureCore: Display: No Audio Capture implementations found. Audio input will be silent.
[2022.02.26-03.11.00:003][  0]LogAudioCaptureCore: Display: No Audio Capture implementations found. Audio input will be silent.
[2022.02.26-03.11.00:334][  0]LogCollectionManager: Loaded 0 collections in 0.004633 seconds
[2022.02.26-03.11.00:397][  0]LogFileCache: Scanning file cache for directory 'C:/FEM_Unreal/FEM/Saved/Collections/' took 0.00s
[2022.02.26-03.11.00:397][  0]LogFileCache: Scanning file cache for directory 'C:/FEM_Unreal/FEM/Content/Developers/mauri/Collections/' took 0.00s
[2022.02.26-03.11.00:397][  0]LogFileCache: Scanning file cache for directory 'C:/FEM_Unreal/FEM/Content/Collections/' took 0.00s
[2022.02.26-03.11.00:397][  0]LogOcInput: OculusInput pre-init called
[2022.02.26-03.11.00:783][  0]LogClass: Display: IntProperty FPhysicsConvexData::NumVertices is not initialized properly. Module:MeshModelingTools File:Public/Physics/CollisionPropertySets.h
[2022.02.26-03.11.00:783][  0]LogClass: Display: IntProperty FPhysicsConvexData::NumFaces is not initialized properly. Module:MeshModelingTools File:Public/Physics/CollisionPropertySets.h
[2022.02.26-03.11.00:783][  0]LogClass: Display: FloatProperty FPhysicsCapsuleData::Radius is not initialized properly. Module:MeshModelingTools File:Public/Physics/CollisionPropertySets.h
[2022.02.26-03.11.00:783][  0]LogClass: Display: FloatProperty FPhysicsCapsuleData::Length is not initialized properly. Module:MeshModelingTools File:Public/Physics/CollisionPropertySets.h
[2022.02.26-03.11.00:783][  0]LogClass: Display: StructProperty FPhysicsBoxData::Dimensions is not initialized properly. Module:MeshModelingTools File:Public/Physics/CollisionPropertySets.h
[2022.02.26-03.11.00:783][  0]LogClass: Display: FloatProperty FPhysicsSphereData::Radius is not initialized properly. Module:MeshModelingTools File:Public/Physics/CollisionPropertySets.h
[2022.02.26-03.11.00:783][  0]LogClass: Display: EnumProperty FLODLevelGenerateSettings::TargetMode is not initialized properly. Module:MeshModelingToolsEditorOnly File:Public/GenerateLODMeshesTool.h
[2022.02.26-03.11.00:783][  0]LogClass: Display: IntProperty FLODLevelGenerateSettings::TargetPercentage is not initialized properly. Module:MeshModelingToolsEditorOnly File:Public/GenerateLODMeshesTool.h
[2022.02.26-03.11.00:783][  0]LogClass: Display: IntProperty FLODLevelGenerateSettings::TargetCount is not initialized properly. Module:MeshModelingToolsEditorOnly File:Public/GenerateLODMeshesTool.h
[2022.02.26-03.11.00:783][  0]LogClass: Display: 9 Uninitialized script struct members found including 0 object properties
[2022.02.26-03.11.00:785][  0]LogEngine: Initializing Engine...
[2022.02.26-03.11.00:791][  0]LogHMD: Failed to enumerate extensions. Please check that you have a valid OpenXR runtime installed.
[2022.02.26-03.11.00:791][  0]LogHMD: Failed to initialize OpenVR with code 110
[2022.02.26-03.11.00:791][  0]LogMagicLeap: Warning: VR disabled because ZI is not enabled.  To enable, in the editor, Edit -> Project Settings -> Plugins -> Magic Leap Plugin -> Enable Zero Iteration
[2022.02.26-03.11.00:793][  0]LogStats: UGameplayTagsManager::InitializeManager -  0.000 s
[2022.02.26-03.11.00:979][  0]LogInit: Initializing FReadOnlyCVARCache
[2022.02.26-03.11.00:979][  0]LogChaos: FPhysicsSolverBase::AsyncDt:-1.000000
[2022.02.26-03.11.01:000][  0]LogAIModule: Creating AISystem for world Untitled
[2022.02.26-03.11.01:009][  0]LogAudio: Display: Initializing Audio Device Manager...
[2022.02.26-03.11.01:022][  0]LogAudio: Display: Loading Default Audio Settings Objects...
[2022.02.26-03.11.01:022][  0]LogAudio: Display: No default SoundConcurrencyObject specified (or failed to load).
[2022.02.26-03.11.01:023][  0]LogAudio: Display: Audio Device Manager Initialized
[2022.02.26-03.11.01:023][  0]LogAudio: Display: Creating Audio Device:                 Id: 1, Scope: Shared, Realtime: True
[2022.02.26-03.11.01:024][  0]LogAudioMixer: Display: Audio Mixer Platform Settings:
[2022.02.26-03.11.01:024][  0]LogAudioMixer: Display: 	Sample Rate:						  48000
[2022.02.26-03.11.01:024][  0]LogAudioMixer: Display: 	Callback Buffer Frame Size Requested: 1024
[2022.02.26-03.11.01:024][  0]LogAudioMixer: Display: 	Callback Buffer Frame Size To Use:	  1024
[2022.02.26-03.11.01:024][  0]LogAudioMixer: Display: 	Number of buffers to queue:			  2
[2022.02.26-03.11.01:024][  0]LogAudioMixer: Display: 	Max Channels (voices):				  32
[2022.02.26-03.11.01:024][  0]LogAudioMixer: Display: 	Number of Async Source Workers:		  0
[2022.02.26-03.11.01:024][  0]LogAudio: Display: AudioDevice MaxSources: 32
[2022.02.26-03.11.01:025][  0]LogAudio: Display: Audio Spatialization Plugin: None (built-in).
[2022.02.26-03.11.01:025][  0]LogAudio: Display: Audio Reverb Plugin: None (built-in).
[2022.02.26-03.11.01:025][  0]LogAudio: Display: Audio Occlusion Plugin: None (built-in).
[2022.02.26-03.11.01:025][  0]LogAudioMixer: Display: Initializing audio mixer.
[2022.02.26-03.11.01:050][  0]LogAudioMixer: Display: 0: FrontLeft
[2022.02.26-03.11.01:050][  0]LogAudioMixer: Display: 1: FrontRight
[2022.02.26-03.11.01:082][  0]LogAudioMixer: Display: Using Audio Device Speakers (SRS-X55 Stereo)
[2022.02.26-03.11.01:086][  0]LogAudioMixer: Display: Initializing Sound Submixes...
[2022.02.26-03.11.01:089][  0]LogAudioMixer: Display: Creating Master Submix 'MasterSubmixDefault'
[2022.02.26-03.11.01:090][  0]LogAudioMixer: Display: Creating Master Submix 'MasterReverbSubmixDefault'
[2022.02.26-03.11.01:091][  0]LogAudioMixer: Display: Creating Master Submix 'MasterEQSubmixDefault'
[2022.02.26-03.11.01:091][  0]LogAudioMixer: FMixerPlatformXAudio2::StartAudioStream() called
[2022.02.26-03.11.01:091][  0]LogAudioMixer: Display: Output buffers initialized: Frames=1024, Channels=2, Samples=2048
[2022.02.26-03.11.01:094][  0]LogAudioMixer: Display: Starting AudioMixerPlatformInterface::RunInternal()
[2022.02.26-03.11.01:095][  0]LogAudioMixer: Display: FMixerPlatformXAudio2::SubmitBuffer() called for the first time
[2022.02.26-03.11.01:095][  0]LogInit: FAudioDevice initialized.
[2022.02.26-03.11.01:095][  0]LogAudio: Display: Audio Device (ID: 1) registered with world 'Untitled'.
[2022.02.26-03.11.01:095][  0]LogNetVersion: Set ProjectVersion to 1.0.0.0. Version Checksum will be recalculated on next use.
[2022.02.26-03.11.01:185][  0]LogDerivedDataCache: Saved boot cache 0.09s 103MB ../../../../FEM_Unreal/FEM/DerivedDataCache/Boot.ddc.
[2022.02.26-03.11.01:186][  0]LogInit: Texture streaming: Enabled
[2022.02.26-03.11.01:217][  0]LogAnalytics: Display: [UEEditor.UnrealEngine.Release] APIServer = https://datarouter.ol.epicgames.com/. AppVersion = 4.27.2-0+++UE4+Release-4.27
[2022.02.26-03.11.01:227][  0]LogEngineSessionManager: EngineSessionManager initialized
[2022.02.26-03.11.01:227][  0]LogEditorSessionSummary: Verbose: Initializing EditorSessionSummaryWriter for editor session tracking
[2022.02.26-03.11.01:230][  0]LogEditorSessionSummary: EditorSessionSummaryWriter initialized
[2022.02.26-03.11.01:272][  0]LogInit: Transaction tracking system initialized
[2022.02.26-03.11.01:348][  0]BlueprintLog: New page: Editor Load
[2022.02.26-03.11.01:545][  0]LocalizationService: Localization service is disabled
[2022.02.26-03.11.01:620][  0]TimingProfiler: Initialize
[2022.02.26-03.11.01:620][  0]TimingProfiler: OnSessionChanged
[2022.02.26-03.11.01:620][  0]LoadingProfiler: Initialize
[2022.02.26-03.11.01:620][  0]LoadingProfiler: OnSessionChanged
[2022.02.26-03.11.01:620][  0]NetworkingProfiler: Initialize
[2022.02.26-03.11.01:620][  0]NetworkingProfiler: OnSessionChanged
[2022.02.26-03.11.01:621][  0]MemoryProfiler: Initialize
[2022.02.26-03.11.01:621][  0]MemoryProfiler: OnSessionChanged
[2022.02.26-03.11.01:917][  0]LogCook: Display: CookSettings for Memory: MemoryMaxUsedVirtual 0MiB, MemoryMaxUsedPhysical 16384MiB, MemoryMinFreeVirtual 0MiB, MemoryMinFreePhysical 1024MiB
[2022.02.26-03.11.01:917][  0]LogCook: Display: Mobile HDR setting 1
[2022.02.26-03.11.02:436][  0]LogFileCache: Scanning file cache for directory 'C:/FEM_Unreal/FEM/Content/' took 0.00s
[2022.02.26-03.11.02:701][  0]LogInit: Display: Engine is initialized. Leaving FEngineLoop::Init()
[2022.02.26-03.11.02:706][  0]SourceControl: Source control is disabled
[2022.02.26-03.11.02:706][  0]LogUnrealEdMisc: Loading editor; pre map load, took 14.374
[2022.02.26-03.11.02:707][  0]Cmd: MAP LOAD FILE="../../../Engine/Content/Maps/Templates/Template_Default.umap" TEMPLATE=1 SHOWPROGRESS=1 FEATURELEVEL=3
[2022.02.26-03.11.02:707][  0]LightingResults: New page: Lighting Build
[2022.02.26-03.11.02:710][  0]LogWorld: UWorld::CleanupWorld for Untitled, bSessionEnded=true, bCleanupResources=true
[2022.02.26-03.11.02:710][  0]LogSlate: InvalidateAllWidgets triggered.  All widgets were invalidated
[2022.02.26-03.11.02:711][  0]MapCheck: New page: Map Check
[2022.02.26-03.11.02:711][  0]LightingResults: New page: Lighting Build
[2022.02.26-03.11.02:716][  0]LogAudio: Display: Audio Device unregistered from world 'None'.
[2022.02.26-03.11.02:722][  0]LogUObjectHash: Compacting FUObjectHashTables data took   1.63ms
[2022.02.26-03.11.02:794][  0]LogTexture: Display: Building textures: DeprecatedTextureEB9CBE3C423008B5E8E130901E171C89 (BGRA8, 128X128)
[2022.02.26-03.11.02:804][  0]LogAudio: Display: Audio Device (ID: 1) registered with world 'Untitled_1'.
[2022.02.26-03.11.02:805][  0]LogChaos: FPhysicsSolverBase::AsyncDt:-1.000000
[2022.02.26-03.11.02:806][  0]LogAIModule: Creating AISystem for world Untitled_1
[2022.02.26-03.11.02:819][  0]LogEditorServer: Finished looking for orphan Actors (0.000 secs)
[2022.02.26-03.11.02:829][  0]LogUObjectHash: Compacting FUObjectHashTables data took   1.40ms
[2022.02.26-03.11.02:829][  0]Cmd: MAP CHECKDEP NOCLEARLOG
[2022.02.26-03.11.02:830][  0]MapCheck: Map check complete: 0 Error(s), 0 Warning(s), took 0.328ms to complete.
[2022.02.26-03.11.02:830][  0]LogFileHelpers: Loading map 'Template_Default' took 0.123
[2022.02.26-03.11.02:834][  0]LogUnrealEdMisc: Total Editor Startup Time, took 14.500
[2022.02.26-03.11.02:996][  0]LogSlate: Updating window title bar state: overlay mode, drag disabled, window buttons hidden, title bar hidden
[2022.02.26-03.11.03:004][  0]LogSlate: Updating window title bar state: overlay mode, drag disabled, window buttons hidden, title bar hidden
[2022.02.26-03.11.03:012][  0]LogSlate: Updating window title bar state: overlay mode, drag disabled, window buttons hidden, title bar hidden
[2022.02.26-03.11.03:020][  0]LogSlate: Updating window title bar state: overlay mode, drag disabled, window buttons hidden, title bar hidden
[2022.02.26-03.11.03:038][  0]LogNativeClassHierarchy: Verbose: Native class hierarchy populated in 0.0123 seconds. Added 4227 classes and 957 folders.
[2022.02.26-03.11.03:041][  0]LogNativeClassHierarchy: Verbose: Native class hierarchy updated for 'WidgetCarousel' in 0.0003 seconds. Added 0 classes and 0 folders.
[2022.02.26-03.11.03:043][  0]LogShaderLibrary: Display: ShaderCodeLibraryPakFileMountedCallback: PakFile 'C:/UnrealEngine/FeaturePacks/FP_FirstPerson.upack' (chunk index -1, root 'root:/') mounted
[2022.02.26-03.11.03:043][  0]LogShaderLibrary: Display: ShaderCodeLibraryPakFileMountedCallback: pending pak file info (ChunkID:-1 Root:root:/ File:C:/UnrealEngine/FeaturePacks/FP_FirstPerson.upack)
[2022.02.26-03.11.03:043][  0]LogPakFile: OnPakFileMounted2Time == 0.000305
[2022.02.26-03.11.03:045][  0]LogShaderLibrary: Display: ShaderCodeLibraryPakFileMountedCallback: PakFile 'C:/UnrealEngine/FeaturePacks/FP_FirstPersonBP.upack' (chunk index -1, root 'root:/') mounted
[2022.02.26-03.11.03:045][  0]LogShaderLibrary: Display: ShaderCodeLibraryPakFileMountedCallback: pending pak file info (ChunkID:-1 Root:root:/ File:C:/UnrealEngine/FeaturePacks/FP_FirstPersonBP.upack)
[2022.02.26-03.11.03:045][  0]LogPakFile: OnPakFileMounted2Time == 0.000333
[2022.02.26-03.11.03:046][  0]LogShaderLibrary: Display: ShaderCodeLibraryPakFileMountedCallback: PakFile 'C:/UnrealEngine/FeaturePacks/MobileStarterContent.upack' (chunk index -1, root 'root:/') mounted
[2022.02.26-03.11.03:046][  0]LogShaderLibrary: Display: ShaderCodeLibraryPakFileMountedCallback: pending pak file info (ChunkID:-1 Root:root:/ File:C:/UnrealEngine/FeaturePacks/MobileStarterContent.upack)
[2022.02.26-03.11.03:046][  0]LogPakFile: OnPakFileMounted2Time == 0.000342
[2022.02.26-03.11.03:047][  0]LogShaderLibrary: Display: ShaderCodeLibraryPakFileMountedCallback: PakFile 'C:/UnrealEngine/FeaturePacks/StarterContent.upack' (chunk index -1, root 'root:/') mounted
[2022.02.26-03.11.03:047][  0]LogShaderLibrary: Display: ShaderCodeLibraryPakFileMountedCallback: pending pak file info (ChunkID:-1 Root:root:/ File:C:/UnrealEngine/FeaturePacks/StarterContent.upack)
[2022.02.26-03.11.03:048][  0]LogPakFile: OnPakFileMounted2Time == 0.000347
[2022.02.26-03.11.03:049][  0]LogShaderLibrary: Display: ShaderCodeLibraryPakFileMountedCallback: PakFile 'C:/UnrealEngine/FeaturePacks/TP_2DSideScroller.upack' (chunk index -1, root 'root:/') mounted
[2022.02.26-03.11.03:049][  0]LogShaderLibrary: Display: ShaderCodeLibraryPakFileMountedCallback: pending pak file info (ChunkID:-1 Root:root:/ File:C:/UnrealEngine/FeaturePacks/TP_2DSideScroller.upack)
[2022.02.26-03.11.03:050][  0]LogPakFile: OnPakFileMounted2Time == 0.000359
[2022.02.26-03.11.03:050][  0]LogShaderLibrary: Display: ShaderCodeLibraryPakFileMountedCallback: PakFile 'C:/UnrealEngine/FeaturePacks/TP_2DSideScrollerBP.upack' (chunk index -1, root 'root:/') mounted
[2022.02.26-03.11.03:051][  0]LogShaderLibrary: Display: ShaderCodeLibraryPakFileMountedCallback: pending pak file info (ChunkID:-1 Root:root:/ File:C:/UnrealEngine/FeaturePacks/TP_2DSideScrollerBP.upack)
[2022.02.26-03.11.03:051][  0]LogPakFile: OnPakFileMounted2Time == 0.000345
[2022.02.26-03.11.03:052][  0]LogShaderLibrary: Display: ShaderCodeLibraryPakFileMountedCallback: PakFile 'C:/UnrealEngine/FeaturePacks/TP_Flying.upack' (chunk index -1, root 'root:/') mounted
[2022.02.26-03.11.03:052][  0]LogShaderLibrary: Display: ShaderCodeLibraryPakFileMountedCallback: pending pak file info (ChunkID:-1 Root:root:/ File:C:/UnrealEngine/FeaturePacks/TP_Flying.upack)
[2022.02.26-03.11.03:052][  0]LogPakFile: OnPakFileMounted2Time == 0.000291
[2022.02.26-03.11.03:053][  0]LogShaderLibrary: Display: ShaderCodeLibraryPakFileMountedCallback: PakFile 'C:/UnrealEngine/FeaturePacks/TP_FlyingBP.upack' (chunk index -1, root 'root:/') mounted
[2022.02.26-03.11.03:054][  0]LogShaderLibrary: Display: ShaderCodeLibraryPakFileMountedCallback: pending pak file info (ChunkID:-1 Root:root:/ File:C:/UnrealEngine/FeaturePacks/TP_FlyingBP.upack)
[2022.02.26-03.11.03:054][  0]LogPakFile: OnPakFileMounted2Time == 0.000410
[2022.02.26-03.11.03:055][  0]LogShaderLibrary: Display: ShaderCodeLibraryPakFileMountedCallback: PakFile 'C:/UnrealEngine/FeaturePacks/TP_Puzzle.upack' (chunk index -1, root 'root:/') mounted
[2022.02.26-03.11.03:055][  0]LogShaderLibrary: Display: ShaderCodeLibraryPakFileMountedCallback: pending pak file info (ChunkID:-1 Root:root:/ File:C:/UnrealEngine/FeaturePacks/TP_Puzzle.upack)
[2022.02.26-03.11.03:055][  0]LogPakFile: OnPakFileMounted2Time == 0.000356
[2022.02.26-03.11.03:056][  0]LogShaderLibrary: Display: ShaderCodeLibraryPakFileMountedCallback: PakFile 'C:/UnrealEngine/FeaturePacks/TP_PuzzleBP.upack' (chunk index -1, root 'root:/') mounted
[2022.02.26-03.11.03:057][  0]LogShaderLibrary: Display: ShaderCodeLibraryPakFileMountedCallback: pending pak file info (ChunkID:-1 Root:root:/ File:C:/UnrealEngine/FeaturePacks/TP_PuzzleBP.upack)
[2022.02.26-03.11.03:057][  0]LogPakFile: OnPakFileMounted2Time == 0.000290
[2022.02.26-03.11.03:058][  0]LogShaderLibrary: Display: ShaderCodeLibraryPakFileMountedCallback: PakFile 'C:/UnrealEngine/FeaturePacks/TP_Rolling.upack' (chunk index -1, root 'root:/') mounted
[2022.02.26-03.11.03:058][  0]LogShaderLibrary: Display: ShaderCodeLibraryPakFileMountedCallback: pending pak file info (ChunkID:-1 Root:root:/ File:C:/UnrealEngine/FeaturePacks/TP_Rolling.upack)
[2022.02.26-03.11.03:058][  0]LogPakFile: OnPakFileMounted2Time == 0.000281
[2022.02.26-03.11.03:060][  0]LogShaderLibrary: Display: ShaderCodeLibraryPakFileMountedCallback: PakFile 'C:/UnrealEngine/FeaturePacks/TP_RollingBP.upack' (chunk index -1, root 'root:/') mounted
[2022.02.26-03.11.03:060][  0]LogShaderLibrary: Display: ShaderCodeLibraryPakFileMountedCallback: pending pak file info (ChunkID:-1 Root:root:/ File:C:/UnrealEngine/FeaturePacks/TP_RollingBP.upack)
[2022.02.26-03.11.03:060][  0]LogPakFile: OnPakFileMounted2Time == 0.000290
[2022.02.26-03.11.03:061][  0]LogShaderLibrary: Display: ShaderCodeLibraryPakFileMountedCallback: PakFile 'C:/UnrealEngine/FeaturePacks/TP_SideScroller.upack' (chunk index -1, root 'root:/') mounted
[2022.02.26-03.11.03:061][  0]LogShaderLibrary: Display: ShaderCodeLibraryPakFileMountedCallback: pending pak file info (ChunkID:-1 Root:root:/ File:C:/UnrealEngine/FeaturePacks/TP_SideScroller.upack)
[2022.02.26-03.11.03:061][  0]LogPakFile: OnPakFileMounted2Time == 0.000337
[2022.02.26-03.11.03:063][  0]LogShaderLibrary: Display: ShaderCodeLibraryPakFileMountedCallback: PakFile 'C:/UnrealEngine/FeaturePacks/TP_SideScrollerBP.upack' (chunk index -1, root 'root:/') mounted
[2022.02.26-03.11.03:063][  0]LogShaderLibrary: Display: ShaderCodeLibraryPakFileMountedCallback: pending pak file info (ChunkID:-1 Root:root:/ File:C:/UnrealEngine/FeaturePacks/TP_SideScrollerBP.upack)
[2022.02.26-03.11.03:063][  0]LogPakFile: OnPakFileMounted2Time == 0.000409
[2022.02.26-03.11.03:064][  0]LogShaderLibrary: Display: ShaderCodeLibraryPakFileMountedCallback: PakFile 'C:/UnrealEngine/FeaturePacks/TP_ThirdPerson.upack' (chunk index -1, root 'root:/') mounted
[2022.02.26-03.11.03:064][  0]LogShaderLibrary: Display: ShaderCodeLibraryPakFileMountedCallback: pending pak file info (ChunkID:-1 Root:root:/ File:C:/UnrealEngine/FeaturePacks/TP_ThirdPerson.upack)
[2022.02.26-03.11.03:065][  0]LogPakFile: OnPakFileMounted2Time == 0.000268
[2022.02.26-03.11.03:066][  0]LogShaderLibrary: Display: ShaderCodeLibraryPakFileMountedCallback: PakFile 'C:/UnrealEngine/FeaturePacks/TP_ThirdPersonBP.upack' (chunk index -1, root 'root:/') mounted
[2022.02.26-03.11.03:066][  0]LogShaderLibrary: Display: ShaderCodeLibraryPakFileMountedCallback: pending pak file info (ChunkID:-1 Root:root:/ File:C:/UnrealEngine/FeaturePacks/TP_ThirdPersonBP.upack)
[2022.02.26-03.11.03:066][  0]LogPakFile: OnPakFileMounted2Time == 0.000339
[2022.02.26-03.11.03:067][  0]LogShaderLibrary: Display: ShaderCodeLibraryPakFileMountedCallback: PakFile 'C:/UnrealEngine/FeaturePacks/TP_TopDown.upack' (chunk index -1, root 'root:/') mounted
[2022.02.26-03.11.03:068][  0]LogShaderLibrary: Display: ShaderCodeLibraryPakFileMountedCallback: pending pak file info (ChunkID:-1 Root:root:/ File:C:/UnrealEngine/FeaturePacks/TP_TopDown.upack)
[2022.02.26-03.11.03:068][  0]LogPakFile: OnPakFileMounted2Time == 0.000469
[2022.02.26-03.11.03:069][  0]LogShaderLibrary: Display: ShaderCodeLibraryPakFileMountedCallback: PakFile 'C:/UnrealEngine/FeaturePacks/TP_TopDownBP.upack' (chunk index -1, root 'root:/') mounted
[2022.02.26-03.11.03:069][  0]LogShaderLibrary: Display: ShaderCodeLibraryPakFileMountedCallback: pending pak file info (ChunkID:-1 Root:root:/ File:C:/UnrealEngine/FeaturePacks/TP_TopDownBP.upack)
[2022.02.26-03.11.03:069][  0]LogPakFile: OnPakFileMounted2Time == 0.000347
[2022.02.26-03.11.03:070][  0]LogShaderLibrary: Display: ShaderCodeLibraryPakFileMountedCallback: PakFile 'C:/UnrealEngine/FeaturePacks/TP_TwinStick.upack' (chunk index -1, root 'root:/') mounted
[2022.02.26-03.11.03:071][  0]LogShaderLibrary: Display: ShaderCodeLibraryPakFileMountedCallback: pending pak file info (ChunkID:-1 Root:root:/ File:C:/UnrealEngine/FeaturePacks/TP_TwinStick.upack)
[2022.02.26-03.11.03:071][  0]LogPakFile: OnPakFileMounted2Time == 0.000211
[2022.02.26-03.11.03:072][  0]LogShaderLibrary: Display: ShaderCodeLibraryPakFileMountedCallback: PakFile 'C:/UnrealEngine/FeaturePacks/TP_TwinStickBP.upack' (chunk index -1, root 'root:/') mounted
[2022.02.26-03.11.03:072][  0]LogShaderLibrary: Display: ShaderCodeLibraryPakFileMountedCallback: pending pak file info (ChunkID:-1 Root:root:/ File:C:/UnrealEngine/FeaturePacks/TP_TwinStickBP.upack)
[2022.02.26-03.11.03:072][  0]LogPakFile: OnPakFileMounted2Time == 0.000218
[2022.02.26-03.11.03:073][  0]LogShaderLibrary: Display: ShaderCodeLibraryPakFileMountedCallback: PakFile 'C:/UnrealEngine/FeaturePacks/TP_Vehicle.upack' (chunk index -1, root 'root:/') mounted
[2022.02.26-03.11.03:073][  0]LogShaderLibrary: Display: ShaderCodeLibraryPakFileMountedCallback: pending pak file info (ChunkID:-1 Root:root:/ File:C:/UnrealEngine/FeaturePacks/TP_Vehicle.upack)
[2022.02.26-03.11.03:073][  0]LogPakFile: OnPakFileMounted2Time == 0.000312
[2022.02.26-03.11.03:074][  0]LogShaderLibrary: Display: ShaderCodeLibraryPakFileMountedCallback: PakFile 'C:/UnrealEngine/FeaturePacks/TP_VehicleAdv.upack' (chunk index -1, root 'root:/') mounted
[2022.02.26-03.11.03:074][  0]LogShaderLibrary: Display: ShaderCodeLibraryPakFileMountedCallback: pending pak file info (ChunkID:-1 Root:root:/ File:C:/UnrealEngine/FeaturePacks/TP_VehicleAdv.upack)
[2022.02.26-03.11.03:075][  0]LogPakFile: OnPakFileMounted2Time == 0.000349
[2022.02.26-03.11.03:076][  0]LogShaderLibrary: Display: ShaderCodeLibraryPakFileMountedCallback: PakFile 'C:/UnrealEngine/FeaturePacks/TP_VehicleAdvBP.upack' (chunk index -1, root 'root:/') mounted
[2022.02.26-03.11.03:076][  0]LogShaderLibrary: Display: ShaderCodeLibraryPakFileMountedCallback: pending pak file info (ChunkID:-1 Root:root:/ File:C:/UnrealEngine/FeaturePacks/TP_VehicleAdvBP.upack)
[2022.02.26-03.11.03:076][  0]LogPakFile: OnPakFileMounted2Time == 0.000340
[2022.02.26-03.11.03:077][  0]LogShaderLibrary: Display: ShaderCodeLibraryPakFileMountedCallback: PakFile 'C:/UnrealEngine/FeaturePacks/TP_VehicleBP.upack' (chunk index -1, root 'root:/') mounted
[2022.02.26-03.11.03:077][  0]LogShaderLibrary: Display: ShaderCodeLibraryPakFileMountedCallback: pending pak file info (ChunkID:-1 Root:root:/ File:C:/UnrealEngine/FeaturePacks/TP_VehicleBP.upack)
[2022.02.26-03.11.03:078][  0]LogPakFile: OnPakFileMounted2Time == 0.000214
[2022.02.26-03.11.03:078][  0]LogPakFile: PakFile PrimaryIndexSize=192
[2022.02.26-03.11.03:078][  0]LogPakFile: PakFile PathHashIndexSize=101
[2022.02.26-03.11.03:078][  0]LogPakFile: PakFile FullDirectoryIndexSize=158
[2022.02.26-03.11.03:079][  0]LogShaderLibrary: Display: ShaderCodeLibraryPakFileMountedCallback: PakFile 'C:/UnrealEngine/FeaturePacks/TP_VirtualRealityBP.upack' (chunk index -1, root 'root:/') mounted
[2022.02.26-03.11.03:079][  0]LogShaderLibrary: Display: ShaderCodeLibraryPakFileMountedCallback: pending pak file info (ChunkID:-1 Root:root:/ File:C:/UnrealEngine/FeaturePacks/TP_VirtualRealityBP.upack)
[2022.02.26-03.11.03:079][  0]LogPakFile: OnPakFileMounted2Time == 0.000200
[2022.02.26-03.11.03:146][  0]LogNativeClassHierarchy: Verbose: Native class hierarchy updated for 'AddContentDialog' in 0.0003 seconds. Added 0 classes and 0 folders.
[2022.02.26-03.11.03:148][  0]LogNativeClassHierarchy: Verbose: Native class hierarchy updated for 'SceneOutliner' in 0.0003 seconds. Added 2 classes and 0 folders.
[2022.02.26-03.11.03:191][  0]LogSlate: Took 0.000195 seconds to synchronously load lazily loaded font '../../../Engine/Content/Slate/Fonts/Roboto-Regular.ttf' (155K)
[2022.02.26-03.11.03:193][  0]LogSlate: Took 0.000177 seconds to synchronously load lazily loaded font '../../../Engine/Content/Editor/Slate/Fonts/FontAwesome.ttf' (139K)
[2022.02.26-03.11.03:194][  0]LogSlate: Took 0.000164 seconds to synchronously load lazily loaded font '../../../Engine/Content/Slate/Fonts/Roboto-Bold.ttf' (160K)
[2022.02.26-03.11.03:298][  0]LogRenderer: Reallocating scene render targets to support 1208x572 Format 10 NumSamples 1 (Frame:1).
[2022.02.26-03.11.03:340][  0]LogSlate: Took 0.000173 seconds to synchronously load lazily loaded font '../../../Engine/Content/Slate/Fonts/Roboto-Light.ttf' (167K)
[2022.02.26-03.11.03:552][  0]LogNativeClassHierarchy: Verbose: Native class hierarchy updated for 'HierarchicalLODOutliner' in 0.0004 seconds. Added 0 classes and 0 folders.
[2022.02.26-03.11.03:552][  0]LogLoad: (Engine Initialization) Total time: 15.22 seconds
[2022.02.26-03.11.03:552][  0]LogLoad: (Engine Initialization) Total Blueprint compile time: 0.00 seconds
[2022.02.26-03.11.03:622][  0]LogAssetRegistry: Asset discovery search completed in 8.5550 seconds
[2022.02.26-03.11.03:629][  0]LogCollectionManager: Fixed up redirectors for 0 collections in 0.000006 seconds (updated 0 objects)
[2022.02.26-03.11.03:632][  0]LogContentStreaming: Texture pool size now 1000 MB
[2022.02.26-03.11.03:909][  1]LogFileCache: Retrieving MD5 hashes for directory 'C:/FEM_Unreal/FEM/Content/' took 0.32s
[2022.02.26-03.11.06:611][  9]LogSlate: Took 0.000164 seconds to synchronously load lazily loaded font '../../../Engine/Content/Slate/Fonts/Roboto-Light.ttf' (167K)
