Log file open, 02/25/22 20:43:25
LogWindows: Failed to load 'aqProf.dll' (GetLastError=126)
LogWindows: File 'aqProf.dll' does not exist
LogWindows: Failed to load 'VtuneApi.dll' (GetLastError=126)
LogWindows: File 'VtuneApi.dll' does not exist
LogWindows: Failed to load 'VtuneApi32e.dll' (GetLastError=126)
LogWindows: File 'VtuneApi32e.dll' does not exist
LogConsoleResponse: Display: Failed to find resolution value strings in scalability ini. Falling back to default.
LogConsoleResponse: Display: Failed to find resolution value strings in scalability ini. Falling back to default.
LogInit: Display: Running engine for game: FEM
LogPlatformFile: Not using cached read wrapper
LogTaskGraph: Started task graph with 5 named threads and 23 total threads with 3 sets of task threads.
LogStats: Stats thread started at 1.146638
LogICUInternationalization: ICU TimeZone Detection - Raw Offset: -5:00, Platform Override: ''
LogInit: Display: Loading text-based GConfig....
LogPluginManager: Mounting plugin MeshPainting
LogPluginManager: Mounting plugin XGEController
LogPluginManager: Mounting plugin Paper2D
LogPluginManager: Mounting plugin AISupport
LogPluginManager: Mounting plugin EnvironmentQueryEditor
LogPluginManager: Mounting plugin LiveLink
LogPluginManager: Mounting plugin LightPropagationVolume
LogPluginManager: Mounting plugin CameraShakePreviewer
LogPluginManager: Mounting plugin GameplayCameras
LogPluginManager: Mounting plugin OodleData
LogPluginManager: Mounting plugin OodleNetwork
LogPluginManager: Mounting plugin AnimationSharing
LogPluginManager: Mounting plugin CLionSourceCodeAccess
LogPluginManager: Mounting plugin GitSourceControl
LogPluginManager: Mounting plugin KDevelopSourceCodeAccess
LogPluginManager: Mounting plugin AssetManagerEditor
LogPluginManager: Mounting plugin CodeLiteSourceCodeAccess
LogPluginManager: Mounting plugin NullSourceCodeAccess
LogPluginManager: Mounting plugin PerforceSourceControl
LogPluginManager: Mounting plugin PixWinPlugin
LogPluginManager: Mounting plugin PlasticSourceControl
LogPluginManager: Mounting plugin PropertyAccessNode
LogPluginManager: Mounting plugin PluginUtils
LogPluginManager: Mounting plugin RiderSourceCodeAccess
LogPluginManager: Mounting plugin SubversionSourceControl
LogPluginManager: Mounting plugin TextureFormatOodle
LogPluginManager: Mounting plugin VisualStudioCodeSourceCodeAccess
LogPluginManager: Mounting plugin VisualStudioSourceCodeAccess
LogPluginManager: Mounting plugin UObjectPlugin
LogPluginManager: Mounting plugin XCodeSourceCodeAccess
LogPluginManager: Mounting plugin CurveEditorTools
LogPluginManager: Mounting plugin DataValidation
LogPluginManager: Mounting plugin CryptoKeys
LogPluginManager: Mounting plugin EditorScriptingUtilities
LogPluginManager: Mounting plugin FacialAnimation
LogPluginManager: Mounting plugin GameplayTagsEditor
LogPluginManager: Mounting plugin GeometryMode
LogPluginManager: Mounting plugin MacGraphicsSwitching
LogPluginManager: Mounting plugin MaterialAnalyzer
LogPluginManager: Mounting plugin MobileLauncherProfileWizard
LogPluginManager: Mounting plugin PluginBrowser
LogPluginManager: Mounting plugin SpeedTreeImporter
LogPluginManager: Mounting plugin DatasmithContent
LogPluginManager: Mounting plugin Niagara
LogPluginManager: Mounting plugin LuminPlatformFeatures
LogPluginManager: Mounting plugin MagicLeap
LogPluginManager: Mounting plugin MagicLeapLightEstimation
LogPluginManager: Mounting plugin MagicLeapMedia
LogPluginManager: Mounting plugin MagicLeapPassableWorld
LogPluginManager: Mounting plugin MLSDK
LogPluginManager: Mounting plugin AlembicImporter
LogPluginManager: Mounting plugin AutomationUtils
LogPluginManager: Mounting plugin ChaosCloth
LogPluginManager: Mounting plugin ChaosClothEditor
LogPluginManager: Mounting plugin ChaosEditor
LogPluginManager: Mounting plugin BackChannel
LogPluginManager: Mounting plugin ChaosNiagara
LogPluginManager: Mounting plugin CharacterAI
LogPluginManager: Mounting plugin ChaosSolverPlugin
LogPluginManager: Mounting plugin GeometryCache
LogPluginManager: Mounting plugin GeometryCollectionPlugin
LogPluginManager: Mounting plugin VariantManagerContent
LogPluginManager: Mounting plugin AndroidMedia
LogPluginManager: Mounting plugin AvfMedia
LogPluginManager: Mounting plugin ImgMedia
LogPluginManager: Mounting plugin TcpMessaging
LogPluginManager: Mounting plugin MediaCompositing
LogPluginManager: Mounting plugin UdpMessaging
LogPluginManager: Mounting plugin MediaPlayerEditor
LogPluginManager: Mounting plugin WebMMedia
LogPluginManager: Mounting plugin WmfMedia
LogPluginManager: Mounting plugin GeometryProcessing
LogPluginManager: Mounting plugin ActorSequence
LogPluginManager: Mounting plugin LevelSequenceEditor
LogPluginManager: Mounting plugin MatineeToLevelSequence
LogPluginManager: Mounting plugin MeshModelingToolset
LogPluginManager: Mounting plugin MotoSynth
LogPluginManager: Mounting plugin OpenImageDenoise
LogPluginManager: Mounting plugin TemplateSequence
LogPluginManager: Mounting plugin PlanarCut
LogPluginManager: Mounting plugin PlatformCrypto
LogPluginManager: Mounting plugin ProxyLODPlugin
LogPluginManager: Mounting plugin PythonScriptPlugin
LogPluginManager: Mounting plugin SkeletalReduction
LogPluginManager: Mounting plugin LauncherChunkInstaller
LogPluginManager: Mounting plugin OnlineSubsystem
LogPluginManager: Mounting plugin OnlineSubsystemNull
LogPluginManager: Mounting plugin OnlineSubsystemUtils
LogPluginManager: Mounting plugin ActorLayerUtilities
LogPluginManager: Mounting plugin AndroidDeviceProfileSelector
LogPluginManager: Mounting plugin AndroidMoviePlayer
LogPluginManager: Mounting plugin AndroidPermission
LogPluginManager: Mounting plugin AppleImageUtils
LogPluginManager: Mounting plugin AppleMoviePlayer
LogPluginManager: Mounting plugin AssetTags
LogPluginManager: Mounting plugin ArchVisCharacter
LogPluginManager: Mounting plugin AudioCapture
LogPluginManager: Mounting plugin AudioSynesthesia
LogPluginManager: Mounting plugin CableComponent
LogPluginManager: Mounting plugin ChunkDownloader
LogPluginManager: Mounting plugin CustomMeshComponent
LogPluginManager: Mounting plugin EditableMesh
LogPluginManager: Mounting plugin ExampleDeviceProfileSelector
LogPluginManager: Mounting plugin GoogleCloudMessaging
LogPluginManager: Mounting plugin GooglePAD
LogPluginManager: Mounting plugin HairStrands
LogPluginManager: Mounting plugin ScreenshotTools
LogPluginManager: Mounting plugin IOSDeviceProfileSelector
LogPluginManager: Mounting plugin LinuxDeviceProfileSelector
LogPluginManager: Mounting plugin LocationServicesBPLibrary
LogPluginManager: Mounting plugin MobilePatchingUtils
LogPluginManager: Mounting plugin OpenXREyeTracker
LogPluginManager: Mounting plugin OpenXR
LogPluginManager: Mounting plugin OpenXRHandTracking
LogPluginManager: Mounting plugin PhysXVehicles
LogPluginManager: Mounting plugin Takes
LogPluginManager: Mounting plugin PostSplashScreen
LogPluginManager: Mounting plugin ProceduralMeshComponent
LogPluginManager: Mounting plugin PropertyAccessEditor
LogPluginManager: Mounting plugin RuntimePhysXCooking
LogPluginManager: Mounting plugin SoundFields
LogPluginManager: Mounting plugin SignificanceManager
LogPluginManager: Mounting plugin Synthesis
LogPluginManager: Mounting plugin WebMMoviePlayer
LogPluginManager: Mounting plugin WindowsMoviePlayer
LogPluginManager: Mounting plugin ContentBrowserAssetDataSource
LogPluginManager: Mounting plugin ContentBrowserClassDataSource
LogPluginManager: Mounting plugin ContentBrowserFileDataSource
LogPluginManager: Mounting plugin OnlineSubsystemGooglePlay
LogPluginManager: Mounting plugin OnlineSubsystemIOS
LogPluginManager: Mounting plugin OculusVR
LogPluginManager: Mounting plugin SteamVR
PixWinPlugin: PIX capture plugin failed to initialize! Check that the process is launched from PIX.
LogInit: Using libcurl 7.55.1-DEV
LogInit:  - built for x86_64-pc-win32
LogInit:  - supports SSL with OpenSSL/1.1.1
LogInit:  - supports HTTP deflate (compression) using libz 1.2.8
LogInit:  - other features:
LogInit:      CURL_VERSION_SSL
LogInit:      CURL_VERSION_LIBZ
LogInit:      CURL_VERSION_IPV6
LogInit:      CURL_VERSION_ASYNCHDNS
LogInit:      CURL_VERSION_LARGEFILE
LogInit:      CURL_VERSION_IDN
LogInit:  CurlRequestOptions (configurable via config and command line):
LogInit:  - bVerifyPeer = true  - Libcurl will verify peer certificate
LogInit:  - bUseHttpProxy = false  - Libcurl will NOT use HTTP proxy
LogInit:  - bDontReuseConnections = false  - Libcurl will reuse connections
LogInit:  - MaxHostConnections = 16  - Libcurl will limit the number of connections to a host
LogInit:  - LocalHostAddr = Default
LogInit:  - BufferSize = 65536
LogOnline: OSS: Creating online subsystem instance for: NULL
LogInit: WinSock: version 1.1 (2.2), MaxSocks=32767, MaxUdp=65467
LogOnline: OSS: TryLoadSubsystemAndSetDefault: Loaded subsystem for module [NULL]
LogOculusPluginWrapper: OculusPlugin initialized successfully
LogHMD: Failed initializing OVRPlugin 1.59.0
LogInit: Build: ++UE4+Release-4.27-CL-0
LogInit: Engine Version: 4.27.2-0+++UE4+Release-4.27
LogInit: Compatible Engine Version: 4.27.0-0+++UE4+Release-4.27
LogInit: Net CL: 0
LogInit: OS: Windows 10 (Release 2009) (), CPU: Intel(R) Core(TM) i7-6700HQ CPU @ 2.60GHz, GPU: NVIDIA GeForce GTX 1060
LogInit: Compiled (64-bit): Feb 12 2022 15:44:32
LogInit: Compiled with Visual C++: 19.16.27045.00
LogInit: Build Configuration: Development
LogInit: Branch Name: ++UE4+Release-4.27
LogInit: Command Line:  -skipcompile
LogInit: Base Directory: C:/UnrealEngine/Engine/Binaries/Win64/
LogInit: Allocator: TBB
LogInit: Installed Engine Build: 0
LogDevObjectVersion: Number of dev versions registered: 29
LogDevObjectVersion:   Dev-Blueprints (B0D832E4-1F89-4F0D-ACCF-7EB736FD4AA2): 10
LogDevObjectVersion:   Dev-Build (E1C64328-A22C-4D53-A36C-8E866417BD8C): 0
LogDevObjectVersion:   Dev-Core (375EC13C-06E4-48FB-B500-84F0262A717E): 4
LogDevObjectVersion:   Dev-Editor (E4B068ED-F494-42E9-A231-DA0B2E46BB41): 40
LogDevObjectVersion:   Dev-Framework (CFFC743F-43B0-4480-9391-14DF171D2073): 37
LogDevObjectVersion:   Dev-Mobile (B02B49B5-BB20-44E9-A304-32B752E40360): 3
LogDevObjectVersion:   Dev-Networking (A4E4105C-59A1-49B5-A7C5-40C4547EDFEE): 0
LogDevObjectVersion:   Dev-Online (39C831C9-5AE6-47DC-9A44-9C173E1C8E7C): 0
LogDevObjectVersion:   Dev-Physics (78F01B33-EBEA-4F98-B9B4-84EACCB95AA2): 20
LogDevObjectVersion:   Dev-Platform (6631380F-2D4D-43E0-8009-CF276956A95A): 0
LogDevObjectVersion:   Dev-Rendering (12F88B9F-8875-4AFC-A67C-D90C383ABD29): 45
LogDevObjectVersion:   Dev-Sequencer (7B5AE74C-D270-4C10-A958-57980B212A5A): 13
LogDevObjectVersion:   Dev-VR (D7296918-1DD6-4BDD-9DE2-64A83CC13884): 3
LogDevObjectVersion:   Dev-LoadTimes (C2A15278-BFE7-4AFE-6C17-90FF531DF755): 1
LogDevObjectVersion:   Private-Geometry (6EACA3D4-40EC-4CC1-B786-8BED09428FC5): 3
LogDevObjectVersion:   Dev-AnimPhys (29E575DD-E0A3-4627-9D10-D276232CDCEA): 17
LogDevObjectVersion:   Dev-Anim (AF43A65D-7FD3-4947-9873-3E8ED9C1BB05): 15
LogDevObjectVersion:   Dev-ReflectionCapture (6B266CEC-1EC7-4B8F-A30B-E4D90942FC07): 1
LogDevObjectVersion:   Dev-Automation (0DF73D61-A23F-47EA-B727-89E90C41499A): 1
LogDevObjectVersion:   FortniteMain (601D1886-AC64-4F84-AA16-D3DE0DEAC7D6): 47
LogDevObjectVersion:   FortniteRelease (E7086368-6B23-4C58-8439-1B7016265E91): 1
LogDevObjectVersion:   Dev-Enterprise (9DFFBCD6-494F-0158-E221-12823C92A888): 10
LogDevObjectVersion:   Dev-Niagara (F2AED0AC-9AFE-416F-8664-AA7FFA26D6FC): 1
LogDevObjectVersion:   Dev-Destruction (174F1F0B-B4C6-45A5-B13F-2EE8D0FB917D): 10
LogDevObjectVersion:   Dev-Physics-Ext (35F94A83-E258-406C-A318-09F59610247C): 41
LogDevObjectVersion:   Dev-PhysicsMaterial-Chaos (B68FC16E-8B1B-42E2-B453-215C058844FE): 1
LogDevObjectVersion:   Dev-CineCamera (B2E18506-4273-CFC2-A54E-F4BB758BBA07): 1
LogDevObjectVersion:   Dev-VirtualProduction (64F58936-FD1B-42BA-BA96-7289D5D0FA4E): 1
LogDevObjectVersion:   Dev-MediaFramework (6F0ED827-A609-4895-9C91-998D90180EA4): 2
LogInit: Presizing for max 25165824 objects, including 0 objects not considered by GC, pre-allocating 0 bytes for permanent pool.
LogConfig: Applying CVar settings from Section [/Script/Engine.StreamingSettings] File [C:/FEM_Unreal/FEM/Saved/Config/Windows/Engine.ini]
LogConfig: Setting CVar [[s.MinBulkDataSizeForAsyncLoading:131072]]
LogConfig: Setting CVar [[s.AsyncLoadingThreadEnabled:0]]
LogConfig: Setting CVar [[s.EventDrivenLoaderEnabled:1]]
LogConfig: Setting CVar [[s.WarnIfTimeLimitExceeded:0]]
LogConfig: Setting CVar [[s.TimeLimitExceededMultiplier:1.5]]
LogConfig: Setting CVar [[s.TimeLimitExceededMinTime:0.005]]
LogConfig: Setting CVar [[s.UseBackgroundLevelStreaming:1]]
LogConfig: Setting CVar [[s.PriorityAsyncLoadingExtraTime:15.0]]
LogConfig: Setting CVar [[s.LevelStreamingActorsUpdateTimeLimit:5.0]]
LogConfig: Setting CVar [[s.PriorityLevelStreamingActorsUpdateExtraTime:5.0]]
LogConfig: Setting CVar [[s.LevelStreamingComponentsRegistrationGranularity:10]]
LogConfig: Setting CVar [[s.UnregisterComponentsTimeLimit:1.0]]
LogConfig: Setting CVar [[s.LevelStreamingComponentsUnregistrationGranularity:5]]
LogConfig: Setting CVar [[s.FlushStreamingOnExit:1]]
LogInit: Object subsystem initialized
LogConfig: Setting CVar [[con.DebugEarlyDefault:1]]
LogConfig: Setting CVar [[r.setres:1280x720]]
LogConfig: Setting CVar [[fx.NiagaraAllowRuntimeScalabilityChanges:1]]
[2022.02.26-01.43.26:744][  0]LogConfig: Setting CVar [[r.VSync:0]]
[2022.02.26-01.43.26:744][  0]LogConfig: Setting CVar [[r.RHICmdBypass:0]]
[2022.02.26-01.43.26:744][  0]LogConfig: Applying CVar settings from Section [/Script/Engine.RendererSettings] File [C:/FEM_Unreal/FEM/Saved/Config/Windows/Engine.ini]
[2022.02.26-01.43.26:745][  0]LogConfig: Setting CVar [[r.GPUCrashDebugging:0]]
[2022.02.26-01.43.26:745][  0]LogConfig: Applying CVar settings from Section [/Script/Engine.RendererOverrideSettings] File [C:/FEM_Unreal/FEM/Saved/Config/Windows/Engine.ini]
[2022.02.26-01.43.26:745][  0]LogConfig: Applying CVar settings from Section [/Script/Engine.StreamingSettings] File [C:/FEM_Unreal/FEM/Saved/Config/Windows/Engine.ini]
[2022.02.26-01.43.26:745][  0]LogConfig: Setting CVar [[s.MinBulkDataSizeForAsyncLoading:131072]]
[2022.02.26-01.43.26:745][  0]LogConfig: Setting CVar [[s.AsyncLoadingThreadEnabled:0]]
[2022.02.26-01.43.26:745][  0]LogConfig: Setting CVar [[s.EventDrivenLoaderEnabled:1]]
[2022.02.26-01.43.26:745][  0]LogConfig: Setting CVar [[s.WarnIfTimeLimitExceeded:0]]
[2022.02.26-01.43.26:745][  0]LogConfig: Setting CVar [[s.TimeLimitExceededMultiplier:1.5]]
[2022.02.26-01.43.26:745][  0]LogConfig: Setting CVar [[s.TimeLimitExceededMinTime:0.005]]
[2022.02.26-01.43.26:745][  0]LogConfig: Setting CVar [[s.UseBackgroundLevelStreaming:1]]
[2022.02.26-01.43.26:745][  0]LogConfig: Setting CVar [[s.PriorityAsyncLoadingExtraTime:15.0]]
[2022.02.26-01.43.26:745][  0]LogConfig: Setting CVar [[s.LevelStreamingActorsUpdateTimeLimit:5.0]]
[2022.02.26-01.43.26:745][  0]LogConfig: Setting CVar [[s.PriorityLevelStreamingActorsUpdateExtraTime:5.0]]
[2022.02.26-01.43.26:745][  0]LogConfig: Setting CVar [[s.LevelStreamingComponentsRegistrationGranularity:10]]
[2022.02.26-01.43.26:746][  0]LogConfig: Setting CVar [[s.UnregisterComponentsTimeLimit:1.0]]
[2022.02.26-01.43.26:746][  0]LogConfig: Setting CVar [[s.LevelStreamingComponentsUnregistrationGranularity:5]]
[2022.02.26-01.43.26:746][  0]LogConfig: Setting CVar [[s.FlushStreamingOnExit:1]]
[2022.02.26-01.43.26:746][  0]LogConfig: Applying CVar settings from Section [/Script/Engine.GarbageCollectionSettings] File [C:/FEM_Unreal/FEM/Saved/Config/Windows/Engine.ini]
[2022.02.26-01.43.26:746][  0]LogConfig: Setting CVar [[gc.MaxObjectsNotConsideredByGC:1]]
[2022.02.26-01.43.26:746][  0]LogConfig: Setting CVar [[gc.SizeOfPermanentObjectPool:0]]
[2022.02.26-01.43.26:746][  0]LogConfig: Setting CVar [[gc.FlushStreamingOnGC:0]]
[2022.02.26-01.43.26:746][  0]LogConfig: Setting CVar [[gc.NumRetriesBeforeForcingGC:10]]
[2022.02.26-01.43.26:746][  0]LogConfig: Setting CVar [[gc.AllowParallelGC:1]]
[2022.02.26-01.43.26:746][  0]LogConfig: Setting CVar [[gc.TimeBetweenPurgingPendingKillObjects:61.1]]
[2022.02.26-01.43.26:746][  0]LogConfig: Setting CVar [[gc.MaxObjectsInEditor:25165824]]
[2022.02.26-01.43.26:746][  0]LogConfig: Setting CVar [[gc.IncrementalBeginDestroyEnabled:1]]
[2022.02.26-01.43.26:746][  0]LogConfig: Setting CVar [[gc.CreateGCClusters:1]]
[2022.02.26-01.43.26:747][  0]LogConfig: Setting CVar [[gc.MinGCClusterSize:5]]
[2022.02.26-01.43.26:747][  0]LogConfig: Setting CVar [[gc.ActorClusteringEnabled:0]]
[2022.02.26-01.43.26:747][  0]LogConfig: Setting CVar [[gc.BlueprintClusteringEnabled:0]]
[2022.02.26-01.43.26:747][  0]LogConfig: Setting CVar [[gc.UseDisregardForGCOnDedicatedServers:0]]
[2022.02.26-01.43.26:747][  0]LogConfig: Setting CVar [[gc.MultithreadedDestructionEnabled:1]]
[2022.02.26-01.43.26:747][  0]LogConfig: Applying CVar settings from Section [/Script/Engine.NetworkSettings] File [C:/FEM_Unreal/FEM/Saved/Config/Windows/Engine.ini]
[2022.02.26-01.43.26:747][  0]LogConfig: Applying CVar settings from Section [/Script/UnrealEd.CookerSettings] File [C:/FEM_Unreal/FEM/Saved/Config/Windows/Engine.ini]
[2022.02.26-01.43.26:757][  0]LogConfig: Applying CVar settings from Section [ViewDistanceQuality@3] File [C:/FEM_Unreal/FEM/Saved/Config/Windows/Scalability.ini]
[2022.02.26-01.43.26:757][  0]LogConfig: Setting CVar [[r.SkeletalMeshLODBias:0]]
[2022.02.26-01.43.26:757][  0]LogConfig: Setting CVar [[r.ViewDistanceScale:1.0]]
[2022.02.26-01.43.26:758][  0]LogConfig: Applying CVar settings from Section [AntiAliasingQuality@3] File [C:/FEM_Unreal/FEM/Saved/Config/Windows/Scalability.ini]
[2022.02.26-01.43.26:758][  0]LogConfig: Setting CVar [[r.PostProcessAAQuality:4]]
[2022.02.26-01.43.26:758][  0]LogConfig: Applying CVar settings from Section [ShadowQuality@3] File [C:/FEM_Unreal/FEM/Saved/Config/Windows/Scalability.ini]
[2022.02.26-01.43.26:758][  0]LogConfig: Setting CVar [[r.LightFunctionQuality:1]]
[2022.02.26-01.43.26:758][  0]LogConfig: Setting CVar [[r.ShadowQuality:5]]
[2022.02.26-01.43.26:758][  0]LogConfig: Setting CVar [[r.Shadow.CSM.MaxCascades:10]]
[2022.02.26-01.43.26:758][  0]LogConfig: Setting CVar [[r.Shadow.MaxResolution:2048]]
[2022.02.26-01.43.26:758][  0]LogConfig: Setting CVar [[r.Shadow.MaxCSMResolution:2048]]
[2022.02.26-01.43.26:758][  0]LogConfig: Setting CVar [[r.Shadow.RadiusThreshold:0.01]]
[2022.02.26-01.43.26:758][  0]LogConfig: Setting CVar [[r.Shadow.DistanceScale:1.0]]
[2022.02.26-01.43.26:758][  0]LogConfig: Setting CVar [[r.Shadow.CSM.TransitionScale:1.0]]
[2022.02.26-01.43.26:759][  0]LogConfig: Setting CVar [[r.Shadow.PreShadowResolutionFactor:1.0]]
[2022.02.26-01.43.26:759][  0]LogConfig: Setting CVar [[r.DistanceFieldShadowing:1]]
[2022.02.26-01.43.26:759][  0]LogConfig: Setting CVar [[r.DistanceFieldAO:1]]
[2022.02.26-01.43.26:759][  0]LogConfig: Setting CVar [[r.AOQuality:2]]
[2022.02.26-01.43.26:759][  0]LogConfig: Setting CVar [[r.VolumetricFog:1]]
[2022.02.26-01.43.26:759][  0]LogConfig: Setting CVar [[r.VolumetricFog.GridPixelSize:8]]
[2022.02.26-01.43.26:759][  0]LogConfig: Setting CVar [[r.VolumetricFog.GridSizeZ:128]]
[2022.02.26-01.43.26:760][  0]LogConfig: Setting CVar [[r.VolumetricFog.HistoryMissSupersampleCount:4]]
[2022.02.26-01.43.26:760][  0]LogConfig: Setting CVar [[r.LightMaxDrawDistanceScale:1]]
[2022.02.26-01.43.26:760][  0]LogConfig: Setting CVar [[r.CapsuleShadows:1]]
[2022.02.26-01.43.26:760][  0]LogConfig: Applying CVar settings from Section [PostProcessQuality@3] File [C:/FEM_Unreal/FEM/Saved/Config/Windows/Scalability.ini]
[2022.02.26-01.43.26:760][  0]LogConfig: Setting CVar [[r.MotionBlurQuality:4]]
[2022.02.26-01.43.26:760][  0]LogConfig: Setting CVar [[r.AmbientOcclusionMipLevelFactor:0.4]]
[2022.02.26-01.43.26:760][  0]LogConfig: Setting CVar [[r.AmbientOcclusionMaxQuality:100]]
[2022.02.26-01.43.26:760][  0]LogConfig: Setting CVar [[r.AmbientOcclusionLevels:-1]]
[2022.02.26-01.43.26:760][  0]LogConfig: Setting CVar [[r.AmbientOcclusionRadiusScale:1.0]]
[2022.02.26-01.43.26:760][  0]LogConfig: Setting CVar [[r.DepthOfFieldQuality:2]]
[2022.02.26-01.43.26:760][  0]LogConfig: Setting CVar [[r.RenderTargetPoolMin:400]]
[2022.02.26-01.43.26:760][  0]LogConfig: Setting CVar [[r.LensFlareQuality:2]]
[2022.02.26-01.43.26:760][  0]LogConfig: Setting CVar [[r.SceneColorFringeQuality:1]]
[2022.02.26-01.43.26:761][  0]LogConfig: Setting CVar [[r.EyeAdaptationQuality:2]]
[2022.02.26-01.43.26:761][  0]LogConfig: Setting CVar [[r.BloomQuality:5]]
[2022.02.26-01.43.26:761][  0]LogConfig: Setting CVar [[r.FastBlurThreshold:100]]
[2022.02.26-01.43.26:761][  0]LogConfig: Setting CVar [[r.Upscale.Quality:3]]
[2022.02.26-01.43.26:761][  0]LogConfig: Setting CVar [[r.Tonemapper.GrainQuantization:1]]
[2022.02.26-01.43.26:761][  0]LogConfig: Setting CVar [[r.LightShaftQuality:1]]
[2022.02.26-01.43.26:761][  0]LogConfig: Setting CVar [[r.Filter.SizeScale:1]]
[2022.02.26-01.43.26:761][  0]LogConfig: Setting CVar [[r.Tonemapper.Quality:5]]
[2022.02.26-01.43.26:761][  0]LogConfig: Setting CVar [[r.DOF.Gather.AccumulatorQuality:1        ; higher gathering accumulator quality]]
[2022.02.26-01.43.26:761][  0]LogConfig: Setting CVar [[r.DOF.Gather.PostfilterMethod:1          ; Median3x3 postfilering method]]
[2022.02.26-01.43.26:761][  0]LogConfig: Setting CVar [[r.DOF.Gather.EnableBokehSettings:0       ; no bokeh simulation when gathering]]
[2022.02.26-01.43.26:761][  0]LogConfig: Setting CVar [[r.DOF.Gather.RingCount:4                 ; medium number of samples when gathering]]
[2022.02.26-01.43.26:761][  0]LogConfig: Setting CVar [[r.DOF.Scatter.ForegroundCompositing:1    ; additive foreground scattering]]
[2022.02.26-01.43.26:762][  0]LogConfig: Setting CVar [[r.DOF.Scatter.BackgroundCompositing:2    ; additive background scattering]]
[2022.02.26-01.43.26:762][  0]LogConfig: Setting CVar [[r.DOF.Scatter.EnableBokehSettings:1      ; bokeh simulation when scattering]]
[2022.02.26-01.43.26:762][  0]LogConfig: Setting CVar [[r.DOF.Scatter.MaxSpriteRatio:0.1         ; only a maximum of 10% of scattered bokeh]]
[2022.02.26-01.43.26:762][  0]LogConfig: Setting CVar [[r.DOF.Recombine.Quality:1                ; cheap slight out of focus]]
[2022.02.26-01.43.26:762][  0]LogConfig: Setting CVar [[r.DOF.Recombine.EnableBokehSettings:0    ; no bokeh simulation on slight out of focus]]
[2022.02.26-01.43.26:762][  0]LogConfig: Setting CVar [[r.DOF.TemporalAAQuality:1                ; more stable temporal accumulation]]
[2022.02.26-01.43.26:762][  0]LogConfig: Setting CVar [[r.DOF.Kernel.MaxForegroundRadius:0.025]]
[2022.02.26-01.43.26:762][  0]LogConfig: Setting CVar [[r.DOF.Kernel.MaxBackgroundRadius:0.025]]
[2022.02.26-01.43.26:762][  0]LogConfig: Applying CVar settings from Section [TextureQuality@3] File [C:/FEM_Unreal/FEM/Saved/Config/Windows/Scalability.ini]
[2022.02.26-01.43.26:762][  0]LogConfig: Setting CVar [[r.Streaming.MipBias:0]]
[2022.02.26-01.43.26:762][  0]LogConfig: Setting CVar [[r.Streaming.AmortizeCPUToGPUCopy:0]]
[2022.02.26-01.43.26:762][  0]LogConfig: Setting CVar [[r.Streaming.MaxNumTexturesToStreamPerFrame:0]]
[2022.02.26-01.43.26:762][  0]LogConfig: Setting CVar [[r.Streaming.Boost:1]]
[2022.02.26-01.43.26:763][  0]LogConfig: Setting CVar [[r.MaxAnisotropy:8]]
[2022.02.26-01.43.26:763][  0]LogConfig: Setting CVar [[r.VT.MaxAnisotropy:8]]
[2022.02.26-01.43.26:763][  0]LogConfig: Setting CVar [[r.Streaming.LimitPoolSizeToVRAM:0]]
[2022.02.26-01.43.26:763][  0]LogConfig: Setting CVar [[r.Streaming.PoolSize:1000]]
[2022.02.26-01.43.26:763][  0]LogConfig: Setting CVar [[r.Streaming.MaxEffectiveScreenSize:0]]
[2022.02.26-01.43.26:763][  0]LogConfig: Applying CVar settings from Section [EffectsQuality@3] File [C:/FEM_Unreal/FEM/Saved/Config/Windows/Scalability.ini]
[2022.02.26-01.43.26:763][  0]LogConfig: Setting CVar [[r.TranslucencyLightingVolumeDim:64]]
[2022.02.26-01.43.26:763][  0]LogConfig: Setting CVar [[r.RefractionQuality:2]]
[2022.02.26-01.43.26:763][  0]LogConfig: Setting CVar [[r.SSR.Quality:3]]
[2022.02.26-01.43.26:763][  0]LogConfig: Setting CVar [[r.SSR.HalfResSceneColor:0]]
[2022.02.26-01.43.26:763][  0]LogConfig: Setting CVar [[r.SceneColorFormat:4]]
[2022.02.26-01.43.26:763][  0]LogConfig: Setting CVar [[r.DetailMode:2]]
[2022.02.26-01.43.26:763][  0]LogConfig: Setting CVar [[r.TranslucencyVolumeBlur:1]]
[2022.02.26-01.43.26:764][  0]LogConfig: Setting CVar [[r.MaterialQualityLevel:1 ; High quality]]
[2022.02.26-01.43.26:764][  0]LogConfig: Setting CVar [[r.AnisotropicMaterials:1]]
[2022.02.26-01.43.26:764][  0]LogConfig: Setting CVar [[r.SSS.Scale:1]]
[2022.02.26-01.43.26:764][  0]LogConfig: Setting CVar [[r.SSS.SampleSet:2]]
[2022.02.26-01.43.26:764][  0]LogConfig: Setting CVar [[r.SSS.Quality:1]]
[2022.02.26-01.43.26:764][  0]LogConfig: Setting CVar [[r.SSS.HalfRes:0]]
[2022.02.26-01.43.26:764][  0]LogConfig: Setting CVar [[r.SSGI.Quality:3]]
[2022.02.26-01.43.26:764][  0]LogConfig: Setting CVar [[r.EmitterSpawnRateScale:1.0]]
[2022.02.26-01.43.26:764][  0]LogConfig: Setting CVar [[r.ParticleLightQuality:2]]
[2022.02.26-01.43.26:764][  0]LogConfig: Setting CVar [[r.SkyAtmosphere.AerialPerspectiveLUT.FastApplyOnOpaque:1 ; Always have FastSkyLUT 1 in this case to avoid wrong sky]]
[2022.02.26-01.43.26:764][  0]LogConfig: Setting CVar [[r.SkyAtmosphere.AerialPerspectiveLUT.SampleCountMaxPerSlice:4]]
[2022.02.26-01.43.26:764][  0]LogConfig: Setting CVar [[r.SkyAtmosphere.AerialPerspectiveLUT.DepthResolution:16.0]]
[2022.02.26-01.43.26:764][  0]LogConfig: Setting CVar [[r.SkyAtmosphere.FastSkyLUT:1]]
[2022.02.26-01.43.26:765][  0]LogConfig: Setting CVar [[r.SkyAtmosphere.FastSkyLUT.SampleCountMin:4.0]]
[2022.02.26-01.43.26:765][  0]LogConfig: Setting CVar [[r.SkyAtmosphere.FastSkyLUT.SampleCountMax:128.0]]
[2022.02.26-01.43.26:765][  0]LogConfig: Setting CVar [[r.SkyAtmosphere.SampleCountMin:4.0]]
[2022.02.26-01.43.26:765][  0]LogConfig: Setting CVar [[r.SkyAtmosphere.SampleCountMax:128.0]]
[2022.02.26-01.43.26:765][  0]LogConfig: Setting CVar [[r.SkyAtmosphere.TransmittanceLUT.UseSmallFormat:0]]
[2022.02.26-01.43.26:765][  0]LogConfig: Setting CVar [[r.SkyAtmosphere.TransmittanceLUT.SampleCount:10.0]]
[2022.02.26-01.43.26:765][  0]LogConfig: Setting CVar [[r.SkyAtmosphere.MultiScatteringLUT.SampleCount:15.0]]
[2022.02.26-01.43.26:765][  0]LogConfig: Setting CVar [[r.SkyLight.RealTimeReflectionCapture:1]]
[2022.02.26-01.43.26:765][  0]LogConfig: Setting CVar [[fx.Niagara.QualityLevel:3]]
[2022.02.26-01.43.26:765][  0]LogConfig: Applying CVar settings from Section [FoliageQuality@3] File [C:/FEM_Unreal/FEM/Saved/Config/Windows/Scalability.ini]
[2022.02.26-01.43.26:765][  0]LogConfig: Setting CVar [[foliage.DensityScale:1.0]]
[2022.02.26-01.43.26:765][  0]LogConfig: Setting CVar [[grass.DensityScale:1.0]]
[2022.02.26-01.43.26:765][  0]LogConfig: Applying CVar settings from Section [ShadingQuality@3] File [C:/FEM_Unreal/FEM/Saved/Config/Windows/Scalability.ini]
[2022.02.26-01.43.26:765][  0]LogConfig: Setting CVar [[r.HairStrands.SkyLighting.IntegrationType:2]]
[2022.02.26-01.43.26:766][  0]LogConfig: Setting CVar [[r.HairStrands.SkyAO.SampleCount:4]]
[2022.02.26-01.43.26:766][  0]LogConfig: Setting CVar [[r.HairStrands.Visibility.MSAA.SamplePerPixel:4]]
[2022.02.26-01.43.26:766][  0]LogConfig: Setting CVar [[r.HairStrands.Interpolation.UseSingleGuide:0]]
[2022.02.26-01.43.26:766][  0]LogInit: Selected Device Profile: [Windows]
[2022.02.26-01.43.26:766][  0]LogInit: Applying CVar settings loaded from the selected device profile: [Windows]
[2022.02.26-01.43.26:766][  0]LogHAL: Display: Platform has ~ 16 GB [17112543232 / 17179869184 / 16], which maps to Larger [LargestMinGB=32, LargerMinGB=12, DefaultMinGB=8, SmallerMinGB=6, SmallestMinGB=0)
[2022.02.26-01.43.26:766][  0]LogInit: Going up to parent DeviceProfile []
[2022.02.26-01.43.26:766][  0]LogConfig: Applying CVar settings from Section [ViewDistanceQuality@3] File [C:/FEM_Unreal/FEM/Saved/Config/Windows/Scalability.ini]
[2022.02.26-01.43.26:766][  0]LogConfig: Setting CVar [[r.SkeletalMeshLODBias:0]]
[2022.02.26-01.43.26:766][  0]LogConfig: Setting CVar [[r.ViewDistanceScale:1.0]]
[2022.02.26-01.43.26:767][  0]LogConfig: Applying CVar settings from Section [AntiAliasingQuality@3] File [C:/FEM_Unreal/FEM/Saved/Config/Windows/Scalability.ini]
[2022.02.26-01.43.26:767][  0]LogConfig: Setting CVar [[r.PostProcessAAQuality:4]]
[2022.02.26-01.43.26:767][  0]LogConfig: Applying CVar settings from Section [ShadowQuality@3] File [C:/FEM_Unreal/FEM/Saved/Config/Windows/Scalability.ini]
[2022.02.26-01.43.26:767][  0]LogConfig: Setting CVar [[r.LightFunctionQuality:1]]
[2022.02.26-01.43.26:767][  0]LogConfig: Setting CVar [[r.ShadowQuality:5]]
[2022.02.26-01.43.26:767][  0]LogConfig: Setting CVar [[r.Shadow.CSM.MaxCascades:10]]
[2022.02.26-01.43.26:767][  0]LogConfig: Setting CVar [[r.Shadow.MaxResolution:2048]]
[2022.02.26-01.43.26:767][  0]LogConfig: Setting CVar [[r.Shadow.MaxCSMResolution:2048]]
[2022.02.26-01.43.26:767][  0]LogConfig: Setting CVar [[r.Shadow.RadiusThreshold:0.01]]
[2022.02.26-01.43.26:767][  0]LogConfig: Setting CVar [[r.Shadow.DistanceScale:1.0]]
[2022.02.26-01.43.26:767][  0]LogConfig: Setting CVar [[r.Shadow.CSM.TransitionScale:1.0]]
[2022.02.26-01.43.26:767][  0]LogConfig: Setting CVar [[r.Shadow.PreShadowResolutionFactor:1.0]]
[2022.02.26-01.43.26:767][  0]LogConfig: Setting CVar [[r.DistanceFieldShadowing:1]]
[2022.02.26-01.43.26:768][  0]LogConfig: Setting CVar [[r.DistanceFieldAO:1]]
[2022.02.26-01.43.26:768][  0]LogConfig: Setting CVar [[r.AOQuality:2]]
[2022.02.26-01.43.26:768][  0]LogConfig: Setting CVar [[r.VolumetricFog:1]]
[2022.02.26-01.43.26:768][  0]LogConfig: Setting CVar [[r.VolumetricFog.GridPixelSize:8]]
[2022.02.26-01.43.26:768][  0]LogConfig: Setting CVar [[r.VolumetricFog.GridSizeZ:128]]
[2022.02.26-01.43.26:768][  0]LogConfig: Setting CVar [[r.VolumetricFog.HistoryMissSupersampleCount:4]]
[2022.02.26-01.43.26:768][  0]LogConfig: Setting CVar [[r.LightMaxDrawDistanceScale:1]]
[2022.02.26-01.43.26:768][  0]LogConfig: Setting CVar [[r.CapsuleShadows:1]]
[2022.02.26-01.43.26:768][  0]LogConfig: Applying CVar settings from Section [PostProcessQuality@3] File [C:/FEM_Unreal/FEM/Saved/Config/Windows/Scalability.ini]
[2022.02.26-01.43.26:768][  0]LogConfig: Setting CVar [[r.MotionBlurQuality:4]]
[2022.02.26-01.43.26:768][  0]LogConfig: Setting CVar [[r.AmbientOcclusionMipLevelFactor:0.4]]
[2022.02.26-01.43.26:768][  0]LogConfig: Setting CVar [[r.AmbientOcclusionMaxQuality:100]]
[2022.02.26-01.43.26:768][  0]LogConfig: Setting CVar [[r.AmbientOcclusionLevels:-1]]
[2022.02.26-01.43.26:769][  0]LogConfig: Setting CVar [[r.AmbientOcclusionRadiusScale:1.0]]
[2022.02.26-01.43.26:769][  0]LogConfig: Setting CVar [[r.DepthOfFieldQuality:2]]
[2022.02.26-01.43.26:769][  0]LogConfig: Setting CVar [[r.RenderTargetPoolMin:400]]
[2022.02.26-01.43.26:769][  0]LogConfig: Setting CVar [[r.LensFlareQuality:2]]
[2022.02.26-01.43.26:769][  0]LogConfig: Setting CVar [[r.SceneColorFringeQuality:1]]
[2022.02.26-01.43.26:769][  0]LogConfig: Setting CVar [[r.EyeAdaptationQuality:2]]
[2022.02.26-01.43.26:769][  0]LogConfig: Setting CVar [[r.BloomQuality:5]]
[2022.02.26-01.43.26:769][  0]LogConfig: Setting CVar [[r.FastBlurThreshold:100]]
[2022.02.26-01.43.26:769][  0]LogConfig: Setting CVar [[r.Upscale.Quality:3]]
[2022.02.26-01.43.26:769][  0]LogConfig: Setting CVar [[r.Tonemapper.GrainQuantization:1]]
[2022.02.26-01.43.26:769][  0]LogConfig: Setting CVar [[r.LightShaftQuality:1]]
[2022.02.26-01.43.26:769][  0]LogConfig: Setting CVar [[r.Filter.SizeScale:1]]
[2022.02.26-01.43.26:769][  0]LogConfig: Setting CVar [[r.Tonemapper.Quality:5]]
[2022.02.26-01.43.26:769][  0]LogConfig: Setting CVar [[r.DOF.Gather.AccumulatorQuality:1        ; higher gathering accumulator quality]]
[2022.02.26-01.43.26:770][  0]LogConfig: Setting CVar [[r.DOF.Gather.PostfilterMethod:1          ; Median3x3 postfilering method]]
[2022.02.26-01.43.26:770][  0]LogConfig: Setting CVar [[r.DOF.Gather.EnableBokehSettings:0       ; no bokeh simulation when gathering]]
[2022.02.26-01.43.26:770][  0]LogConfig: Setting CVar [[r.DOF.Gather.RingCount:4                 ; medium number of samples when gathering]]
[2022.02.26-01.43.26:770][  0]LogConfig: Setting CVar [[r.DOF.Scatter.ForegroundCompositing:1    ; additive foreground scattering]]
[2022.02.26-01.43.26:770][  0]LogConfig: Setting CVar [[r.DOF.Scatter.BackgroundCompositing:2    ; additive background scattering]]
[2022.02.26-01.43.26:770][  0]LogConfig: Setting CVar [[r.DOF.Scatter.EnableBokehSettings:1      ; bokeh simulation when scattering]]
[2022.02.26-01.43.26:770][  0]LogConfig: Setting CVar [[r.DOF.Scatter.MaxSpriteRatio:0.1         ; only a maximum of 10% of scattered bokeh]]
[2022.02.26-01.43.26:770][  0]LogConfig: Setting CVar [[r.DOF.Recombine.Quality:1                ; cheap slight out of focus]]
[2022.02.26-01.43.26:770][  0]LogConfig: Setting CVar [[r.DOF.Recombine.EnableBokehSettings:0    ; no bokeh simulation on slight out of focus]]
[2022.02.26-01.43.26:770][  0]LogConfig: Setting CVar [[r.DOF.TemporalAAQuality:1                ; more stable temporal accumulation]]
[2022.02.26-01.43.26:770][  0]LogConfig: Setting CVar [[r.DOF.Kernel.MaxForegroundRadius:0.025]]
[2022.02.26-01.43.26:770][  0]LogConfig: Setting CVar [[r.DOF.Kernel.MaxBackgroundRadius:0.025]]
[2022.02.26-01.43.26:770][  0]LogConfig: Applying CVar settings from Section [TextureQuality@3] File [C:/FEM_Unreal/FEM/Saved/Config/Windows/Scalability.ini]
[2022.02.26-01.43.26:770][  0]LogConfig: Setting CVar [[r.Streaming.MipBias:0]]
[2022.02.26-01.43.26:771][  0]LogConfig: Setting CVar [[r.Streaming.AmortizeCPUToGPUCopy:0]]
[2022.02.26-01.43.26:771][  0]LogConfig: Setting CVar [[r.Streaming.MaxNumTexturesToStreamPerFrame:0]]
[2022.02.26-01.43.26:771][  0]LogConfig: Setting CVar [[r.Streaming.Boost:1]]
[2022.02.26-01.43.26:771][  0]LogConfig: Setting CVar [[r.MaxAnisotropy:8]]
[2022.02.26-01.43.26:771][  0]LogConfig: Setting CVar [[r.VT.MaxAnisotropy:8]]
[2022.02.26-01.43.26:771][  0]LogConfig: Setting CVar [[r.Streaming.LimitPoolSizeToVRAM:0]]
[2022.02.26-01.43.26:771][  0]LogConfig: Setting CVar [[r.Streaming.PoolSize:1000]]
[2022.02.26-01.43.26:771][  0]LogConfig: Setting CVar [[r.Streaming.MaxEffectiveScreenSize:0]]
[2022.02.26-01.43.26:771][  0]LogConfig: Applying CVar settings from Section [EffectsQuality@3] File [C:/FEM_Unreal/FEM/Saved/Config/Windows/Scalability.ini]
[2022.02.26-01.43.26:771][  0]LogConfig: Setting CVar [[r.TranslucencyLightingVolumeDim:64]]
[2022.02.26-01.43.26:771][  0]LogConfig: Setting CVar [[r.RefractionQuality:2]]
[2022.02.26-01.43.26:771][  0]LogConfig: Setting CVar [[r.SSR.Quality:3]]
[2022.02.26-01.43.26:771][  0]LogConfig: Setting CVar [[r.SSR.HalfResSceneColor:0]]
[2022.02.26-01.43.26:772][  0]LogConfig: Setting CVar [[r.SceneColorFormat:4]]
[2022.02.26-01.43.26:772][  0]LogConfig: Setting CVar [[r.DetailMode:2]]
[2022.02.26-01.43.26:772][  0]LogConfig: Setting CVar [[r.TranslucencyVolumeBlur:1]]
[2022.02.26-01.43.26:772][  0]LogConfig: Setting CVar [[r.MaterialQualityLevel:1 ; High quality]]
[2022.02.26-01.43.26:772][  0]LogConfig: Setting CVar [[r.AnisotropicMaterials:1]]
[2022.02.26-01.43.26:772][  0]LogConfig: Setting CVar [[r.SSS.Scale:1]]
[2022.02.26-01.43.26:772][  0]LogConfig: Setting CVar [[r.SSS.SampleSet:2]]
[2022.02.26-01.43.26:772][  0]LogConfig: Setting CVar [[r.SSS.Quality:1]]
[2022.02.26-01.43.26:773][  0]LogConfig: Setting CVar [[r.SSS.HalfRes:0]]
[2022.02.26-01.43.26:773][  0]LogConfig: Setting CVar [[r.SSGI.Quality:3]]
[2022.02.26-01.43.26:773][  0]LogConfig: Setting CVar [[r.EmitterSpawnRateScale:1.0]]
[2022.02.26-01.43.26:773][  0]LogConfig: Setting CVar [[r.ParticleLightQuality:2]]
[2022.02.26-01.43.26:773][  0]LogConfig: Setting CVar [[r.SkyAtmosphere.AerialPerspectiveLUT.FastApplyOnOpaque:1 ; Always have FastSkyLUT 1 in this case to avoid wrong sky]]
[2022.02.26-01.43.26:773][  0]LogConfig: Setting CVar [[r.SkyAtmosphere.AerialPerspectiveLUT.SampleCountMaxPerSlice:4]]
[2022.02.26-01.43.26:773][  0]LogConfig: Setting CVar [[r.SkyAtmosphere.AerialPerspectiveLUT.DepthResolution:16.0]]
[2022.02.26-01.43.26:774][  0]LogConfig: Setting CVar [[r.SkyAtmosphere.FastSkyLUT:1]]
[2022.02.26-01.43.26:774][  0]LogConfig: Setting CVar [[r.SkyAtmosphere.FastSkyLUT.SampleCountMin:4.0]]
[2022.02.26-01.43.26:774][  0]LogConfig: Setting CVar [[r.SkyAtmosphere.FastSkyLUT.SampleCountMax:128.0]]
[2022.02.26-01.43.26:774][  0]LogConfig: Setting CVar [[r.SkyAtmosphere.SampleCountMin:4.0]]
[2022.02.26-01.43.26:774][  0]LogConfig: Setting CVar [[r.SkyAtmosphere.SampleCountMax:128.0]]
[2022.02.26-01.43.26:774][  0]LogConfig: Setting CVar [[r.SkyAtmosphere.TransmittanceLUT.UseSmallFormat:0]]
[2022.02.26-01.43.26:774][  0]LogConfig: Setting CVar [[r.SkyAtmosphere.TransmittanceLUT.SampleCount:10.0]]
[2022.02.26-01.43.26:774][  0]LogConfig: Setting CVar [[r.SkyAtmosphere.MultiScatteringLUT.SampleCount:15.0]]
[2022.02.26-01.43.26:774][  0]LogConfig: Setting CVar [[r.SkyLight.RealTimeReflectionCapture:1]]
[2022.02.26-01.43.26:774][  0]LogConfig: Setting CVar [[fx.Niagara.QualityLevel:3]]
[2022.02.26-01.43.26:774][  0]LogConfig: Applying CVar settings from Section [FoliageQuality@3] File [C:/FEM_Unreal/FEM/Saved/Config/Windows/Scalability.ini]
[2022.02.26-01.43.26:774][  0]LogConfig: Setting CVar [[foliage.DensityScale:1.0]]
[2022.02.26-01.43.26:775][  0]LogConfig: Setting CVar [[grass.DensityScale:1.0]]
[2022.02.26-01.43.26:775][  0]LogConfig: Applying CVar settings from Section [ShadingQuality@3] File [C:/FEM_Unreal/FEM/Saved/Config/Windows/Scalability.ini]
[2022.02.26-01.43.26:775][  0]LogConfig: Setting CVar [[r.HairStrands.SkyLighting.IntegrationType:2]]
[2022.02.26-01.43.26:775][  0]LogConfig: Setting CVar [[r.HairStrands.SkyAO.SampleCount:4]]
[2022.02.26-01.43.26:775][  0]LogConfig: Setting CVar [[r.HairStrands.Visibility.MSAA.SamplePerPixel:4]]
[2022.02.26-01.43.26:775][  0]LogConfig: Setting CVar [[r.HairStrands.Interpolation.UseSingleGuide:0]]
[2022.02.26-01.43.26:775][  0]LogConfig: Applying CVar settings from Section [Startup] File [../../../Engine/Config/ConsoleVariables.ini]
[2022.02.26-01.43.26:775][  0]LogConfig: Setting CVar [[net.UseAdaptiveNetUpdateFrequency:0]]
[2022.02.26-01.43.26:775][  0]LogConfig: Setting CVar [[p.chaos.AllowCreatePhysxBodies:1]]
[2022.02.26-01.43.26:775][  0]LogConfig: Setting CVar [[fx.SkipVectorVMBackendOptimizations:1]]
[2022.02.26-01.43.26:776][  0]LogConfig: Applying CVar settings from Section [ConsoleVariables] File [C:/FEM_Unreal/FEM/Saved/Config/Windows/Engine.ini]
[2022.02.26-01.43.26:776][  0]LogConfig: Applying CVar settings from Section [ConsoleVariables] File [C:/FEM_Unreal/FEM/Saved/Config/Windows/Editor.ini]
[2022.02.26-01.43.26:776][  0]LogInit: Computer: DESKTOP-IUA6Q6A
[2022.02.26-01.43.26:776][  0]LogInit: User: mauri
[2022.02.26-01.43.26:776][  0]LogInit: CPU Page size=4096, Cores=4
[2022.02.26-01.43.26:776][  0]LogInit: High frequency timer resolution =10.000000 MHz
[2022.02.26-01.43.26:776][  0]LogMemory: Memory total: Physical=15.9GB (16GB approx)
[2022.02.26-01.43.26:776][  0]LogMemory: Platform Memory Stats for Windows
[2022.02.26-01.43.26:776][  0]LogMemory: Process Physical Memory: 144.99 MB used, 144.99 MB peak
[2022.02.26-01.43.26:776][  0]LogMemory: Process Virtual Memory: 115.48 MB used, 115.48 MB peak
[2022.02.26-01.43.26:776][  0]LogMemory: Physical Memory: 9676.34 MB used,  6643.45 MB free, 16319.79 MB total
[2022.02.26-01.43.26:776][  0]LogMemory: Virtual Memory: 134211928.00 MB used,  5803.20 MB free, 134217728.00 MB total
[2022.02.26-01.43.26:793][  0]LogWindows: WindowsPlatformFeatures enabled
[2022.02.26-01.43.26:859][  0]LogInit: Physics initialised using underlying interface: Chaos
[2022.02.26-01.43.26:860][  0]LogInit: Using OS detected language (en-US).
[2022.02.26-01.43.26:860][  0]LogInit: Using OS detected locale (en-CA).
[2022.02.26-01.43.26:868][  0]LogTextLocalizationManager: No specific localization for 'en-US' exists, so the 'en' localization will be used.
[2022.02.26-01.43.27:126][  0]LogInit: Setting process to per monitor DPI aware
[2022.02.26-01.43.27:173][  0]LogWindowsTextInputMethodSystem: Display: IME system deactivated.
[2022.02.26-01.43.27:205][  0]LogSlate: New Slate User Created.  User Index 0, Is Virtual User: 0
[2022.02.26-01.43.27:205][  0]LogSlate: Slate User Registered.  User Index 0, Is Virtual User: 0
[2022.02.26-01.43.27:398][  0]LogD3D11RHI: Loaded GFSDK_Aftermath_Lib.x64.dll
[2022.02.26-01.43.27:406][  0]LogHMD: Failed to initialize OpenVR with code 110
[2022.02.26-01.43.27:407][  0]LogD3D11RHI: D3D11 min allowed feature level: 11_0
[2022.02.26-01.43.27:407][  0]LogD3D11RHI: D3D11 max allowed feature level: 11_0
[2022.02.26-01.43.27:407][  0]LogD3D11RHI: D3D11 adapters:
[2022.02.26-01.43.27:456][  0]LogD3D11RHI:    0. 'NVIDIA GeForce GTX 1060' (Feature Level 11_0)
[2022.02.26-01.43.27:456][  0]LogD3D11RHI:       6100/0/8159 MB DedicatedVideo/DedicatedSystem/SharedSystem, Outputs:1, VendorId:0x10de
[2022.02.26-01.43.27:463][  0]LogD3D11RHI:    1. 'Microsoft Basic Render Driver' (Feature Level 11_0)
[2022.02.26-01.43.27:463][  0]LogD3D11RHI:       0/0/8159 MB DedicatedVideo/DedicatedSystem/SharedSystem, Outputs:0, VendorId:0x1414
[2022.02.26-01.43.27:463][  0]LogD3D11RHI: Chosen D3D11 Adapter:
[2022.02.26-01.43.27:464][  0]LogD3D11RHI:     Description : NVIDIA GeForce GTX 1060
[2022.02.26-01.43.27:464][  0]LogD3D11RHI:     VendorId    : 10de
[2022.02.26-01.43.27:464][  0]LogD3D11RHI:     DeviceId    : 1c60
[2022.02.26-01.43.27:464][  0]LogD3D11RHI:     SubSysId    : 15501043
[2022.02.26-01.43.27:464][  0]LogD3D11RHI:     Revision    : 00a1
[2022.02.26-01.43.27:464][  0]LogD3D11RHI:     DedicatedVideoMemory : 6397165568 bytes
[2022.02.26-01.43.27:464][  0]LogD3D11RHI:     DedicatedSystemMemory : 0 bytes
[2022.02.26-01.43.27:464][  0]LogD3D11RHI:     SharedSystemMemory : 8556271616 bytes
[2022.02.26-01.43.27:464][  0]LogD3D11RHI:     AdapterLuid : 0 39764
[2022.02.26-01.43.27:471][  0]LogD3D11RHI: Creating new Direct3DDevice
[2022.02.26-01.43.27:471][  0]LogD3D11RHI:     GPU DeviceId: 0x1c60 (for the marketing name, search the web for "GPU Device Id")
[2022.02.26-01.43.27:471][  0]LogWindows: EnumDisplayDevices:
[2022.02.26-01.43.27:471][  0]LogWindows:    0. 'NVIDIA GeForce GTX 1060' (P:1 D:1)
[2022.02.26-01.43.27:472][  0]LogWindows:    1. 'NVIDIA GeForce GTX 1060' (P:0 D:0)
[2022.02.26-01.43.27:472][  0]LogWindows:    2. 'NVIDIA GeForce GTX 1060' (P:0 D:0)
[2022.02.26-01.43.27:473][  0]LogWindows:    3. 'NVIDIA GeForce GTX 1060' (P:0 D:0)
[2022.02.26-01.43.27:473][  0]LogWindows: DebugString: FoundDriverCount:4 
[2022.02.26-01.43.27:473][  0]LogD3D11RHI:     Adapter Name: NVIDIA GeForce GTX 1060
[2022.02.26-01.43.27:473][  0]LogD3D11RHI:   Driver Version: 373.06 (internal:21.21.13.7306, unified:373.06)
[2022.02.26-01.43.27:473][  0]LogD3D11RHI:      Driver Date: 10-1-2016
[2022.02.26-01.43.27:473][  0]LogRHI: Texture pool is 4270 MB (70% of 6100 MB)
[2022.02.26-01.43.27:473][  0]LogD3D11RHI: Creating D3DDevice using adapter:
[2022.02.26-01.43.27:473][  0]LogD3D11RHI:     Description : NVIDIA GeForce GTX 1060
[2022.02.26-01.43.27:473][  0]LogD3D11RHI:     VendorId    : 10de
[2022.02.26-01.43.27:474][  0]LogD3D11RHI:     DeviceId    : 1c60
[2022.02.26-01.43.27:474][  0]LogD3D11RHI:     SubSysId    : 15501043
[2022.02.26-01.43.27:474][  0]LogD3D11RHI:     Revision    : 00a1
[2022.02.26-01.43.27:474][  0]LogD3D11RHI:     DedicatedVideoMemory : 6397165568 bytes
[2022.02.26-01.43.27:474][  0]LogD3D11RHI:     DedicatedSystemMemory : 0 bytes
[2022.02.26-01.43.27:474][  0]LogD3D11RHI:     SharedSystemMemory : 8556271616 bytes
[2022.02.26-01.43.27:474][  0]LogD3D11RHI:     AdapterLuid : 0 39764
[2022.02.26-01.43.27:509][  0]LogD3D11RHI: RHI does not have support for 64 bit atomics
[2022.02.26-01.43.27:509][  0]LogD3D11RHI: Async texture creation enabled
[2022.02.26-01.43.27:509][  0]LogD3D11RHI: Array index from any shader is supported
[2022.02.26-01.43.27:527][  0]LogD3D11RHI: GPU Timing Frequency: 1000.000000 (Debug: 2 1)
[2022.02.26-01.43.27:614][  0]LogRHI: GeForceNow SDK initialized: 1
[2022.02.26-01.43.28:452][  0]LogTargetPlatformManager: Display: Loaded TargetPlatform 'AllDesktop'
[2022.02.26-01.43.28:490][  0]LogTargetPlatformManager: Display: Loaded TargetPlatform 'Android'
[2022.02.26-01.43.28:490][  0]LogTargetPlatformManager: Display: Loaded TargetPlatform 'Android_ASTC'
[2022.02.26-01.43.28:490][  0]LogTargetPlatformManager: Display: Loaded TargetPlatform 'Android_DXT'
[2022.02.26-01.43.28:490][  0]LogTargetPlatformManager: Display: Loaded TargetPlatform 'Android_ETC2'
[2022.02.26-01.43.28:491][  0]LogTargetPlatformManager: Display: Loaded TargetPlatform 'AndroidClient'
[2022.02.26-01.43.28:491][  0]LogTargetPlatformManager: Display: Loaded TargetPlatform 'Android_ASTCClient'
[2022.02.26-01.43.28:491][  0]LogTargetPlatformManager: Display: Loaded TargetPlatform 'Android_DXTClient'
[2022.02.26-01.43.28:491][  0]LogTargetPlatformManager: Display: Loaded TargetPlatform 'Android_ETC2Client'
[2022.02.26-01.43.28:491][  0]LogTargetPlatformManager: Display: Loaded TargetPlatform 'Android_Multi'
[2022.02.26-01.43.28:491][  0]LogTargetPlatformManager: Display: Loaded TargetPlatform 'Android_MultiClient'
[2022.02.26-01.43.28:537][  0]LogTargetPlatformManager: Display: Loaded TargetPlatform 'IOSClient'
[2022.02.26-01.43.28:537][  0]LogTargetPlatformManager: Display: Loaded TargetPlatform 'IOS'
[2022.02.26-01.43.28:581][  0]LogTargetPlatformManager: Display: Loaded TargetPlatform 'Lumin'
[2022.02.26-01.43.28:582][  0]LogTargetPlatformManager: Display: Loaded TargetPlatform 'LuminClient'
[2022.02.26-01.43.28:601][  0]LogTargetPlatformManager: Display: Loaded TargetPlatform 'MacNoEditor'
[2022.02.26-01.43.28:617][  0]LogTargetPlatformManager: Display: Loaded TargetPlatform 'Mac'
[2022.02.26-01.43.28:633][  0]LogTargetPlatformManager: Display: Loaded TargetPlatform 'MacClient'
[2022.02.26-01.43.28:648][  0]LogTargetPlatformManager: Display: Loaded TargetPlatform 'MacServer'
[2022.02.26-01.43.28:668][  0]LogTargetPlatformManager: Display: Loaded TargetPlatform 'TVOSClient'
[2022.02.26-01.43.28:668][  0]LogTargetPlatformManager: Display: Loaded TargetPlatform 'TVOS'
[2022.02.26-01.43.28:691][  0]LogTargetPlatformManager: Display: Loaded TargetPlatform 'WindowsNoEditor'
[2022.02.26-01.43.28:704][  0]LogTargetPlatformManager: Display: Loaded TargetPlatform 'Windows'
[2022.02.26-01.43.28:720][  0]LogTargetPlatformManager: Display: Loaded TargetPlatform 'WindowsClient'
[2022.02.26-01.43.28:735][  0]LogTargetPlatformManager: Display: Loaded TargetPlatform 'WindowsServer'
[2022.02.26-01.43.28:735][  0]LogTargetPlatformManager: Display: Building Assets For Windows
[2022.02.26-01.43.28:765][  0]LogAudioDebug: Display: Lib vorbis DLL was dynamically loaded.
[2022.02.26-01.43.28:886][  0]LogTextureFormatOodle: Display: Oodle Texture 2.9.0 init RDO Off
[2022.02.26-01.43.28:988][  0]LogRendererCore: Ray tracing is disabled. Reason: r.RayTracing=0.
[2022.02.26-01.43.28:988][  0]LogShaderCompilers: Guid format shader working directory is 20 characters bigger than the processId version (../../../../FEM_Unreal/FEM/Intermediate/Shaders/WorkingDirectory/5380/).
[2022.02.26-01.43.28:988][  0]LogShaderCompilers: Cleaned the shader compiler working directory 'C:/Users/mauri/AppData/Local/Temp/UnrealShaderWorkingDir/9004BBE241F97FA6A3ACA78CA2ABBF19/'.
[2022.02.26-01.43.28:989][  0]LogXGEController: Cannot use XGE Controller as Incredibuild is not installed on this machine.
[2022.02.26-01.43.28:989][  0]LogShaderCompilers: Cannot use XGE Shader Compiler as Incredibuild is not installed on this machine.
[2022.02.26-01.43.28:989][  0]LogShaderCompilers: Display: Using Local Shader Compiler.
[2022.02.26-01.43.30:037][  0]LogDerivedDataCache: Display: Max Cache Size: 512 MB
[2022.02.26-01.43.30:119][  0]LogDerivedDataCache: Loaded boot cache 0.08s 103MB ../../../../FEM_Unreal/FEM/DerivedDataCache/Boot.ddc.
[2022.02.26-01.43.30:119][  0]LogDerivedDataCache: Display: Loaded Boot cache: ../../../../FEM_Unreal/FEM/DerivedDataCache/Boot.ddc
[2022.02.26-01.43.30:120][  0]LogDerivedDataCache: FDerivedDataBackendGraph:  Pak pak cache file ../../../../FEM_Unreal/FEM/DerivedDataCache/DDC.ddp not found, will not use a pak cache.
[2022.02.26-01.43.30:120][  0]LogDerivedDataCache: Unable to find inner node Pak for hierarchical cache Hierarchy.
[2022.02.26-01.43.30:120][  0]LogDerivedDataCache: FDerivedDataBackendGraph:  EnginePak pak cache file ../../../Engine/DerivedDataCache/DDC.ddp not found, will not use a pak cache.
[2022.02.26-01.43.30:120][  0]LogDerivedDataCache: Unable to find inner node EnginePak for hierarchical cache Hierarchy.
[2022.02.26-01.43.30:130][  0]LogDerivedDataCache: Speed tests for ../../../Engine/DerivedDataCache took 0.01 seconds
[2022.02.26-01.43.30:132][  0]LogDerivedDataCache: Display: Performance to ../../../Engine/DerivedDataCache: Latency=0.05ms. RandomReadSpeed=1008.34MBs, RandomWriteSpeed=109.12MBs. Assigned SpeedClass 'Local'
[2022.02.26-01.43.30:142][  0]LogDerivedDataCache: Using Local data cache path ../../../Engine/DerivedDataCache: Writable
[2022.02.26-01.43.30:142][  0]LogDerivedDataCache: Shared data cache path not found in *engine.ini, will not use an Shared cache.
[2022.02.26-01.43.30:142][  0]LogDerivedDataCache: Unable to find inner node Shared for hierarchical cache Hierarchy.
[2022.02.26-01.43.30:224][  0]LogSlate: Using FreeType 2.10.0
[2022.02.26-01.43.30:225][  0]LogSlate: SlateFontServices - WITH_FREETYPE: 1, WITH_HARFBUZZ: 1
[2022.02.26-01.43.30:267][  0]LogAssetRegistry: FAssetRegistry took 0.0059 seconds to start up
[2022.02.26-01.43.30:593][  0]LogInit: Selected Device Profile: [Windows]
[2022.02.26-01.43.30:594][  0]LogInit: Active device profile: [000001E276755300][000001E27559F140 49] Windows
[2022.02.26-01.43.30:594][  0]LogInit: Profiles: [000001E276755300][000001E27559F140 49] Windows, [000001E27670B300][000001E2755A72C0 49] WindowsNoEditor, [000001E276756400][000001E2755AB440 49] WindowsServer, [000001E276709F00][000001E2741895C0 49] WindowsClient, [000001E276757300][000001E27418D740 49] IOS, [000001E276709200][000001E2755A3880 49] iPadAir, [000001E276757E00][000001E2741919C0 49] iPadAir2, [000001E2766BA100][000001E27419C0C0 49] IPadPro, [000001E2766BA200][000001E274194100 49] iPadAir3, [000001E276709B00][000001E2775C0280 49] iPadAir4, [000001E2766BB100][000001E277610400 49] iPadMini2, [000001E27670B600][000001E2776A8580 49] iPadMini3, [000001E2766BBD00][000001E27774C700 49] iPadMini4, [000001E27670A700][000001E277750880 49] iPadMini5, [000001E2766F9A00][000001E274132B40 49] iPhone6, [000001E2766F9B00][000001E274112B80 49] iPodTouch6, [000001E276756F00][000001E277992E40 49] iPhone7, [000001E276757000][000001E27798EE80 49] iPodTouch7, [000001E2766B9C00][000001E277997000 49] iPhone5S, [000001E276755100][000001E27799F180 49] iPhone6Plus, [000001E2766B9800][000001E2779AF300 49] iPhone6S, [000001E276754400][000001E2779BB480 49] iPhone6SPlus, [000001E2766B8E00][000001E274175600 49] iPhone7Plus, [000001E276755700][000001E2688AB780 49] iPhoneSE, [000001E2766B8A00][000001E2688FF900 49] iPhone8, [000001E276754800][000001E274199A40 49] iPhone8Plus, [000001E2766B9A00][000001E268923B80 49] iPhoneX, [000001E276757D00][000001E2690D4140 49] iPhoneXS, [000001E2766F8200][000001E2690DC2C0 49] iPhoneXSMax, [000001E2766B8D00][000001E2690E0440 49] iPhoneXR, [000001E2766F8C00][000001E2777425C0 49] iPhone11, [000001E2766BAE00][000001E277746740 49] iPhone11Pro, [000001E2766F9500][000001E2776588C0 49] iPhone11ProMax, [000001E2766BBA00][000001E27765CA40 49] iPhoneSE2, [000001E2766F8400][000001E277660BC0 49] iPhone12Mini, [000001E2766B9200][000001E277664D40 49] iPhone12, [000001E2766FBC00][000001E277668EC0 49] iPhone12Pro, [000001E2766BA000][000001E27766D040 49] iPhone12ProMax, [000001E2766FAC00][000001E2776711C0 49] iPadPro105, [000001E276756100][000001E277675340 49] iPadPro129, [000001E2766F9100][000001E2776794C0 49] iPadPro97, [000001E276755000][000001E27767D640 49] iPadPro2_129, [000001E2766F8D00][000001E2776A57C0 49] iPad5, [000001E276755D00][000001E275231940 49] iPad6, [000001E2766F8600][000001E275235AC0 49] iPad7, [000001E276756E00][000001E2690D9C00 49] iPad8, [000001E2766FB100][000001E2752441C0 49] iPadPro11, [000001E276756A00][000001E275248300 49] iPadPro2_11, [000001E2766F8900][000001E27524C440 49] iPadPro3_129, [000001E276754500][000001E2752545C0 49] iPadPro4_129, [000001E2766FA700][000001E275258740 49] AppleTV, [000001E276754100][000001E27525C8C0 49] AppleTV4K, [000001E2766F9F00][000001E275260A40 49] TVOS, [000001E276757100][000001E275264BC0 49] Mac, [000001E2766FB800][000001E275268D40 49] MacClient, [000001E276755F00][000001E27526CEC0 49] MacNoEditor, [000001E2766FB500][000001E275271040 49] MacServer, [000001E276754E00][000001E2752751C0 49] Linux, [000001E2766FAE00][000001E275279340 49] LinuxAArch64, [000001E276757800][000001E2752814C0 49] LinuxNoEditor, [000001E2766F8500][000001E275285640 49] LinuxAArch64NoEditor, [000001E276754F00][000001E2752897C0 49] LinuxClient, [000001E2766F9400][000001E275297940 49] LinuxAArch64Client, [000001E276757500][000001E27529BAC0 49] LinuxServer, [000001E2766FAA00][000001E27529E0C0 49] LinuxAArch64Server, [000001E276757600][000001E275250200 49] Android, [000001E2766FA800][000001E2785D8340 49] Android_Low, [000001E276754D00][000001E2785DC480 49] Android_Mid, [000001E2766F8100][000001E2785E05C0 49] Android_High, [000001E276755900][000001E2785E8740 49] Android_Default, [000001E2766FB300][000001E2785EC8C0 49] Android_Adreno4xx, [000001E276757900][000001E277822A40 49] Android_Adreno5xx_Low, [000001E2766FAF00][000001E277826BC0 49] Android_Adreno5xx, [000001E276756500][000001E27782AD40 49] Android_Adreno6xx, [000001E2766FBD00][000001E27782EEC0 49] Android_Adreno6xx_Vulkan, [000001E276757C00][000001E26907B040 49] Android_Mali_T6xx, [000001E2766F9E00][000001E26907F1C0 49] Android_Mali_T7xx, [000001E276754C00][000001E26908B340 49] Android_Mali_T8xx, [000001E2766FB400][000001E2690BB4C0 49] Android_Mali_G71, [000001E276755400][000001E2690BF640 49] Android_Mali_G72, [000001E2766F8F00][000001E2690C37C0 49] Android_Mali_G72_Vulkan, [000001E276755C00][000001E2690CB940 49] Android_Mali_G76, [000001E2766FBB00][000001E2690CFAC0 49] Android_Mali_G76_Vulkan, [000001E276755E00][000001E2778980C0 49] Android_Mali_G77, [000001E2766FAB00][000001E27789C240 49] Android_Mali_G77_Vulkan, [000001E276756000][000001E2689023C0 49] Android_Mali_G78, [000001E2766FA200][000001E2785E4500 49] Android_Mali_G78_Vulkan, [000001E27670AA00][000001E268906640 49] Android_Mali_G710, [000001E2766B8800][000001E268916780 49] Android_Mali_G710_Vulkan, [000001E27670BA00][000001E26891E900 49] Android_Vulkan_SM5, [000001E2766BAB00][000001E2778B6A80 49] Android_PowerVR_G6xxx, [000001E276708B00][000001E277894C00 49] Android_PowerVR_GT7xxx, [000001E2766B8B00][000001E2690C6D80 49] Android_PowerVR_GE8xxx, [000001E27670AF00][000001E2690B6F00 49] Android_PowerVR_GM9xxx, [000001E2766B8500][000001E2778BB080 49] Android_PowerVR_GM9xxx_Vulkan, [000001E276709A00][000001E2778BF200 49] Android_TegraK1, [000001E2766BB400][000001E2778C3380 49] Android_Unknown_Vulkan, [000001E27670B100][000001E277713500 49] Lumin, [000001E2766BA500][000001E277717680 49] Lumin_Desktop, [000001E27670BC00][000001E27771B800 49] HoloLens, 
[2022.02.26-01.43.30:843][  0]LogMeshReduction: Using QuadricMeshReduction for automatic static mesh reduction
[2022.02.26-01.43.30:844][  0]LogMeshReduction: Using SimplygonMeshReduction for automatic skeletal mesh reduction
[2022.02.26-01.43.30:844][  0]LogMeshReduction: Using ProxyLODMeshReduction for automatic mesh merging
[2022.02.26-01.43.30:844][  0]LogMeshReduction: No distributed automatic mesh merging module available
[2022.02.26-01.43.30:844][  0]LogMeshMerging: No distributed automatic mesh merging module available
[2022.02.26-01.43.30:879][  0]LogNetVersion: FEM 1.0.0, NetCL: 0, EngineNetVer: 17, GameNetVer: 0 (Checksum: 2844638706)
[2022.02.26-01.43.31:374][  0]LogTexture: Default maximum texture size for cubemaps generated from long-lat sources has been changed from 512 to unlimited. In order to preserve old behaiour for '/Engine/MapTemplates/Sky/DaylightAmbientCubemap.DaylightAmbientCubemap', its maximum texture size has been explicitly set to 512.
[2022.02.26-01.43.31:500][  0]LogHMD: PokeAHoleMaterial loaded successfully
[2022.02.26-01.43.31:511][  0]LogUObjectArray: 18147 objects as part of root set at end of initial load.
[2022.02.26-01.43.31:511][  0]LogUObjectAllocator: 4655008 out of 0 bytes used by permanent object pool.
[2022.02.26-01.43.31:511][  0]LogUObjectArray: CloseDisregardForGC: 0/0 objects in disregard for GC pool
[2022.02.26-01.43.32:300][  0]LogNiagaraDebuggerClient: Niagara Debugger Client Initialized | Session: ADE06AF1410B9BAFD3BE25BDE562AF99 | Instance: 432618154E8CFD116B7950897D146611 (DESKTOP-IUA6Q6A-5380).
[2022.02.26-01.43.32:629][  0]LogTcpMessaging: Initializing TcpMessaging bridge
[2022.02.26-01.43.32:641][  0]LogUdpMessaging: Initializing bridge on interface 0.0.0.0:0 to multicast group 230.0.0.1:6666.
[2022.02.26-01.43.32:700][  0]LogPython: Using Python 3.7.7
[2022.02.26-01.43.33:917][  0]SourceControl: Source control is disabled
[2022.02.26-01.43.33:917][  0]SourceControl: Source control is disabled
[2022.02.26-01.43.33:931][  0]SourceControl: Source control is disabled
[2022.02.26-01.43.33:944][  0]SourceControl: Source control is disabled
[2022.02.26-01.43.33:979][  0]SourceControl: Source control is disabled
[2022.02.26-01.43.33:991][  0]LogUProjectInfo: Found projects:
[2022.02.26-01.43.34:819][  0]LogOpenImageDenoise: OIDN starting up
[2022.02.26-01.43.34:873][  0]LogAndroidPermission: UAndroidPermissionCallbackProxy::GetInstance
[2022.02.26-01.43.34:947][  0]LogAudioCaptureCore: Display: No Audio Capture implementations found. Audio input will be silent.
[2022.02.26-01.43.34:948][  0]LogAudioCaptureCore: Display: No Audio Capture implementations found. Audio input will be silent.
[2022.02.26-01.43.35:286][  0]LogCollectionManager: Loaded 0 collections in 0.004101 seconds
[2022.02.26-01.43.35:350][  0]LogFileCache: Scanning file cache for directory 'C:/FEM_Unreal/FEM/Saved/Collections/' took 0.00s
[2022.02.26-01.43.35:350][  0]LogFileCache: Scanning file cache for directory 'C:/FEM_Unreal/FEM/Content/Developers/mauri/Collections/' took 0.00s
[2022.02.26-01.43.35:350][  0]LogFileCache: Scanning file cache for directory 'C:/FEM_Unreal/FEM/Content/Collections/' took 0.00s
[2022.02.26-01.43.35:350][  0]LogOcInput: OculusInput pre-init called
[2022.02.26-01.43.35:731][  0]LogClass: Display: IntProperty FPhysicsConvexData::NumVertices is not initialized properly. Module:MeshModelingTools File:Public/Physics/CollisionPropertySets.h
[2022.02.26-01.43.35:732][  0]LogClass: Display: IntProperty FPhysicsConvexData::NumFaces is not initialized properly. Module:MeshModelingTools File:Public/Physics/CollisionPropertySets.h
[2022.02.26-01.43.35:732][  0]LogClass: Display: FloatProperty FPhysicsCapsuleData::Radius is not initialized properly. Module:MeshModelingTools File:Public/Physics/CollisionPropertySets.h
[2022.02.26-01.43.35:732][  0]LogClass: Display: FloatProperty FPhysicsCapsuleData::Length is not initialized properly. Module:MeshModelingTools File:Public/Physics/CollisionPropertySets.h
[2022.02.26-01.43.35:732][  0]LogClass: Display: StructProperty FPhysicsBoxData::Dimensions is not initialized properly. Module:MeshModelingTools File:Public/Physics/CollisionPropertySets.h
[2022.02.26-01.43.35:732][  0]LogClass: Display: FloatProperty FPhysicsSphereData::Radius is not initialized properly. Module:MeshModelingTools File:Public/Physics/CollisionPropertySets.h
[2022.02.26-01.43.35:732][  0]LogClass: Display: EnumProperty FLODLevelGenerateSettings::TargetMode is not initialized properly. Module:MeshModelingToolsEditorOnly File:Public/GenerateLODMeshesTool.h
[2022.02.26-01.43.35:732][  0]LogClass: Display: IntProperty FLODLevelGenerateSettings::TargetPercentage is not initialized properly. Module:MeshModelingToolsEditorOnly File:Public/GenerateLODMeshesTool.h
[2022.02.26-01.43.35:732][  0]LogClass: Display: IntProperty FLODLevelGenerateSettings::TargetCount is not initialized properly. Module:MeshModelingToolsEditorOnly File:Public/GenerateLODMeshesTool.h
[2022.02.26-01.43.35:733][  0]LogClass: Display: 9 Uninitialized script struct members found including 0 object properties
[2022.02.26-01.43.35:734][  0]LogEngine: Initializing Engine...
[2022.02.26-01.43.35:739][  0]LogHMD: Failed to enumerate extensions. Please check that you have a valid OpenXR runtime installed.
[2022.02.26-01.43.35:740][  0]LogHMD: Failed to initialize OpenVR with code 110
[2022.02.26-01.43.35:740][  0]LogMagicLeap: Warning: VR disabled because ZI is not enabled.  To enable, in the editor, Edit -> Project Settings -> Plugins -> Magic Leap Plugin -> Enable Zero Iteration
[2022.02.26-01.43.35:741][  0]LogStats: UGameplayTagsManager::InitializeManager -  0.000 s
[2022.02.26-01.43.35:924][  0]LogInit: Initializing FReadOnlyCVARCache
[2022.02.26-01.43.35:925][  0]LogChaos: FPhysicsSolverBase::AsyncDt:-1.000000
[2022.02.26-01.43.35:944][  0]LogAIModule: Creating AISystem for world Untitled
[2022.02.26-01.43.35:968][  0]LogAudio: Display: Initializing Audio Device Manager...
[2022.02.26-01.43.35:983][  0]LogAudio: Display: Loading Default Audio Settings Objects...
[2022.02.26-01.43.35:984][  0]LogAudio: Display: No default SoundConcurrencyObject specified (or failed to load).
[2022.02.26-01.43.35:985][  0]LogAudio: Display: Audio Device Manager Initialized
[2022.02.26-01.43.35:985][  0]LogAudio: Display: Creating Audio Device:                 Id: 1, Scope: Shared, Realtime: True
[2022.02.26-01.43.35:986][  0]LogAudioMixer: Display: Audio Mixer Platform Settings:
[2022.02.26-01.43.35:986][  0]LogAudioMixer: Display: 	Sample Rate:						  48000
[2022.02.26-01.43.35:986][  0]LogAudioMixer: Display: 	Callback Buffer Frame Size Requested: 1024
[2022.02.26-01.43.35:986][  0]LogAudioMixer: Display: 	Callback Buffer Frame Size To Use:	  1024
[2022.02.26-01.43.35:986][  0]LogAudioMixer: Display: 	Number of buffers to queue:			  2
[2022.02.26-01.43.35:986][  0]LogAudioMixer: Display: 	Max Channels (voices):				  32
[2022.02.26-01.43.35:986][  0]LogAudioMixer: Display: 	Number of Async Source Workers:		  0
[2022.02.26-01.43.35:986][  0]LogAudio: Display: AudioDevice MaxSources: 32
[2022.02.26-01.43.35:988][  0]LogAudio: Display: Audio Spatialization Plugin: None (built-in).
[2022.02.26-01.43.35:988][  0]LogAudio: Display: Audio Reverb Plugin: None (built-in).
[2022.02.26-01.43.35:988][  0]LogAudio: Display: Audio Occlusion Plugin: None (built-in).
[2022.02.26-01.43.35:988][  0]LogAudioMixer: Display: Initializing audio mixer.
[2022.02.26-01.43.36:020][  0]LogAudioMixer: Display: 0: FrontLeft
[2022.02.26-01.43.36:020][  0]LogAudioMixer: Display: 1: FrontRight
[2022.02.26-01.43.36:058][  0]LogAudioMixer: Display: Using Audio Device Speakers (SRS-X55 Stereo)
[2022.02.26-01.43.36:058][  0]LogAudioMixer: Display: Initializing Sound Submixes...
[2022.02.26-01.43.36:061][  0]LogAudioMixer: Display: Creating Master Submix 'MasterSubmixDefault'
[2022.02.26-01.43.36:062][  0]LogAudioMixer: Display: Creating Master Submix 'MasterReverbSubmixDefault'
[2022.02.26-01.43.36:063][  0]LogAudioMixer: Display: Creating Master Submix 'MasterEQSubmixDefault'
[2022.02.26-01.43.36:063][  0]LogAudioMixer: FMixerPlatformXAudio2::StartAudioStream() called
[2022.02.26-01.43.36:063][  0]LogAudioMixer: Display: Output buffers initialized: Frames=1024, Channels=2, Samples=2048
[2022.02.26-01.43.36:066][  0]LogAudioMixer: Display: Starting AudioMixerPlatformInterface::RunInternal()
[2022.02.26-01.43.36:066][  0]LogAudioMixer: Display: FMixerPlatformXAudio2::SubmitBuffer() called for the first time
[2022.02.26-01.43.36:066][  0]LogInit: FAudioDevice initialized.
[2022.02.26-01.43.36:066][  0]LogAudio: Display: Audio Device (ID: 1) registered with world 'Untitled'.
[2022.02.26-01.43.36:067][  0]LogNetVersion: Set ProjectVersion to 1.0.0.0. Version Checksum will be recalculated on next use.
[2022.02.26-01.43.36:160][  0]LogDerivedDataCache: Saved boot cache 0.09s 103MB ../../../../FEM_Unreal/FEM/DerivedDataCache/Boot.ddc.
[2022.02.26-01.43.36:160][  0]LogInit: Texture streaming: Enabled
[2022.02.26-01.43.36:196][  0]LogAnalytics: Display: [UEEditor.UnrealEngine.Release] APIServer = https://datarouter.ol.epicgames.com/. AppVersion = 4.27.2-0+++UE4+Release-4.27
[2022.02.26-01.43.36:211][  0]LogEngineSessionManager: EngineSessionManager initialized
[2022.02.26-01.43.36:212][  0]LogEngineSessionManager: EngineSessionManager sent abnormal shutdown report. Type=Debugger, SessionId={DC5419FC-411E-BC5D-F7D8-CA8C81FC4087}
[2022.02.26-01.43.36:212][  0]LogEngineSessionManager: EngineSessionManager sent abnormal shutdown report. Type=Debugger, SessionId={7E3B1527-4F24-704B-8724-728A6503E06A}
[2022.02.26-01.43.36:212][  0]LogEditorSessionSummary: Verbose: Initializing EditorSessionSummaryWriter for editor session tracking
[2022.02.26-01.43.36:215][  0]LogEditorSessionSummary: EditorSessionSummaryWriter initialized
[2022.02.26-01.43.36:261][  0]LogInit: Transaction tracking system initialized
[2022.02.26-01.43.36:338][  0]BlueprintLog: New page: Editor Load
[2022.02.26-01.43.36:535][  0]LocalizationService: Localization service is disabled
[2022.02.26-01.43.36:615][  0]TimingProfiler: Initialize
[2022.02.26-01.43.36:615][  0]TimingProfiler: OnSessionChanged
[2022.02.26-01.43.36:615][  0]LoadingProfiler: Initialize
[2022.02.26-01.43.36:615][  0]LoadingProfiler: OnSessionChanged
[2022.02.26-01.43.36:615][  0]NetworkingProfiler: Initialize
[2022.02.26-01.43.36:616][  0]NetworkingProfiler: OnSessionChanged
[2022.02.26-01.43.36:616][  0]MemoryProfiler: Initialize
[2022.02.26-01.43.36:616][  0]MemoryProfiler: OnSessionChanged
[2022.02.26-01.43.36:907][  0]LogCook: Display: CookSettings for Memory: MemoryMaxUsedVirtual 0MiB, MemoryMaxUsedPhysical 16384MiB, MemoryMinFreeVirtual 0MiB, MemoryMinFreePhysical 1024MiB
[2022.02.26-01.43.36:908][  0]LogCook: Display: Mobile HDR setting 1
[2022.02.26-01.43.37:451][  0]LogFileCache: Scanning file cache for directory 'C:/FEM_Unreal/FEM/Content/' took 0.00s
[2022.02.26-01.43.37:719][  0]LogInit: Display: Engine is initialized. Leaving FEngineLoop::Init()
[2022.02.26-01.43.37:723][  0]SourceControl: Source control is disabled
[2022.02.26-01.43.37:723][  0]LogUnrealEdMisc: Loading editor; pre map load, took 13.918
[2022.02.26-01.43.37:723][  0]Cmd: MAP LOAD FILE="../../../Engine/Content/Maps/Templates/Template_Default.umap" TEMPLATE=1 SHOWPROGRESS=1 FEATURELEVEL=3
[2022.02.26-01.43.37:724][  0]LightingResults: New page: Lighting Build
[2022.02.26-01.43.37:726][  0]LogWorld: UWorld::CleanupWorld for Untitled, bSessionEnded=true, bCleanupResources=true
[2022.02.26-01.43.37:726][  0]LogSlate: InvalidateAllWidgets triggered.  All widgets were invalidated
[2022.02.26-01.43.37:726][  0]MapCheck: New page: Map Check
[2022.02.26-01.43.37:726][  0]LightingResults: New page: Lighting Build
[2022.02.26-01.43.37:731][  0]LogAudio: Display: Audio Device unregistered from world 'None'.
[2022.02.26-01.43.37:736][  0]LogUObjectHash: Compacting FUObjectHashTables data took   0.93ms
[2022.02.26-01.43.37:805][  0]LogTexture: Display: Building textures: DeprecatedTextureEB9CBE3C423008B5E8E130901E171C89 (BGRA8, 128X128)
[2022.02.26-01.43.37:809][  0]LogAudio: Display: Audio Device (ID: 1) registered with world 'Untitled_1'.
[2022.02.26-01.43.37:810][  0]LogChaos: FPhysicsSolverBase::AsyncDt:-1.000000
[2022.02.26-01.43.37:811][  0]LogAIModule: Creating AISystem for world Untitled_1
[2022.02.26-01.43.37:821][  0]LogEditorServer: Finished looking for orphan Actors (0.002 secs)
[2022.02.26-01.43.37:831][  0]LogUObjectHash: Compacting FUObjectHashTables data took   1.45ms
[2022.02.26-01.43.37:831][  0]Cmd: MAP CHECKDEP NOCLEARLOG
[2022.02.26-01.43.37:832][  0]MapCheck: Map check complete: 0 Error(s), 0 Warning(s), took 0.378ms to complete.
[2022.02.26-01.43.37:832][  0]LogFileHelpers: Loading map 'Template_Default' took 0.108
[2022.02.26-01.43.37:836][  0]LogUnrealEdMisc: Total Editor Startup Time, took 14.031
[2022.02.26-01.43.37:998][  0]LogSlate: Updating window title bar state: overlay mode, drag disabled, window buttons hidden, title bar hidden
[2022.02.26-01.43.38:008][  0]LogSlate: Updating window title bar state: overlay mode, drag disabled, window buttons hidden, title bar hidden
[2022.02.26-01.43.38:017][  0]LogSlate: Updating window title bar state: overlay mode, drag disabled, window buttons hidden, title bar hidden
[2022.02.26-01.43.38:027][  0]LogSlate: Updating window title bar state: overlay mode, drag disabled, window buttons hidden, title bar hidden
[2022.02.26-01.43.38:046][  0]LogNativeClassHierarchy: Verbose: Native class hierarchy populated in 0.0140 seconds. Added 4227 classes and 957 folders.
[2022.02.26-01.43.38:048][  0]LogNativeClassHierarchy: Verbose: Native class hierarchy updated for 'WidgetCarousel' in 0.0003 seconds. Added 0 classes and 0 folders.
[2022.02.26-01.43.38:050][  0]LogShaderLibrary: Display: ShaderCodeLibraryPakFileMountedCallback: PakFile 'C:/UnrealEngine/FeaturePacks/FP_FirstPerson.upack' (chunk index -1, root 'root:/') mounted
[2022.02.26-01.43.38:051][  0]LogShaderLibrary: Display: ShaderCodeLibraryPakFileMountedCallback: pending pak file info (ChunkID:-1 Root:root:/ File:C:/UnrealEngine/FeaturePacks/FP_FirstPerson.upack)
[2022.02.26-01.43.38:051][  0]LogPakFile: OnPakFileMounted2Time == 0.000303
[2022.02.26-01.43.38:052][  0]LogShaderLibrary: Display: ShaderCodeLibraryPakFileMountedCallback: PakFile 'C:/UnrealEngine/FeaturePacks/FP_FirstPersonBP.upack' (chunk index -1, root 'root:/') mounted
[2022.02.26-01.43.38:052][  0]LogShaderLibrary: Display: ShaderCodeLibraryPakFileMountedCallback: pending pak file info (ChunkID:-1 Root:root:/ File:C:/UnrealEngine/FeaturePacks/FP_FirstPersonBP.upack)
[2022.02.26-01.43.38:052][  0]LogPakFile: OnPakFileMounted2Time == 0.000258
[2022.02.26-01.43.38:053][  0]LogShaderLibrary: Display: ShaderCodeLibraryPakFileMountedCallback: PakFile 'C:/UnrealEngine/FeaturePacks/MobileStarterContent.upack' (chunk index -1, root 'root:/') mounted
[2022.02.26-01.43.38:054][  0]LogShaderLibrary: Display: ShaderCodeLibraryPakFileMountedCallback: pending pak file info (ChunkID:-1 Root:root:/ File:C:/UnrealEngine/FeaturePacks/MobileStarterContent.upack)
[2022.02.26-01.43.38:054][  0]LogPakFile: OnPakFileMounted2Time == 0.000360
[2022.02.26-01.43.38:055][  0]LogShaderLibrary: Display: ShaderCodeLibraryPakFileMountedCallback: PakFile 'C:/UnrealEngine/FeaturePacks/StarterContent.upack' (chunk index -1, root 'root:/') mounted
[2022.02.26-01.43.38:055][  0]LogShaderLibrary: Display: ShaderCodeLibraryPakFileMountedCallback: pending pak file info (ChunkID:-1 Root:root:/ File:C:/UnrealEngine/FeaturePacks/StarterContent.upack)
[2022.02.26-01.43.38:055][  0]LogPakFile: OnPakFileMounted2Time == 0.000277
[2022.02.26-01.43.38:056][  0]LogShaderLibrary: Display: ShaderCodeLibraryPakFileMountedCallback: PakFile 'C:/UnrealEngine/FeaturePacks/TP_2DSideScroller.upack' (chunk index -1, root 'root:/') mounted
[2022.02.26-01.43.38:056][  0]LogShaderLibrary: Display: ShaderCodeLibraryPakFileMountedCallback: pending pak file info (ChunkID:-1 Root:root:/ File:C:/UnrealEngine/FeaturePacks/TP_2DSideScroller.upack)
[2022.02.26-01.43.38:056][  0]LogPakFile: OnPakFileMounted2Time == 0.000287
[2022.02.26-01.43.38:058][  0]LogShaderLibrary: Display: ShaderCodeLibraryPakFileMountedCallback: PakFile 'C:/UnrealEngine/FeaturePacks/TP_2DSideScrollerBP.upack' (chunk index -1, root 'root:/') mounted
[2022.02.26-01.43.38:058][  0]LogShaderLibrary: Display: ShaderCodeLibraryPakFileMountedCallback: pending pak file info (ChunkID:-1 Root:root:/ File:C:/UnrealEngine/FeaturePacks/TP_2DSideScrollerBP.upack)
[2022.02.26-01.43.38:058][  0]LogPakFile: OnPakFileMounted2Time == 0.000310
[2022.02.26-01.43.38:059][  0]LogShaderLibrary: Display: ShaderCodeLibraryPakFileMountedCallback: PakFile 'C:/UnrealEngine/FeaturePacks/TP_Flying.upack' (chunk index -1, root 'root:/') mounted
[2022.02.26-01.43.38:059][  0]LogShaderLibrary: Display: ShaderCodeLibraryPakFileMountedCallback: pending pak file info (ChunkID:-1 Root:root:/ File:C:/UnrealEngine/FeaturePacks/TP_Flying.upack)
[2022.02.26-01.43.38:059][  0]LogPakFile: OnPakFileMounted2Time == 0.000425
[2022.02.26-01.43.38:060][  0]LogShaderLibrary: Display: ShaderCodeLibraryPakFileMountedCallback: PakFile 'C:/UnrealEngine/FeaturePacks/TP_FlyingBP.upack' (chunk index -1, root 'root:/') mounted
[2022.02.26-01.43.38:061][  0]LogShaderLibrary: Display: ShaderCodeLibraryPakFileMountedCallback: pending pak file info (ChunkID:-1 Root:root:/ File:C:/UnrealEngine/FeaturePacks/TP_FlyingBP.upack)
[2022.02.26-01.43.38:061][  0]LogPakFile: OnPakFileMounted2Time == 0.000351
[2022.02.26-01.43.38:062][  0]LogShaderLibrary: Display: ShaderCodeLibraryPakFileMountedCallback: PakFile 'C:/UnrealEngine/FeaturePacks/TP_Puzzle.upack' (chunk index -1, root 'root:/') mounted
[2022.02.26-01.43.38:062][  0]LogShaderLibrary: Display: ShaderCodeLibraryPakFileMountedCallback: pending pak file info (ChunkID:-1 Root:root:/ File:C:/UnrealEngine/FeaturePacks/TP_Puzzle.upack)
[2022.02.26-01.43.38:062][  0]LogPakFile: OnPakFileMounted2Time == 0.000403
[2022.02.26-01.43.38:063][  0]LogShaderLibrary: Display: ShaderCodeLibraryPakFileMountedCallback: PakFile 'C:/UnrealEngine/FeaturePacks/TP_PuzzleBP.upack' (chunk index -1, root 'root:/') mounted
[2022.02.26-01.43.38:063][  0]LogShaderLibrary: Display: ShaderCodeLibraryPakFileMountedCallback: pending pak file info (ChunkID:-1 Root:root:/ File:C:/UnrealEngine/FeaturePacks/TP_PuzzleBP.upack)
[2022.02.26-01.43.38:064][  0]LogPakFile: OnPakFileMounted2Time == 0.000377
[2022.02.26-01.43.38:065][  0]LogShaderLibrary: Display: ShaderCodeLibraryPakFileMountedCallback: PakFile 'C:/UnrealEngine/FeaturePacks/TP_Rolling.upack' (chunk index -1, root 'root:/') mounted
[2022.02.26-01.43.38:065][  0]LogShaderLibrary: Display: ShaderCodeLibraryPakFileMountedCallback: pending pak file info (ChunkID:-1 Root:root:/ File:C:/UnrealEngine/FeaturePacks/TP_Rolling.upack)
[2022.02.26-01.43.38:065][  0]LogPakFile: OnPakFileMounted2Time == 0.000307
[2022.02.26-01.43.38:066][  0]LogShaderLibrary: Display: ShaderCodeLibraryPakFileMountedCallback: PakFile 'C:/UnrealEngine/FeaturePacks/TP_RollingBP.upack' (chunk index -1, root 'root:/') mounted
[2022.02.26-01.43.38:066][  0]LogShaderLibrary: Display: ShaderCodeLibraryPakFileMountedCallback: pending pak file info (ChunkID:-1 Root:root:/ File:C:/UnrealEngine/FeaturePacks/TP_RollingBP.upack)
[2022.02.26-01.43.38:066][  0]LogPakFile: OnPakFileMounted2Time == 0.000384
[2022.02.26-01.43.38:068][  0]LogShaderLibrary: Display: ShaderCodeLibraryPakFileMountedCallback: PakFile 'C:/UnrealEngine/FeaturePacks/TP_SideScroller.upack' (chunk index -1, root 'root:/') mounted
[2022.02.26-01.43.38:068][  0]LogShaderLibrary: Display: ShaderCodeLibraryPakFileMountedCallback: pending pak file info (ChunkID:-1 Root:root:/ File:C:/UnrealEngine/FeaturePacks/TP_SideScroller.upack)
[2022.02.26-01.43.38:068][  0]LogPakFile: OnPakFileMounted2Time == 0.000342
[2022.02.26-01.43.38:069][  0]LogShaderLibrary: Display: ShaderCodeLibraryPakFileMountedCallback: PakFile 'C:/UnrealEngine/FeaturePacks/TP_SideScrollerBP.upack' (chunk index -1, root 'root:/') mounted
[2022.02.26-01.43.38:070][  0]LogShaderLibrary: Display: ShaderCodeLibraryPakFileMountedCallback: pending pak file info (ChunkID:-1 Root:root:/ File:C:/UnrealEngine/FeaturePacks/TP_SideScrollerBP.upack)
[2022.02.26-01.43.38:070][  0]LogPakFile: OnPakFileMounted2Time == 0.000395
[2022.02.26-01.43.38:071][  0]LogShaderLibrary: Display: ShaderCodeLibraryPakFileMountedCallback: PakFile 'C:/UnrealEngine/FeaturePacks/TP_ThirdPerson.upack' (chunk index -1, root 'root:/') mounted
[2022.02.26-01.43.38:071][  0]LogShaderLibrary: Display: ShaderCodeLibraryPakFileMountedCallback: pending pak file info (ChunkID:-1 Root:root:/ File:C:/UnrealEngine/FeaturePacks/TP_ThirdPerson.upack)
[2022.02.26-01.43.38:071][  0]LogPakFile: OnPakFileMounted2Time == 0.000323
[2022.02.26-01.43.38:072][  0]LogShaderLibrary: Display: ShaderCodeLibraryPakFileMountedCallback: PakFile 'C:/UnrealEngine/FeaturePacks/TP_ThirdPersonBP.upack' (chunk index -1, root 'root:/') mounted
[2022.02.26-01.43.38:072][  0]LogShaderLibrary: Display: ShaderCodeLibraryPakFileMountedCallback: pending pak file info (ChunkID:-1 Root:root:/ File:C:/UnrealEngine/FeaturePacks/TP_ThirdPersonBP.upack)
[2022.02.26-01.43.38:073][  0]LogPakFile: OnPakFileMounted2Time == 0.000291
[2022.02.26-01.43.38:074][  0]LogShaderLibrary: Display: ShaderCodeLibraryPakFileMountedCallback: PakFile 'C:/UnrealEngine/FeaturePacks/TP_TopDown.upack' (chunk index -1, root 'root:/') mounted
[2022.02.26-01.43.38:074][  0]LogShaderLibrary: Display: ShaderCodeLibraryPakFileMountedCallback: pending pak file info (ChunkID:-1 Root:root:/ File:C:/UnrealEngine/FeaturePacks/TP_TopDown.upack)
[2022.02.26-01.43.38:074][  0]LogPakFile: OnPakFileMounted2Time == 0.000371
[2022.02.26-01.43.38:075][  0]LogShaderLibrary: Display: ShaderCodeLibraryPakFileMountedCallback: PakFile 'C:/UnrealEngine/FeaturePacks/TP_TopDownBP.upack' (chunk index -1, root 'root:/') mounted
[2022.02.26-01.43.38:075][  0]LogShaderLibrary: Display: ShaderCodeLibraryPakFileMountedCallback: pending pak file info (ChunkID:-1 Root:root:/ File:C:/UnrealEngine/FeaturePacks/TP_TopDownBP.upack)
[2022.02.26-01.43.38:075][  0]LogPakFile: OnPakFileMounted2Time == 0.000358
[2022.02.26-01.43.38:076][  0]LogShaderLibrary: Display: ShaderCodeLibraryPakFileMountedCallback: PakFile 'C:/UnrealEngine/FeaturePacks/TP_TwinStick.upack' (chunk index -1, root 'root:/') mounted
[2022.02.26-01.43.38:077][  0]LogShaderLibrary: Display: ShaderCodeLibraryPakFileMountedCallback: pending pak file info (ChunkID:-1 Root:root:/ File:C:/UnrealEngine/FeaturePacks/TP_TwinStick.upack)
[2022.02.26-01.43.38:077][  0]LogPakFile: OnPakFileMounted2Time == 0.000310
[2022.02.26-01.43.38:078][  0]LogShaderLibrary: Display: ShaderCodeLibraryPakFileMountedCallback: PakFile 'C:/UnrealEngine/FeaturePacks/TP_TwinStickBP.upack' (chunk index -1, root 'root:/') mounted
[2022.02.26-01.43.38:078][  0]LogShaderLibrary: Display: ShaderCodeLibraryPakFileMountedCallback: pending pak file info (ChunkID:-1 Root:root:/ File:C:/UnrealEngine/FeaturePacks/TP_TwinStickBP.upack)
[2022.02.26-01.43.38:078][  0]LogPakFile: OnPakFileMounted2Time == 0.000281
[2022.02.26-01.43.38:079][  0]LogShaderLibrary: Display: ShaderCodeLibraryPakFileMountedCallback: PakFile 'C:/UnrealEngine/FeaturePacks/TP_Vehicle.upack' (chunk index -1, root 'root:/') mounted
[2022.02.26-01.43.38:080][  0]LogShaderLibrary: Display: ShaderCodeLibraryPakFileMountedCallback: pending pak file info (ChunkID:-1 Root:root:/ File:C:/UnrealEngine/FeaturePacks/TP_Vehicle.upack)
[2022.02.26-01.43.38:080][  0]LogPakFile: OnPakFileMounted2Time == 0.000262
[2022.02.26-01.43.38:081][  0]LogShaderLibrary: Display: ShaderCodeLibraryPakFileMountedCallback: PakFile 'C:/UnrealEngine/FeaturePacks/TP_VehicleAdv.upack' (chunk index -1, root 'root:/') mounted
[2022.02.26-01.43.38:081][  0]LogShaderLibrary: Display: ShaderCodeLibraryPakFileMountedCallback: pending pak file info (ChunkID:-1 Root:root:/ File:C:/UnrealEngine/FeaturePacks/TP_VehicleAdv.upack)
[2022.02.26-01.43.38:081][  0]LogPakFile: OnPakFileMounted2Time == 0.000275
[2022.02.26-01.43.38:082][  0]LogShaderLibrary: Display: ShaderCodeLibraryPakFileMountedCallback: PakFile 'C:/UnrealEngine/FeaturePacks/TP_VehicleAdvBP.upack' (chunk index -1, root 'root:/') mounted
[2022.02.26-01.43.38:082][  0]LogShaderLibrary: Display: ShaderCodeLibraryPakFileMountedCallback: pending pak file info (ChunkID:-1 Root:root:/ File:C:/UnrealEngine/FeaturePacks/TP_VehicleAdvBP.upack)
[2022.02.26-01.43.38:082][  0]LogPakFile: OnPakFileMounted2Time == 0.000252
[2022.02.26-01.43.38:083][  0]LogShaderLibrary: Display: ShaderCodeLibraryPakFileMountedCallback: PakFile 'C:/UnrealEngine/FeaturePacks/TP_VehicleBP.upack' (chunk index -1, root 'root:/') mounted
[2022.02.26-01.43.38:083][  0]LogShaderLibrary: Display: ShaderCodeLibraryPakFileMountedCallback: pending pak file info (ChunkID:-1 Root:root:/ File:C:/UnrealEngine/FeaturePacks/TP_VehicleBP.upack)
[2022.02.26-01.43.38:083][  0]LogPakFile: OnPakFileMounted2Time == 0.000272
[2022.02.26-01.43.38:085][  0]LogPakFile: PakFile PrimaryIndexSize=192
[2022.02.26-01.43.38:085][  0]LogPakFile: PakFile PathHashIndexSize=101
[2022.02.26-01.43.38:085][  0]LogPakFile: PakFile FullDirectoryIndexSize=158
[2022.02.26-01.43.38:085][  0]LogShaderLibrary: Display: ShaderCodeLibraryPakFileMountedCallback: PakFile 'C:/UnrealEngine/FeaturePacks/TP_VirtualRealityBP.upack' (chunk index -1, root 'root:/') mounted
[2022.02.26-01.43.38:085][  0]LogShaderLibrary: Display: ShaderCodeLibraryPakFileMountedCallback: pending pak file info (ChunkID:-1 Root:root:/ File:C:/UnrealEngine/FeaturePacks/TP_VirtualRealityBP.upack)
[2022.02.26-01.43.38:085][  0]LogPakFile: OnPakFileMounted2Time == 0.000236
[2022.02.26-01.43.38:147][  0]LogNativeClassHierarchy: Verbose: Native class hierarchy updated for 'AddContentDialog' in 0.0004 seconds. Added 0 classes and 0 folders.
[2022.02.26-01.43.38:149][  0]LogNativeClassHierarchy: Verbose: Native class hierarchy updated for 'SceneOutliner' in 0.0004 seconds. Added 2 classes and 0 folders.
[2022.02.26-01.43.38:189][  0]LogSlate: Took 0.000138 seconds to synchronously load lazily loaded font '../../../Engine/Content/Slate/Fonts/Roboto-Regular.ttf' (155K)
[2022.02.26-01.43.38:191][  0]LogSlate: Took 0.000179 seconds to synchronously load lazily loaded font '../../../Engine/Content/Editor/Slate/Fonts/FontAwesome.ttf' (139K)
[2022.02.26-01.43.38:192][  0]LogSlate: Took 0.000167 seconds to synchronously load lazily loaded font '../../../Engine/Content/Slate/Fonts/Roboto-Bold.ttf' (160K)
[2022.02.26-01.43.38:300][  0]LogRenderer: Reallocating scene render targets to support 1208x572 Format 10 NumSamples 1 (Frame:1).
[2022.02.26-01.43.38:342][  0]LogSlate: Took 0.000221 seconds to synchronously load lazily loaded font '../../../Engine/Content/Slate/Fonts/Roboto-Light.ttf' (167K)
[2022.02.26-01.43.38:407][  0]LogNativeClassHierarchy: Verbose: Native class hierarchy updated for 'HierarchicalLODOutliner' in 0.0005 seconds. Added 0 classes and 0 folders.
[2022.02.26-01.43.38:407][  0]LogLoad: (Engine Initialization) Total time: 14.60 seconds
[2022.02.26-01.43.38:407][  0]LogLoad: (Engine Initialization) Total Blueprint compile time: 0.00 seconds
[2022.02.26-01.43.38:480][  0]LogAssetRegistry: Asset discovery search completed in 8.2175 seconds
[2022.02.26-01.43.38:491][  0]LogCollectionManager: Fixed up redirectors for 0 collections in 0.000006 seconds (updated 0 objects)
[2022.02.26-01.43.38:494][  0]LogContentStreaming: Texture pool size now 1000 MB
[2022.02.26-01.43.38:513][  1]LogFileCache: Retrieving MD5 hashes for directory 'C:/FEM_Unreal/FEM/Content/' took 0.08s
[2022.02.26-01.43.41:452][174]LogSlate: Took 0.000170 seconds to synchronously load lazily loaded font '../../../Engine/Content/Slate/Fonts/Roboto-Light.ttf' (167K)
[2022.02.26-01.43.58:111][149]LogUObjectHash: Compacting FUObjectHashTables data took   0.67ms
[2022.02.26-01.44.14:473][121]LogVSAccessor: Warning: Couldn't goto line number '1' in 'C:/FEM_Unreal/FEM/Source/FEM/ProceduralMesh.h'
[2022.02.26-01.44.14:522][121]LogVSAccessor: Warning: Couldn't goto line number '1' in 'C:/FEM_Unreal/FEM/Source/FEM/ProceduralMesh.cpp'
[2022.02.26-01.44.22:966][442]LogVSAccessor: Warning: Couldn't goto line number '1' in 'C:/FEM_Unreal/FEM/Source/FEM/ProceduralMesh.h'
[2022.02.26-01.44.23:014][442]LogVSAccessor: Warning: Couldn't goto line number '1' in 'C:/FEM_Unreal/FEM/Source/FEM/ProceduralMesh.cpp'
[2022.02.26-01.44.41:502][273]LogUObjectHash: Compacting FUObjectHashTables data took   0.38ms
[2022.02.26-01.44.41:541][273]LogLinker: Warning: [AssetLog] C:\FEM_Unreal\FEM\Content\Blueprint\BP_TetGen.umap: Failed to load '/Game/Blueprint/BP_TetGen_BuiltData': Can't find file.
[2022.02.26-01.44.41:542][273]LogLinker: Warning: [AssetLog] C:\FEM_Unreal\FEM\Content\Blueprint\BP_TetGen.umap: Failed to load '/Game/Blueprint/BP_TetGen_BuiltData': Can't find file.
[2022.02.26-01.44.41:543][273]LogLinker: Warning: [AssetLog] C:\FEM_Unreal\FEM\Content\Blueprint\BP_TetGen.umap: Failed to load '/Game/Blueprint/BP_TetGen_BuiltData': Can't find file.
[2022.02.26-01.44.41:544][273]LogLinker: Warning: Failed to load '/Game/Blueprint/BP_TetGen_BuiltData': Can't find file.
[2022.02.26-01.44.41:544][273]LogLinker: Warning: Failed to load '/Game/Blueprint/BP_TetGen_BuiltData': Can't find file.
[2022.02.26-01.44.41:550][273]LogLinker: Warning: [AssetLog] C:\FEM_Unreal\FEM\Content\Blueprint\BP_TetGen.umap: Failed to load '/Game/Blueprint/BP_TetGen_BuiltData': Can't find file.
[2022.02.26-01.44.41:550][273]LoadErrors: Failed to load /Game/Blueprint/BP_TetGen_BuiltData.BP_TetGen_BuiltData Referenced by PersistentLevel
[2022.02.26-01.44.41:558][273]LogAssetEditorSubsystem: Opening Asset editor for World /Game/Blueprint/BP_TetGen.BP_TetGen
[2022.02.26-01.44.41:560][273]Cmd: MAP LOAD FILE="../../../../FEM_Unreal/FEM/Content/Blueprint/BP_TetGen.umap" TEMPLATE=0 SHOWPROGRESS=1 FEATURELEVEL=3
[2022.02.26-01.44.41:560][273]LightingResults: New page: Lighting Build
[2022.02.26-01.44.41:560][273]LoadErrors: New page: Loading map: BP_TetGen.umap
[2022.02.26-01.44.41:561][273]LogWorld: UWorld::CleanupWorld for Untitled_1, bSessionEnded=true, bCleanupResources=true
[2022.02.26-01.44.41:561][273]LogSlate: InvalidateAllWidgets triggered.  All widgets were invalidated
[2022.02.26-01.44.41:561][273]MapCheck: New page: Map Check
[2022.02.26-01.44.41:561][273]LightingResults: New page: Lighting Build
[2022.02.26-01.44.41:570][273]LogAudio: Display: Audio Device unregistered from world 'None'.
[2022.02.26-01.44.41:574][273]LogUObjectHash: Compacting FUObjectHashTables data took   1.03ms
[2022.02.26-01.44.41:575][273]LogAudio: Display: Audio Device (ID: 1) registered with world 'BP_TetGen'.
[2022.02.26-01.44.41:575][273]LogChaos: FPhysicsSolverBase::AsyncDt:-1.000000
[2022.02.26-01.44.41:583][273]LogEditorServer: Finished looking for orphan Actors (0.000 secs)
[2022.02.26-01.44.41:583][273]LogAIModule: Creating AISystem for world BP_TetGen
[2022.02.26-01.44.41:593][273]LogUObjectHash: Compacting FUObjectHashTables data took   0.80ms
[2022.02.26-01.44.41:603][273]Cmd: MAP CHECKDEP NOCLEARLOG
[2022.02.26-01.44.41:603][273]MapCheck: Map check complete: 0 Error(s), 0 Warning(s), took 0.297ms to complete.
[2022.02.26-01.44.41:603][273]LogFileHelpers: Loading map 'BP_TetGen' took 0.044
[2022.02.26-01.44.57:047][193]LogEditorClassViewer: Warning: Class /Engine/Tutorial/InWorldBlueprintEditing/TutorialAssets/IWBE_Blutility.IWBE_Blutility_C has parent /Script/Blutility.PlacedEditorUtilityBase, but this parent is not found. The Class will not be shown in ClassViewer.
[2022.02.26-01.44.57:136][193]LogSlate: Took 0.000168 seconds to synchronously load lazily loaded font '../../../Engine/Content/Slate/Fonts/Roboto-BoldCondensed.ttf' (158K)
[2022.02.26-01.45.11:814][ 73]LogAssetEditorSubsystem: Opening Asset editor for Blueprint /Game/Blueprint/BP_ProceduralMesh.BP_ProceduralMesh
[2022.02.26-01.45.11:815][ 73]LogChaos: FPhysicsSolverBase::AsyncDt:-1.000000
[2022.02.26-01.45.12:064][ 73]LogNativeClassHierarchy: Verbose: Native class hierarchy updated for 'BlueprintGraph' in 0.0012 seconds. Added 126 classes and 0 folders.
[2022.02.26-01.45.13:169][ 73]LogSlate: Window 'Add Blueprint Class' being destroyed
[2022.02.26-01.45.15:621][212]Cmd: OBJ SAVEPACKAGE PACKAGE="/Game/Blueprint/BP_ProceduralMesh" FILE="../../../../FEM_Unreal/FEM/Content/Blueprint/BP_ProceduralMesh.uasset" SILENT=true
[2022.02.26-01.45.15:627][212]LogSavePackage: Moving '../../../../FEM_Unreal/FEM/Saved/BP_ProceduralMesh01E088934D4BD03DC0C4C9A7DA8E8E8D.tmp' to '../../../../FEM_Unreal/FEM/Content/Blueprint/BP_ProceduralMesh.uasset'
[2022.02.26-01.45.15:646][212]AssetCheck: New page: Asset Save: BP_ProceduralMesh
[2022.02.26-01.45.15:647][212]LogContentValidation: Display: Validating Blueprint /Game/Blueprint/BP_ProceduralMesh.BP_ProceduralMesh
[2022.02.26-01.45.16:229][247]BlueprintLog: New page: Compile BP_ProceduralMesh
[2022.02.26-01.45.16:277][247]LogUObjectHash: Compacting FUObjectHashTables data took   3.64ms
[2022.02.26-01.45.16:296][247]LogSlate: Took 0.000132 seconds to synchronously load lazily loaded font '../../../Engine/Content/Slate/Fonts/DroidSansMono.ttf' (77K)
[2022.02.26-01.45.17:967][337]LogSlate: Took 0.000150 seconds to synchronously load lazily loaded font '../../../Engine/Content/Slate/Fonts/Roboto-Italic.ttf' (157K)
[2022.02.26-01.54.41:921][538]LogUObjectHash: Compacting FUObjectHashTables data took   3.07ms
[2022.02.26-01.54.41:923][538]LogFileHelpers: Editor autosave (incl. external actors) for '/Game/Blueprint/BP_TetGen' took 0.029
[2022.02.26-01.54.41:924][538]OBJ SavePackage: Generating thumbnails for [0] asset(s) in package [/Game/Blueprint/BP_ProceduralMesh] ([2] browsable assets)...
[2022.02.26-01.54.41:924][538]OBJ SavePackage: Finished generating thumbnails for package [/Game/Blueprint/BP_ProceduralMesh]
[2022.02.26-01.54.41:924][538]Cmd: OBJ SAVEPACKAGE PACKAGE="/Game/Blueprint/BP_ProceduralMesh" FILE="../../../../FEM_Unreal/FEM/Saved/Autosaves/Game/Blueprint/BP_ProceduralMesh_Auto1.uasset" SILENT=false AUTOSAVING=true
[2022.02.26-01.54.41:931][538]LogSavePackage: Moving '../../../../FEM_Unreal/FEM/Saved/BP_ProceduralMesh_Auto1AA4E41E14F443824CDA6DA970EC972D4.tmp' to '../../../../FEM_Unreal/FEM/Saved/Autosaves/Game/Blueprint/BP_ProceduralMesh_Auto1.uasset'
[2022.02.26-01.54.41:932][538]LogFileHelpers: Auto-saving content packages took 0.009
