Log file open, 02/25/22 23:29:10
LogWindows: Failed to load 'aqProf.dll' (GetLastError=126)
LogWindows: File 'aqProf.dll' does not exist
LogWindows: Failed to load 'VtuneApi.dll' (GetLastError=126)
LogWindows: File 'VtuneApi.dll' does not exist
LogWindows: Failed to load 'VtuneApi32e.dll' (GetLastError=126)
LogWindows: File 'VtuneApi32e.dll' does not exist
LogConsoleResponse: Display: Failed to find resolution value strings in scalability ini. Falling back to default.
LogConsoleResponse: Display: Failed to find resolution value strings in scalability ini. Falling back to default.
LogInit: Display: Running engine for game: FEM
LogPlatformFile: Not using cached read wrapper
LogTaskGraph: Started task graph with 5 named threads and 23 total threads with 3 sets of task threads.
LogStats: Stats thread started at 1.403846
LogICUInternationalization: ICU TimeZone Detection - Raw Offset: -5:00, Platform Override: ''
LogInit: Display: Loading text-based GConfig....
LogPluginManager: Mounting plugin MeshPainting
LogPluginManager: Mounting plugin XGEController
LogPluginManager: Mounting plugin Paper2D
LogPluginManager: Mounting plugin AISupport
LogPluginManager: Mounting plugin EnvironmentQueryEditor
LogPluginManager: Mounting plugin LiveLink
LogPluginManager: Mounting plugin LightPropagationVolume
LogPluginManager: Mounting plugin CameraShakePreviewer
LogPluginManager: Mounting plugin GameplayCameras
LogPluginManager: Mounting plugin OodleData
LogPluginManager: Mounting plugin OodleNetwork
LogPluginManager: Mounting plugin Niagara
LogPluginManager: Mounting plugin DatasmithContent
LogPluginManager: Mounting plugin VariantManagerContent
LogPluginManager: Mounting plugin AlembicImporter
LogPluginManager: Mounting plugin BackChannel
LogPluginManager: Mounting plugin ChaosCloth
LogPluginManager: Mounting plugin ChaosClothEditor
LogPluginManager: Mounting plugin ChaosEditor
LogPluginManager: Mounting plugin ChaosNiagara
LogPluginManager: Mounting plugin ChaosSolverPlugin
LogPluginManager: Mounting plugin CharacterAI
LogPluginManager: Mounting plugin GeometryCache
LogPluginManager: Mounting plugin GeometryCollectionPlugin
LogPluginManager: Mounting plugin AssetManagerEditor
LogPluginManager: Mounting plugin CurveEditorTools
LogPluginManager: Mounting plugin CryptoKeys
LogPluginManager: Mounting plugin DataValidation
LogPluginManager: Mounting plugin EditorScriptingUtilities
LogPluginManager: Mounting plugin FacialAnimation
LogPluginManager: Mounting plugin GameplayTagsEditor
LogPluginManager: Mounting plugin GeometryMode
LogPluginManager: Mounting plugin MaterialAnalyzer
LogPluginManager: Mounting plugin MobileLauncherProfileWizard
LogPluginManager: Mounting plugin PluginBrowser
LogPluginManager: Mounting plugin MacGraphicsSwitching
LogPluginManager: Mounting plugin SpeedTreeImporter
LogPluginManager: Mounting plugin GeometryProcessing
LogPluginManager: Mounting plugin MeshModelingToolset
LogPluginManager: Mounting plugin OpenImageDenoise
LogPluginManager: Mounting plugin MotoSynth
LogPluginManager: Mounting plugin PlanarCut
LogPluginManager: Mounting plugin PlatformCrypto
LogPluginManager: Mounting plugin PythonScriptPlugin
LogPluginManager: Mounting plugin ProxyLODPlugin
LogPluginManager: Mounting plugin SkeletalReduction
LogPluginManager: Mounting plugin LuminPlatformFeatures
LogPluginManager: Mounting plugin MagicLeap
LogPluginManager: Mounting plugin MagicLeapLightEstimation
LogPluginManager: Mounting plugin MagicLeapMedia
LogPluginManager: Mounting plugin AndroidMedia
LogPluginManager: Mounting plugin MagicLeapPassableWorld
LogPluginManager: Mounting plugin AvfMedia
LogPluginManager: Mounting plugin MLSDK
LogPluginManager: Mounting plugin ImgMedia
LogPluginManager: Mounting plugin MediaCompositing
LogPluginManager: Mounting plugin MediaPlayerEditor
LogPluginManager: Mounting plugin WmfMedia
LogPluginManager: Mounting plugin WebMMedia
LogPluginManager: Mounting plugin AnimationSharing
LogPluginManager: Mounting plugin CLionSourceCodeAccess
LogPluginManager: Mounting plugin CodeLiteSourceCodeAccess
LogPluginManager: Mounting plugin KDevelopSourceCodeAccess
LogPluginManager: Mounting plugin GitSourceControl
LogPluginManager: Mounting plugin NullSourceCodeAccess
LogPluginManager: Mounting plugin PerforceSourceControl
LogPluginManager: Mounting plugin AutomationUtils
LogPluginManager: Mounting plugin PixWinPlugin
LogPluginManager: Mounting plugin PlasticSourceControl
LogPluginManager: Mounting plugin PluginUtils
LogPluginManager: Mounting plugin PropertyAccessNode
LogPluginManager: Mounting plugin RiderSourceCodeAccess
LogPluginManager: Mounting plugin SubversionSourceControl
LogPluginManager: Mounting plugin TextureFormatOodle
LogPluginManager: Mounting plugin UObjectPlugin
LogPluginManager: Mounting plugin VisualStudioCodeSourceCodeAccess
LogPluginManager: Mounting plugin VisualStudioSourceCodeAccess
LogPluginManager: Mounting plugin XCodeSourceCodeAccess
LogPluginManager: Mounting plugin TcpMessaging
LogPluginManager: Mounting plugin UdpMessaging
LogPluginManager: Mounting plugin ActorSequence
LogPluginManager: Mounting plugin LevelSequenceEditor
LogPluginManager: Mounting plugin MatineeToLevelSequence
LogPluginManager: Mounting plugin TemplateSequence
LogPluginManager: Mounting plugin LauncherChunkInstaller
LogPluginManager: Mounting plugin ActorLayerUtilities
LogPluginManager: Mounting plugin AndroidDeviceProfileSelector
LogPluginManager: Mounting plugin AndroidMoviePlayer
LogPluginManager: Mounting plugin AndroidPermission
LogPluginManager: Mounting plugin AppleMoviePlayer
LogPluginManager: Mounting plugin ArchVisCharacter
LogPluginManager: Mounting plugin OnlineSubsystem
LogPluginManager: Mounting plugin AppleImageUtils
LogPluginManager: Mounting plugin AssetTags
LogPluginManager: Mounting plugin AudioCapture
LogPluginManager: Mounting plugin AudioSynesthesia
LogPluginManager: Mounting plugin CableComponent
LogPluginManager: Mounting plugin ChunkDownloader
LogPluginManager: Mounting plugin CustomMeshComponent
LogPluginManager: Mounting plugin OnlineSubsystemNull
LogPluginManager: Mounting plugin EditableMesh
LogPluginManager: Mounting plugin ExampleDeviceProfileSelector
LogPluginManager: Mounting plugin OnlineSubsystemUtils
LogPluginManager: Mounting plugin GoogleCloudMessaging
LogPluginManager: Mounting plugin GooglePAD
LogPluginManager: Mounting plugin HairStrands
LogPluginManager: Mounting plugin IOSDeviceProfileSelector
LogPluginManager: Mounting plugin LinuxDeviceProfileSelector
LogPluginManager: Mounting plugin LocationServicesBPLibrary
LogPluginManager: Mounting plugin MobilePatchingUtils
LogPluginManager: Mounting plugin ScreenshotTools
LogPluginManager: Mounting plugin OpenXR
LogPluginManager: Mounting plugin OpenXREyeTracker
LogPluginManager: Mounting plugin OpenXRHandTracking
LogPluginManager: Mounting plugin PhysXVehicles
LogPluginManager: Mounting plugin PostSplashScreen
LogPluginManager: Mounting plugin ProceduralMeshComponent
LogPluginManager: Mounting plugin PropertyAccessEditor
LogPluginManager: Mounting plugin RuntimePhysXCooking
LogPluginManager: Mounting plugin SignificanceManager
LogPluginManager: Mounting plugin SoundFields
LogPluginManager: Mounting plugin Synthesis
LogPluginManager: Mounting plugin WebMMoviePlayer
LogPluginManager: Mounting plugin WindowsMoviePlayer
LogPluginManager: Mounting plugin Takes
LogPluginManager: Mounting plugin ContentBrowserAssetDataSource
LogPluginManager: Mounting plugin ContentBrowserClassDataSource
LogPluginManager: Mounting plugin ContentBrowserFileDataSource
LogPluginManager: Mounting plugin OnlineSubsystemGooglePlay
LogPluginManager: Mounting plugin OnlineSubsystemIOS
LogPluginManager: Mounting plugin OculusVR
LogPluginManager: Mounting plugin SteamVR
PixWinPlugin: PIX capture plugin failed to initialize! Check that the process is launched from PIX.
LogInit: Using libcurl 7.55.1-DEV
LogInit:  - built for x86_64-pc-win32
LogInit:  - supports SSL with OpenSSL/1.1.1
LogInit:  - supports HTTP deflate (compression) using libz 1.2.8
LogInit:  - other features:
LogInit:      CURL_VERSION_SSL
LogInit:      CURL_VERSION_LIBZ
LogInit:      CURL_VERSION_IPV6
LogInit:      CURL_VERSION_ASYNCHDNS
LogInit:      CURL_VERSION_LARGEFILE
LogInit:      CURL_VERSION_IDN
LogInit:  CurlRequestOptions (configurable via config and command line):
LogInit:  - bVerifyPeer = true  - Libcurl will verify peer certificate
LogInit:  - bUseHttpProxy = false  - Libcurl will NOT use HTTP proxy
LogInit:  - bDontReuseConnections = false  - Libcurl will reuse connections
LogInit:  - MaxHostConnections = 16  - Libcurl will limit the number of connections to a host
LogInit:  - LocalHostAddr = Default
LogInit:  - BufferSize = 65536
LogOnline: OSS: Creating online subsystem instance for: NULL
LogInit: WinSock: version 1.1 (2.2), MaxSocks=32767, MaxUdp=65467
LogOnline: OSS: TryLoadSubsystemAndSetDefault: Loaded subsystem for module [NULL]
LogOculusPluginWrapper: OculusPlugin initialized successfully
LogHMD: Failed initializing OVRPlugin 1.59.0
LogInit: Build: ++UE4+Release-4.27-CL-0
LogInit: Engine Version: 4.27.2-0+++UE4+Release-4.27
LogInit: Compatible Engine Version: 4.27.0-0+++UE4+Release-4.27
LogInit: Net CL: 0
LogInit: OS: Windows 10 (Release 2009) (), CPU: Intel(R) Core(TM) i7-6700HQ CPU @ 2.60GHz, GPU: NVIDIA GeForce GTX 1060
LogInit: Compiled (64-bit): Feb 12 2022 15:44:32
LogInit: Compiled with Visual C++: 19.16.27045.00
LogInit: Build Configuration: Development
LogInit: Branch Name: ++UE4+Release-4.27
LogInit: Command Line:  -skipcompile
LogInit: Base Directory: C:/UnrealEngine/Engine/Binaries/Win64/
LogInit: Allocator: TBB
LogInit: Installed Engine Build: 0
LogDevObjectVersion: Number of dev versions registered: 29
LogDevObjectVersion:   Dev-Blueprints (B0D832E4-1F89-4F0D-ACCF-7EB736FD4AA2): 10
LogDevObjectVersion:   Dev-Build (E1C64328-A22C-4D53-A36C-8E866417BD8C): 0
LogDevObjectVersion:   Dev-Core (375EC13C-06E4-48FB-B500-84F0262A717E): 4
LogDevObjectVersion:   Dev-Editor (E4B068ED-F494-42E9-A231-DA0B2E46BB41): 40
LogDevObjectVersion:   Dev-Framework (CFFC743F-43B0-4480-9391-14DF171D2073): 37
LogDevObjectVersion:   Dev-Mobile (B02B49B5-BB20-44E9-A304-32B752E40360): 3
LogDevObjectVersion:   Dev-Networking (A4E4105C-59A1-49B5-A7C5-40C4547EDFEE): 0
LogDevObjectVersion:   Dev-Online (39C831C9-5AE6-47DC-9A44-9C173E1C8E7C): 0
LogDevObjectVersion:   Dev-Physics (78F01B33-EBEA-4F98-B9B4-84EACCB95AA2): 20
LogDevObjectVersion:   Dev-Platform (6631380F-2D4D-43E0-8009-CF276956A95A): 0
LogDevObjectVersion:   Dev-Rendering (12F88B9F-8875-4AFC-A67C-D90C383ABD29): 45
LogDevObjectVersion:   Dev-Sequencer (7B5AE74C-D270-4C10-A958-57980B212A5A): 13
LogDevObjectVersion:   Dev-VR (D7296918-1DD6-4BDD-9DE2-64A83CC13884): 3
LogDevObjectVersion:   Dev-LoadTimes (C2A15278-BFE7-4AFE-6C17-90FF531DF755): 1
LogDevObjectVersion:   Private-Geometry (6EACA3D4-40EC-4CC1-B786-8BED09428FC5): 3
LogDevObjectVersion:   Dev-AnimPhys (29E575DD-E0A3-4627-9D10-D276232CDCEA): 17
LogDevObjectVersion:   Dev-Anim (AF43A65D-7FD3-4947-9873-3E8ED9C1BB05): 15
LogDevObjectVersion:   Dev-ReflectionCapture (6B266CEC-1EC7-4B8F-A30B-E4D90942FC07): 1
LogDevObjectVersion:   Dev-Automation (0DF73D61-A23F-47EA-B727-89E90C41499A): 1
LogDevObjectVersion:   FortniteMain (601D1886-AC64-4F84-AA16-D3DE0DEAC7D6): 47
LogDevObjectVersion:   FortniteRelease (E7086368-6B23-4C58-8439-1B7016265E91): 1
LogDevObjectVersion:   Dev-Enterprise (9DFFBCD6-494F-0158-E221-12823C92A888): 10
LogDevObjectVersion:   Dev-Niagara (F2AED0AC-9AFE-416F-8664-AA7FFA26D6FC): 1
LogDevObjectVersion:   Dev-Destruction (174F1F0B-B4C6-45A5-B13F-2EE8D0FB917D): 10
LogDevObjectVersion:   Dev-Physics-Ext (35F94A83-E258-406C-A318-09F59610247C): 41
LogDevObjectVersion:   Dev-PhysicsMaterial-Chaos (B68FC16E-8B1B-42E2-B453-215C058844FE): 1
LogDevObjectVersion:   Dev-CineCamera (B2E18506-4273-CFC2-A54E-F4BB758BBA07): 1
LogDevObjectVersion:   Dev-VirtualProduction (64F58936-FD1B-42BA-BA96-7289D5D0FA4E): 1
LogDevObjectVersion:   Dev-MediaFramework (6F0ED827-A609-4895-9C91-998D90180EA4): 2
LogInit: Presizing for max 25165824 objects, including 0 objects not considered by GC, pre-allocating 0 bytes for permanent pool.
LogConfig: Applying CVar settings from Section [/Script/Engine.StreamingSettings] File [C:/FEM_Unreal/FEM/Saved/Config/Windows/Engine.ini]
LogConfig: Setting CVar [[s.MinBulkDataSizeForAsyncLoading:131072]]
LogConfig: Setting CVar [[s.AsyncLoadingThreadEnabled:0]]
LogConfig: Setting CVar [[s.EventDrivenLoaderEnabled:1]]
LogConfig: Setting CVar [[s.WarnIfTimeLimitExceeded:0]]
LogConfig: Setting CVar [[s.TimeLimitExceededMultiplier:1.5]]
LogConfig: Setting CVar [[s.TimeLimitExceededMinTime:0.005]]
LogConfig: Setting CVar [[s.UseBackgroundLevelStreaming:1]]
LogConfig: Setting CVar [[s.PriorityAsyncLoadingExtraTime:15.0]]
LogConfig: Setting CVar [[s.LevelStreamingActorsUpdateTimeLimit:5.0]]
LogConfig: Setting CVar [[s.PriorityLevelStreamingActorsUpdateExtraTime:5.0]]
LogConfig: Setting CVar [[s.LevelStreamingComponentsRegistrationGranularity:10]]
LogConfig: Setting CVar [[s.UnregisterComponentsTimeLimit:1.0]]
LogConfig: Setting CVar [[s.LevelStreamingComponentsUnregistrationGranularity:5]]
LogConfig: Setting CVar [[s.FlushStreamingOnExit:1]]
LogInit: Object subsystem initialized
LogConfig: Setting CVar [[con.DebugEarlyDefault:1]]
LogConfig: Setting CVar [[r.setres:1280x720]]
LogConfig: Setting CVar [[fx.NiagaraAllowRuntimeScalabilityChanges:1]]
[2022.02.26-04.29.11:680][  0]LogConfig: Setting CVar [[r.VSync:0]]
[2022.02.26-04.29.11:680][  0]LogConfig: Setting CVar [[r.RHICmdBypass:0]]
[2022.02.26-04.29.11:680][  0]LogConfig: Applying CVar settings from Section [/Script/Engine.RendererSettings] File [C:/FEM_Unreal/FEM/Saved/Config/Windows/Engine.ini]
[2022.02.26-04.29.11:680][  0]LogConfig: Setting CVar [[r.GPUCrashDebugging:0]]
[2022.02.26-04.29.11:680][  0]LogConfig: Applying CVar settings from Section [/Script/Engine.RendererOverrideSettings] File [C:/FEM_Unreal/FEM/Saved/Config/Windows/Engine.ini]
[2022.02.26-04.29.11:680][  0]LogConfig: Applying CVar settings from Section [/Script/Engine.StreamingSettings] File [C:/FEM_Unreal/FEM/Saved/Config/Windows/Engine.ini]
[2022.02.26-04.29.11:680][  0]LogConfig: Setting CVar [[s.MinBulkDataSizeForAsyncLoading:131072]]
[2022.02.26-04.29.11:680][  0]LogConfig: Setting CVar [[s.AsyncLoadingThreadEnabled:0]]
[2022.02.26-04.29.11:680][  0]LogConfig: Setting CVar [[s.EventDrivenLoaderEnabled:1]]
[2022.02.26-04.29.11:681][  0]LogConfig: Setting CVar [[s.WarnIfTimeLimitExceeded:0]]
[2022.02.26-04.29.11:681][  0]LogConfig: Setting CVar [[s.TimeLimitExceededMultiplier:1.5]]
[2022.02.26-04.29.11:681][  0]LogConfig: Setting CVar [[s.TimeLimitExceededMinTime:0.005]]
[2022.02.26-04.29.11:681][  0]LogConfig: Setting CVar [[s.UseBackgroundLevelStreaming:1]]
[2022.02.26-04.29.11:681][  0]LogConfig: Setting CVar [[s.PriorityAsyncLoadingExtraTime:15.0]]
[2022.02.26-04.29.11:681][  0]LogConfig: Setting CVar [[s.LevelStreamingActorsUpdateTimeLimit:5.0]]
[2022.02.26-04.29.11:681][  0]LogConfig: Setting CVar [[s.PriorityLevelStreamingActorsUpdateExtraTime:5.0]]
[2022.02.26-04.29.11:681][  0]LogConfig: Setting CVar [[s.LevelStreamingComponentsRegistrationGranularity:10]]
[2022.02.26-04.29.11:681][  0]LogConfig: Setting CVar [[s.UnregisterComponentsTimeLimit:1.0]]
[2022.02.26-04.29.11:681][  0]LogConfig: Setting CVar [[s.LevelStreamingComponentsUnregistrationGranularity:5]]
[2022.02.26-04.29.11:681][  0]LogConfig: Setting CVar [[s.FlushStreamingOnExit:1]]
[2022.02.26-04.29.11:681][  0]LogConfig: Applying CVar settings from Section [/Script/Engine.GarbageCollectionSettings] File [C:/FEM_Unreal/FEM/Saved/Config/Windows/Engine.ini]
[2022.02.26-04.29.11:681][  0]LogConfig: Setting CVar [[gc.MaxObjectsNotConsideredByGC:1]]
[2022.02.26-04.29.11:682][  0]LogConfig: Setting CVar [[gc.SizeOfPermanentObjectPool:0]]
[2022.02.26-04.29.11:682][  0]LogConfig: Setting CVar [[gc.FlushStreamingOnGC:0]]
[2022.02.26-04.29.11:682][  0]LogConfig: Setting CVar [[gc.NumRetriesBeforeForcingGC:10]]
[2022.02.26-04.29.11:682][  0]LogConfig: Setting CVar [[gc.AllowParallelGC:1]]
[2022.02.26-04.29.11:682][  0]LogConfig: Setting CVar [[gc.TimeBetweenPurgingPendingKillObjects:61.1]]
[2022.02.26-04.29.11:682][  0]LogConfig: Setting CVar [[gc.MaxObjectsInEditor:25165824]]
[2022.02.26-04.29.11:682][  0]LogConfig: Setting CVar [[gc.IncrementalBeginDestroyEnabled:1]]
[2022.02.26-04.29.11:682][  0]LogConfig: Setting CVar [[gc.CreateGCClusters:1]]
[2022.02.26-04.29.11:682][  0]LogConfig: Setting CVar [[gc.MinGCClusterSize:5]]
[2022.02.26-04.29.11:682][  0]LogConfig: Setting CVar [[gc.ActorClusteringEnabled:0]]
[2022.02.26-04.29.11:682][  0]LogConfig: Setting CVar [[gc.BlueprintClusteringEnabled:0]]
[2022.02.26-04.29.11:682][  0]LogConfig: Setting CVar [[gc.UseDisregardForGCOnDedicatedServers:0]]
[2022.02.26-04.29.11:682][  0]LogConfig: Setting CVar [[gc.MultithreadedDestructionEnabled:1]]
[2022.02.26-04.29.11:682][  0]LogConfig: Applying CVar settings from Section [/Script/Engine.NetworkSettings] File [C:/FEM_Unreal/FEM/Saved/Config/Windows/Engine.ini]
[2022.02.26-04.29.11:682][  0]LogConfig: Applying CVar settings from Section [/Script/UnrealEd.CookerSettings] File [C:/FEM_Unreal/FEM/Saved/Config/Windows/Engine.ini]
[2022.02.26-04.29.11:691][  0]LogConfig: Applying CVar settings from Section [ViewDistanceQuality@3] File [C:/FEM_Unreal/FEM/Saved/Config/Windows/Scalability.ini]
[2022.02.26-04.29.11:691][  0]LogConfig: Setting CVar [[r.SkeletalMeshLODBias:0]]
[2022.02.26-04.29.11:691][  0]LogConfig: Setting CVar [[r.ViewDistanceScale:1.0]]
[2022.02.26-04.29.11:691][  0]LogConfig: Applying CVar settings from Section [AntiAliasingQuality@3] File [C:/FEM_Unreal/FEM/Saved/Config/Windows/Scalability.ini]
[2022.02.26-04.29.11:691][  0]LogConfig: Setting CVar [[r.PostProcessAAQuality:4]]
[2022.02.26-04.29.11:691][  0]LogConfig: Applying CVar settings from Section [ShadowQuality@3] File [C:/FEM_Unreal/FEM/Saved/Config/Windows/Scalability.ini]
[2022.02.26-04.29.11:691][  0]LogConfig: Setting CVar [[r.LightFunctionQuality:1]]
[2022.02.26-04.29.11:691][  0]LogConfig: Setting CVar [[r.ShadowQuality:5]]
[2022.02.26-04.29.11:691][  0]LogConfig: Setting CVar [[r.Shadow.CSM.MaxCascades:10]]
[2022.02.26-04.29.11:691][  0]LogConfig: Setting CVar [[r.Shadow.MaxResolution:2048]]
[2022.02.26-04.29.11:692][  0]LogConfig: Setting CVar [[r.Shadow.MaxCSMResolution:2048]]
[2022.02.26-04.29.11:692][  0]LogConfig: Setting CVar [[r.Shadow.RadiusThreshold:0.01]]
[2022.02.26-04.29.11:692][  0]LogConfig: Setting CVar [[r.Shadow.DistanceScale:1.0]]
[2022.02.26-04.29.11:692][  0]LogConfig: Setting CVar [[r.Shadow.CSM.TransitionScale:1.0]]
[2022.02.26-04.29.11:692][  0]LogConfig: Setting CVar [[r.Shadow.PreShadowResolutionFactor:1.0]]
[2022.02.26-04.29.11:692][  0]LogConfig: Setting CVar [[r.DistanceFieldShadowing:1]]
[2022.02.26-04.29.11:692][  0]LogConfig: Setting CVar [[r.DistanceFieldAO:1]]
[2022.02.26-04.29.11:692][  0]LogConfig: Setting CVar [[r.AOQuality:2]]
[2022.02.26-04.29.11:692][  0]LogConfig: Setting CVar [[r.VolumetricFog:1]]
[2022.02.26-04.29.11:692][  0]LogConfig: Setting CVar [[r.VolumetricFog.GridPixelSize:8]]
[2022.02.26-04.29.11:692][  0]LogConfig: Setting CVar [[r.VolumetricFog.GridSizeZ:128]]
[2022.02.26-04.29.11:692][  0]LogConfig: Setting CVar [[r.VolumetricFog.HistoryMissSupersampleCount:4]]
[2022.02.26-04.29.11:692][  0]LogConfig: Setting CVar [[r.LightMaxDrawDistanceScale:1]]
[2022.02.26-04.29.11:692][  0]LogConfig: Setting CVar [[r.CapsuleShadows:1]]
[2022.02.26-04.29.11:692][  0]LogConfig: Applying CVar settings from Section [PostProcessQuality@3] File [C:/FEM_Unreal/FEM/Saved/Config/Windows/Scalability.ini]
[2022.02.26-04.29.11:692][  0]LogConfig: Setting CVar [[r.MotionBlurQuality:4]]
[2022.02.26-04.29.11:692][  0]LogConfig: Setting CVar [[r.AmbientOcclusionMipLevelFactor:0.4]]
[2022.02.26-04.29.11:692][  0]LogConfig: Setting CVar [[r.AmbientOcclusionMaxQuality:100]]
[2022.02.26-04.29.11:693][  0]LogConfig: Setting CVar [[r.AmbientOcclusionLevels:-1]]
[2022.02.26-04.29.11:693][  0]LogConfig: Setting CVar [[r.AmbientOcclusionRadiusScale:1.0]]
[2022.02.26-04.29.11:693][  0]LogConfig: Setting CVar [[r.DepthOfFieldQuality:2]]
[2022.02.26-04.29.11:693][  0]LogConfig: Setting CVar [[r.RenderTargetPoolMin:400]]
[2022.02.26-04.29.11:693][  0]LogConfig: Setting CVar [[r.LensFlareQuality:2]]
[2022.02.26-04.29.11:693][  0]LogConfig: Setting CVar [[r.SceneColorFringeQuality:1]]
[2022.02.26-04.29.11:693][  0]LogConfig: Setting CVar [[r.EyeAdaptationQuality:2]]
[2022.02.26-04.29.11:693][  0]LogConfig: Setting CVar [[r.BloomQuality:5]]
[2022.02.26-04.29.11:693][  0]LogConfig: Setting CVar [[r.FastBlurThreshold:100]]
[2022.02.26-04.29.11:693][  0]LogConfig: Setting CVar [[r.Upscale.Quality:3]]
[2022.02.26-04.29.11:693][  0]LogConfig: Setting CVar [[r.Tonemapper.GrainQuantization:1]]
[2022.02.26-04.29.11:693][  0]LogConfig: Setting CVar [[r.LightShaftQuality:1]]
[2022.02.26-04.29.11:693][  0]LogConfig: Setting CVar [[r.Filter.SizeScale:1]]
[2022.02.26-04.29.11:693][  0]LogConfig: Setting CVar [[r.Tonemapper.Quality:5]]
[2022.02.26-04.29.11:693][  0]LogConfig: Setting CVar [[r.DOF.Gather.AccumulatorQuality:1        ; higher gathering accumulator quality]]
[2022.02.26-04.29.11:694][  0]LogConfig: Setting CVar [[r.DOF.Gather.PostfilterMethod:1          ; Median3x3 postfilering method]]
[2022.02.26-04.29.11:694][  0]LogConfig: Setting CVar [[r.DOF.Gather.EnableBokehSettings:0       ; no bokeh simulation when gathering]]
[2022.02.26-04.29.11:694][  0]LogConfig: Setting CVar [[r.DOF.Gather.RingCount:4                 ; medium number of samples when gathering]]
[2022.02.26-04.29.11:694][  0]LogConfig: Setting CVar [[r.DOF.Scatter.ForegroundCompositing:1    ; additive foreground scattering]]
[2022.02.26-04.29.11:694][  0]LogConfig: Setting CVar [[r.DOF.Scatter.BackgroundCompositing:2    ; additive background scattering]]
[2022.02.26-04.29.11:694][  0]LogConfig: Setting CVar [[r.DOF.Scatter.EnableBokehSettings:1      ; bokeh simulation when scattering]]
[2022.02.26-04.29.11:694][  0]LogConfig: Setting CVar [[r.DOF.Scatter.MaxSpriteRatio:0.1         ; only a maximum of 10% of scattered bokeh]]
[2022.02.26-04.29.11:694][  0]LogConfig: Setting CVar [[r.DOF.Recombine.Quality:1                ; cheap slight out of focus]]
[2022.02.26-04.29.11:694][  0]LogConfig: Setting CVar [[r.DOF.Recombine.EnableBokehSettings:0    ; no bokeh simulation on slight out of focus]]
[2022.02.26-04.29.11:694][  0]LogConfig: Setting CVar [[r.DOF.TemporalAAQuality:1                ; more stable temporal accumulation]]
[2022.02.26-04.29.11:694][  0]LogConfig: Setting CVar [[r.DOF.Kernel.MaxForegroundRadius:0.025]]
[2022.02.26-04.29.11:695][  0]LogConfig: Setting CVar [[r.DOF.Kernel.MaxBackgroundRadius:0.025]]
[2022.02.26-04.29.11:695][  0]LogConfig: Applying CVar settings from Section [TextureQuality@3] File [C:/FEM_Unreal/FEM/Saved/Config/Windows/Scalability.ini]
[2022.02.26-04.29.11:695][  0]LogConfig: Setting CVar [[r.Streaming.MipBias:0]]
[2022.02.26-04.29.11:695][  0]LogConfig: Setting CVar [[r.Streaming.AmortizeCPUToGPUCopy:0]]
[2022.02.26-04.29.11:695][  0]LogConfig: Setting CVar [[r.Streaming.MaxNumTexturesToStreamPerFrame:0]]
[2022.02.26-04.29.11:695][  0]LogConfig: Setting CVar [[r.Streaming.Boost:1]]
[2022.02.26-04.29.11:695][  0]LogConfig: Setting CVar [[r.MaxAnisotropy:8]]
[2022.02.26-04.29.11:695][  0]LogConfig: Setting CVar [[r.VT.MaxAnisotropy:8]]
[2022.02.26-04.29.11:695][  0]LogConfig: Setting CVar [[r.Streaming.LimitPoolSizeToVRAM:0]]
[2022.02.26-04.29.11:695][  0]LogConfig: Setting CVar [[r.Streaming.PoolSize:1000]]
[2022.02.26-04.29.11:695][  0]LogConfig: Setting CVar [[r.Streaming.MaxEffectiveScreenSize:0]]
[2022.02.26-04.29.11:695][  0]LogConfig: Applying CVar settings from Section [EffectsQuality@3] File [C:/FEM_Unreal/FEM/Saved/Config/Windows/Scalability.ini]
[2022.02.26-04.29.11:695][  0]LogConfig: Setting CVar [[r.TranslucencyLightingVolumeDim:64]]
[2022.02.26-04.29.11:695][  0]LogConfig: Setting CVar [[r.RefractionQuality:2]]
[2022.02.26-04.29.11:696][  0]LogConfig: Setting CVar [[r.SSR.Quality:3]]
[2022.02.26-04.29.11:696][  0]LogConfig: Setting CVar [[r.SSR.HalfResSceneColor:0]]
[2022.02.26-04.29.11:696][  0]LogConfig: Setting CVar [[r.SceneColorFormat:4]]
[2022.02.26-04.29.11:696][  0]LogConfig: Setting CVar [[r.DetailMode:2]]
[2022.02.26-04.29.11:696][  0]LogConfig: Setting CVar [[r.TranslucencyVolumeBlur:1]]
[2022.02.26-04.29.11:696][  0]LogConfig: Setting CVar [[r.MaterialQualityLevel:1 ; High quality]]
[2022.02.26-04.29.11:696][  0]LogConfig: Setting CVar [[r.AnisotropicMaterials:1]]
[2022.02.26-04.29.11:696][  0]LogConfig: Setting CVar [[r.SSS.Scale:1]]
[2022.02.26-04.29.11:696][  0]LogConfig: Setting CVar [[r.SSS.SampleSet:2]]
[2022.02.26-04.29.11:696][  0]LogConfig: Setting CVar [[r.SSS.Quality:1]]
[2022.02.26-04.29.11:696][  0]LogConfig: Setting CVar [[r.SSS.HalfRes:0]]
[2022.02.26-04.29.11:696][  0]LogConfig: Setting CVar [[r.SSGI.Quality:3]]
[2022.02.26-04.29.11:696][  0]LogConfig: Setting CVar [[r.EmitterSpawnRateScale:1.0]]
[2022.02.26-04.29.11:696][  0]LogConfig: Setting CVar [[r.ParticleLightQuality:2]]
[2022.02.26-04.29.11:697][  0]LogConfig: Setting CVar [[r.SkyAtmosphere.AerialPerspectiveLUT.FastApplyOnOpaque:1 ; Always have FastSkyLUT 1 in this case to avoid wrong sky]]
[2022.02.26-04.29.11:697][  0]LogConfig: Setting CVar [[r.SkyAtmosphere.AerialPerspectiveLUT.SampleCountMaxPerSlice:4]]
[2022.02.26-04.29.11:697][  0]LogConfig: Setting CVar [[r.SkyAtmosphere.AerialPerspectiveLUT.DepthResolution:16.0]]
[2022.02.26-04.29.11:697][  0]LogConfig: Setting CVar [[r.SkyAtmosphere.FastSkyLUT:1]]
[2022.02.26-04.29.11:697][  0]LogConfig: Setting CVar [[r.SkyAtmosphere.FastSkyLUT.SampleCountMin:4.0]]
[2022.02.26-04.29.11:697][  0]LogConfig: Setting CVar [[r.SkyAtmosphere.FastSkyLUT.SampleCountMax:128.0]]
[2022.02.26-04.29.11:697][  0]LogConfig: Setting CVar [[r.SkyAtmosphere.SampleCountMin:4.0]]
[2022.02.26-04.29.11:697][  0]LogConfig: Setting CVar [[r.SkyAtmosphere.SampleCountMax:128.0]]
[2022.02.26-04.29.11:697][  0]LogConfig: Setting CVar [[r.SkyAtmosphere.TransmittanceLUT.UseSmallFormat:0]]
[2022.02.26-04.29.11:697][  0]LogConfig: Setting CVar [[r.SkyAtmosphere.TransmittanceLUT.SampleCount:10.0]]
[2022.02.26-04.29.11:697][  0]LogConfig: Setting CVar [[r.SkyAtmosphere.MultiScatteringLUT.SampleCount:15.0]]
[2022.02.26-04.29.11:697][  0]LogConfig: Setting CVar [[r.SkyLight.RealTimeReflectionCapture:1]]
[2022.02.26-04.29.11:697][  0]LogConfig: Setting CVar [[fx.Niagara.QualityLevel:3]]
[2022.02.26-04.29.11:697][  0]LogConfig: Applying CVar settings from Section [FoliageQuality@3] File [C:/FEM_Unreal/FEM/Saved/Config/Windows/Scalability.ini]
[2022.02.26-04.29.11:698][  0]LogConfig: Setting CVar [[foliage.DensityScale:1.0]]
[2022.02.26-04.29.11:698][  0]LogConfig: Setting CVar [[grass.DensityScale:1.0]]
[2022.02.26-04.29.11:698][  0]LogConfig: Applying CVar settings from Section [ShadingQuality@3] File [C:/FEM_Unreal/FEM/Saved/Config/Windows/Scalability.ini]
[2022.02.26-04.29.11:698][  0]LogConfig: Setting CVar [[r.HairStrands.SkyLighting.IntegrationType:2]]
[2022.02.26-04.29.11:698][  0]LogConfig: Setting CVar [[r.HairStrands.SkyAO.SampleCount:4]]
[2022.02.26-04.29.11:698][  0]LogConfig: Setting CVar [[r.HairStrands.Visibility.MSAA.SamplePerPixel:4]]
[2022.02.26-04.29.11:698][  0]LogConfig: Setting CVar [[r.HairStrands.Interpolation.UseSingleGuide:0]]
[2022.02.26-04.29.11:698][  0]LogInit: Selected Device Profile: [Windows]
[2022.02.26-04.29.11:698][  0]LogInit: Applying CVar settings loaded from the selected device profile: [Windows]
[2022.02.26-04.29.11:698][  0]LogHAL: Display: Platform has ~ 16 GB [17112543232 / 17179869184 / 16], which maps to Larger [LargestMinGB=32, LargerMinGB=12, DefaultMinGB=8, SmallerMinGB=6, SmallestMinGB=0)
[2022.02.26-04.29.11:698][  0]LogInit: Going up to parent DeviceProfile []
[2022.02.26-04.29.11:699][  0]LogConfig: Applying CVar settings from Section [ViewDistanceQuality@3] File [C:/FEM_Unreal/FEM/Saved/Config/Windows/Scalability.ini]
[2022.02.26-04.29.11:699][  0]LogConfig: Setting CVar [[r.SkeletalMeshLODBias:0]]
[2022.02.26-04.29.11:699][  0]LogConfig: Setting CVar [[r.ViewDistanceScale:1.0]]
[2022.02.26-04.29.11:699][  0]LogConfig: Applying CVar settings from Section [AntiAliasingQuality@3] File [C:/FEM_Unreal/FEM/Saved/Config/Windows/Scalability.ini]
[2022.02.26-04.29.11:699][  0]LogConfig: Setting CVar [[r.PostProcessAAQuality:4]]
[2022.02.26-04.29.11:699][  0]LogConfig: Applying CVar settings from Section [ShadowQuality@3] File [C:/FEM_Unreal/FEM/Saved/Config/Windows/Scalability.ini]
[2022.02.26-04.29.11:699][  0]LogConfig: Setting CVar [[r.LightFunctionQuality:1]]
[2022.02.26-04.29.11:699][  0]LogConfig: Setting CVar [[r.ShadowQuality:5]]
[2022.02.26-04.29.11:699][  0]LogConfig: Setting CVar [[r.Shadow.CSM.MaxCascades:10]]
[2022.02.26-04.29.11:699][  0]LogConfig: Setting CVar [[r.Shadow.MaxResolution:2048]]
[2022.02.26-04.29.11:699][  0]LogConfig: Setting CVar [[r.Shadow.MaxCSMResolution:2048]]
[2022.02.26-04.29.11:699][  0]LogConfig: Setting CVar [[r.Shadow.RadiusThreshold:0.01]]
[2022.02.26-04.29.11:699][  0]LogConfig: Setting CVar [[r.Shadow.DistanceScale:1.0]]
[2022.02.26-04.29.11:699][  0]LogConfig: Setting CVar [[r.Shadow.CSM.TransitionScale:1.0]]
[2022.02.26-04.29.11:700][  0]LogConfig: Setting CVar [[r.Shadow.PreShadowResolutionFactor:1.0]]
[2022.02.26-04.29.11:700][  0]LogConfig: Setting CVar [[r.DistanceFieldShadowing:1]]
[2022.02.26-04.29.11:700][  0]LogConfig: Setting CVar [[r.DistanceFieldAO:1]]
[2022.02.26-04.29.11:700][  0]LogConfig: Setting CVar [[r.AOQuality:2]]
[2022.02.26-04.29.11:700][  0]LogConfig: Setting CVar [[r.VolumetricFog:1]]
[2022.02.26-04.29.11:700][  0]LogConfig: Setting CVar [[r.VolumetricFog.GridPixelSize:8]]
[2022.02.26-04.29.11:700][  0]LogConfig: Setting CVar [[r.VolumetricFog.GridSizeZ:128]]
[2022.02.26-04.29.11:700][  0]LogConfig: Setting CVar [[r.VolumetricFog.HistoryMissSupersampleCount:4]]
[2022.02.26-04.29.11:700][  0]LogConfig: Setting CVar [[r.LightMaxDrawDistanceScale:1]]
[2022.02.26-04.29.11:700][  0]LogConfig: Setting CVar [[r.CapsuleShadows:1]]
[2022.02.26-04.29.11:700][  0]LogConfig: Applying CVar settings from Section [PostProcessQuality@3] File [C:/FEM_Unreal/FEM/Saved/Config/Windows/Scalability.ini]
[2022.02.26-04.29.11:700][  0]LogConfig: Setting CVar [[r.MotionBlurQuality:4]]
[2022.02.26-04.29.11:700][  0]LogConfig: Setting CVar [[r.AmbientOcclusionMipLevelFactor:0.4]]
[2022.02.26-04.29.11:700][  0]LogConfig: Setting CVar [[r.AmbientOcclusionMaxQuality:100]]
[2022.02.26-04.29.11:701][  0]LogConfig: Setting CVar [[r.AmbientOcclusionLevels:-1]]
[2022.02.26-04.29.11:701][  0]LogConfig: Setting CVar [[r.AmbientOcclusionRadiusScale:1.0]]
[2022.02.26-04.29.11:701][  0]LogConfig: Setting CVar [[r.DepthOfFieldQuality:2]]
[2022.02.26-04.29.11:701][  0]LogConfig: Setting CVar [[r.RenderTargetPoolMin:400]]
[2022.02.26-04.29.11:701][  0]LogConfig: Setting CVar [[r.LensFlareQuality:2]]
[2022.02.26-04.29.11:701][  0]LogConfig: Setting CVar [[r.SceneColorFringeQuality:1]]
[2022.02.26-04.29.11:701][  0]LogConfig: Setting CVar [[r.EyeAdaptationQuality:2]]
[2022.02.26-04.29.11:701][  0]LogConfig: Setting CVar [[r.BloomQuality:5]]
[2022.02.26-04.29.11:701][  0]LogConfig: Setting CVar [[r.FastBlurThreshold:100]]
[2022.02.26-04.29.11:701][  0]LogConfig: Setting CVar [[r.Upscale.Quality:3]]
[2022.02.26-04.29.11:701][  0]LogConfig: Setting CVar [[r.Tonemapper.GrainQuantization:1]]
[2022.02.26-04.29.11:701][  0]LogConfig: Setting CVar [[r.LightShaftQuality:1]]
[2022.02.26-04.29.11:701][  0]LogConfig: Setting CVar [[r.Filter.SizeScale:1]]
[2022.02.26-04.29.11:702][  0]LogConfig: Setting CVar [[r.Tonemapper.Quality:5]]
[2022.02.26-04.29.11:702][  0]LogConfig: Setting CVar [[r.DOF.Gather.AccumulatorQuality:1        ; higher gathering accumulator quality]]
[2022.02.26-04.29.11:702][  0]LogConfig: Setting CVar [[r.DOF.Gather.PostfilterMethod:1          ; Median3x3 postfilering method]]
[2022.02.26-04.29.11:702][  0]LogConfig: Setting CVar [[r.DOF.Gather.EnableBokehSettings:0       ; no bokeh simulation when gathering]]
[2022.02.26-04.29.11:702][  0]LogConfig: Setting CVar [[r.DOF.Gather.RingCount:4                 ; medium number of samples when gathering]]
[2022.02.26-04.29.11:702][  0]LogConfig: Setting CVar [[r.DOF.Scatter.ForegroundCompositing:1    ; additive foreground scattering]]
[2022.02.26-04.29.11:702][  0]LogConfig: Setting CVar [[r.DOF.Scatter.BackgroundCompositing:2    ; additive background scattering]]
[2022.02.26-04.29.11:702][  0]LogConfig: Setting CVar [[r.DOF.Scatter.EnableBokehSettings:1      ; bokeh simulation when scattering]]
[2022.02.26-04.29.11:702][  0]LogConfig: Setting CVar [[r.DOF.Scatter.MaxSpriteRatio:0.1         ; only a maximum of 10% of scattered bokeh]]
[2022.02.26-04.29.11:702][  0]LogConfig: Setting CVar [[r.DOF.Recombine.Quality:1                ; cheap slight out of focus]]
[2022.02.26-04.29.11:702][  0]LogConfig: Setting CVar [[r.DOF.Recombine.EnableBokehSettings:0    ; no bokeh simulation on slight out of focus]]
[2022.02.26-04.29.11:702][  0]LogConfig: Setting CVar [[r.DOF.TemporalAAQuality:1                ; more stable temporal accumulation]]
[2022.02.26-04.29.11:702][  0]LogConfig: Setting CVar [[r.DOF.Kernel.MaxForegroundRadius:0.025]]
[2022.02.26-04.29.11:702][  0]LogConfig: Setting CVar [[r.DOF.Kernel.MaxBackgroundRadius:0.025]]
[2022.02.26-04.29.11:703][  0]LogConfig: Applying CVar settings from Section [TextureQuality@3] File [C:/FEM_Unreal/FEM/Saved/Config/Windows/Scalability.ini]
[2022.02.26-04.29.11:703][  0]LogConfig: Setting CVar [[r.Streaming.MipBias:0]]
[2022.02.26-04.29.11:703][  0]LogConfig: Setting CVar [[r.Streaming.AmortizeCPUToGPUCopy:0]]
[2022.02.26-04.29.11:703][  0]LogConfig: Setting CVar [[r.Streaming.MaxNumTexturesToStreamPerFrame:0]]
[2022.02.26-04.29.11:703][  0]LogConfig: Setting CVar [[r.Streaming.Boost:1]]
[2022.02.26-04.29.11:703][  0]LogConfig: Setting CVar [[r.MaxAnisotropy:8]]
[2022.02.26-04.29.11:703][  0]LogConfig: Setting CVar [[r.VT.MaxAnisotropy:8]]
[2022.02.26-04.29.11:703][  0]LogConfig: Setting CVar [[r.Streaming.LimitPoolSizeToVRAM:0]]
[2022.02.26-04.29.11:703][  0]LogConfig: Setting CVar [[r.Streaming.PoolSize:1000]]
[2022.02.26-04.29.11:703][  0]LogConfig: Setting CVar [[r.Streaming.MaxEffectiveScreenSize:0]]
[2022.02.26-04.29.11:703][  0]LogConfig: Applying CVar settings from Section [EffectsQuality@3] File [C:/FEM_Unreal/FEM/Saved/Config/Windows/Scalability.ini]
[2022.02.26-04.29.11:703][  0]LogConfig: Setting CVar [[r.TranslucencyLightingVolumeDim:64]]
[2022.02.26-04.29.11:703][  0]LogConfig: Setting CVar [[r.RefractionQuality:2]]
[2022.02.26-04.29.11:703][  0]LogConfig: Setting CVar [[r.SSR.Quality:3]]
[2022.02.26-04.29.11:704][  0]LogConfig: Setting CVar [[r.SSR.HalfResSceneColor:0]]
[2022.02.26-04.29.11:704][  0]LogConfig: Setting CVar [[r.SceneColorFormat:4]]
[2022.02.26-04.29.11:704][  0]LogConfig: Setting CVar [[r.DetailMode:2]]
[2022.02.26-04.29.11:704][  0]LogConfig: Setting CVar [[r.TranslucencyVolumeBlur:1]]
[2022.02.26-04.29.11:704][  0]LogConfig: Setting CVar [[r.MaterialQualityLevel:1 ; High quality]]
[2022.02.26-04.29.11:704][  0]LogConfig: Setting CVar [[r.AnisotropicMaterials:1]]
[2022.02.26-04.29.11:704][  0]LogConfig: Setting CVar [[r.SSS.Scale:1]]
[2022.02.26-04.29.11:704][  0]LogConfig: Setting CVar [[r.SSS.SampleSet:2]]
[2022.02.26-04.29.11:704][  0]LogConfig: Setting CVar [[r.SSS.Quality:1]]
[2022.02.26-04.29.11:704][  0]LogConfig: Setting CVar [[r.SSS.HalfRes:0]]
[2022.02.26-04.29.11:704][  0]LogConfig: Setting CVar [[r.SSGI.Quality:3]]
[2022.02.26-04.29.11:704][  0]LogConfig: Setting CVar [[r.EmitterSpawnRateScale:1.0]]
[2022.02.26-04.29.11:704][  0]LogConfig: Setting CVar [[r.ParticleLightQuality:2]]
[2022.02.26-04.29.11:704][  0]LogConfig: Setting CVar [[r.SkyAtmosphere.AerialPerspectiveLUT.FastApplyOnOpaque:1 ; Always have FastSkyLUT 1 in this case to avoid wrong sky]]
[2022.02.26-04.29.11:704][  0]LogConfig: Setting CVar [[r.SkyAtmosphere.AerialPerspectiveLUT.SampleCountMaxPerSlice:4]]
[2022.02.26-04.29.11:705][  0]LogConfig: Setting CVar [[r.SkyAtmosphere.AerialPerspectiveLUT.DepthResolution:16.0]]
[2022.02.26-04.29.11:705][  0]LogConfig: Setting CVar [[r.SkyAtmosphere.FastSkyLUT:1]]
[2022.02.26-04.29.11:705][  0]LogConfig: Setting CVar [[r.SkyAtmosphere.FastSkyLUT.SampleCountMin:4.0]]
[2022.02.26-04.29.11:705][  0]LogConfig: Setting CVar [[r.SkyAtmosphere.FastSkyLUT.SampleCountMax:128.0]]
[2022.02.26-04.29.11:705][  0]LogConfig: Setting CVar [[r.SkyAtmosphere.SampleCountMin:4.0]]
[2022.02.26-04.29.11:705][  0]LogConfig: Setting CVar [[r.SkyAtmosphere.SampleCountMax:128.0]]
[2022.02.26-04.29.11:705][  0]LogConfig: Setting CVar [[r.SkyAtmosphere.TransmittanceLUT.UseSmallFormat:0]]
[2022.02.26-04.29.11:705][  0]LogConfig: Setting CVar [[r.SkyAtmosphere.TransmittanceLUT.SampleCount:10.0]]
[2022.02.26-04.29.11:705][  0]LogConfig: Setting CVar [[r.SkyAtmosphere.MultiScatteringLUT.SampleCount:15.0]]
[2022.02.26-04.29.11:705][  0]LogConfig: Setting CVar [[r.SkyLight.RealTimeReflectionCapture:1]]
[2022.02.26-04.29.11:705][  0]LogConfig: Setting CVar [[fx.Niagara.QualityLevel:3]]
[2022.02.26-04.29.11:705][  0]LogConfig: Applying CVar settings from Section [FoliageQuality@3] File [C:/FEM_Unreal/FEM/Saved/Config/Windows/Scalability.ini]
[2022.02.26-04.29.11:705][  0]LogConfig: Setting CVar [[foliage.DensityScale:1.0]]
[2022.02.26-04.29.11:705][  0]LogConfig: Setting CVar [[grass.DensityScale:1.0]]
[2022.02.26-04.29.11:706][  0]LogConfig: Applying CVar settings from Section [ShadingQuality@3] File [C:/FEM_Unreal/FEM/Saved/Config/Windows/Scalability.ini]
[2022.02.26-04.29.11:706][  0]LogConfig: Setting CVar [[r.HairStrands.SkyLighting.IntegrationType:2]]
[2022.02.26-04.29.11:706][  0]LogConfig: Setting CVar [[r.HairStrands.SkyAO.SampleCount:4]]
[2022.02.26-04.29.11:706][  0]LogConfig: Setting CVar [[r.HairStrands.Visibility.MSAA.SamplePerPixel:4]]
[2022.02.26-04.29.11:706][  0]LogConfig: Setting CVar [[r.HairStrands.Interpolation.UseSingleGuide:0]]
[2022.02.26-04.29.11:706][  0]LogConfig: Applying CVar settings from Section [Startup] File [../../../Engine/Config/ConsoleVariables.ini]
[2022.02.26-04.29.11:706][  0]LogConfig: Setting CVar [[net.UseAdaptiveNetUpdateFrequency:0]]
[2022.02.26-04.29.11:707][  0]LogConfig: Setting CVar [[p.chaos.AllowCreatePhysxBodies:1]]
[2022.02.26-04.29.11:707][  0]LogConfig: Setting CVar [[fx.SkipVectorVMBackendOptimizations:1]]
[2022.02.26-04.29.11:707][  0]LogConfig: Applying CVar settings from Section [ConsoleVariables] File [C:/FEM_Unreal/FEM/Saved/Config/Windows/Engine.ini]
[2022.02.26-04.29.11:707][  0]LogConfig: Applying CVar settings from Section [ConsoleVariables] File [C:/FEM_Unreal/FEM/Saved/Config/Windows/Editor.ini]
[2022.02.26-04.29.11:707][  0]LogInit: Computer: DESKTOP-IUA6Q6A
[2022.02.26-04.29.11:707][  0]LogInit: User: mauri
[2022.02.26-04.29.11:707][  0]LogInit: CPU Page size=4096, Cores=4
[2022.02.26-04.29.11:707][  0]LogInit: High frequency timer resolution =10.000000 MHz
[2022.02.26-04.29.11:707][  0]LogMemory: Memory total: Physical=15.9GB (16GB approx)
[2022.02.26-04.29.11:707][  0]LogMemory: Platform Memory Stats for Windows
[2022.02.26-04.29.11:707][  0]LogMemory: Process Physical Memory: 144.91 MB used, 144.91 MB peak
[2022.02.26-04.29.11:707][  0]LogMemory: Process Virtual Memory: 115.51 MB used, 115.51 MB peak
[2022.02.26-04.29.11:708][  0]LogMemory: Physical Memory: 6605.25 MB used,  9714.55 MB free, 16319.79 MB total
[2022.02.26-04.29.11:708][  0]LogMemory: Virtual Memory: 134207352.00 MB used,  10375.11 MB free, 134217728.00 MB total
[2022.02.26-04.29.11:724][  0]LogWindows: WindowsPlatformFeatures enabled
[2022.02.26-04.29.11:798][  0]LogInit: Physics initialised using underlying interface: Chaos
[2022.02.26-04.29.11:799][  0]LogInit: Using OS detected language (en-US).
[2022.02.26-04.29.11:800][  0]LogInit: Using OS detected locale (en-CA).
[2022.02.26-04.29.11:809][  0]LogTextLocalizationManager: No specific localization for 'en-US' exists, so the 'en' localization will be used.
[2022.02.26-04.29.12:125][  0]LogInit: Setting process to per monitor DPI aware
[2022.02.26-04.29.12:161][  0]LogWindowsTextInputMethodSystem: Display: IME system deactivated.
[2022.02.26-04.29.12:190][  0]LogSlate: New Slate User Created.  User Index 0, Is Virtual User: 0
[2022.02.26-04.29.12:192][  0]LogSlate: Slate User Registered.  User Index 0, Is Virtual User: 0
[2022.02.26-04.29.12:426][  0]LogD3D11RHI: Loaded GFSDK_Aftermath_Lib.x64.dll
[2022.02.26-04.29.12:433][  0]LogHMD: Failed to initialize OpenVR with code 110
[2022.02.26-04.29.12:433][  0]LogD3D11RHI: D3D11 min allowed feature level: 11_0
[2022.02.26-04.29.12:434][  0]LogD3D11RHI: D3D11 max allowed feature level: 11_0
[2022.02.26-04.29.12:434][  0]LogD3D11RHI: D3D11 adapters:
[2022.02.26-04.29.12:499][  0]LogD3D11RHI:    0. 'NVIDIA GeForce GTX 1060' (Feature Level 11_0)
[2022.02.26-04.29.12:500][  0]LogD3D11RHI:       6100/0/8159 MB DedicatedVideo/DedicatedSystem/SharedSystem, Outputs:1, VendorId:0x10de
[2022.02.26-04.29.12:507][  0]LogD3D11RHI:    1. 'Microsoft Basic Render Driver' (Feature Level 11_0)
[2022.02.26-04.29.12:507][  0]LogD3D11RHI:       0/0/8159 MB DedicatedVideo/DedicatedSystem/SharedSystem, Outputs:0, VendorId:0x1414
[2022.02.26-04.29.12:507][  0]LogD3D11RHI: Chosen D3D11 Adapter:
[2022.02.26-04.29.12:508][  0]LogD3D11RHI:     Description : NVIDIA GeForce GTX 1060
[2022.02.26-04.29.12:508][  0]LogD3D11RHI:     VendorId    : 10de
[2022.02.26-04.29.12:508][  0]LogD3D11RHI:     DeviceId    : 1c60
[2022.02.26-04.29.12:508][  0]LogD3D11RHI:     SubSysId    : 15501043
[2022.02.26-04.29.12:508][  0]LogD3D11RHI:     Revision    : 00a1
[2022.02.26-04.29.12:508][  0]LogD3D11RHI:     DedicatedVideoMemory : 6397165568 bytes
[2022.02.26-04.29.12:508][  0]LogD3D11RHI:     DedicatedSystemMemory : 0 bytes
[2022.02.26-04.29.12:508][  0]LogD3D11RHI:     SharedSystemMemory : 8556271616 bytes
[2022.02.26-04.29.12:508][  0]LogD3D11RHI:     AdapterLuid : 0 39764
[2022.02.26-04.29.12:515][  0]LogD3D11RHI: Creating new Direct3DDevice
[2022.02.26-04.29.12:515][  0]LogD3D11RHI:     GPU DeviceId: 0x1c60 (for the marketing name, search the web for "GPU Device Id")
[2022.02.26-04.29.12:515][  0]LogWindows: EnumDisplayDevices:
[2022.02.26-04.29.12:515][  0]LogWindows:    0. 'NVIDIA GeForce GTX 1060' (P:1 D:1)
[2022.02.26-04.29.12:516][  0]LogWindows:    1. 'NVIDIA GeForce GTX 1060' (P:0 D:0)
[2022.02.26-04.29.12:516][  0]LogWindows:    2. 'NVIDIA GeForce GTX 1060' (P:0 D:0)
[2022.02.26-04.29.12:516][  0]LogWindows:    3. 'NVIDIA GeForce GTX 1060' (P:0 D:0)
[2022.02.26-04.29.12:517][  0]LogWindows: DebugString: FoundDriverCount:4 
[2022.02.26-04.29.12:517][  0]LogD3D11RHI:     Adapter Name: NVIDIA GeForce GTX 1060
[2022.02.26-04.29.12:517][  0]LogD3D11RHI:   Driver Version: 373.06 (internal:21.21.13.7306, unified:373.06)
[2022.02.26-04.29.12:517][  0]LogD3D11RHI:      Driver Date: 10-1-2016
[2022.02.26-04.29.12:517][  0]LogRHI: Texture pool is 4270 MB (70% of 6100 MB)
[2022.02.26-04.29.12:517][  0]LogD3D11RHI: Creating D3DDevice using adapter:
[2022.02.26-04.29.12:517][  0]LogD3D11RHI:     Description : NVIDIA GeForce GTX 1060
[2022.02.26-04.29.12:517][  0]LogD3D11RHI:     VendorId    : 10de
[2022.02.26-04.29.12:517][  0]LogD3D11RHI:     DeviceId    : 1c60
[2022.02.26-04.29.12:517][  0]LogD3D11RHI:     SubSysId    : 15501043
[2022.02.26-04.29.12:518][  0]LogD3D11RHI:     Revision    : 00a1
[2022.02.26-04.29.12:518][  0]LogD3D11RHI:     DedicatedVideoMemory : 6397165568 bytes
[2022.02.26-04.29.12:518][  0]LogD3D11RHI:     DedicatedSystemMemory : 0 bytes
[2022.02.26-04.29.12:518][  0]LogD3D11RHI:     SharedSystemMemory : 8556271616 bytes
[2022.02.26-04.29.12:518][  0]LogD3D11RHI:     AdapterLuid : 0 39764
[2022.02.26-04.29.12:559][  0]LogD3D11RHI: RHI does not have support for 64 bit atomics
[2022.02.26-04.29.12:559][  0]LogD3D11RHI: Async texture creation enabled
[2022.02.26-04.29.12:559][  0]LogD3D11RHI: Array index from any shader is supported
[2022.02.26-04.29.12:582][  0]LogD3D11RHI: GPU Timing Frequency: 1000.000000 (Debug: 2 1)
[2022.02.26-04.29.12:679][  0]LogRHI: GeForceNow SDK initialized: 1
[2022.02.26-04.29.13:644][  0]LogTargetPlatformManager: Display: Loaded TargetPlatform 'AllDesktop'
[2022.02.26-04.29.13:693][  0]LogTargetPlatformManager: Display: Loaded TargetPlatform 'Android'
[2022.02.26-04.29.13:694][  0]LogTargetPlatformManager: Display: Loaded TargetPlatform 'Android_ASTC'
[2022.02.26-04.29.13:694][  0]LogTargetPlatformManager: Display: Loaded TargetPlatform 'Android_DXT'
[2022.02.26-04.29.13:694][  0]LogTargetPlatformManager: Display: Loaded TargetPlatform 'Android_ETC2'
[2022.02.26-04.29.13:694][  0]LogTargetPlatformManager: Display: Loaded TargetPlatform 'AndroidClient'
[2022.02.26-04.29.13:694][  0]LogTargetPlatformManager: Display: Loaded TargetPlatform 'Android_ASTCClient'
[2022.02.26-04.29.13:694][  0]LogTargetPlatformManager: Display: Loaded TargetPlatform 'Android_DXTClient'
[2022.02.26-04.29.13:694][  0]LogTargetPlatformManager: Display: Loaded TargetPlatform 'Android_ETC2Client'
[2022.02.26-04.29.13:694][  0]LogTargetPlatformManager: Display: Loaded TargetPlatform 'Android_Multi'
[2022.02.26-04.29.13:694][  0]LogTargetPlatformManager: Display: Loaded TargetPlatform 'Android_MultiClient'
[2022.02.26-04.29.13:749][  0]LogTargetPlatformManager: Display: Loaded TargetPlatform 'IOSClient'
[2022.02.26-04.29.13:749][  0]LogTargetPlatformManager: Display: Loaded TargetPlatform 'IOS'
[2022.02.26-04.29.13:799][  0]LogTargetPlatformManager: Display: Loaded TargetPlatform 'Lumin'
[2022.02.26-04.29.13:799][  0]LogTargetPlatformManager: Display: Loaded TargetPlatform 'LuminClient'
[2022.02.26-04.29.13:821][  0]LogTargetPlatformManager: Display: Loaded TargetPlatform 'MacNoEditor'
[2022.02.26-04.29.13:839][  0]LogTargetPlatformManager: Display: Loaded TargetPlatform 'Mac'
[2022.02.26-04.29.13:857][  0]LogTargetPlatformManager: Display: Loaded TargetPlatform 'MacClient'
[2022.02.26-04.29.13:872][  0]LogTargetPlatformManager: Display: Loaded TargetPlatform 'MacServer'
[2022.02.26-04.29.13:899][  0]LogTargetPlatformManager: Display: Loaded TargetPlatform 'TVOSClient'
[2022.02.26-04.29.13:899][  0]LogTargetPlatformManager: Display: Loaded TargetPlatform 'TVOS'
[2022.02.26-04.29.13:924][  0]LogTargetPlatformManager: Display: Loaded TargetPlatform 'WindowsNoEditor'
[2022.02.26-04.29.13:941][  0]LogTargetPlatformManager: Display: Loaded TargetPlatform 'Windows'
[2022.02.26-04.29.13:959][  0]LogTargetPlatformManager: Display: Loaded TargetPlatform 'WindowsClient'
[2022.02.26-04.29.13:973][  0]LogTargetPlatformManager: Display: Loaded TargetPlatform 'WindowsServer'
[2022.02.26-04.29.13:973][  0]LogTargetPlatformManager: Display: Building Assets For Windows
[2022.02.26-04.29.14:006][  0]LogAudioDebug: Display: Lib vorbis DLL was dynamically loaded.
[2022.02.26-04.29.14:143][  0]LogTextureFormatOodle: Display: Oodle Texture 2.9.0 init RDO Off
[2022.02.26-04.29.14:255][  0]LogRendererCore: Ray tracing is disabled. Reason: r.RayTracing=0.
[2022.02.26-04.29.14:255][  0]LogShaderCompilers: Guid format shader working directory is 19 characters bigger than the processId version (../../../../FEM_Unreal/FEM/Intermediate/Shaders/WorkingDirectory/15060/).
[2022.02.26-04.29.14:255][  0]LogShaderCompilers: Cleaned the shader compiler working directory 'C:/Users/mauri/AppData/Local/Temp/UnrealShaderWorkingDir/52B88AFF4CC5B836867BDA8234B9E71E/'.
[2022.02.26-04.29.14:256][  0]LogXGEController: Cannot use XGE Controller as Incredibuild is not installed on this machine.
[2022.02.26-04.29.14:256][  0]LogShaderCompilers: Cannot use XGE Shader Compiler as Incredibuild is not installed on this machine.
[2022.02.26-04.29.14:256][  0]LogShaderCompilers: Display: Using Local Shader Compiler.
[2022.02.26-04.29.15:514][  0]LogDerivedDataCache: Display: Max Cache Size: 512 MB
[2022.02.26-04.29.15:607][  0]LogDerivedDataCache: Loaded boot cache 0.09s 103MB ../../../../FEM_Unreal/FEM/DerivedDataCache/Boot.ddc.
[2022.02.26-04.29.15:608][  0]LogDerivedDataCache: Display: Loaded Boot cache: ../../../../FEM_Unreal/FEM/DerivedDataCache/Boot.ddc
[2022.02.26-04.29.15:608][  0]LogDerivedDataCache: FDerivedDataBackendGraph:  Pak pak cache file ../../../../FEM_Unreal/FEM/DerivedDataCache/DDC.ddp not found, will not use a pak cache.
[2022.02.26-04.29.15:608][  0]LogDerivedDataCache: Unable to find inner node Pak for hierarchical cache Hierarchy.
[2022.02.26-04.29.15:608][  0]LogDerivedDataCache: FDerivedDataBackendGraph:  EnginePak pak cache file ../../../Engine/DerivedDataCache/DDC.ddp not found, will not use a pak cache.
[2022.02.26-04.29.15:608][  0]LogDerivedDataCache: Unable to find inner node EnginePak for hierarchical cache Hierarchy.
[2022.02.26-04.29.15:618][  0]LogDerivedDataCache: Speed tests for ../../../Engine/DerivedDataCache took 0.01 seconds
[2022.02.26-04.29.15:619][  0]LogDerivedDataCache: Display: Performance to ../../../Engine/DerivedDataCache: Latency=0.06ms. RandomReadSpeed=735.51MBs, RandomWriteSpeed=118.22MBs. Assigned SpeedClass 'Local'
[2022.02.26-04.29.15:621][  0]LogDerivedDataCache: Using Local data cache path ../../../Engine/DerivedDataCache: Writable
[2022.02.26-04.29.15:621][  0]LogDerivedDataCache: Shared data cache path not found in *engine.ini, will not use an Shared cache.
[2022.02.26-04.29.15:621][  0]LogDerivedDataCache: Unable to find inner node Shared for hierarchical cache Hierarchy.
[2022.02.26-04.29.15:723][  0]LogSlate: Using FreeType 2.10.0
[2022.02.26-04.29.15:724][  0]LogSlate: SlateFontServices - WITH_FREETYPE: 1, WITH_HARFBUZZ: 1
[2022.02.26-04.29.15:768][  0]LogAssetRegistry: FAssetRegistry took 0.0064 seconds to start up
[2022.02.26-04.29.16:192][  0]LogInit: Selected Device Profile: [Windows]
[2022.02.26-04.29.16:193][  0]LogInit: Active device profile: [000001D09848D300][000001D0894FFA80 49] Windows
[2022.02.26-04.29.16:193][  0]LogInit: Profiles: [000001D09848D300][000001D0894FFA80 49] Windows, [000001D098443300][000001D0989B3BC0 49] WindowsNoEditor, [000001D09848E400][000001D0899BA1C0 49] WindowsServer, [000001D098441F00][000001D0899C6340 49] WindowsClient, [000001D09848F300][000001D0899CE4C0 49] IOS, [000001D098441200][000001D0899D6640 49] iPadAir, [000001D09848FE00][000001D094B747C0 49] iPadAir2, [000001D0983C2100][000001D094B80A80 49] IPadPro, [000001D0983C2200][000001D094B7CAC0 49] iPadAir3, [000001D098441B00][000001D094B84C40 49] iPadAir4, [000001D0983C3100][000001D094B88DC0 49] iPadMini2, [000001D098443600][000001D0899D2F40 49] iPadMini3, [000001D0983C3D00][000001D0899CB0C0 49] iPadMini4, [000001D098442700][000001D094B79240 49] iPadMini5, [000001D098409A00][000001D09613D500 49] iPhone6, [000001D098409B00][000001D096139540 49] iPodTouch6, [000001D09848EF00][000001D096145800 49] iPhone7, [000001D09848F000][000001D096141840 49] iPodTouch7, [000001D0983C1C00][000001D0989CB980 49] iPhone5S, [000001D09848D100][000001D096149AC0 49] iPhone6Plus, [000001D0983C1800][000001D08997FC00 49] iPhone6S, [000001D09848C400][000001D0899821C0 49] iPhone6SPlus, [000001D0983C0E00][000001D08998A340 49] iPhone7Plus, [000001D09848D700][000001D08998E4C0 49] iPhoneSE, [000001D0983C0A00][000001D089992640 49] iPhone8, [000001D09848C800][000001D0899967C0 49] iPhone8Plus, [000001D0983C1A00][000001D08999A940 49] iPhoneX, [000001D09848FD00][000001D08999EAC0 49] iPhoneXS, [000001D098408200][000001D0899A2C40 49] iPhoneXSMax, [000001D0983C0D00][000001D0899A6DC0 49] iPhoneXR, [000001D098408C00][000001D0899AAF40 49] iPhone11, [000001D0983C2E00][000001D0899AF0C0 49] iPhone11Pro, [000001D098409500][000001D0899B3240 49] iPhone11ProMax, [000001D0983C3A00][000001D0899B73C0 49] iPhoneSE2, [000001D098408400][000001D089493540 49] iPhone12Mini, [000001D0983C1200][000001D0894976C0 49] iPhone12, [000001D09840BC00][000001D08949B840 49] iPhone12Pro, [000001D0983C2000][000001D08949F9C0 49] iPhone12ProMax, [000001D09840AC00][000001D0894A3B40 49] iPadPro105, [000001D09848E100][000001D089986100 49] iPadPro129, [000001D098409100][000001D0894A6240 49] iPadPro97, [000001D09848D000][000001D0894AA380 49] iPadPro2_129, [000001D098408D00][000001D0894B2500 49] iPad5, [000001D09848DD00][000001D0894B6680 49] iPad6, [000001D098408600][000001D0894BA800 49] iPad7, [000001D09848EE00][000001D0894BE980 49] iPad8, [000001D09840B100][000001D0894C2B00 49] iPadPro11, [000001D09848EA00][000001D0894C6C80 49] iPadPro2_11, [000001D098408900][000001D0894CAE00 49] iPadPro3_129, [000001D09848C500][000001D0894CEF80 49] iPadPro4_129, [000001D09840A700][000001D0894D3100 49] AppleTV, [000001D09848C100][000001D0894D7280 49] AppleTV4K, [000001D098409F00][000001D0894DB400 49] TVOS, [000001D09848F100][000001D0894DF580 49] Mac, [000001D09840B800][000001D0894E3700 49] MacClient, [000001D09848DF00][000001D0894E7880 49] MacNoEditor, [000001D09840B500][000001D0971C1A00 49] MacServer, [000001D09848CE00][000001D0971C5B80 49] Linux, [000001D09840AE00][000001D0971C8180 49] LinuxAArch64, [000001D09848F800][000001D0894AE2C0 49] LinuxNoEditor, [000001D098408500][000001D0971CC400 49] LinuxAArch64NoEditor, [000001D09848CF00][000001D0971D0540 49] LinuxClient, [000001D098409400][000001D0971D86C0 49] LinuxAArch64Client, [000001D09848F500][000001D0971DC840 49] LinuxServer, [000001D09840AA00][000001D0971E09C0 49] LinuxAArch64Server, [000001D09848F600][000001D0971E4B40 49] Android, [000001D09840A800][000001D0971E8CC0 49] Android_Low, [000001D09848CD00][000001D0971ECE40 49] Android_Mid, [000001D098408100][000001D0971F0FC0 49] Android_High, [000001D09848D900][000001D0971F5140 49] Android_Default, [000001D09840B300][000001D0971F92C0 49] Android_Adreno4xx, [000001D09848F900][000001D0971FD440 49] Android_Adreno5xx_Low, [000001D09840AF00][000001D0972015C0 49] Android_Adreno5xx, [000001D09848E500][000001D097205740 49] Android_Adreno6xx, [000001D09840BD00][000001D0972098C0 49] Android_Adreno6xx_Vulkan, [000001D09848FC00][000001D09720DA40 49] Android_Mali_T6xx, [000001D098409E00][000001D097211BC0 49] Android_Mali_T7xx, [000001D09848CC00][000001D0972141C0 49] Android_Mali_T8xx, [000001D09840B400][000001D097218340 49] Android_Mali_G71, [000001D09848D400][000001D0971D4480 49] Android_Mali_G72, [000001D098408F00][000001D09721C5C0 49] Android_Mali_G72_Vulkan, [000001D09848DC00][000001D097220700 49] Android_Mali_G76, [000001D09840BB00][000001D097224840 49] Android_Mali_G76_Vulkan, [000001D09848DE00][000001D09722C9C0 49] Android_Mali_G77, [000001D09840AB00][000001D097230B40 49] Android_Mali_G77_Vulkan, [000001D09848E000][000001D097234CC0 49] Android_Mali_G78, [000001D09840A200][000001D097238E40 49] Android_Mali_G78_Vulkan, [000001D098442A00][000001D09723CFC0 49] Android_Mali_G710, [000001D0983C0800][000001D097241140 49] Android_Mali_G710_Vulkan, [000001D098443A00][000001D0972452C0 49] Android_Vulkan_SM5, [000001D0983C2B00][000001D097249440 49] Android_PowerVR_G6xxx, [000001D098440B00][000001D09724D5C0 49] Android_PowerVR_GT7xxx, [000001D0983C0B00][000001D097251740 49] Android_PowerVR_GE8xxx, [000001D098442F00][000001D09730B8C0 49] Android_PowerVR_GM9xxx, [000001D0983C0500][000001D09730FA40 49] Android_PowerVR_GM9xxx_Vulkan, [000001D098441A00][000001D097313BC0 49] Android_TegraK1, [000001D0983C3400][000001D0973161C0 49] Android_Unknown_Vulkan, [000001D098443100][000001D09731A340 49] Lumin, [000001D0983C2500][000001D09731E4C0 49] Lumin_Desktop, [000001D098443C00][000001D097228600 49] HoloLens, 
[2022.02.26-04.29.16:475][  0]LogMeshReduction: Using QuadricMeshReduction for automatic static mesh reduction
[2022.02.26-04.29.16:476][  0]LogMeshReduction: Using SimplygonMeshReduction for automatic skeletal mesh reduction
[2022.02.26-04.29.16:476][  0]LogMeshReduction: Using ProxyLODMeshReduction for automatic mesh merging
[2022.02.26-04.29.16:476][  0]LogMeshReduction: No distributed automatic mesh merging module available
[2022.02.26-04.29.16:476][  0]LogMeshMerging: No distributed automatic mesh merging module available
[2022.02.26-04.29.16:511][  0]LogNetVersion: FEM 1.0.0, NetCL: 0, EngineNetVer: 17, GameNetVer: 0 (Checksum: 2844638706)
[2022.02.26-04.29.17:081][  0]LogTexture: Default maximum texture size for cubemaps generated from long-lat sources has been changed from 512 to unlimited. In order to preserve old behaiour for '/Engine/MapTemplates/Sky/DaylightAmbientCubemap.DaylightAmbientCubemap', its maximum texture size has been explicitly set to 512.
[2022.02.26-04.29.17:242][  0]LogHMD: PokeAHoleMaterial loaded successfully
[2022.02.26-04.29.17:253][  0]LogUObjectArray: 18147 objects as part of root set at end of initial load.
[2022.02.26-04.29.17:253][  0]LogUObjectAllocator: 4655008 out of 0 bytes used by permanent object pool.
[2022.02.26-04.29.17:253][  0]LogUObjectArray: CloseDisregardForGC: 0/0 objects in disregard for GC pool
[2022.02.26-04.29.17:889][  0]LogNiagaraDebuggerClient: Niagara Debugger Client Initialized | Session: 60CB6A91440A4C6F4B07BCA13A95D299 | Instance: 2691582A45A9240FE22F3C934E657249 (DESKTOP-IUA6Q6A-15060).
[2022.02.26-04.29.18:298][  0]LogPython: Using Python 3.7.7
[2022.02.26-04.29.19:636][  0]LogTcpMessaging: Initializing TcpMessaging bridge
[2022.02.26-04.29.19:651][  0]LogUdpMessaging: Initializing bridge on interface 0.0.0.0:0 to multicast group 230.0.0.1:6666.
[2022.02.26-04.29.20:899][  0]LogOpenImageDenoise: OIDN starting up
[2022.02.26-04.29.21:063][  0]SourceControl: Source control is disabled
[2022.02.26-04.29.21:063][  0]SourceControl: Source control is disabled
[2022.02.26-04.29.21:075][  0]SourceControl: Source control is disabled
[2022.02.26-04.29.21:112][  0]SourceControl: Source control is disabled
[2022.02.26-04.29.21:136][  0]SourceControl: Source control is disabled
[2022.02.26-04.29.21:158][  0]LogUProjectInfo: Found projects:
[2022.02.26-04.29.21:221][  0]LogAndroidPermission: UAndroidPermissionCallbackProxy::GetInstance
[2022.02.26-04.29.21:296][  0]LogAudioCaptureCore: Display: No Audio Capture implementations found. Audio input will be silent.
[2022.02.26-04.29.21:296][  0]LogAudioCaptureCore: Display: No Audio Capture implementations found. Audio input will be silent.
[2022.02.26-04.29.21:630][  0]LogCollectionManager: Loaded 0 collections in 0.003494 seconds
[2022.02.26-04.29.21:693][  0]LogFileCache: Scanning file cache for directory 'C:/FEM_Unreal/FEM/Saved/Collections/' took 0.00s
[2022.02.26-04.29.21:693][  0]LogFileCache: Scanning file cache for directory 'C:/FEM_Unreal/FEM/Content/Developers/mauri/Collections/' took 0.00s
[2022.02.26-04.29.21:693][  0]LogFileCache: Scanning file cache for directory 'C:/FEM_Unreal/FEM/Content/Collections/' took 0.00s
[2022.02.26-04.29.21:693][  0]LogOcInput: OculusInput pre-init called
[2022.02.26-04.29.22:063][  0]LogClass: Display: IntProperty FPhysicsConvexData::NumVertices is not initialized properly. Module:MeshModelingTools File:Public/Physics/CollisionPropertySets.h
[2022.02.26-04.29.22:063][  0]LogClass: Display: IntProperty FPhysicsConvexData::NumFaces is not initialized properly. Module:MeshModelingTools File:Public/Physics/CollisionPropertySets.h
[2022.02.26-04.29.22:063][  0]LogClass: Display: FloatProperty FPhysicsCapsuleData::Radius is not initialized properly. Module:MeshModelingTools File:Public/Physics/CollisionPropertySets.h
[2022.02.26-04.29.22:063][  0]LogClass: Display: FloatProperty FPhysicsCapsuleData::Length is not initialized properly. Module:MeshModelingTools File:Public/Physics/CollisionPropertySets.h
[2022.02.26-04.29.22:063][  0]LogClass: Display: StructProperty FPhysicsBoxData::Dimensions is not initialized properly. Module:MeshModelingTools File:Public/Physics/CollisionPropertySets.h
[2022.02.26-04.29.22:063][  0]LogClass: Display: FloatProperty FPhysicsSphereData::Radius is not initialized properly. Module:MeshModelingTools File:Public/Physics/CollisionPropertySets.h
[2022.02.26-04.29.22:063][  0]LogClass: Display: EnumProperty FLODLevelGenerateSettings::TargetMode is not initialized properly. Module:MeshModelingToolsEditorOnly File:Public/GenerateLODMeshesTool.h
[2022.02.26-04.29.22:063][  0]LogClass: Display: IntProperty FLODLevelGenerateSettings::TargetPercentage is not initialized properly. Module:MeshModelingToolsEditorOnly File:Public/GenerateLODMeshesTool.h
[2022.02.26-04.29.22:063][  0]LogClass: Display: IntProperty FLODLevelGenerateSettings::TargetCount is not initialized properly. Module:MeshModelingToolsEditorOnly File:Public/GenerateLODMeshesTool.h
[2022.02.26-04.29.22:064][  0]LogClass: Display: 9 Uninitialized script struct members found including 0 object properties
[2022.02.26-04.29.22:065][  0]LogEngine: Initializing Engine...
[2022.02.26-04.29.22:071][  0]LogHMD: Failed to enumerate extensions. Please check that you have a valid OpenXR runtime installed.
[2022.02.26-04.29.22:072][  0]LogHMD: Failed to initialize OpenVR with code 110
[2022.02.26-04.29.22:072][  0]LogMagicLeap: Warning: VR disabled because ZI is not enabled.  To enable, in the editor, Edit -> Project Settings -> Plugins -> Magic Leap Plugin -> Enable Zero Iteration
[2022.02.26-04.29.22:073][  0]LogStats: UGameplayTagsManager::InitializeManager -  0.000 s
[2022.02.26-04.29.22:237][  0]LogInit: Initializing FReadOnlyCVARCache
[2022.02.26-04.29.22:238][  0]LogChaos: FPhysicsSolverBase::AsyncDt:-1.000000
[2022.02.26-04.29.22:259][  0]LogAIModule: Creating AISystem for world Untitled
[2022.02.26-04.29.22:277][  0]LogAudio: Display: Initializing Audio Device Manager...
[2022.02.26-04.29.22:289][  0]LogAudio: Display: Loading Default Audio Settings Objects...
[2022.02.26-04.29.22:290][  0]LogAudio: Display: No default SoundConcurrencyObject specified (or failed to load).
[2022.02.26-04.29.22:291][  0]LogAudio: Display: Audio Device Manager Initialized
[2022.02.26-04.29.22:291][  0]LogAudio: Display: Creating Audio Device:                 Id: 1, Scope: Shared, Realtime: True
[2022.02.26-04.29.22:291][  0]LogAudioMixer: Display: Audio Mixer Platform Settings:
[2022.02.26-04.29.22:291][  0]LogAudioMixer: Display: 	Sample Rate:						  48000
[2022.02.26-04.29.22:291][  0]LogAudioMixer: Display: 	Callback Buffer Frame Size Requested: 1024
[2022.02.26-04.29.22:291][  0]LogAudioMixer: Display: 	Callback Buffer Frame Size To Use:	  1024
[2022.02.26-04.29.22:292][  0]LogAudioMixer: Display: 	Number of buffers to queue:			  2
[2022.02.26-04.29.22:292][  0]LogAudioMixer: Display: 	Max Channels (voices):				  32
[2022.02.26-04.29.22:292][  0]LogAudioMixer: Display: 	Number of Async Source Workers:		  0
[2022.02.26-04.29.22:292][  0]LogAudio: Display: AudioDevice MaxSources: 32
[2022.02.26-04.29.22:293][  0]LogAudio: Display: Audio Spatialization Plugin: None (built-in).
[2022.02.26-04.29.22:293][  0]LogAudio: Display: Audio Reverb Plugin: None (built-in).
[2022.02.26-04.29.22:293][  0]LogAudio: Display: Audio Occlusion Plugin: None (built-in).
[2022.02.26-04.29.22:293][  0]LogAudioMixer: Display: Initializing audio mixer.
[2022.02.26-04.29.22:319][  0]LogAudioMixer: Display: 0: FrontLeft
[2022.02.26-04.29.22:320][  0]LogAudioMixer: Display: 1: FrontRight
[2022.02.26-04.29.22:725][  0]LogAudioMixer: Display: Using Audio Device Speakers (Realtek High Definition Audio)
[2022.02.26-04.29.22:729][  0]LogAudioMixer: Display: Initializing Sound Submixes...
[2022.02.26-04.29.22:731][  0]LogAudioMixer: Display: Creating Master Submix 'MasterSubmixDefault'
[2022.02.26-04.29.22:732][  0]LogAudioMixer: Display: Creating Master Submix 'MasterReverbSubmixDefault'
[2022.02.26-04.29.22:732][  0]LogAudioMixer: Display: Creating Master Submix 'MasterEQSubmixDefault'
[2022.02.26-04.29.22:733][  0]LogAudioMixer: FMixerPlatformXAudio2::StartAudioStream() called
[2022.02.26-04.29.22:733][  0]LogAudioMixer: Display: Output buffers initialized: Frames=1024, Channels=2, Samples=2048
[2022.02.26-04.29.22:735][  0]LogAudioMixer: Display: Starting AudioMixerPlatformInterface::RunInternal()
[2022.02.26-04.29.22:735][  0]LogAudioMixer: Display: FMixerPlatformXAudio2::SubmitBuffer() called for the first time
[2022.02.26-04.29.22:736][  0]LogInit: FAudioDevice initialized.
[2022.02.26-04.29.22:736][  0]LogAudio: Display: Audio Device (ID: 1) registered with world 'Untitled'.
[2022.02.26-04.29.22:736][  0]LogNetVersion: Set ProjectVersion to 1.0.0.0. Version Checksum will be recalculated on next use.
[2022.02.26-04.29.22:830][  0]LogDerivedDataCache: Saved boot cache 0.09s 103MB ../../../../FEM_Unreal/FEM/DerivedDataCache/Boot.ddc.
[2022.02.26-04.29.22:831][  0]LogInit: Texture streaming: Enabled
[2022.02.26-04.29.22:866][  0]LogAnalytics: Display: [UEEditor.UnrealEngine.Release] APIServer = https://datarouter.ol.epicgames.com/. AppVersion = 4.27.2-0+++UE4+Release-4.27
[2022.02.26-04.29.22:876][  0]LogEngineSessionManager: EngineSessionManager initialized
[2022.02.26-04.29.22:876][  0]LogEngineSessionManager: EngineSessionManager sent abnormal shutdown report. Type=Debugger, SessionId={825CDC68-4981-83D4-EDFC-51831DA21C20}
[2022.02.26-04.29.22:876][  0]LogEditorSessionSummary: Verbose: Initializing EditorSessionSummaryWriter for editor session tracking
[2022.02.26-04.29.22:879][  0]LogEditorSessionSummary: EditorSessionSummaryWriter initialized
[2022.02.26-04.29.22:923][  0]LogInit: Transaction tracking system initialized
[2022.02.26-04.29.22:996][  0]BlueprintLog: New page: Editor Load
[2022.02.26-04.29.23:184][  0]LocalizationService: Localization service is disabled
[2022.02.26-04.29.23:266][  0]TimingProfiler: Initialize
[2022.02.26-04.29.23:266][  0]TimingProfiler: OnSessionChanged
[2022.02.26-04.29.23:266][  0]LoadingProfiler: Initialize
[2022.02.26-04.29.23:267][  0]LoadingProfiler: OnSessionChanged
[2022.02.26-04.29.23:267][  0]NetworkingProfiler: Initialize
[2022.02.26-04.29.23:267][  0]NetworkingProfiler: OnSessionChanged
[2022.02.26-04.29.23:267][  0]MemoryProfiler: Initialize
[2022.02.26-04.29.23:267][  0]MemoryProfiler: OnSessionChanged
[2022.02.26-04.29.23:566][  0]LogCook: Display: CookSettings for Memory: MemoryMaxUsedVirtual 0MiB, MemoryMaxUsedPhysical 16384MiB, MemoryMinFreeVirtual 0MiB, MemoryMinFreePhysical 1024MiB
[2022.02.26-04.29.23:566][  0]LogCook: Display: Mobile HDR setting 1
[2022.02.26-04.29.23:783][  0]LogFileCache: Scanning file cache for directory 'C:/FEM_Unreal/FEM/Content/' took 0.00s
[2022.02.26-04.29.24:409][  0]LogInit: Display: Engine is initialized. Leaving FEngineLoop::Init()
[2022.02.26-04.29.24:413][  0]SourceControl: Source control is disabled
[2022.02.26-04.29.24:413][  0]LogUnrealEdMisc: Loading editor; pre map load, took 16.165
[2022.02.26-04.29.24:414][  0]Cmd: MAP LOAD FILE="../../../Engine/Content/Maps/Templates/Template_Default.umap" TEMPLATE=1 SHOWPROGRESS=1 FEATURELEVEL=3
[2022.02.26-04.29.24:414][  0]LightingResults: New page: Lighting Build
[2022.02.26-04.29.24:416][  0]LogWorld: UWorld::CleanupWorld for Untitled, bSessionEnded=true, bCleanupResources=true
[2022.02.26-04.29.24:416][  0]LogSlate: InvalidateAllWidgets triggered.  All widgets were invalidated
[2022.02.26-04.29.24:417][  0]MapCheck: New page: Map Check
[2022.02.26-04.29.24:417][  0]LightingResults: New page: Lighting Build
[2022.02.26-04.29.24:422][  0]LogAudio: Display: Audio Device unregistered from world 'None'.
[2022.02.26-04.29.24:427][  0]LogUObjectHash: Compacting FUObjectHashTables data took   0.94ms
[2022.02.26-04.29.24:503][  0]LogTexture: Display: Building textures: DeprecatedTextureEB9CBE3C423008B5E8E130901E171C89 (BGRA8, 128X128)
[2022.02.26-04.29.24:512][  0]LogAudio: Display: Audio Device (ID: 1) registered with world 'Untitled_1'.
[2022.02.26-04.29.24:513][  0]LogChaos: FPhysicsSolverBase::AsyncDt:-1.000000
[2022.02.26-04.29.24:514][  0]LogAIModule: Creating AISystem for world Untitled_1
[2022.02.26-04.29.24:521][  0]LogEditorServer: Finished looking for orphan Actors (0.000 secs)
[2022.02.26-04.29.24:536][  0]LogUObjectHash: Compacting FUObjectHashTables data took   1.45ms
[2022.02.26-04.29.24:536][  0]Cmd: MAP CHECKDEP NOCLEARLOG
[2022.02.26-04.29.24:536][  0]MapCheck: Map check complete: 0 Error(s), 0 Warning(s), took 0.292ms to complete.
[2022.02.26-04.29.24:537][  0]LogFileHelpers: Loading map 'Template_Default' took 0.123
[2022.02.26-04.29.24:541][  0]LogUnrealEdMisc: Total Editor Startup Time, took 16.293
[2022.02.26-04.29.24:676][  0]LogSlate: Updating window title bar state: overlay mode, drag disabled, window buttons hidden, title bar hidden
[2022.02.26-04.29.24:685][  0]LogSlate: Updating window title bar state: overlay mode, drag disabled, window buttons hidden, title bar hidden
[2022.02.26-04.29.24:699][  0]LogSlate: Updating window title bar state: overlay mode, drag disabled, window buttons hidden, title bar hidden
[2022.02.26-04.29.24:707][  0]LogSlate: Updating window title bar state: overlay mode, drag disabled, window buttons hidden, title bar hidden
[2022.02.26-04.29.24:727][  0]LogNativeClassHierarchy: Verbose: Native class hierarchy populated in 0.0133 seconds. Added 4227 classes and 957 folders.
[2022.02.26-04.29.24:731][  0]LogNativeClassHierarchy: Verbose: Native class hierarchy updated for 'WidgetCarousel' in 0.0004 seconds. Added 0 classes and 0 folders.
[2022.02.26-04.29.24:733][  0]LogShaderLibrary: Display: ShaderCodeLibraryPakFileMountedCallback: PakFile 'C:/UnrealEngine/FeaturePacks/FP_FirstPerson.upack' (chunk index -1, root 'root:/') mounted
[2022.02.26-04.29.24:733][  0]LogShaderLibrary: Display: ShaderCodeLibraryPakFileMountedCallback: pending pak file info (ChunkID:-1 Root:root:/ File:C:/UnrealEngine/FeaturePacks/FP_FirstPerson.upack)
[2022.02.26-04.29.24:734][  0]LogPakFile: OnPakFileMounted2Time == 0.000312
[2022.02.26-04.29.24:735][  0]LogShaderLibrary: Display: ShaderCodeLibraryPakFileMountedCallback: PakFile 'C:/UnrealEngine/FeaturePacks/FP_FirstPersonBP.upack' (chunk index -1, root 'root:/') mounted
[2022.02.26-04.29.24:735][  0]LogShaderLibrary: Display: ShaderCodeLibraryPakFileMountedCallback: pending pak file info (ChunkID:-1 Root:root:/ File:C:/UnrealEngine/FeaturePacks/FP_FirstPersonBP.upack)
[2022.02.26-04.29.24:735][  0]LogPakFile: OnPakFileMounted2Time == 0.000284
[2022.02.26-04.29.24:736][  0]LogShaderLibrary: Display: ShaderCodeLibraryPakFileMountedCallback: PakFile 'C:/UnrealEngine/FeaturePacks/MobileStarterContent.upack' (chunk index -1, root 'root:/') mounted
[2022.02.26-04.29.24:736][  0]LogShaderLibrary: Display: ShaderCodeLibraryPakFileMountedCallback: pending pak file info (ChunkID:-1 Root:root:/ File:C:/UnrealEngine/FeaturePacks/MobileStarterContent.upack)
[2022.02.26-04.29.24:736][  0]LogPakFile: OnPakFileMounted2Time == 0.000252
[2022.02.26-04.29.24:737][  0]LogShaderLibrary: Display: ShaderCodeLibraryPakFileMountedCallback: PakFile 'C:/UnrealEngine/FeaturePacks/StarterContent.upack' (chunk index -1, root 'root:/') mounted
[2022.02.26-04.29.24:738][  0]LogShaderLibrary: Display: ShaderCodeLibraryPakFileMountedCallback: pending pak file info (ChunkID:-1 Root:root:/ File:C:/UnrealEngine/FeaturePacks/StarterContent.upack)
[2022.02.26-04.29.24:738][  0]LogPakFile: OnPakFileMounted2Time == 0.000278
[2022.02.26-04.29.24:739][  0]LogShaderLibrary: Display: ShaderCodeLibraryPakFileMountedCallback: PakFile 'C:/UnrealEngine/FeaturePacks/TP_2DSideScroller.upack' (chunk index -1, root 'root:/') mounted
[2022.02.26-04.29.24:739][  0]LogShaderLibrary: Display: ShaderCodeLibraryPakFileMountedCallback: pending pak file info (ChunkID:-1 Root:root:/ File:C:/UnrealEngine/FeaturePacks/TP_2DSideScroller.upack)
[2022.02.26-04.29.24:739][  0]LogPakFile: OnPakFileMounted2Time == 0.000354
[2022.02.26-04.29.24:740][  0]LogShaderLibrary: Display: ShaderCodeLibraryPakFileMountedCallback: PakFile 'C:/UnrealEngine/FeaturePacks/TP_2DSideScrollerBP.upack' (chunk index -1, root 'root:/') mounted
[2022.02.26-04.29.24:740][  0]LogShaderLibrary: Display: ShaderCodeLibraryPakFileMountedCallback: pending pak file info (ChunkID:-1 Root:root:/ File:C:/UnrealEngine/FeaturePacks/TP_2DSideScrollerBP.upack)
[2022.02.26-04.29.24:741][  0]LogPakFile: OnPakFileMounted2Time == 0.000267
[2022.02.26-04.29.24:742][  0]LogShaderLibrary: Display: ShaderCodeLibraryPakFileMountedCallback: PakFile 'C:/UnrealEngine/FeaturePacks/TP_Flying.upack' (chunk index -1, root 'root:/') mounted
[2022.02.26-04.29.24:742][  0]LogShaderLibrary: Display: ShaderCodeLibraryPakFileMountedCallback: pending pak file info (ChunkID:-1 Root:root:/ File:C:/UnrealEngine/FeaturePacks/TP_Flying.upack)
[2022.02.26-04.29.24:742][  0]LogPakFile: OnPakFileMounted2Time == 0.000276
[2022.02.26-04.29.24:743][  0]LogShaderLibrary: Display: ShaderCodeLibraryPakFileMountedCallback: PakFile 'C:/UnrealEngine/FeaturePacks/TP_FlyingBP.upack' (chunk index -1, root 'root:/') mounted
[2022.02.26-04.29.24:743][  0]LogShaderLibrary: Display: ShaderCodeLibraryPakFileMountedCallback: pending pak file info (ChunkID:-1 Root:root:/ File:C:/UnrealEngine/FeaturePacks/TP_FlyingBP.upack)
[2022.02.26-04.29.24:744][  0]LogPakFile: OnPakFileMounted2Time == 0.000319
[2022.02.26-04.29.24:745][  0]LogShaderLibrary: Display: ShaderCodeLibraryPakFileMountedCallback: PakFile 'C:/UnrealEngine/FeaturePacks/TP_Puzzle.upack' (chunk index -1, root 'root:/') mounted
[2022.02.26-04.29.24:745][  0]LogShaderLibrary: Display: ShaderCodeLibraryPakFileMountedCallback: pending pak file info (ChunkID:-1 Root:root:/ File:C:/UnrealEngine/FeaturePacks/TP_Puzzle.upack)
[2022.02.26-04.29.24:745][  0]LogPakFile: OnPakFileMounted2Time == 0.000305
[2022.02.26-04.29.24:746][  0]LogShaderLibrary: Display: ShaderCodeLibraryPakFileMountedCallback: PakFile 'C:/UnrealEngine/FeaturePacks/TP_PuzzleBP.upack' (chunk index -1, root 'root:/') mounted
[2022.02.26-04.29.24:746][  0]LogShaderLibrary: Display: ShaderCodeLibraryPakFileMountedCallback: pending pak file info (ChunkID:-1 Root:root:/ File:C:/UnrealEngine/FeaturePacks/TP_PuzzleBP.upack)
[2022.02.26-04.29.24:747][  0]LogPakFile: OnPakFileMounted2Time == 0.000294
[2022.02.26-04.29.24:747][  0]LogShaderLibrary: Display: ShaderCodeLibraryPakFileMountedCallback: PakFile 'C:/UnrealEngine/FeaturePacks/TP_Rolling.upack' (chunk index -1, root 'root:/') mounted
[2022.02.26-04.29.24:748][  0]LogShaderLibrary: Display: ShaderCodeLibraryPakFileMountedCallback: pending pak file info (ChunkID:-1 Root:root:/ File:C:/UnrealEngine/FeaturePacks/TP_Rolling.upack)
[2022.02.26-04.29.24:748][  0]LogPakFile: OnPakFileMounted2Time == 0.000296
[2022.02.26-04.29.24:749][  0]LogShaderLibrary: Display: ShaderCodeLibraryPakFileMountedCallback: PakFile 'C:/UnrealEngine/FeaturePacks/TP_RollingBP.upack' (chunk index -1, root 'root:/') mounted
[2022.02.26-04.29.24:749][  0]LogShaderLibrary: Display: ShaderCodeLibraryPakFileMountedCallback: pending pak file info (ChunkID:-1 Root:root:/ File:C:/UnrealEngine/FeaturePacks/TP_RollingBP.upack)
[2022.02.26-04.29.24:749][  0]LogPakFile: OnPakFileMounted2Time == 0.000250
[2022.02.26-04.29.24:751][  0]LogShaderLibrary: Display: ShaderCodeLibraryPakFileMountedCallback: PakFile 'C:/UnrealEngine/FeaturePacks/TP_SideScroller.upack' (chunk index -1, root 'root:/') mounted
[2022.02.26-04.29.24:751][  0]LogShaderLibrary: Display: ShaderCodeLibraryPakFileMountedCallback: pending pak file info (ChunkID:-1 Root:root:/ File:C:/UnrealEngine/FeaturePacks/TP_SideScroller.upack)
[2022.02.26-04.29.24:751][  0]LogPakFile: OnPakFileMounted2Time == 0.000244
[2022.02.26-04.29.24:752][  0]LogShaderLibrary: Display: ShaderCodeLibraryPakFileMountedCallback: PakFile 'C:/UnrealEngine/FeaturePacks/TP_SideScrollerBP.upack' (chunk index -1, root 'root:/') mounted
[2022.02.26-04.29.24:752][  0]LogShaderLibrary: Display: ShaderCodeLibraryPakFileMountedCallback: pending pak file info (ChunkID:-1 Root:root:/ File:C:/UnrealEngine/FeaturePacks/TP_SideScrollerBP.upack)
[2022.02.26-04.29.24:752][  0]LogPakFile: OnPakFileMounted2Time == 0.000236
[2022.02.26-04.29.24:753][  0]LogShaderLibrary: Display: ShaderCodeLibraryPakFileMountedCallback: PakFile 'C:/UnrealEngine/FeaturePacks/TP_ThirdPerson.upack' (chunk index -1, root 'root:/') mounted
[2022.02.26-04.29.24:754][  0]LogShaderLibrary: Display: ShaderCodeLibraryPakFileMountedCallback: pending pak file info (ChunkID:-1 Root:root:/ File:C:/UnrealEngine/FeaturePacks/TP_ThirdPerson.upack)
[2022.02.26-04.29.24:754][  0]LogPakFile: OnPakFileMounted2Time == 0.000300
[2022.02.26-04.29.24:755][  0]LogShaderLibrary: Display: ShaderCodeLibraryPakFileMountedCallback: PakFile 'C:/UnrealEngine/FeaturePacks/TP_ThirdPersonBP.upack' (chunk index -1, root 'root:/') mounted
[2022.02.26-04.29.24:755][  0]LogShaderLibrary: Display: ShaderCodeLibraryPakFileMountedCallback: pending pak file info (ChunkID:-1 Root:root:/ File:C:/UnrealEngine/FeaturePacks/TP_ThirdPersonBP.upack)
[2022.02.26-04.29.24:755][  0]LogPakFile: OnPakFileMounted2Time == 0.000209
[2022.02.26-04.29.24:756][  0]LogShaderLibrary: Display: ShaderCodeLibraryPakFileMountedCallback: PakFile 'C:/UnrealEngine/FeaturePacks/TP_TopDown.upack' (chunk index -1, root 'root:/') mounted
[2022.02.26-04.29.24:756][  0]LogShaderLibrary: Display: ShaderCodeLibraryPakFileMountedCallback: pending pak file info (ChunkID:-1 Root:root:/ File:C:/UnrealEngine/FeaturePacks/TP_TopDown.upack)
[2022.02.26-04.29.24:756][  0]LogPakFile: OnPakFileMounted2Time == 0.000218
[2022.02.26-04.29.24:757][  0]LogShaderLibrary: Display: ShaderCodeLibraryPakFileMountedCallback: PakFile 'C:/UnrealEngine/FeaturePacks/TP_TopDownBP.upack' (chunk index -1, root 'root:/') mounted
[2022.02.26-04.29.24:757][  0]LogShaderLibrary: Display: ShaderCodeLibraryPakFileMountedCallback: pending pak file info (ChunkID:-1 Root:root:/ File:C:/UnrealEngine/FeaturePacks/TP_TopDownBP.upack)
[2022.02.26-04.29.24:757][  0]LogPakFile: OnPakFileMounted2Time == 0.000236
[2022.02.26-04.29.24:759][  0]LogShaderLibrary: Display: ShaderCodeLibraryPakFileMountedCallback: PakFile 'C:/UnrealEngine/FeaturePacks/TP_TwinStick.upack' (chunk index -1, root 'root:/') mounted
[2022.02.26-04.29.24:759][  0]LogShaderLibrary: Display: ShaderCodeLibraryPakFileMountedCallback: pending pak file info (ChunkID:-1 Root:root:/ File:C:/UnrealEngine/FeaturePacks/TP_TwinStick.upack)
[2022.02.26-04.29.24:759][  0]LogPakFile: OnPakFileMounted2Time == 0.000312
[2022.02.26-04.29.24:760][  0]LogShaderLibrary: Display: ShaderCodeLibraryPakFileMountedCallback: PakFile 'C:/UnrealEngine/FeaturePacks/TP_TwinStickBP.upack' (chunk index -1, root 'root:/') mounted
[2022.02.26-04.29.24:760][  0]LogShaderLibrary: Display: ShaderCodeLibraryPakFileMountedCallback: pending pak file info (ChunkID:-1 Root:root:/ File:C:/UnrealEngine/FeaturePacks/TP_TwinStickBP.upack)
[2022.02.26-04.29.24:760][  0]LogPakFile: OnPakFileMounted2Time == 0.000326
[2022.02.26-04.29.24:761][  0]LogShaderLibrary: Display: ShaderCodeLibraryPakFileMountedCallback: PakFile 'C:/UnrealEngine/FeaturePacks/TP_Vehicle.upack' (chunk index -1, root 'root:/') mounted
[2022.02.26-04.29.24:761][  0]LogShaderLibrary: Display: ShaderCodeLibraryPakFileMountedCallback: pending pak file info (ChunkID:-1 Root:root:/ File:C:/UnrealEngine/FeaturePacks/TP_Vehicle.upack)
[2022.02.26-04.29.24:761][  0]LogPakFile: OnPakFileMounted2Time == 0.000250
[2022.02.26-04.29.24:762][  0]LogShaderLibrary: Display: ShaderCodeLibraryPakFileMountedCallback: PakFile 'C:/UnrealEngine/FeaturePacks/TP_VehicleAdv.upack' (chunk index -1, root 'root:/') mounted
[2022.02.26-04.29.24:763][  0]LogShaderLibrary: Display: ShaderCodeLibraryPakFileMountedCallback: pending pak file info (ChunkID:-1 Root:root:/ File:C:/UnrealEngine/FeaturePacks/TP_VehicleAdv.upack)
[2022.02.26-04.29.24:763][  0]LogPakFile: OnPakFileMounted2Time == 0.000221
[2022.02.26-04.29.24:764][  0]LogShaderLibrary: Display: ShaderCodeLibraryPakFileMountedCallback: PakFile 'C:/UnrealEngine/FeaturePacks/TP_VehicleAdvBP.upack' (chunk index -1, root 'root:/') mounted
[2022.02.26-04.29.24:764][  0]LogShaderLibrary: Display: ShaderCodeLibraryPakFileMountedCallback: pending pak file info (ChunkID:-1 Root:root:/ File:C:/UnrealEngine/FeaturePacks/TP_VehicleAdvBP.upack)
[2022.02.26-04.29.24:764][  0]LogPakFile: OnPakFileMounted2Time == 0.000323
[2022.02.26-04.29.24:765][  0]LogShaderLibrary: Display: ShaderCodeLibraryPakFileMountedCallback: PakFile 'C:/UnrealEngine/FeaturePacks/TP_VehicleBP.upack' (chunk index -1, root 'root:/') mounted
[2022.02.26-04.29.24:766][  0]LogShaderLibrary: Display: ShaderCodeLibraryPakFileMountedCallback: pending pak file info (ChunkID:-1 Root:root:/ File:C:/UnrealEngine/FeaturePacks/TP_VehicleBP.upack)
[2022.02.26-04.29.24:766][  0]LogPakFile: OnPakFileMounted2Time == 0.000334
[2022.02.26-04.29.24:767][  0]LogPakFile: PakFile PrimaryIndexSize=192
[2022.02.26-04.29.24:767][  0]LogPakFile: PakFile PathHashIndexSize=101
[2022.02.26-04.29.24:767][  0]LogPakFile: PakFile FullDirectoryIndexSize=158
[2022.02.26-04.29.24:767][  0]LogShaderLibrary: Display: ShaderCodeLibraryPakFileMountedCallback: PakFile 'C:/UnrealEngine/FeaturePacks/TP_VirtualRealityBP.upack' (chunk index -1, root 'root:/') mounted
[2022.02.26-04.29.24:767][  0]LogShaderLibrary: Display: ShaderCodeLibraryPakFileMountedCallback: pending pak file info (ChunkID:-1 Root:root:/ File:C:/UnrealEngine/FeaturePacks/TP_VirtualRealityBP.upack)
[2022.02.26-04.29.24:767][  0]LogPakFile: OnPakFileMounted2Time == 0.000177
[2022.02.26-04.29.24:829][  0]LogNativeClassHierarchy: Verbose: Native class hierarchy updated for 'AddContentDialog' in 0.0003 seconds. Added 0 classes and 0 folders.
[2022.02.26-04.29.24:831][  0]LogNativeClassHierarchy: Verbose: Native class hierarchy updated for 'SceneOutliner' in 0.0003 seconds. Added 2 classes and 0 folders.
[2022.02.26-04.29.24:868][  0]LogSlate: Took 0.000206 seconds to synchronously load lazily loaded font '../../../Engine/Content/Slate/Fonts/Roboto-Regular.ttf' (155K)
[2022.02.26-04.29.24:870][  0]LogSlate: Took 0.000178 seconds to synchronously load lazily loaded font '../../../Engine/Content/Editor/Slate/Fonts/FontAwesome.ttf' (139K)
[2022.02.26-04.29.24:872][  0]LogSlate: Took 0.000227 seconds to synchronously load lazily loaded font '../../../Engine/Content/Slate/Fonts/Roboto-Bold.ttf' (160K)
[2022.02.26-04.29.24:984][  0]LogRenderer: Reallocating scene render targets to support 1208x572 Format 10 NumSamples 1 (Frame:1).
[2022.02.26-04.29.25:023][  0]LogSlate: Took 0.000146 seconds to synchronously load lazily loaded font '../../../Engine/Content/Slate/Fonts/Roboto-Light.ttf' (167K)
[2022.02.26-04.29.25:086][  0]LogNativeClassHierarchy: Verbose: Native class hierarchy updated for 'HierarchicalLODOutliner' in 0.0004 seconds. Added 0 classes and 0 folders.
[2022.02.26-04.29.25:086][  0]LogLoad: (Engine Initialization) Total time: 16.84 seconds
[2022.02.26-04.29.25:086][  0]LogLoad: (Engine Initialization) Total Blueprint compile time: 0.00 seconds
[2022.02.26-04.29.25:327][  0]LogAssetRegistry: Asset discovery search completed in 9.5630 seconds
[2022.02.26-04.29.25:334][  0]LogCollectionManager: Fixed up redirectors for 0 collections in 0.000009 seconds (updated 0 objects)
[2022.02.26-04.29.25:334][  0]LogContentStreaming: Texture pool size now 1000 MB
[2022.02.26-04.29.25:356][  1]LogFileCache: Retrieving MD5 hashes for directory 'C:/FEM_Unreal/FEM/Content/' took 0.08s
[2022.02.26-04.29.27:549][127]LogUObjectHash: Compacting FUObjectHashTables data took   0.78ms
[2022.02.26-04.29.27:556][127]LogSlate: Took 0.000145 seconds to synchronously load lazily loaded font '../../../Engine/Content/Slate/Fonts/Roboto-Light.ttf' (167K)
[2022.02.26-04.29.27:591][127]LogAssetEditorSubsystem: Opening Asset editor for World /Game/Blueprint/BP_TetGen.BP_TetGen
[2022.02.26-04.29.27:591][127]Cmd: MAP LOAD FILE="../../../../FEM_Unreal/FEM/Content/Blueprint/BP_TetGen.umap" TEMPLATE=0 SHOWPROGRESS=1 FEATURELEVEL=3
[2022.02.26-04.29.27:591][127]LightingResults: New page: Lighting Build
[2022.02.26-04.29.27:591][127]LoadErrors: New page: Loading map: BP_TetGen.umap
[2022.02.26-04.29.27:593][127]LogWorld: UWorld::CleanupWorld for Untitled_1, bSessionEnded=true, bCleanupResources=true
[2022.02.26-04.29.27:593][127]LogSlate: InvalidateAllWidgets triggered.  All widgets were invalidated
[2022.02.26-04.29.27:594][127]MapCheck: New page: Map Check
[2022.02.26-04.29.27:594][127]LightingResults: New page: Lighting Build
[2022.02.26-04.29.27:600][127]LogAudio: Display: Audio Device unregistered from world 'None'.
[2022.02.26-04.29.27:603][127]LogUObjectHash: Compacting FUObjectHashTables data took   1.37ms
[2022.02.26-04.29.27:604][127]LogAudio: Display: Audio Device (ID: 1) registered with world 'BP_TetGen'.
[2022.02.26-04.29.27:605][127]LogChaos: FPhysicsSolverBase::AsyncDt:-1.000000
[2022.02.26-04.29.27:608][127]LogEditorServer: Finished looking for orphan Actors (0.000 secs)
[2022.02.26-04.29.27:609][127]LogAIModule: Creating AISystem for world BP_TetGen
[2022.02.26-04.29.27:620][127]LogUObjectHash: Compacting FUObjectHashTables data took   0.83ms
[2022.02.26-04.29.27:629][127]Cmd: MAP CHECKDEP NOCLEARLOG
[2022.02.26-04.29.27:630][127]MapCheck: Map check complete: 0 Error(s), 0 Warning(s), took 0.202ms to complete.
[2022.02.26-04.29.27:630][127]LogFileHelpers: Loading map 'BP_TetGen' took 0.039
[2022.02.26-04.29.28:972][188]LogTemp: Repeating last play command: Selected Viewport
[2022.02.26-04.29.28:978][188]LogPlayLevel: PlayLevel: No blueprints needed recompiling
[2022.02.26-04.29.28:979][188]PIE: New page: PIE session: BP_TetGen (Feb. 25, 2022, 6:29:28 p.m.)
[2022.02.26-04.29.28:982][188]LogOnline: OSS: Creating online subsystem instance for: NULL
[2022.02.26-04.29.28:985][188]LogOnline: OSS: TryLoadSubsystemAndSetDefault: Loaded subsystem for module [NULL]
[2022.02.26-04.29.28:985][188]LogPlayLevel: Creating play world package: /Game/Blueprint/UEDPIE_0_BP_TetGen
[2022.02.26-04.29.28:988][188]LogPlayLevel: PIE: StaticDuplicateObject took: (0.003061s)
[2022.02.26-04.29.28:989][188]LogChaos: FPhysicsSolverBase::AsyncDt:-1.000000
[2022.02.26-04.29.28:990][188]LogAIModule: Creating AISystem for world BP_TetGen
[2022.02.26-04.29.28:990][188]LogPlayLevel: PIE: World Init took: (0.001989s)
[2022.02.26-04.29.28:991][188]LogPlayLevel: PIE: Created PIE world by copying editor world from /Game/Blueprint/BP_TetGen.BP_TetGen to /Game/Blueprint/UEDPIE_0_BP_TetGen.BP_TetGen (0.005524s)
[2022.02.26-04.29.28:997][188]LogUObjectHash: Compacting FUObjectHashTables data took   0.82ms
[2022.02.26-04.29.28:998][188]LogAudio: Display: Creating Audio Device:                 Id: 2, Scope: Unique, Realtime: True
[2022.02.26-04.29.28:999][188]LogAudioMixer: Display: Audio Mixer Platform Settings:
[2022.02.26-04.29.28:999][188]LogAudioMixer: Display: 	Sample Rate:						  48000
[2022.02.26-04.29.28:999][188]LogAudioMixer: Display: 	Callback Buffer Frame Size Requested: 1024
[2022.02.26-04.29.28:999][188]LogAudioMixer: Display: 	Callback Buffer Frame Size To Use:	  1024
[2022.02.26-04.29.28:999][188]LogAudioMixer: Display: 	Number of buffers to queue:			  2
[2022.02.26-04.29.28:999][188]LogAudioMixer: Display: 	Max Channels (voices):				  32
[2022.02.26-04.29.28:999][188]LogAudioMixer: Display: 	Number of Async Source Workers:		  0
[2022.02.26-04.29.29:000][188]LogAudio: Display: AudioDevice MaxSources: 32
[2022.02.26-04.29.29:000][188]LogAudio: Display: Audio Spatialization Plugin: None (built-in).
[2022.02.26-04.29.29:001][188]LogAudio: Display: Audio Reverb Plugin: None (built-in).
[2022.02.26-04.29.29:001][188]LogAudio: Display: Audio Occlusion Plugin: None (built-in).
[2022.02.26-04.29.29:001][188]LogAudioMixer: Display: Initializing audio mixer.
[2022.02.26-04.29.29:003][188]LogAudioMixer: Display: 0: FrontLeft
[2022.02.26-04.29.29:003][188]LogAudioMixer: Display: 1: FrontRight
