Log file open, 02/25/22 20:08:58
LogWindows: Failed to load 'aqProf.dll' (GetLastError=126)
LogWindows: File 'aqProf.dll' does not exist
LogWindows: Failed to load 'VtuneApi.dll' (GetLastError=126)
LogWindows: File 'VtuneApi.dll' does not exist
LogWindows: Failed to load 'VtuneApi32e.dll' (GetLastError=126)
LogWindows: File 'VtuneApi32e.dll' does not exist
LogConsoleResponse: Display: Failed to find resolution value strings in scalability ini. Falling back to default.
LogConsoleResponse: Display: Failed to find resolution value strings in scalability ini. Falling back to default.
LogInit: Display: Running engine for game: FEM
LogPlatformFile: Not using cached read wrapper
LogTaskGraph: Started task graph with 5 named threads and 23 total threads with 3 sets of task threads.
LogStats: Stats thread started at 1.264759
LogICUInternationalization: ICU TimeZone Detection - Raw Offset: -5:00, Platform Override: ''
LogInit: Display: Loading text-based GConfig....
LogPluginManager: Mounting plugin MeshPainting
LogPluginManager: Mounting plugin XGEController
LogPluginManager: Mounting plugin Paper2D
LogPluginManager: Mounting plugin LiveLink
LogPluginManager: Mounting plugin AISupport
LogPluginManager: Mounting plugin EnvironmentQueryEditor
LogPluginManager: Mounting plugin LightPropagationVolume
LogPluginManager: Mounting plugin CameraShakePreviewer
LogPluginManager: Mounting plugin GameplayCameras
LogPluginManager: Mounting plugin AnimationSharing
LogPluginManager: Mounting plugin OodleData
LogPluginManager: Mounting plugin CLionSourceCodeAccess
LogPluginManager: Mounting plugin CodeLiteSourceCodeAccess
LogPluginManager: Mounting plugin OodleNetwork
LogPluginManager: Mounting plugin GitSourceControl
LogPluginManager: Mounting plugin KDevelopSourceCodeAccess
LogPluginManager: Mounting plugin NullSourceCodeAccess
LogPluginManager: Mounting plugin PerforceSourceControl
LogPluginManager: Mounting plugin PlasticSourceControl
LogPluginManager: Mounting plugin PixWinPlugin
LogPluginManager: Mounting plugin PluginUtils
LogPluginManager: Mounting plugin PropertyAccessNode
LogPluginManager: Mounting plugin RiderSourceCodeAccess
LogPluginManager: Mounting plugin TextureFormatOodle
LogPluginManager: Mounting plugin UObjectPlugin
LogPluginManager: Mounting plugin VisualStudioCodeSourceCodeAccess
LogPluginManager: Mounting plugin VisualStudioSourceCodeAccess
LogPluginManager: Mounting plugin XCodeSourceCodeAccess
LogPluginManager: Mounting plugin AssetManagerEditor
LogPluginManager: Mounting plugin CryptoKeys
LogPluginManager: Mounting plugin CurveEditorTools
LogPluginManager: Mounting plugin DataValidation
LogPluginManager: Mounting plugin EditorScriptingUtilities
LogPluginManager: Mounting plugin GameplayTagsEditor
LogPluginManager: Mounting plugin FacialAnimation
LogPluginManager: Mounting plugin GeometryMode
LogPluginManager: Mounting plugin MacGraphicsSwitching
LogPluginManager: Mounting plugin MaterialAnalyzer
LogPluginManager: Mounting plugin PluginBrowser
LogPluginManager: Mounting plugin MobileLauncherProfileWizard
LogPluginManager: Mounting plugin SpeedTreeImporter
LogPluginManager: Mounting plugin SubversionSourceControl
LogPluginManager: Mounting plugin DatasmithContent
LogPluginManager: Mounting plugin VariantManagerContent
LogPluginManager: Mounting plugin Niagara
LogPluginManager: Mounting plugin LuminPlatformFeatures
LogPluginManager: Mounting plugin MagicLeap
LogPluginManager: Mounting plugin MagicLeapLightEstimation
LogPluginManager: Mounting plugin MagicLeapMedia
LogPluginManager: Mounting plugin MagicLeapPassableWorld
LogPluginManager: Mounting plugin MLSDK
LogPluginManager: Mounting plugin AlembicImporter
LogPluginManager: Mounting plugin AutomationUtils
LogPluginManager: Mounting plugin ChaosCloth
LogPluginManager: Mounting plugin ChaosClothEditor
LogPluginManager: Mounting plugin ChaosEditor
LogPluginManager: Mounting plugin BackChannel
LogPluginManager: Mounting plugin ChaosNiagara
LogPluginManager: Mounting plugin ChaosSolverPlugin
LogPluginManager: Mounting plugin CharacterAI
LogPluginManager: Mounting plugin AndroidMedia
LogPluginManager: Mounting plugin AvfMedia
LogPluginManager: Mounting plugin GeometryCache
LogPluginManager: Mounting plugin GeometryCollectionPlugin
LogPluginManager: Mounting plugin ImgMedia
LogPluginManager: Mounting plugin MediaCompositing
LogPluginManager: Mounting plugin TcpMessaging
LogPluginManager: Mounting plugin UdpMessaging
LogPluginManager: Mounting plugin MediaPlayerEditor
LogPluginManager: Mounting plugin WebMMedia
LogPluginManager: Mounting plugin WmfMedia
LogPluginManager: Mounting plugin ActorSequence
LogPluginManager: Mounting plugin LevelSequenceEditor
LogPluginManager: Mounting plugin MatineeToLevelSequence
LogPluginManager: Mounting plugin TemplateSequence
LogPluginManager: Mounting plugin MeshModelingToolset
LogPluginManager: Mounting plugin MotoSynth
LogPluginManager: Mounting plugin OpenImageDenoise
LogPluginManager: Mounting plugin PlanarCut
LogPluginManager: Mounting plugin PlatformCrypto
LogPluginManager: Mounting plugin ProxyLODPlugin
LogPluginManager: Mounting plugin PythonScriptPlugin
LogPluginManager: Mounting plugin SkeletalReduction
LogPluginManager: Mounting plugin LauncherChunkInstaller
LogPluginManager: Mounting plugin GeometryProcessing
LogPluginManager: Mounting plugin OnlineSubsystem
LogPluginManager: Mounting plugin OnlineSubsystemNull
LogPluginManager: Mounting plugin OnlineSubsystemUtils
LogPluginManager: Mounting plugin ActorLayerUtilities
LogPluginManager: Mounting plugin AndroidDeviceProfileSelector
LogPluginManager: Mounting plugin AndroidMoviePlayer
LogPluginManager: Mounting plugin AndroidPermission
LogPluginManager: Mounting plugin AppleImageUtils
LogPluginManager: Mounting plugin AppleMoviePlayer
LogPluginManager: Mounting plugin ArchVisCharacter
LogPluginManager: Mounting plugin AudioCapture
LogPluginManager: Mounting plugin AssetTags
LogPluginManager: Mounting plugin AudioSynesthesia
LogPluginManager: Mounting plugin CableComponent
LogPluginManager: Mounting plugin CustomMeshComponent
LogPluginManager: Mounting plugin ChunkDownloader
LogPluginManager: Mounting plugin EditableMesh
LogPluginManager: Mounting plugin ExampleDeviceProfileSelector
LogPluginManager: Mounting plugin GoogleCloudMessaging
LogPluginManager: Mounting plugin GooglePAD
LogPluginManager: Mounting plugin HairStrands
LogPluginManager: Mounting plugin ScreenshotTools
LogPluginManager: Mounting plugin IOSDeviceProfileSelector
LogPluginManager: Mounting plugin LinuxDeviceProfileSelector
LogPluginManager: Mounting plugin LocationServicesBPLibrary
LogPluginManager: Mounting plugin MobilePatchingUtils
LogPluginManager: Mounting plugin OpenXR
LogPluginManager: Mounting plugin OpenXREyeTracker
LogPluginManager: Mounting plugin OpenXRHandTracking
LogPluginManager: Mounting plugin PhysXVehicles
LogPluginManager: Mounting plugin Takes
LogPluginManager: Mounting plugin PostSplashScreen
LogPluginManager: Mounting plugin ProceduralMeshComponent
LogPluginManager: Mounting plugin PropertyAccessEditor
LogPluginManager: Mounting plugin RuntimePhysXCooking
LogPluginManager: Mounting plugin SignificanceManager
LogPluginManager: Mounting plugin SoundFields
LogPluginManager: Mounting plugin Synthesis
LogPluginManager: Mounting plugin WebMMoviePlayer
LogPluginManager: Mounting plugin WindowsMoviePlayer
LogPluginManager: Mounting plugin ContentBrowserAssetDataSource
LogPluginManager: Mounting plugin ContentBrowserClassDataSource
LogPluginManager: Mounting plugin ContentBrowserFileDataSource
LogPluginManager: Mounting plugin OnlineSubsystemGooglePlay
LogPluginManager: Mounting plugin OnlineSubsystemIOS
LogPluginManager: Mounting plugin OculusVR
LogPluginManager: Mounting plugin SteamVR
PixWinPlugin: PIX capture plugin failed to initialize! Check that the process is launched from PIX.
LogInit: Using libcurl 7.55.1-DEV
LogInit:  - built for x86_64-pc-win32
LogInit:  - supports SSL with OpenSSL/1.1.1
LogInit:  - supports HTTP deflate (compression) using libz 1.2.8
LogInit:  - other features:
LogInit:      CURL_VERSION_SSL
LogInit:      CURL_VERSION_LIBZ
LogInit:      CURL_VERSION_IPV6
LogInit:      CURL_VERSION_ASYNCHDNS
LogInit:      CURL_VERSION_LARGEFILE
LogInit:      CURL_VERSION_IDN
LogInit:  CurlRequestOptions (configurable via config and command line):
LogInit:  - bVerifyPeer = true  - Libcurl will verify peer certificate
LogInit:  - bUseHttpProxy = false  - Libcurl will NOT use HTTP proxy
LogInit:  - bDontReuseConnections = false  - Libcurl will reuse connections
LogInit:  - MaxHostConnections = 16  - Libcurl will limit the number of connections to a host
LogInit:  - LocalHostAddr = Default
LogInit:  - BufferSize = 65536
LogOnline: OSS: Creating online subsystem instance for: NULL
LogInit: WinSock: version 1.1 (2.2), MaxSocks=32767, MaxUdp=65467
LogOnline: OSS: TryLoadSubsystemAndSetDefault: Loaded subsystem for module [NULL]
LogOculusPluginWrapper: OculusPlugin initialized successfully
LogHMD: Failed initializing OVRPlugin 1.59.0
LogInit: Build: ++UE4+Release-4.27-CL-0
LogInit: Engine Version: 4.27.2-0+++UE4+Release-4.27
LogInit: Compatible Engine Version: 4.27.0-0+++UE4+Release-4.27
LogInit: Net CL: 0
LogInit: OS: Windows 10 (Release 2009) (), CPU: Intel(R) Core(TM) i7-6700HQ CPU @ 2.60GHz, GPU: NVIDIA GeForce GTX 1060
LogInit: Compiled (64-bit): Feb 12 2022 15:44:32
LogInit: Compiled with Visual C++: 19.16.27045.00
LogInit: Build Configuration: Development
LogInit: Branch Name: ++UE4+Release-4.27
LogInit: Command Line:  -skipcompile
LogInit: Base Directory: C:/UnrealEngine/Engine/Binaries/Win64/
LogInit: Allocator: TBB
LogInit: Installed Engine Build: 0
LogDevObjectVersion: Number of dev versions registered: 29
LogDevObjectVersion:   Dev-Blueprints (B0D832E4-1F89-4F0D-ACCF-7EB736FD4AA2): 10
LogDevObjectVersion:   Dev-Build (E1C64328-A22C-4D53-A36C-8E866417BD8C): 0
LogDevObjectVersion:   Dev-Core (375EC13C-06E4-48FB-B500-84F0262A717E): 4
LogDevObjectVersion:   Dev-Editor (E4B068ED-F494-42E9-A231-DA0B2E46BB41): 40
LogDevObjectVersion:   Dev-Framework (CFFC743F-43B0-4480-9391-14DF171D2073): 37
LogDevObjectVersion:   Dev-Mobile (B02B49B5-BB20-44E9-A304-32B752E40360): 3
LogDevObjectVersion:   Dev-Networking (A4E4105C-59A1-49B5-A7C5-40C4547EDFEE): 0
LogDevObjectVersion:   Dev-Online (39C831C9-5AE6-47DC-9A44-9C173E1C8E7C): 0
LogDevObjectVersion:   Dev-Physics (78F01B33-EBEA-4F98-B9B4-84EACCB95AA2): 20
LogDevObjectVersion:   Dev-Platform (6631380F-2D4D-43E0-8009-CF276956A95A): 0
LogDevObjectVersion:   Dev-Rendering (12F88B9F-8875-4AFC-A67C-D90C383ABD29): 45
LogDevObjectVersion:   Dev-Sequencer (7B5AE74C-D270-4C10-A958-57980B212A5A): 13
LogDevObjectVersion:   Dev-VR (D7296918-1DD6-4BDD-9DE2-64A83CC13884): 3
LogDevObjectVersion:   Dev-LoadTimes (C2A15278-BFE7-4AFE-6C17-90FF531DF755): 1
LogDevObjectVersion:   Private-Geometry (6EACA3D4-40EC-4CC1-B786-8BED09428FC5): 3
LogDevObjectVersion:   Dev-AnimPhys (29E575DD-E0A3-4627-9D10-D276232CDCEA): 17
LogDevObjectVersion:   Dev-Anim (AF43A65D-7FD3-4947-9873-3E8ED9C1BB05): 15
LogDevObjectVersion:   Dev-ReflectionCapture (6B266CEC-1EC7-4B8F-A30B-E4D90942FC07): 1
LogDevObjectVersion:   Dev-Automation (0DF73D61-A23F-47EA-B727-89E90C41499A): 1
LogDevObjectVersion:   FortniteMain (601D1886-AC64-4F84-AA16-D3DE0DEAC7D6): 47
LogDevObjectVersion:   FortniteRelease (E7086368-6B23-4C58-8439-1B7016265E91): 1
LogDevObjectVersion:   Dev-Enterprise (9DFFBCD6-494F-0158-E221-12823C92A888): 10
LogDevObjectVersion:   Dev-Niagara (F2AED0AC-9AFE-416F-8664-AA7FFA26D6FC): 1
LogDevObjectVersion:   Dev-Destruction (174F1F0B-B4C6-45A5-B13F-2EE8D0FB917D): 10
LogDevObjectVersion:   Dev-Physics-Ext (35F94A83-E258-406C-A318-09F59610247C): 41
LogDevObjectVersion:   Dev-PhysicsMaterial-Chaos (B68FC16E-8B1B-42E2-B453-215C058844FE): 1
LogDevObjectVersion:   Dev-CineCamera (B2E18506-4273-CFC2-A54E-F4BB758BBA07): 1
LogDevObjectVersion:   Dev-VirtualProduction (64F58936-FD1B-42BA-BA96-7289D5D0FA4E): 1
LogDevObjectVersion:   Dev-MediaFramework (6F0ED827-A609-4895-9C91-998D90180EA4): 2
LogInit: Presizing for max 25165824 objects, including 0 objects not considered by GC, pre-allocating 0 bytes for permanent pool.
LogConfig: Applying CVar settings from Section [/Script/Engine.StreamingSettings] File [C:/FEM_Unreal/FEM/Saved/Config/Windows/Engine.ini]
LogConfig: Setting CVar [[s.MinBulkDataSizeForAsyncLoading:131072]]
LogConfig: Setting CVar [[s.AsyncLoadingThreadEnabled:0]]
LogConfig: Setting CVar [[s.EventDrivenLoaderEnabled:1]]
LogConfig: Setting CVar [[s.WarnIfTimeLimitExceeded:0]]
LogConfig: Setting CVar [[s.TimeLimitExceededMultiplier:1.5]]
LogConfig: Setting CVar [[s.TimeLimitExceededMinTime:0.005]]
LogConfig: Setting CVar [[s.UseBackgroundLevelStreaming:1]]
LogConfig: Setting CVar [[s.PriorityAsyncLoadingExtraTime:15.0]]
LogConfig: Setting CVar [[s.LevelStreamingActorsUpdateTimeLimit:5.0]]
LogConfig: Setting CVar [[s.PriorityLevelStreamingActorsUpdateExtraTime:5.0]]
LogConfig: Setting CVar [[s.LevelStreamingComponentsRegistrationGranularity:10]]
LogConfig: Setting CVar [[s.UnregisterComponentsTimeLimit:1.0]]
LogConfig: Setting CVar [[s.LevelStreamingComponentsUnregistrationGranularity:5]]
LogConfig: Setting CVar [[s.FlushStreamingOnExit:1]]
LogInit: Object subsystem initialized
LogConfig: Setting CVar [[con.DebugEarlyDefault:1]]
LogConfig: Setting CVar [[r.setres:1280x720]]
LogConfig: Setting CVar [[fx.NiagaraAllowRuntimeScalabilityChanges:1]]
[2022.02.26-01.09.01:574][  0]LogConfig: Setting CVar [[r.VSync:0]]
[2022.02.26-01.09.01:574][  0]LogConfig: Setting CVar [[r.RHICmdBypass:0]]
[2022.02.26-01.09.01:574][  0]LogConfig: Applying CVar settings from Section [/Script/Engine.RendererSettings] File [C:/FEM_Unreal/FEM/Saved/Config/Windows/Engine.ini]
[2022.02.26-01.09.01:574][  0]LogConfig: Setting CVar [[r.GPUCrashDebugging:0]]
[2022.02.26-01.09.01:574][  0]LogConfig: Applying CVar settings from Section [/Script/Engine.RendererOverrideSettings] File [C:/FEM_Unreal/FEM/Saved/Config/Windows/Engine.ini]
[2022.02.26-01.09.01:574][  0]LogConfig: Applying CVar settings from Section [/Script/Engine.StreamingSettings] File [C:/FEM_Unreal/FEM/Saved/Config/Windows/Engine.ini]
[2022.02.26-01.09.01:574][  0]LogConfig: Setting CVar [[s.MinBulkDataSizeForAsyncLoading:131072]]
[2022.02.26-01.09.01:574][  0]LogConfig: Setting CVar [[s.AsyncLoadingThreadEnabled:0]]
[2022.02.26-01.09.01:574][  0]LogConfig: Setting CVar [[s.EventDrivenLoaderEnabled:1]]
[2022.02.26-01.09.01:574][  0]LogConfig: Setting CVar [[s.WarnIfTimeLimitExceeded:0]]
[2022.02.26-01.09.01:574][  0]LogConfig: Setting CVar [[s.TimeLimitExceededMultiplier:1.5]]
[2022.02.26-01.09.01:574][  0]LogConfig: Setting CVar [[s.TimeLimitExceededMinTime:0.005]]
[2022.02.26-01.09.01:575][  0]LogConfig: Setting CVar [[s.UseBackgroundLevelStreaming:1]]
[2022.02.26-01.09.01:575][  0]LogConfig: Setting CVar [[s.PriorityAsyncLoadingExtraTime:15.0]]
[2022.02.26-01.09.01:575][  0]LogConfig: Setting CVar [[s.LevelStreamingActorsUpdateTimeLimit:5.0]]
[2022.02.26-01.09.01:575][  0]LogConfig: Setting CVar [[s.PriorityLevelStreamingActorsUpdateExtraTime:5.0]]
[2022.02.26-01.09.01:575][  0]LogConfig: Setting CVar [[s.LevelStreamingComponentsRegistrationGranularity:10]]
[2022.02.26-01.09.01:575][  0]LogConfig: Setting CVar [[s.UnregisterComponentsTimeLimit:1.0]]
[2022.02.26-01.09.01:575][  0]LogConfig: Setting CVar [[s.LevelStreamingComponentsUnregistrationGranularity:5]]
[2022.02.26-01.09.01:575][  0]LogConfig: Setting CVar [[s.FlushStreamingOnExit:1]]
[2022.02.26-01.09.01:575][  0]LogConfig: Applying CVar settings from Section [/Script/Engine.GarbageCollectionSettings] File [C:/FEM_Unreal/FEM/Saved/Config/Windows/Engine.ini]
[2022.02.26-01.09.01:575][  0]LogConfig: Setting CVar [[gc.MaxObjectsNotConsideredByGC:1]]
[2022.02.26-01.09.01:575][  0]LogConfig: Setting CVar [[gc.SizeOfPermanentObjectPool:0]]
[2022.02.26-01.09.01:575][  0]LogConfig: Setting CVar [[gc.FlushStreamingOnGC:0]]
[2022.02.26-01.09.01:575][  0]LogConfig: Setting CVar [[gc.NumRetriesBeforeForcingGC:10]]
[2022.02.26-01.09.01:576][  0]LogConfig: Setting CVar [[gc.AllowParallelGC:1]]
[2022.02.26-01.09.01:576][  0]LogConfig: Setting CVar [[gc.TimeBetweenPurgingPendingKillObjects:61.1]]
[2022.02.26-01.09.01:576][  0]LogConfig: Setting CVar [[gc.MaxObjectsInEditor:25165824]]
[2022.02.26-01.09.01:576][  0]LogConfig: Setting CVar [[gc.IncrementalBeginDestroyEnabled:1]]
[2022.02.26-01.09.01:576][  0]LogConfig: Setting CVar [[gc.CreateGCClusters:1]]
[2022.02.26-01.09.01:576][  0]LogConfig: Setting CVar [[gc.MinGCClusterSize:5]]
[2022.02.26-01.09.01:576][  0]LogConfig: Setting CVar [[gc.ActorClusteringEnabled:0]]
[2022.02.26-01.09.01:576][  0]LogConfig: Setting CVar [[gc.BlueprintClusteringEnabled:0]]
[2022.02.26-01.09.01:576][  0]LogConfig: Setting CVar [[gc.UseDisregardForGCOnDedicatedServers:0]]
[2022.02.26-01.09.01:576][  0]LogConfig: Setting CVar [[gc.MultithreadedDestructionEnabled:1]]
[2022.02.26-01.09.01:576][  0]LogConfig: Applying CVar settings from Section [/Script/Engine.NetworkSettings] File [C:/FEM_Unreal/FEM/Saved/Config/Windows/Engine.ini]
[2022.02.26-01.09.01:576][  0]LogConfig: Applying CVar settings from Section [/Script/UnrealEd.CookerSettings] File [C:/FEM_Unreal/FEM/Saved/Config/Windows/Engine.ini]
[2022.02.26-01.09.01:586][  0]LogConfig: Applying CVar settings from Section [ViewDistanceQuality@3] File [C:/FEM_Unreal/FEM/Saved/Config/Windows/Scalability.ini]
[2022.02.26-01.09.01:587][  0]LogConfig: Setting CVar [[r.SkeletalMeshLODBias:0]]
[2022.02.26-01.09.01:587][  0]LogConfig: Setting CVar [[r.ViewDistanceScale:1.0]]
[2022.02.26-01.09.01:587][  0]LogConfig: Applying CVar settings from Section [AntiAliasingQuality@3] File [C:/FEM_Unreal/FEM/Saved/Config/Windows/Scalability.ini]
[2022.02.26-01.09.01:587][  0]LogConfig: Setting CVar [[r.PostProcessAAQuality:4]]
[2022.02.26-01.09.01:587][  0]LogConfig: Applying CVar settings from Section [ShadowQuality@3] File [C:/FEM_Unreal/FEM/Saved/Config/Windows/Scalability.ini]
[2022.02.26-01.09.01:587][  0]LogConfig: Setting CVar [[r.LightFunctionQuality:1]]
[2022.02.26-01.09.01:587][  0]LogConfig: Setting CVar [[r.ShadowQuality:5]]
[2022.02.26-01.09.01:587][  0]LogConfig: Setting CVar [[r.Shadow.CSM.MaxCascades:10]]
[2022.02.26-01.09.01:587][  0]LogConfig: Setting CVar [[r.Shadow.MaxResolution:2048]]
[2022.02.26-01.09.01:587][  0]LogConfig: Setting CVar [[r.Shadow.MaxCSMResolution:2048]]
[2022.02.26-01.09.01:587][  0]LogConfig: Setting CVar [[r.Shadow.RadiusThreshold:0.01]]
[2022.02.26-01.09.01:587][  0]LogConfig: Setting CVar [[r.Shadow.DistanceScale:1.0]]
[2022.02.26-01.09.01:588][  0]LogConfig: Setting CVar [[r.Shadow.CSM.TransitionScale:1.0]]
[2022.02.26-01.09.01:588][  0]LogConfig: Setting CVar [[r.Shadow.PreShadowResolutionFactor:1.0]]
[2022.02.26-01.09.01:588][  0]LogConfig: Setting CVar [[r.DistanceFieldShadowing:1]]
[2022.02.26-01.09.01:588][  0]LogConfig: Setting CVar [[r.DistanceFieldAO:1]]
[2022.02.26-01.09.01:588][  0]LogConfig: Setting CVar [[r.AOQuality:2]]
[2022.02.26-01.09.01:588][  0]LogConfig: Setting CVar [[r.VolumetricFog:1]]
[2022.02.26-01.09.01:588][  0]LogConfig: Setting CVar [[r.VolumetricFog.GridPixelSize:8]]
[2022.02.26-01.09.01:588][  0]LogConfig: Setting CVar [[r.VolumetricFog.GridSizeZ:128]]
[2022.02.26-01.09.01:588][  0]LogConfig: Setting CVar [[r.VolumetricFog.HistoryMissSupersampleCount:4]]
[2022.02.26-01.09.01:588][  0]LogConfig: Setting CVar [[r.LightMaxDrawDistanceScale:1]]
[2022.02.26-01.09.01:588][  0]LogConfig: Setting CVar [[r.CapsuleShadows:1]]
[2022.02.26-01.09.01:589][  0]LogConfig: Applying CVar settings from Section [PostProcessQuality@3] File [C:/FEM_Unreal/FEM/Saved/Config/Windows/Scalability.ini]
[2022.02.26-01.09.01:589][  0]LogConfig: Setting CVar [[r.MotionBlurQuality:4]]
[2022.02.26-01.09.01:589][  0]LogConfig: Setting CVar [[r.AmbientOcclusionMipLevelFactor:0.4]]
[2022.02.26-01.09.01:589][  0]LogConfig: Setting CVar [[r.AmbientOcclusionMaxQuality:100]]
[2022.02.26-01.09.01:589][  0]LogConfig: Setting CVar [[r.AmbientOcclusionLevels:-1]]
[2022.02.26-01.09.01:589][  0]LogConfig: Setting CVar [[r.AmbientOcclusionRadiusScale:1.0]]
[2022.02.26-01.09.01:589][  0]LogConfig: Setting CVar [[r.DepthOfFieldQuality:2]]
[2022.02.26-01.09.01:589][  0]LogConfig: Setting CVar [[r.RenderTargetPoolMin:400]]
[2022.02.26-01.09.01:589][  0]LogConfig: Setting CVar [[r.LensFlareQuality:2]]
[2022.02.26-01.09.01:589][  0]LogConfig: Setting CVar [[r.SceneColorFringeQuality:1]]
[2022.02.26-01.09.01:589][  0]LogConfig: Setting CVar [[r.EyeAdaptationQuality:2]]
[2022.02.26-01.09.01:589][  0]LogConfig: Setting CVar [[r.BloomQuality:5]]
[2022.02.26-01.09.01:589][  0]LogConfig: Setting CVar [[r.FastBlurThreshold:100]]
[2022.02.26-01.09.01:589][  0]LogConfig: Setting CVar [[r.Upscale.Quality:3]]
[2022.02.26-01.09.01:589][  0]LogConfig: Setting CVar [[r.Tonemapper.GrainQuantization:1]]
[2022.02.26-01.09.01:590][  0]LogConfig: Setting CVar [[r.LightShaftQuality:1]]
[2022.02.26-01.09.01:590][  0]LogConfig: Setting CVar [[r.Filter.SizeScale:1]]
[2022.02.26-01.09.01:590][  0]LogConfig: Setting CVar [[r.Tonemapper.Quality:5]]
[2022.02.26-01.09.01:590][  0]LogConfig: Setting CVar [[r.DOF.Gather.AccumulatorQuality:1        ; higher gathering accumulator quality]]
[2022.02.26-01.09.01:590][  0]LogConfig: Setting CVar [[r.DOF.Gather.PostfilterMethod:1          ; Median3x3 postfilering method]]
[2022.02.26-01.09.01:590][  0]LogConfig: Setting CVar [[r.DOF.Gather.EnableBokehSettings:0       ; no bokeh simulation when gathering]]
[2022.02.26-01.09.01:590][  0]LogConfig: Setting CVar [[r.DOF.Gather.RingCount:4                 ; medium number of samples when gathering]]
[2022.02.26-01.09.01:590][  0]LogConfig: Setting CVar [[r.DOF.Scatter.ForegroundCompositing:1    ; additive foreground scattering]]
[2022.02.26-01.09.01:590][  0]LogConfig: Setting CVar [[r.DOF.Scatter.BackgroundCompositing:2    ; additive background scattering]]
[2022.02.26-01.09.01:590][  0]LogConfig: Setting CVar [[r.DOF.Scatter.EnableBokehSettings:1      ; bokeh simulation when scattering]]
[2022.02.26-01.09.01:590][  0]LogConfig: Setting CVar [[r.DOF.Scatter.MaxSpriteRatio:0.1         ; only a maximum of 10% of scattered bokeh]]
[2022.02.26-01.09.01:590][  0]LogConfig: Setting CVar [[r.DOF.Recombine.Quality:1                ; cheap slight out of focus]]
[2022.02.26-01.09.01:590][  0]LogConfig: Setting CVar [[r.DOF.Recombine.EnableBokehSettings:0    ; no bokeh simulation on slight out of focus]]
[2022.02.26-01.09.01:590][  0]LogConfig: Setting CVar [[r.DOF.TemporalAAQuality:1                ; more stable temporal accumulation]]
[2022.02.26-01.09.01:591][  0]LogConfig: Setting CVar [[r.DOF.Kernel.MaxForegroundRadius:0.025]]
[2022.02.26-01.09.01:591][  0]LogConfig: Setting CVar [[r.DOF.Kernel.MaxBackgroundRadius:0.025]]
[2022.02.26-01.09.01:591][  0]LogConfig: Applying CVar settings from Section [TextureQuality@3] File [C:/FEM_Unreal/FEM/Saved/Config/Windows/Scalability.ini]
[2022.02.26-01.09.01:591][  0]LogConfig: Setting CVar [[r.Streaming.MipBias:0]]
[2022.02.26-01.09.01:591][  0]LogConfig: Setting CVar [[r.Streaming.AmortizeCPUToGPUCopy:0]]
[2022.02.26-01.09.01:591][  0]LogConfig: Setting CVar [[r.Streaming.MaxNumTexturesToStreamPerFrame:0]]
[2022.02.26-01.09.01:591][  0]LogConfig: Setting CVar [[r.Streaming.Boost:1]]
[2022.02.26-01.09.01:591][  0]LogConfig: Setting CVar [[r.MaxAnisotropy:8]]
[2022.02.26-01.09.01:591][  0]LogConfig: Setting CVar [[r.VT.MaxAnisotropy:8]]
[2022.02.26-01.09.01:591][  0]LogConfig: Setting CVar [[r.Streaming.LimitPoolSizeToVRAM:0]]
[2022.02.26-01.09.01:591][  0]LogConfig: Setting CVar [[r.Streaming.PoolSize:1000]]
[2022.02.26-01.09.01:591][  0]LogConfig: Setting CVar [[r.Streaming.MaxEffectiveScreenSize:0]]
[2022.02.26-01.09.01:591][  0]LogConfig: Applying CVar settings from Section [EffectsQuality@3] File [C:/FEM_Unreal/FEM/Saved/Config/Windows/Scalability.ini]
[2022.02.26-01.09.01:592][  0]LogConfig: Setting CVar [[r.TranslucencyLightingVolumeDim:64]]
[2022.02.26-01.09.01:592][  0]LogConfig: Setting CVar [[r.RefractionQuality:2]]
[2022.02.26-01.09.01:592][  0]LogConfig: Setting CVar [[r.SSR.Quality:3]]
[2022.02.26-01.09.01:592][  0]LogConfig: Setting CVar [[r.SSR.HalfResSceneColor:0]]
[2022.02.26-01.09.01:592][  0]LogConfig: Setting CVar [[r.SceneColorFormat:4]]
[2022.02.26-01.09.01:592][  0]LogConfig: Setting CVar [[r.DetailMode:2]]
[2022.02.26-01.09.01:592][  0]LogConfig: Setting CVar [[r.TranslucencyVolumeBlur:1]]
[2022.02.26-01.09.01:592][  0]LogConfig: Setting CVar [[r.MaterialQualityLevel:1 ; High quality]]
[2022.02.26-01.09.01:592][  0]LogConfig: Setting CVar [[r.AnisotropicMaterials:1]]
[2022.02.26-01.09.01:592][  0]LogConfig: Setting CVar [[r.SSS.Scale:1]]
[2022.02.26-01.09.01:592][  0]LogConfig: Setting CVar [[r.SSS.SampleSet:2]]
[2022.02.26-01.09.01:592][  0]LogConfig: Setting CVar [[r.SSS.Quality:1]]
[2022.02.26-01.09.01:592][  0]LogConfig: Setting CVar [[r.SSS.HalfRes:0]]
[2022.02.26-01.09.01:593][  0]LogConfig: Setting CVar [[r.SSGI.Quality:3]]
[2022.02.26-01.09.01:593][  0]LogConfig: Setting CVar [[r.EmitterSpawnRateScale:1.0]]
[2022.02.26-01.09.01:593][  0]LogConfig: Setting CVar [[r.ParticleLightQuality:2]]
[2022.02.26-01.09.01:593][  0]LogConfig: Setting CVar [[r.SkyAtmosphere.AerialPerspectiveLUT.FastApplyOnOpaque:1 ; Always have FastSkyLUT 1 in this case to avoid wrong sky]]
[2022.02.26-01.09.01:593][  0]LogConfig: Setting CVar [[r.SkyAtmosphere.AerialPerspectiveLUT.SampleCountMaxPerSlice:4]]
[2022.02.26-01.09.01:593][  0]LogConfig: Setting CVar [[r.SkyAtmosphere.AerialPerspectiveLUT.DepthResolution:16.0]]
[2022.02.26-01.09.01:593][  0]LogConfig: Setting CVar [[r.SkyAtmosphere.FastSkyLUT:1]]
[2022.02.26-01.09.01:593][  0]LogConfig: Setting CVar [[r.SkyAtmosphere.FastSkyLUT.SampleCountMin:4.0]]
[2022.02.26-01.09.01:593][  0]LogConfig: Setting CVar [[r.SkyAtmosphere.FastSkyLUT.SampleCountMax:128.0]]
[2022.02.26-01.09.01:593][  0]LogConfig: Setting CVar [[r.SkyAtmosphere.SampleCountMin:4.0]]
[2022.02.26-01.09.01:593][  0]LogConfig: Setting CVar [[r.SkyAtmosphere.SampleCountMax:128.0]]
[2022.02.26-01.09.01:593][  0]LogConfig: Setting CVar [[r.SkyAtmosphere.TransmittanceLUT.UseSmallFormat:0]]
[2022.02.26-01.09.01:593][  0]LogConfig: Setting CVar [[r.SkyAtmosphere.TransmittanceLUT.SampleCount:10.0]]
[2022.02.26-01.09.01:593][  0]LogConfig: Setting CVar [[r.SkyAtmosphere.MultiScatteringLUT.SampleCount:15.0]]
[2022.02.26-01.09.01:594][  0]LogConfig: Setting CVar [[r.SkyLight.RealTimeReflectionCapture:1]]
[2022.02.26-01.09.01:594][  0]LogConfig: Setting CVar [[fx.Niagara.QualityLevel:3]]
[2022.02.26-01.09.01:594][  0]LogConfig: Applying CVar settings from Section [FoliageQuality@3] File [C:/FEM_Unreal/FEM/Saved/Config/Windows/Scalability.ini]
[2022.02.26-01.09.01:594][  0]LogConfig: Setting CVar [[foliage.DensityScale:1.0]]
[2022.02.26-01.09.01:594][  0]LogConfig: Setting CVar [[grass.DensityScale:1.0]]
[2022.02.26-01.09.01:594][  0]LogConfig: Applying CVar settings from Section [ShadingQuality@3] File [C:/FEM_Unreal/FEM/Saved/Config/Windows/Scalability.ini]
[2022.02.26-01.09.01:594][  0]LogConfig: Setting CVar [[r.HairStrands.SkyLighting.IntegrationType:2]]
[2022.02.26-01.09.01:594][  0]LogConfig: Setting CVar [[r.HairStrands.SkyAO.SampleCount:4]]
[2022.02.26-01.09.01:594][  0]LogConfig: Setting CVar [[r.HairStrands.Visibility.MSAA.SamplePerPixel:4]]
[2022.02.26-01.09.01:594][  0]LogConfig: Setting CVar [[r.HairStrands.Interpolation.UseSingleGuide:0]]
[2022.02.26-01.09.01:594][  0]LogInit: Selected Device Profile: [Windows]
[2022.02.26-01.09.01:594][  0]LogInit: Applying CVar settings loaded from the selected device profile: [Windows]
[2022.02.26-01.09.01:595][  0]LogHAL: Display: Platform has ~ 16 GB [17112543232 / 17179869184 / 16], which maps to Larger [LargestMinGB=32, LargerMinGB=12, DefaultMinGB=8, SmallerMinGB=6, SmallestMinGB=0)
[2022.02.26-01.09.01:595][  0]LogInit: Going up to parent DeviceProfile []
[2022.02.26-01.09.01:595][  0]LogConfig: Applying CVar settings from Section [ViewDistanceQuality@3] File [C:/FEM_Unreal/FEM/Saved/Config/Windows/Scalability.ini]
[2022.02.26-01.09.01:595][  0]LogConfig: Setting CVar [[r.SkeletalMeshLODBias:0]]
[2022.02.26-01.09.01:595][  0]LogConfig: Setting CVar [[r.ViewDistanceScale:1.0]]
[2022.02.26-01.09.01:595][  0]LogConfig: Applying CVar settings from Section [AntiAliasingQuality@3] File [C:/FEM_Unreal/FEM/Saved/Config/Windows/Scalability.ini]
[2022.02.26-01.09.01:595][  0]LogConfig: Setting CVar [[r.PostProcessAAQuality:4]]
[2022.02.26-01.09.01:595][  0]LogConfig: Applying CVar settings from Section [ShadowQuality@3] File [C:/FEM_Unreal/FEM/Saved/Config/Windows/Scalability.ini]
[2022.02.26-01.09.01:595][  0]LogConfig: Setting CVar [[r.LightFunctionQuality:1]]
[2022.02.26-01.09.01:595][  0]LogConfig: Setting CVar [[r.ShadowQuality:5]]
[2022.02.26-01.09.01:595][  0]LogConfig: Setting CVar [[r.Shadow.CSM.MaxCascades:10]]
[2022.02.26-01.09.01:595][  0]LogConfig: Setting CVar [[r.Shadow.MaxResolution:2048]]
[2022.02.26-01.09.01:596][  0]LogConfig: Setting CVar [[r.Shadow.MaxCSMResolution:2048]]
[2022.02.26-01.09.01:596][  0]LogConfig: Setting CVar [[r.Shadow.RadiusThreshold:0.01]]
[2022.02.26-01.09.01:596][  0]LogConfig: Setting CVar [[r.Shadow.DistanceScale:1.0]]
[2022.02.26-01.09.01:596][  0]LogConfig: Setting CVar [[r.Shadow.CSM.TransitionScale:1.0]]
[2022.02.26-01.09.01:596][  0]LogConfig: Setting CVar [[r.Shadow.PreShadowResolutionFactor:1.0]]
[2022.02.26-01.09.01:596][  0]LogConfig: Setting CVar [[r.DistanceFieldShadowing:1]]
[2022.02.26-01.09.01:596][  0]LogConfig: Setting CVar [[r.DistanceFieldAO:1]]
[2022.02.26-01.09.01:596][  0]LogConfig: Setting CVar [[r.AOQuality:2]]
[2022.02.26-01.09.01:596][  0]LogConfig: Setting CVar [[r.VolumetricFog:1]]
[2022.02.26-01.09.01:596][  0]LogConfig: Setting CVar [[r.VolumetricFog.GridPixelSize:8]]
[2022.02.26-01.09.01:596][  0]LogConfig: Setting CVar [[r.VolumetricFog.GridSizeZ:128]]
[2022.02.26-01.09.01:596][  0]LogConfig: Setting CVar [[r.VolumetricFog.HistoryMissSupersampleCount:4]]
[2022.02.26-01.09.01:596][  0]LogConfig: Setting CVar [[r.LightMaxDrawDistanceScale:1]]
[2022.02.26-01.09.01:596][  0]LogConfig: Setting CVar [[r.CapsuleShadows:1]]
[2022.02.26-01.09.01:597][  0]LogConfig: Applying CVar settings from Section [PostProcessQuality@3] File [C:/FEM_Unreal/FEM/Saved/Config/Windows/Scalability.ini]
[2022.02.26-01.09.01:597][  0]LogConfig: Setting CVar [[r.MotionBlurQuality:4]]
[2022.02.26-01.09.01:597][  0]LogConfig: Setting CVar [[r.AmbientOcclusionMipLevelFactor:0.4]]
[2022.02.26-01.09.01:597][  0]LogConfig: Setting CVar [[r.AmbientOcclusionMaxQuality:100]]
[2022.02.26-01.09.01:597][  0]LogConfig: Setting CVar [[r.AmbientOcclusionLevels:-1]]
[2022.02.26-01.09.01:597][  0]LogConfig: Setting CVar [[r.AmbientOcclusionRadiusScale:1.0]]
[2022.02.26-01.09.01:597][  0]LogConfig: Setting CVar [[r.DepthOfFieldQuality:2]]
[2022.02.26-01.09.01:597][  0]LogConfig: Setting CVar [[r.RenderTargetPoolMin:400]]
[2022.02.26-01.09.01:597][  0]LogConfig: Setting CVar [[r.LensFlareQuality:2]]
[2022.02.26-01.09.01:597][  0]LogConfig: Setting CVar [[r.SceneColorFringeQuality:1]]
[2022.02.26-01.09.01:597][  0]LogConfig: Setting CVar [[r.EyeAdaptationQuality:2]]
[2022.02.26-01.09.01:597][  0]LogConfig: Setting CVar [[r.BloomQuality:5]]
[2022.02.26-01.09.01:597][  0]LogConfig: Setting CVar [[r.FastBlurThreshold:100]]
[2022.02.26-01.09.01:597][  0]LogConfig: Setting CVar [[r.Upscale.Quality:3]]
[2022.02.26-01.09.01:597][  0]LogConfig: Setting CVar [[r.Tonemapper.GrainQuantization:1]]
[2022.02.26-01.09.01:598][  0]LogConfig: Setting CVar [[r.LightShaftQuality:1]]
[2022.02.26-01.09.01:598][  0]LogConfig: Setting CVar [[r.Filter.SizeScale:1]]
[2022.02.26-01.09.01:598][  0]LogConfig: Setting CVar [[r.Tonemapper.Quality:5]]
[2022.02.26-01.09.01:598][  0]LogConfig: Setting CVar [[r.DOF.Gather.AccumulatorQuality:1        ; higher gathering accumulator quality]]
[2022.02.26-01.09.01:598][  0]LogConfig: Setting CVar [[r.DOF.Gather.PostfilterMethod:1          ; Median3x3 postfilering method]]
[2022.02.26-01.09.01:598][  0]LogConfig: Setting CVar [[r.DOF.Gather.EnableBokehSettings:0       ; no bokeh simulation when gathering]]
[2022.02.26-01.09.01:598][  0]LogConfig: Setting CVar [[r.DOF.Gather.RingCount:4                 ; medium number of samples when gathering]]
[2022.02.26-01.09.01:598][  0]LogConfig: Setting CVar [[r.DOF.Scatter.ForegroundCompositing:1    ; additive foreground scattering]]
[2022.02.26-01.09.01:598][  0]LogConfig: Setting CVar [[r.DOF.Scatter.BackgroundCompositing:2    ; additive background scattering]]
[2022.02.26-01.09.01:598][  0]LogConfig: Setting CVar [[r.DOF.Scatter.EnableBokehSettings:1      ; bokeh simulation when scattering]]
[2022.02.26-01.09.01:598][  0]LogConfig: Setting CVar [[r.DOF.Scatter.MaxSpriteRatio:0.1         ; only a maximum of 10% of scattered bokeh]]
[2022.02.26-01.09.01:598][  0]LogConfig: Setting CVar [[r.DOF.Recombine.Quality:1                ; cheap slight out of focus]]
[2022.02.26-01.09.01:598][  0]LogConfig: Setting CVar [[r.DOF.Recombine.EnableBokehSettings:0    ; no bokeh simulation on slight out of focus]]
[2022.02.26-01.09.01:599][  0]LogConfig: Setting CVar [[r.DOF.TemporalAAQuality:1                ; more stable temporal accumulation]]
[2022.02.26-01.09.01:599][  0]LogConfig: Setting CVar [[r.DOF.Kernel.MaxForegroundRadius:0.025]]
[2022.02.26-01.09.01:599][  0]LogConfig: Setting CVar [[r.DOF.Kernel.MaxBackgroundRadius:0.025]]
[2022.02.26-01.09.01:599][  0]LogConfig: Applying CVar settings from Section [TextureQuality@3] File [C:/FEM_Unreal/FEM/Saved/Config/Windows/Scalability.ini]
[2022.02.26-01.09.01:599][  0]LogConfig: Setting CVar [[r.Streaming.MipBias:0]]
[2022.02.26-01.09.01:599][  0]LogConfig: Setting CVar [[r.Streaming.AmortizeCPUToGPUCopy:0]]
[2022.02.26-01.09.01:599][  0]LogConfig: Setting CVar [[r.Streaming.MaxNumTexturesToStreamPerFrame:0]]
[2022.02.26-01.09.01:599][  0]LogConfig: Setting CVar [[r.Streaming.Boost:1]]
[2022.02.26-01.09.01:599][  0]LogConfig: Setting CVar [[r.MaxAnisotropy:8]]
[2022.02.26-01.09.01:599][  0]LogConfig: Setting CVar [[r.VT.MaxAnisotropy:8]]
[2022.02.26-01.09.01:599][  0]LogConfig: Setting CVar [[r.Streaming.LimitPoolSizeToVRAM:0]]
[2022.02.26-01.09.01:599][  0]LogConfig: Setting CVar [[r.Streaming.PoolSize:1000]]
[2022.02.26-01.09.01:600][  0]LogConfig: Setting CVar [[r.Streaming.MaxEffectiveScreenSize:0]]
[2022.02.26-01.09.01:600][  0]LogConfig: Applying CVar settings from Section [EffectsQuality@3] File [C:/FEM_Unreal/FEM/Saved/Config/Windows/Scalability.ini]
[2022.02.26-01.09.01:600][  0]LogConfig: Setting CVar [[r.TranslucencyLightingVolumeDim:64]]
[2022.02.26-01.09.01:600][  0]LogConfig: Setting CVar [[r.RefractionQuality:2]]
[2022.02.26-01.09.01:600][  0]LogConfig: Setting CVar [[r.SSR.Quality:3]]
[2022.02.26-01.09.01:600][  0]LogConfig: Setting CVar [[r.SSR.HalfResSceneColor:0]]
[2022.02.26-01.09.01:600][  0]LogConfig: Setting CVar [[r.SceneColorFormat:4]]
[2022.02.26-01.09.01:600][  0]LogConfig: Setting CVar [[r.DetailMode:2]]
[2022.02.26-01.09.01:600][  0]LogConfig: Setting CVar [[r.TranslucencyVolumeBlur:1]]
[2022.02.26-01.09.01:600][  0]LogConfig: Setting CVar [[r.MaterialQualityLevel:1 ; High quality]]
[2022.02.26-01.09.01:600][  0]LogConfig: Setting CVar [[r.AnisotropicMaterials:1]]
[2022.02.26-01.09.01:600][  0]LogConfig: Setting CVar [[r.SSS.Scale:1]]
[2022.02.26-01.09.01:600][  0]LogConfig: Setting CVar [[r.SSS.SampleSet:2]]
[2022.02.26-01.09.01:600][  0]LogConfig: Setting CVar [[r.SSS.Quality:1]]
[2022.02.26-01.09.01:601][  0]LogConfig: Setting CVar [[r.SSS.HalfRes:0]]
[2022.02.26-01.09.01:601][  0]LogConfig: Setting CVar [[r.SSGI.Quality:3]]
[2022.02.26-01.09.01:601][  0]LogConfig: Setting CVar [[r.EmitterSpawnRateScale:1.0]]
[2022.02.26-01.09.01:601][  0]LogConfig: Setting CVar [[r.ParticleLightQuality:2]]
[2022.02.26-01.09.01:601][  0]LogConfig: Setting CVar [[r.SkyAtmosphere.AerialPerspectiveLUT.FastApplyOnOpaque:1 ; Always have FastSkyLUT 1 in this case to avoid wrong sky]]
[2022.02.26-01.09.01:601][  0]LogConfig: Setting CVar [[r.SkyAtmosphere.AerialPerspectiveLUT.SampleCountMaxPerSlice:4]]
[2022.02.26-01.09.01:601][  0]LogConfig: Setting CVar [[r.SkyAtmosphere.AerialPerspectiveLUT.DepthResolution:16.0]]
[2022.02.26-01.09.01:601][  0]LogConfig: Setting CVar [[r.SkyAtmosphere.FastSkyLUT:1]]
[2022.02.26-01.09.01:601][  0]LogConfig: Setting CVar [[r.SkyAtmosphere.FastSkyLUT.SampleCountMin:4.0]]
[2022.02.26-01.09.01:601][  0]LogConfig: Setting CVar [[r.SkyAtmosphere.FastSkyLUT.SampleCountMax:128.0]]
[2022.02.26-01.09.01:601][  0]LogConfig: Setting CVar [[r.SkyAtmosphere.SampleCountMin:4.0]]
[2022.02.26-01.09.01:601][  0]LogConfig: Setting CVar [[r.SkyAtmosphere.SampleCountMax:128.0]]
[2022.02.26-01.09.01:601][  0]LogConfig: Setting CVar [[r.SkyAtmosphere.TransmittanceLUT.UseSmallFormat:0]]
[2022.02.26-01.09.01:602][  0]LogConfig: Setting CVar [[r.SkyAtmosphere.TransmittanceLUT.SampleCount:10.0]]
[2022.02.26-01.09.01:602][  0]LogConfig: Setting CVar [[r.SkyAtmosphere.MultiScatteringLUT.SampleCount:15.0]]
[2022.02.26-01.09.01:602][  0]LogConfig: Setting CVar [[r.SkyLight.RealTimeReflectionCapture:1]]
[2022.02.26-01.09.01:602][  0]LogConfig: Setting CVar [[fx.Niagara.QualityLevel:3]]
[2022.02.26-01.09.01:602][  0]LogConfig: Applying CVar settings from Section [FoliageQuality@3] File [C:/FEM_Unreal/FEM/Saved/Config/Windows/Scalability.ini]
[2022.02.26-01.09.01:602][  0]LogConfig: Setting CVar [[foliage.DensityScale:1.0]]
[2022.02.26-01.09.01:602][  0]LogConfig: Setting CVar [[grass.DensityScale:1.0]]
[2022.02.26-01.09.01:602][  0]LogConfig: Applying CVar settings from Section [ShadingQuality@3] File [C:/FEM_Unreal/FEM/Saved/Config/Windows/Scalability.ini]
[2022.02.26-01.09.01:602][  0]LogConfig: Setting CVar [[r.HairStrands.SkyLighting.IntegrationType:2]]
[2022.02.26-01.09.01:602][  0]LogConfig: Setting CVar [[r.HairStrands.SkyAO.SampleCount:4]]
[2022.02.26-01.09.01:602][  0]LogConfig: Setting CVar [[r.HairStrands.Visibility.MSAA.SamplePerPixel:4]]
[2022.02.26-01.09.01:602][  0]LogConfig: Setting CVar [[r.HairStrands.Interpolation.UseSingleGuide:0]]
[2022.02.26-01.09.01:602][  0]LogConfig: Applying CVar settings from Section [Startup] File [../../../Engine/Config/ConsoleVariables.ini]
[2022.02.26-01.09.01:603][  0]LogConfig: Setting CVar [[net.UseAdaptiveNetUpdateFrequency:0]]
[2022.02.26-01.09.01:603][  0]LogConfig: Setting CVar [[p.chaos.AllowCreatePhysxBodies:1]]
[2022.02.26-01.09.01:603][  0]LogConfig: Setting CVar [[fx.SkipVectorVMBackendOptimizations:1]]
[2022.02.26-01.09.01:603][  0]LogConfig: Applying CVar settings from Section [ConsoleVariables] File [C:/FEM_Unreal/FEM/Saved/Config/Windows/Engine.ini]
[2022.02.26-01.09.01:603][  0]LogConfig: Applying CVar settings from Section [ConsoleVariables] File [C:/FEM_Unreal/FEM/Saved/Config/Windows/Editor.ini]
[2022.02.26-01.09.01:603][  0]LogInit: Computer: DESKTOP-IUA6Q6A
[2022.02.26-01.09.01:604][  0]LogInit: User: mauri
[2022.02.26-01.09.01:604][  0]LogInit: CPU Page size=4096, Cores=4
[2022.02.26-01.09.01:604][  0]LogInit: High frequency timer resolution =10.000000 MHz
[2022.02.26-01.09.01:604][  0]LogMemory: Memory total: Physical=15.9GB (16GB approx)
[2022.02.26-01.09.01:604][  0]LogMemory: Platform Memory Stats for Windows
[2022.02.26-01.09.01:604][  0]LogMemory: Process Physical Memory: 144.86 MB used, 144.87 MB peak
[2022.02.26-01.09.01:604][  0]LogMemory: Process Virtual Memory: 115.41 MB used, 115.41 MB peak
[2022.02.26-01.09.01:604][  0]LogMemory: Physical Memory: 9236.59 MB used,  7083.20 MB free, 16319.79 MB total
[2022.02.26-01.09.01:604][  0]LogMemory: Virtual Memory: 134210264.00 MB used,  7463.70 MB free, 134217728.00 MB total
[2022.02.26-01.09.01:622][  0]LogWindows: WindowsPlatformFeatures enabled
[2022.02.26-01.09.01:801][  0]LogInit: Physics initialised using underlying interface: Chaos
[2022.02.26-01.09.01:804][  0]LogInit: Using OS detected language (en-US).
[2022.02.26-01.09.01:804][  0]LogInit: Using OS detected locale (en-CA).
[2022.02.26-01.09.01:812][  0]LogTextLocalizationManager: No specific localization for 'en-US' exists, so the 'en' localization will be used.
[2022.02.26-01.09.02:212][  0]LogInit: Setting process to per monitor DPI aware
[2022.02.26-01.09.02:267][  0]LogWindowsTextInputMethodSystem: Display: IME system deactivated.
[2022.02.26-01.09.02:377][  0]LogSlate: New Slate User Created.  User Index 0, Is Virtual User: 0
[2022.02.26-01.09.02:377][  0]LogSlate: Slate User Registered.  User Index 0, Is Virtual User: 0
[2022.02.26-01.09.05:313][  0]LogD3D11RHI: Loaded GFSDK_Aftermath_Lib.x64.dll
[2022.02.26-01.09.05:320][  0]LogHMD: Failed to initialize OpenVR with code 110
[2022.02.26-01.09.05:320][  0]LogD3D11RHI: D3D11 min allowed feature level: 11_0
[2022.02.26-01.09.05:320][  0]LogD3D11RHI: D3D11 max allowed feature level: 11_0
[2022.02.26-01.09.05:320][  0]LogD3D11RHI: D3D11 adapters:
[2022.02.26-01.09.05:385][  0]LogD3D11RHI:    0. 'NVIDIA GeForce GTX 1060' (Feature Level 11_0)
[2022.02.26-01.09.05:385][  0]LogD3D11RHI:       6100/0/8159 MB DedicatedVideo/DedicatedSystem/SharedSystem, Outputs:1, VendorId:0x10de
[2022.02.26-01.09.05:393][  0]LogD3D11RHI:    1. 'Microsoft Basic Render Driver' (Feature Level 11_0)
[2022.02.26-01.09.05:393][  0]LogD3D11RHI:       0/0/8159 MB DedicatedVideo/DedicatedSystem/SharedSystem, Outputs:0, VendorId:0x1414
[2022.02.26-01.09.05:393][  0]LogD3D11RHI: Chosen D3D11 Adapter:
[2022.02.26-01.09.05:393][  0]LogD3D11RHI:     Description : NVIDIA GeForce GTX 1060
[2022.02.26-01.09.05:393][  0]LogD3D11RHI:     VendorId    : 10de
[2022.02.26-01.09.05:393][  0]LogD3D11RHI:     DeviceId    : 1c60
[2022.02.26-01.09.05:393][  0]LogD3D11RHI:     SubSysId    : 15501043
[2022.02.26-01.09.05:393][  0]LogD3D11RHI:     Revision    : 00a1
[2022.02.26-01.09.05:393][  0]LogD3D11RHI:     DedicatedVideoMemory : 6397165568 bytes
[2022.02.26-01.09.05:393][  0]LogD3D11RHI:     DedicatedSystemMemory : 0 bytes
[2022.02.26-01.09.05:393][  0]LogD3D11RHI:     SharedSystemMemory : 8556271616 bytes
[2022.02.26-01.09.05:393][  0]LogD3D11RHI:     AdapterLuid : 0 39764
[2022.02.26-01.09.05:401][  0]LogD3D11RHI: Creating new Direct3DDevice
[2022.02.26-01.09.05:401][  0]LogD3D11RHI:     GPU DeviceId: 0x1c60 (for the marketing name, search the web for "GPU Device Id")
[2022.02.26-01.09.05:401][  0]LogWindows: EnumDisplayDevices:
[2022.02.26-01.09.05:401][  0]LogWindows:    0. 'NVIDIA GeForce GTX 1060' (P:1 D:1)
[2022.02.26-01.09.05:402][  0]LogWindows:    1. 'NVIDIA GeForce GTX 1060' (P:0 D:0)
[2022.02.26-01.09.05:402][  0]LogWindows:    2. 'NVIDIA GeForce GTX 1060' (P:0 D:0)
[2022.02.26-01.09.05:403][  0]LogWindows:    3. 'NVIDIA GeForce GTX 1060' (P:0 D:0)
[2022.02.26-01.09.05:403][  0]LogWindows: DebugString: FoundDriverCount:4 
[2022.02.26-01.09.05:403][  0]LogD3D11RHI:     Adapter Name: NVIDIA GeForce GTX 1060
[2022.02.26-01.09.05:403][  0]LogD3D11RHI:   Driver Version: 373.06 (internal:21.21.13.7306, unified:373.06)
[2022.02.26-01.09.05:404][  0]LogD3D11RHI:      Driver Date: 10-1-2016
[2022.02.26-01.09.05:404][  0]LogRHI: Texture pool is 4270 MB (70% of 6100 MB)
[2022.02.26-01.09.05:404][  0]LogD3D11RHI: Creating D3DDevice using adapter:
[2022.02.26-01.09.05:404][  0]LogD3D11RHI:     Description : NVIDIA GeForce GTX 1060
[2022.02.26-01.09.05:404][  0]LogD3D11RHI:     VendorId    : 10de
[2022.02.26-01.09.05:404][  0]LogD3D11RHI:     DeviceId    : 1c60
[2022.02.26-01.09.05:404][  0]LogD3D11RHI:     SubSysId    : 15501043
[2022.02.26-01.09.05:404][  0]LogD3D11RHI:     Revision    : 00a1
[2022.02.26-01.09.05:404][  0]LogD3D11RHI:     DedicatedVideoMemory : 6397165568 bytes
[2022.02.26-01.09.05:404][  0]LogD3D11RHI:     DedicatedSystemMemory : 0 bytes
[2022.02.26-01.09.05:404][  0]LogD3D11RHI:     SharedSystemMemory : 8556271616 bytes
[2022.02.26-01.09.05:404][  0]LogD3D11RHI:     AdapterLuid : 0 39764
[2022.02.26-01.09.05:482][  0]LogD3D11RHI: RHI does not have support for 64 bit atomics
[2022.02.26-01.09.05:482][  0]LogD3D11RHI: Async texture creation enabled
[2022.02.26-01.09.05:482][  0]LogD3D11RHI: Array index from any shader is supported
[2022.02.26-01.09.05:499][  0]LogD3D11RHI: GPU Timing Frequency: 1000.000000 (Debug: 2 1)
[2022.02.26-01.09.05:627][  0]LogRHI: GeForceNow SDK initialized: 1
[2022.02.26-01.09.06:554][  0]LogTargetPlatformManager: Display: Loaded TargetPlatform 'AllDesktop'
[2022.02.26-01.09.06:604][  0]LogTargetPlatformManager: Display: Loaded TargetPlatform 'Android'
[2022.02.26-01.09.06:604][  0]LogTargetPlatformManager: Display: Loaded TargetPlatform 'Android_ASTC'
[2022.02.26-01.09.06:604][  0]LogTargetPlatformManager: Display: Loaded TargetPlatform 'Android_DXT'
[2022.02.26-01.09.06:604][  0]LogTargetPlatformManager: Display: Loaded TargetPlatform 'Android_ETC2'
[2022.02.26-01.09.06:604][  0]LogTargetPlatformManager: Display: Loaded TargetPlatform 'AndroidClient'
[2022.02.26-01.09.06:604][  0]LogTargetPlatformManager: Display: Loaded TargetPlatform 'Android_ASTCClient'
[2022.02.26-01.09.06:605][  0]LogTargetPlatformManager: Display: Loaded TargetPlatform 'Android_DXTClient'
[2022.02.26-01.09.06:605][  0]LogTargetPlatformManager: Display: Loaded TargetPlatform 'Android_ETC2Client'
[2022.02.26-01.09.06:605][  0]LogTargetPlatformManager: Display: Loaded TargetPlatform 'Android_Multi'
[2022.02.26-01.09.06:605][  0]LogTargetPlatformManager: Display: Loaded TargetPlatform 'Android_MultiClient'
[2022.02.26-01.09.06:695][  0]LogTargetPlatformManager: Display: Loaded TargetPlatform 'IOSClient'
[2022.02.26-01.09.06:695][  0]LogTargetPlatformManager: Display: Loaded TargetPlatform 'IOS'
[2022.02.26-01.09.06:758][  0]LogTargetPlatformManager: Display: Loaded TargetPlatform 'Lumin'
[2022.02.26-01.09.06:759][  0]LogTargetPlatformManager: Display: Loaded TargetPlatform 'LuminClient'
[2022.02.26-01.09.06:791][  0]LogTargetPlatformManager: Display: Loaded TargetPlatform 'MacNoEditor'
[2022.02.26-01.09.06:821][  0]LogTargetPlatformManager: Display: Loaded TargetPlatform 'Mac'
[2022.02.26-01.09.06:850][  0]LogTargetPlatformManager: Display: Loaded TargetPlatform 'MacClient'
[2022.02.26-01.09.06:875][  0]LogTargetPlatformManager: Display: Loaded TargetPlatform 'MacServer'
[2022.02.26-01.09.06:910][  0]LogTargetPlatformManager: Display: Loaded TargetPlatform 'TVOSClient'
[2022.02.26-01.09.06:910][  0]LogTargetPlatformManager: Display: Loaded TargetPlatform 'TVOS'
[2022.02.26-01.09.06:943][  0]LogTargetPlatformManager: Display: Loaded TargetPlatform 'WindowsNoEditor'
[2022.02.26-01.09.06:970][  0]LogTargetPlatformManager: Display: Loaded TargetPlatform 'Windows'
[2022.02.26-01.09.06:999][  0]LogTargetPlatformManager: Display: Loaded TargetPlatform 'WindowsClient'
[2022.02.26-01.09.07:028][  0]LogTargetPlatformManager: Display: Loaded TargetPlatform 'WindowsServer'
[2022.02.26-01.09.07:028][  0]LogTargetPlatformManager: Display: Building Assets For Windows
[2022.02.26-01.09.07:138][  0]LogAudioDebug: Display: Lib vorbis DLL was dynamically loaded.
[2022.02.26-01.09.07:412][  0]LogTextureFormatOodle: Display: Oodle Texture 2.9.0 init RDO Off
[2022.02.26-01.09.07:743][  0]LogRendererCore: Ray tracing is disabled. Reason: r.RayTracing=0.
[2022.02.26-01.09.07:743][  0]LogShaderCompilers: Guid format shader working directory is 19 characters bigger than the processId version (../../../../FEM_Unreal/FEM/Intermediate/Shaders/WorkingDirectory/14352/).
[2022.02.26-01.09.07:744][  0]LogShaderCompilers: Cleaned the shader compiler working directory 'C:/Users/mauri/AppData/Local/Temp/UnrealShaderWorkingDir/4135AB514439DB24E71756A9227E642C/'.
[2022.02.26-01.09.07:744][  0]LogXGEController: Cannot use XGE Controller as Incredibuild is not installed on this machine.
[2022.02.26-01.09.07:744][  0]LogShaderCompilers: Cannot use XGE Shader Compiler as Incredibuild is not installed on this machine.
[2022.02.26-01.09.07:744][  0]LogShaderCompilers: Display: Using Local Shader Compiler.
[2022.02.26-01.09.11:457][  0]LogDerivedDataCache: Display: Max Cache Size: 512 MB
[2022.02.26-01.09.11:546][  0]LogDerivedDataCache: Loaded boot cache 0.09s 103MB ../../../../FEM_Unreal/FEM/DerivedDataCache/Boot.ddc.
[2022.02.26-01.09.11:546][  0]LogDerivedDataCache: Display: Loaded Boot cache: ../../../../FEM_Unreal/FEM/DerivedDataCache/Boot.ddc
[2022.02.26-01.09.11:546][  0]LogDerivedDataCache: FDerivedDataBackendGraph:  Pak pak cache file ../../../../FEM_Unreal/FEM/DerivedDataCache/DDC.ddp not found, will not use a pak cache.
[2022.02.26-01.09.11:546][  0]LogDerivedDataCache: Unable to find inner node Pak for hierarchical cache Hierarchy.
[2022.02.26-01.09.11:547][  0]LogDerivedDataCache: FDerivedDataBackendGraph:  EnginePak pak cache file ../../../Engine/DerivedDataCache/DDC.ddp not found, will not use a pak cache.
[2022.02.26-01.09.11:547][  0]LogDerivedDataCache: Unable to find inner node EnginePak for hierarchical cache Hierarchy.
[2022.02.26-01.09.11:639][  0]LogDerivedDataCache: Speed tests for ../../../Engine/DerivedDataCache took 0.09 seconds
[2022.02.26-01.09.11:649][  0]LogDerivedDataCache: Display: Performance to ../../../Engine/DerivedDataCache: Latency=0.05ms. RandomReadSpeed=11.31MBs, RandomWriteSpeed=107.28MBs. Assigned SpeedClass 'Local'
[2022.02.26-01.09.11:658][  0]LogDerivedDataCache: Using Local data cache path ../../../Engine/DerivedDataCache: Writable
[2022.02.26-01.09.11:658][  0]LogDerivedDataCache: Shared data cache path not found in *engine.ini, will not use an Shared cache.
[2022.02.26-01.09.11:658][  0]LogDerivedDataCache: Unable to find inner node Shared for hierarchical cache Hierarchy.
[2022.02.26-01.09.11:744][  0]LogSlate: Using FreeType 2.10.0
[2022.02.26-01.09.11:759][  0]LogSlate: SlateFontServices - WITH_FREETYPE: 1, WITH_HARFBUZZ: 1
[2022.02.26-01.09.11:815][  0]LogAssetRegistry: FAssetRegistry took 0.0056 seconds to start up
[2022.02.26-01.09.12:165][  0]LogInit: Selected Device Profile: [Windows]
[2022.02.26-01.09.12:165][  0]LogInit: Active device profile: [000001DE1C959300][000001DE12196FC0 49] Windows
[2022.02.26-01.09.12:165][  0]LogInit: Profiles: [000001DE1C959300][000001DE12196FC0 49] Windows, [000001DE1C907300][000001DE1219F140 49] WindowsNoEditor, [000001DE1C95A400][000001DE136D72C0 49] WindowsServer, [000001DE1C905F00][000001DE1A2E9440 49] WindowsClient, [000001DE1C95B300][000001DE1A2ED5C0 49] IOS, [000001DE1C905200][000001DE1A329740 49] iPadAir, [000001DE1C95BE00][000001DE1219B880 49] iPadAir2, [000001DE1C81E100][000001DE1A549AC0 49] IPadPro, [000001DE1C81E200][000001DE1A545B00 49] iPadAir3, [000001DE1C905B00][000001DE11224100 49] iPadAir4, [000001DE1C81F100][000001DE11228280 49] iPadMini2, [000001DE1C907600][000001DE1A54C400 49] iPadMini3, [000001DE1C81FD00][000001DE1A550580 49] iPadMini4, [000001DE1C906700][000001DE1A554700 49] iPadMini5, [000001DE1C901A00][000001DE1CDC09C0 49] iPhone6, [000001DE1C901B00][000001DE1A558A00 49] iPodTouch6, [000001DE1C95AF00][000001DE1CDC8CC0 49] iPhone7, [000001DE1C95B000][000001DE1CDC4D00 49] iPodTouch7, [000001DE1C81DC00][000001DE1CDD8E80 49] iPhone5S, [000001DE1C959100][000001DE1CDDD000 49] iPhone6Plus, [000001DE1C81D800][000001DE1B6E7180 49] iPhone6S, [000001DE1C958400][000001DE1B6EB300 49] iPhone6SPlus, [000001DE1C81CE00][000001DE1B6EF480 49] iPhone7Plus, [000001DE1C959700][000001DE1B811600 49] iPhoneSE, [000001DE1C81CA00][000001DE1B815780 49] iPhone8, [000001DE1C958800][000001DE1B875900 49] iPhone8Plus, [000001DE1C81DA00][000001DE11221A40 49] iPhoneX, [000001DE1C95BD00][000001DE1B879B80 49] iPhoneXS, [000001DE1C900200][000001DE1B87C140 49] iPhoneXSMax, [000001DE1C81CD00][000001DE1B8842C0 49] iPhoneXR, [000001DE1C900C00][000001DE114C0440 49] iPhone11, [000001DE1C81EE00][000001DE114C45C0 49] iPhone11Pro, [000001DE1C901500][000001DE114C8740 49] iPhone11ProMax, [000001DE1C81FA00][000001DE1CDA68C0 49] iPhoneSE2, [000001DE1C900400][000001DE1CDAAA40 49] iPhone12Mini, [000001DE1C81D200][000001DE1B888BC0 49] iPhone12, [000001DE1C903C00][000001DE1B8CAD40 49] iPhone12Pro, [000001DE1C81E000][000001DE1B8CEEC0 49] iPhone12ProMax, [000001DE1C902C00][000001DE1B8FF040 49] iPadPro105, [000001DE1C95A100][000001DE1B9031C0 49] iPadPro129, [000001DE1C901100][000001DE1B907340 49] iPadPro97, [000001DE1C959000][000001DE1CD234C0 49] iPadPro2_129, [000001DE1C900D00][000001DE1CD27640 49] iPad5, [000001DE1C959D00][000001DE1CD377C0 49] iPad6, [000001DE1C900600][000001DE1CD3B940 49] iPad7, [000001DE1C95AE00][000001DE1CD3FAC0 49] iPad8, [000001DE1C903100][000001DE1B881C00 49] iPadPro11, [000001DE1C95AA00][000001DE1B8FA1C0 49] iPadPro2_11, [000001DE1C900900][000001DE114CC300 49] iPadPro3_129, [000001DE1C958500][000001DE1B88C440 49] iPadPro4_129, [000001DE1C902700][000001DE1B5EA5C0 49] AppleTV, [000001DE1C958100][000001DE1B5EE740 49] AppleTV4K, [000001DE1C901F00][000001DE1B5F28C0 49] TVOS, [000001DE1C95B100][000001DE1B5F6A40 49] Mac, [000001DE1C903800][000001DE1B5FABC0 49] MacClient, [000001DE1C959F00][000001DE1B5FED40 49] MacNoEditor, [000001DE1C903500][000001DE1B602EC0 49] MacServer, [000001DE1C958E00][000001DE1B607040 49] Linux, [000001DE1C902E00][000001DE1B90B1C0 49] LinuxAArch64, [000001DE1C95B800][000001DE1B90F340 49] LinuxNoEditor, [000001DE1C900500][000001DE1B9134C0 49] LinuxAArch64NoEditor, [000001DE1C958F00][000001DE1B917640 49] LinuxClient, [000001DE1C901400][000001DE1B91B7C0 49] LinuxAArch64Client, [000001DE1C95B500][000001DE1B91F940 49] LinuxServer, [000001DE1C902A00][000001DE1B923AC0 49] LinuxAArch64Server, [000001DE1C95B600][000001DE1B9260C0 49] Android, [000001DE1C902800][000001DE1B5E6200 49] Android_Low, [000001DE1C958D00][000001DE1B92A340 49] Android_Mid, [000001DE1C900100][000001DE1B92E480 49] Android_High, [000001DE1C959900][000001DE1B9325C0 49] Android_Default, [000001DE1C903300][000001DE1B93A740 49] Android_Adreno4xx, [000001DE1C95B900][000001DE1B93E8C0 49] Android_Adreno5xx_Low, [000001DE1C902F00][000001DE1B942A40 49] Android_Adreno5xx, [000001DE1C95A500][000001DE1B946BC0 49] Android_Adreno6xx, [000001DE1C903D00][000001DE1B94AD40 49] Android_Adreno6xx_Vulkan, [000001DE1C95BC00][000001DE1B94EEC0 49] Android_Mali_T6xx, [000001DE1C901E00][000001DE1B953040 49] Android_Mali_T7xx, [000001DE1C958C00][000001DE1B9571C0 49] Android_Mali_T8xx, [000001DE1C903400][000001DE1B95B340 49] Android_Mali_G71, [000001DE1C959400][000001DE1B95F4C0 49] Android_Mali_G72, [000001DE1C900F00][000001DE1B963640 49] Android_Mali_G72_Vulkan, [000001DE1C959C00][000001DE1B9677C0 49] Android_Mali_G76, [000001DE1C903B00][000001DE1B96B940 49] Android_Mali_G76_Vulkan, [000001DE1C959E00][000001DE1B96FAC0 49] Android_Mali_G77, [000001DE1C902B00][000001DE1B9720C0 49] Android_Mali_G77_Vulkan, [000001DE1C95A000][000001DE1B976240 49] Android_Mali_G78, [000001DE1C902200][000001DE1B97A3C0 49] Android_Mali_G78_Vulkan, [000001DE1C906A00][000001DE1B936500 49] Android_Mali_G710, [000001DE1C81C800][000001DE1B97E640 49] Android_Mali_G710_Vulkan, [000001DE1C907A00][000001DE1B982780 49] Android_Vulkan_SM5, [000001DE1C81EB00][000001DE1B98A900 49] Android_PowerVR_G6xxx, [000001DE1C904B00][000001DE1B98EA80 49] Android_PowerVR_GT7xxx, [000001DE1C81CB00][000001DE1B992C00 49] Android_PowerVR_GE8xxx, [000001DE1C906F00][000001DE1B996D80 49] Android_PowerVR_GM9xxx, [000001DE1C81C500][000001DE1B99AF00 49] Android_PowerVR_GM9xxx_Vulkan, [000001DE1C905A00][000001DE1B99F080 49] Android_TegraK1, [000001DE1C81F400][000001DE1B9A3200 49] Android_Unknown_Vulkan, [000001DE1C907100][000001DE1B9A7380 49] Lumin, [000001DE1C81E500][000001DE1B9AB500 49] Lumin_Desktop, [000001DE1C907C00][000001DE1B9AF680 49] HoloLens, 
[2022.02.26-01.09.12:704][  0]LogMeshReduction: Using QuadricMeshReduction for automatic static mesh reduction
[2022.02.26-01.09.12:704][  0]LogMeshReduction: Using SimplygonMeshReduction for automatic skeletal mesh reduction
[2022.02.26-01.09.12:704][  0]LogMeshReduction: Using ProxyLODMeshReduction for automatic mesh merging
[2022.02.26-01.09.12:704][  0]LogMeshReduction: No distributed automatic mesh merging module available
[2022.02.26-01.09.12:705][  0]LogMeshMerging: No distributed automatic mesh merging module available
[2022.02.26-01.09.12:757][  0]LogNetVersion: FEM 1.0.0, NetCL: 0, EngineNetVer: 17, GameNetVer: 0 (Checksum: 2844638706)
[2022.02.26-01.09.13:581][  0]LogTexture: Default maximum texture size for cubemaps generated from long-lat sources has been changed from 512 to unlimited. In order to preserve old behaiour for '/Engine/MapTemplates/Sky/DaylightAmbientCubemap.DaylightAmbientCubemap', its maximum texture size has been explicitly set to 512.
[2022.02.26-01.09.13:781][  0]LogHMD: PokeAHoleMaterial loaded successfully
[2022.02.26-01.09.13:791][  0]LogUObjectArray: 18147 objects as part of root set at end of initial load.
[2022.02.26-01.09.13:791][  0]LogUObjectAllocator: 4655008 out of 0 bytes used by permanent object pool.
[2022.02.26-01.09.13:791][  0]LogUObjectArray: CloseDisregardForGC: 0/0 objects in disregard for GC pool
[2022.02.26-01.09.15:742][  0]LogNiagaraDebuggerClient: Niagara Debugger Client Initialized | Session: D9AD9E3B41ABFD7A899774833E04D910 | Instance: 400F564C4DCC65D4543062A9AC75CA6D (DESKTOP-IUA6Q6A-14352).
[2022.02.26-01.09.16:487][  0]LogTcpMessaging: Initializing TcpMessaging bridge
[2022.02.26-01.09.16:521][  0]LogUdpMessaging: Initializing bridge on interface 0.0.0.0:0 to multicast group 230.0.0.1:6666.
[2022.02.26-01.09.16:639][  0]LogPython: Using Python 3.7.7
[2022.02.26-01.09.18:778][  0]SourceControl: Source control is disabled
[2022.02.26-01.09.18:778][  0]SourceControl: Source control is disabled
[2022.02.26-01.09.18:817][  0]SourceControl: Source control is disabled
[2022.02.26-01.09.18:847][  0]SourceControl: Source control is disabled
[2022.02.26-01.09.18:962][  0]LogUProjectInfo: Found projects:
[2022.02.26-01.09.19:429][  0]SourceControl: Source control is disabled
[2022.02.26-01.09.20:889][  0]LogOpenImageDenoise: OIDN starting up
[2022.02.26-01.09.21:001][  0]LogAndroidPermission: UAndroidPermissionCallbackProxy::GetInstance
[2022.02.26-01.09.21:143][  0]LogAudioCaptureCore: Display: No Audio Capture implementations found. Audio input will be silent.
[2022.02.26-01.09.21:143][  0]LogAudioCaptureCore: Display: No Audio Capture implementations found. Audio input will be silent.
[2022.02.26-01.09.21:838][  0]LogCollectionManager: Loaded 0 collections in 0.005139 seconds
[2022.02.26-01.09.21:974][  0]LogFileCache: Scanning file cache for directory 'C:/FEM_Unreal/FEM/Saved/Collections/' took 0.00s
[2022.02.26-01.09.21:974][  0]LogFileCache: Scanning file cache for directory 'C:/FEM_Unreal/FEM/Content/Developers/mauri/Collections/' took 0.00s
[2022.02.26-01.09.21:974][  0]LogFileCache: Scanning file cache for directory 'C:/FEM_Unreal/FEM/Content/Collections/' took 0.00s
[2022.02.26-01.09.21:982][  0]LogOcInput: OculusInput pre-init called
[2022.02.26-01.09.22:502][  0]LogClass: Display: IntProperty FPhysicsConvexData::NumVertices is not initialized properly. Module:MeshModelingTools File:Public/Physics/CollisionPropertySets.h
[2022.02.26-01.09.22:502][  0]LogClass: Display: IntProperty FPhysicsConvexData::NumFaces is not initialized properly. Module:MeshModelingTools File:Public/Physics/CollisionPropertySets.h
[2022.02.26-01.09.22:502][  0]LogClass: Display: FloatProperty FPhysicsCapsuleData::Radius is not initialized properly. Module:MeshModelingTools File:Public/Physics/CollisionPropertySets.h
[2022.02.26-01.09.22:502][  0]LogClass: Display: FloatProperty FPhysicsCapsuleData::Length is not initialized properly. Module:MeshModelingTools File:Public/Physics/CollisionPropertySets.h
[2022.02.26-01.09.22:502][  0]LogClass: Display: StructProperty FPhysicsBoxData::Dimensions is not initialized properly. Module:MeshModelingTools File:Public/Physics/CollisionPropertySets.h
[2022.02.26-01.09.22:503][  0]LogClass: Display: FloatProperty FPhysicsSphereData::Radius is not initialized properly. Module:MeshModelingTools File:Public/Physics/CollisionPropertySets.h
[2022.02.26-01.09.22:503][  0]LogClass: Display: EnumProperty FLODLevelGenerateSettings::TargetMode is not initialized properly. Module:MeshModelingToolsEditorOnly File:Public/GenerateLODMeshesTool.h
[2022.02.26-01.09.22:503][  0]LogClass: Display: IntProperty FLODLevelGenerateSettings::TargetPercentage is not initialized properly. Module:MeshModelingToolsEditorOnly File:Public/GenerateLODMeshesTool.h
[2022.02.26-01.09.22:503][  0]LogClass: Display: IntProperty FLODLevelGenerateSettings::TargetCount is not initialized properly. Module:MeshModelingToolsEditorOnly File:Public/GenerateLODMeshesTool.h
[2022.02.26-01.09.22:503][  0]LogClass: Display: 9 Uninitialized script struct members found including 0 object properties
[2022.02.26-01.09.22:504][  0]LogEngine: Initializing Engine...
[2022.02.26-01.09.22:555][  0]LogHMD: Failed to enumerate extensions. Please check that you have a valid OpenXR runtime installed.
[2022.02.26-01.09.22:555][  0]LogHMD: Failed to initialize OpenVR with code 110
[2022.02.26-01.09.22:555][  0]LogMagicLeap: Warning: VR disabled because ZI is not enabled.  To enable, in the editor, Edit -> Project Settings -> Plugins -> Magic Leap Plugin -> Enable Zero Iteration
[2022.02.26-01.09.22:557][  0]LogStats: UGameplayTagsManager::InitializeManager -  0.000 s
[2022.02.26-01.09.22:884][  0]LogInit: Initializing FReadOnlyCVARCache
[2022.02.26-01.09.22:885][  0]LogChaos: FPhysicsSolverBase::AsyncDt:-1.000000
[2022.02.26-01.09.22:930][  0]LogAIModule: Creating AISystem for world Untitled
[2022.02.26-01.09.22:932][  0]LogAudio: Display: Initializing Audio Device Manager...
[2022.02.26-01.09.22:964][  0]LogAudio: Display: Loading Default Audio Settings Objects...
[2022.02.26-01.09.22:969][  0]LogAudio: Display: No default SoundConcurrencyObject specified (or failed to load).
[2022.02.26-01.09.22:970][  0]LogAudio: Display: Audio Device Manager Initialized
[2022.02.26-01.09.22:970][  0]LogAudio: Display: Creating Audio Device:                 Id: 1, Scope: Shared, Realtime: True
[2022.02.26-01.09.22:971][  0]LogAudioMixer: Display: Audio Mixer Platform Settings:
[2022.02.26-01.09.22:971][  0]LogAudioMixer: Display: 	Sample Rate:						  48000
[2022.02.26-01.09.22:971][  0]LogAudioMixer: Display: 	Callback Buffer Frame Size Requested: 1024
[2022.02.26-01.09.22:971][  0]LogAudioMixer: Display: 	Callback Buffer Frame Size To Use:	  1024
[2022.02.26-01.09.22:971][  0]LogAudioMixer: Display: 	Number of buffers to queue:			  2
[2022.02.26-01.09.22:971][  0]LogAudioMixer: Display: 	Max Channels (voices):				  32
[2022.02.26-01.09.22:971][  0]LogAudioMixer: Display: 	Number of Async Source Workers:		  0
[2022.02.26-01.09.22:971][  0]LogAudio: Display: AudioDevice MaxSources: 32
[2022.02.26-01.09.22:972][  0]LogAudio: Display: Audio Spatialization Plugin: None (built-in).
[2022.02.26-01.09.22:972][  0]LogAudio: Display: Audio Reverb Plugin: None (built-in).
[2022.02.26-01.09.22:972][  0]LogAudio: Display: Audio Occlusion Plugin: None (built-in).
[2022.02.26-01.09.22:972][  0]LogAudioMixer: Display: Initializing audio mixer.
[2022.02.26-01.09.23:040][  0]LogAudioMixer: Display: 0: FrontLeft
[2022.02.26-01.09.23:040][  0]LogAudioMixer: Display: 1: FrontRight
[2022.02.26-01.09.23:076][  0]LogAudioMixer: Display: Using Audio Device Speakers (SRS-X55 Stereo)
[2022.02.26-01.09.23:081][  0]LogAudioMixer: Display: Initializing Sound Submixes...
[2022.02.26-01.09.23:108][  0]LogAudioMixer: Display: Creating Master Submix 'MasterSubmixDefault'
[2022.02.26-01.09.23:108][  0]LogAudioMixer: Display: Creating Master Submix 'MasterReverbSubmixDefault'
[2022.02.26-01.09.23:110][  0]LogAudioMixer: Display: Creating Master Submix 'MasterEQSubmixDefault'
[2022.02.26-01.09.23:110][  0]LogAudioMixer: FMixerPlatformXAudio2::StartAudioStream() called
[2022.02.26-01.09.23:110][  0]LogAudioMixer: Display: Output buffers initialized: Frames=1024, Channels=2, Samples=2048
[2022.02.26-01.09.23:114][  0]LogAudioMixer: Display: Starting AudioMixerPlatformInterface::RunInternal()
[2022.02.26-01.09.23:114][  0]LogAudioMixer: Display: FMixerPlatformXAudio2::SubmitBuffer() called for the first time
[2022.02.26-01.09.23:114][  0]LogInit: FAudioDevice initialized.
[2022.02.26-01.09.23:114][  0]LogAudio: Display: Audio Device (ID: 1) registered with world 'Untitled'.
[2022.02.26-01.09.23:115][  0]LogNetVersion: Set ProjectVersion to 1.0.0.0. Version Checksum will be recalculated on next use.
[2022.02.26-01.09.23:208][  0]LogDerivedDataCache: Saved boot cache 0.09s 103MB ../../../../FEM_Unreal/FEM/DerivedDataCache/Boot.ddc.
[2022.02.26-01.09.23:208][  0]LogInit: Texture streaming: Enabled
[2022.02.26-01.09.23:304][  0]LogAnalytics: Display: [UEEditor.UnrealEngine.Release] APIServer = https://datarouter.ol.epicgames.com/. AppVersion = 4.27.2-0+++UE4+Release-4.27
[2022.02.26-01.09.23:333][  0]LogEngineSessionManager: EngineSessionManager initialized
[2022.02.26-01.09.23:333][  0]LogEditorSessionSummary: Verbose: Initializing EditorSessionSummaryWriter for editor session tracking
[2022.02.26-01.09.23:336][  0]LogEditorSessionSummary: EditorSessionSummaryWriter initialized
[2022.02.26-01.09.23:424][  0]LogInit: Transaction tracking system initialized
[2022.02.26-01.09.23:628][  0]BlueprintLog: New page: Editor Load
[2022.02.26-01.09.24:182][  0]LocalizationService: Localization service is disabled
[2022.02.26-01.09.24:381][  0]TimingProfiler: Initialize
[2022.02.26-01.09.24:381][  0]TimingProfiler: OnSessionChanged
[2022.02.26-01.09.24:381][  0]LoadingProfiler: Initialize
[2022.02.26-01.09.24:382][  0]LoadingProfiler: OnSessionChanged
[2022.02.26-01.09.24:382][  0]NetworkingProfiler: Initialize
[2022.02.26-01.09.24:382][  0]NetworkingProfiler: OnSessionChanged
[2022.02.26-01.09.24:382][  0]MemoryProfiler: Initialize
[2022.02.26-01.09.24:382][  0]MemoryProfiler: OnSessionChanged
[2022.02.26-01.09.25:248][  0]LogCook: Display: CookSettings for Memory: MemoryMaxUsedVirtual 0MiB, MemoryMaxUsedPhysical 16384MiB, MemoryMinFreeVirtual 0MiB, MemoryMinFreePhysical 1024MiB
[2022.02.26-01.09.25:249][  0]LogCook: Display: Mobile HDR setting 1
[2022.02.26-01.09.25:796][  0]LogFileCache: Scanning file cache for directory 'C:/FEM_Unreal/FEM/Content/' took 0.01s
[2022.02.26-01.09.26:785][  0]LogInit: Display: Engine is initialized. Leaving FEngineLoop::Init()
[2022.02.26-01.09.26:790][  0]SourceControl: Source control is disabled
[2022.02.26-01.09.26:790][  0]LogUnrealEdMisc: Loading editor; pre map load, took 29.790
[2022.02.26-01.09.26:791][  0]Cmd: MAP LOAD FILE="../../../Engine/Content/Maps/Templates/Template_Default.umap" TEMPLATE=1 SHOWPROGRESS=1 FEATURELEVEL=3
[2022.02.26-01.09.26:795][  0]LightingResults: New page: Lighting Build
[2022.02.26-01.09.26:798][  0]LogWorld: UWorld::CleanupWorld for Untitled, bSessionEnded=true, bCleanupResources=true
[2022.02.26-01.09.26:798][  0]LogSlate: InvalidateAllWidgets triggered.  All widgets were invalidated
[2022.02.26-01.09.26:799][  0]MapCheck: New page: Map Check
[2022.02.26-01.09.26:799][  0]LightingResults: New page: Lighting Build
[2022.02.26-01.09.26:805][  0]LogAudio: Display: Audio Device unregistered from world 'None'.
[2022.02.26-01.09.26:810][  0]LogUObjectHash: Compacting FUObjectHashTables data took   0.96ms
[2022.02.26-01.09.26:962][  0]LogTexture: Display: Building textures: DeprecatedTextureEB9CBE3C423008B5E8E130901E171C89 (BGRA8, 128X128)
[2022.02.26-01.09.26:967][  0]LogAudio: Display: Audio Device (ID: 1) registered with world 'Untitled_1'.
[2022.02.26-01.09.26:968][  0]LogChaos: FPhysicsSolverBase::AsyncDt:-1.000000
[2022.02.26-01.09.26:970][  0]LogAIModule: Creating AISystem for world Untitled_1
[2022.02.26-01.09.26:987][  0]LogEditorServer: Finished looking for orphan Actors (0.000 secs)
[2022.02.26-01.09.26:996][  0]LogUObjectHash: Compacting FUObjectHashTables data took   1.63ms
[2022.02.26-01.09.26:997][  0]Cmd: MAP CHECKDEP NOCLEARLOG
[2022.02.26-01.09.26:997][  0]MapCheck: Map check complete: 0 Error(s), 0 Warning(s), took 0.279ms to complete.
[2022.02.26-01.09.26:997][  0]LogFileHelpers: Loading map 'Template_Default' took 0.207
[2022.02.26-01.09.27:001][  0]LogUnrealEdMisc: Total Editor Startup Time, took 30.001
[2022.02.26-01.09.27:175][  0]LogSlate: Updating window title bar state: overlay mode, drag disabled, window buttons hidden, title bar hidden
[2022.02.26-01.09.27:189][  0]LogSlate: Updating window title bar state: overlay mode, drag disabled, window buttons hidden, title bar hidden
[2022.02.26-01.09.27:199][  0]LogSlate: Updating window title bar state: overlay mode, drag disabled, window buttons hidden, title bar hidden
[2022.02.26-01.09.27:208][  0]LogSlate: Updating window title bar state: overlay mode, drag disabled, window buttons hidden, title bar hidden
[2022.02.26-01.09.27:236][  0]LogNativeClassHierarchy: Verbose: Native class hierarchy populated in 0.0143 seconds. Added 4227 classes and 957 folders.
[2022.02.26-01.09.27:238][  0]LogNativeClassHierarchy: Verbose: Native class hierarchy updated for 'WidgetCarousel' in 0.0003 seconds. Added 0 classes and 0 folders.
[2022.02.26-01.09.27:272][  0]LogShaderLibrary: Display: ShaderCodeLibraryPakFileMountedCallback: PakFile 'C:/UnrealEngine/FeaturePacks/FP_FirstPerson.upack' (chunk index -1, root 'root:/') mounted
[2022.02.26-01.09.27:272][  0]LogShaderLibrary: Display: ShaderCodeLibraryPakFileMountedCallback: pending pak file info (ChunkID:-1 Root:root:/ File:C:/UnrealEngine/FeaturePacks/FP_FirstPerson.upack)
[2022.02.26-01.09.27:272][  0]LogPakFile: OnPakFileMounted2Time == 0.000314
[2022.02.26-01.09.27:294][  0]LogShaderLibrary: Display: ShaderCodeLibraryPakFileMountedCallback: PakFile 'C:/UnrealEngine/FeaturePacks/FP_FirstPersonBP.upack' (chunk index -1, root 'root:/') mounted
[2022.02.26-01.09.27:294][  0]LogShaderLibrary: Display: ShaderCodeLibraryPakFileMountedCallback: pending pak file info (ChunkID:-1 Root:root:/ File:C:/UnrealEngine/FeaturePacks/FP_FirstPersonBP.upack)
[2022.02.26-01.09.27:294][  0]LogPakFile: OnPakFileMounted2Time == 0.000306
[2022.02.26-01.09.27:303][  0]LogShaderLibrary: Display: ShaderCodeLibraryPakFileMountedCallback: PakFile 'C:/UnrealEngine/FeaturePacks/MobileStarterContent.upack' (chunk index -1, root 'root:/') mounted
[2022.02.26-01.09.27:303][  0]LogShaderLibrary: Display: ShaderCodeLibraryPakFileMountedCallback: pending pak file info (ChunkID:-1 Root:root:/ File:C:/UnrealEngine/FeaturePacks/MobileStarterContent.upack)
[2022.02.26-01.09.27:303][  0]LogPakFile: OnPakFileMounted2Time == 0.000287
[2022.02.26-01.09.27:308][  0]LogShaderLibrary: Display: ShaderCodeLibraryPakFileMountedCallback: PakFile 'C:/UnrealEngine/FeaturePacks/StarterContent.upack' (chunk index -1, root 'root:/') mounted
[2022.02.26-01.09.27:308][  0]LogShaderLibrary: Display: ShaderCodeLibraryPakFileMountedCallback: pending pak file info (ChunkID:-1 Root:root:/ File:C:/UnrealEngine/FeaturePacks/StarterContent.upack)
[2022.02.26-01.09.27:308][  0]LogPakFile: OnPakFileMounted2Time == 0.000309
[2022.02.26-01.09.27:315][  0]LogShaderLibrary: Display: ShaderCodeLibraryPakFileMountedCallback: PakFile 'C:/UnrealEngine/FeaturePacks/TP_2DSideScroller.upack' (chunk index -1, root 'root:/') mounted
[2022.02.26-01.09.27:315][  0]LogShaderLibrary: Display: ShaderCodeLibraryPakFileMountedCallback: pending pak file info (ChunkID:-1 Root:root:/ File:C:/UnrealEngine/FeaturePacks/TP_2DSideScroller.upack)
[2022.02.26-01.09.27:315][  0]LogPakFile: OnPakFileMounted2Time == 0.000320
[2022.02.26-01.09.27:323][  0]LogShaderLibrary: Display: ShaderCodeLibraryPakFileMountedCallback: PakFile 'C:/UnrealEngine/FeaturePacks/TP_2DSideScrollerBP.upack' (chunk index -1, root 'root:/') mounted
[2022.02.26-01.09.27:324][  0]LogShaderLibrary: Display: ShaderCodeLibraryPakFileMountedCallback: pending pak file info (ChunkID:-1 Root:root:/ File:C:/UnrealEngine/FeaturePacks/TP_2DSideScrollerBP.upack)
[2022.02.26-01.09.27:324][  0]LogPakFile: OnPakFileMounted2Time == 0.000342
[2022.02.26-01.09.27:329][  0]LogShaderLibrary: Display: ShaderCodeLibraryPakFileMountedCallback: PakFile 'C:/UnrealEngine/FeaturePacks/TP_Flying.upack' (chunk index -1, root 'root:/') mounted
[2022.02.26-01.09.27:330][  0]LogShaderLibrary: Display: ShaderCodeLibraryPakFileMountedCallback: pending pak file info (ChunkID:-1 Root:root:/ File:C:/UnrealEngine/FeaturePacks/TP_Flying.upack)
[2022.02.26-01.09.27:330][  0]LogPakFile: OnPakFileMounted2Time == 0.000291
[2022.02.26-01.09.27:336][  0]LogShaderLibrary: Display: ShaderCodeLibraryPakFileMountedCallback: PakFile 'C:/UnrealEngine/FeaturePacks/TP_FlyingBP.upack' (chunk index -1, root 'root:/') mounted
[2022.02.26-01.09.27:336][  0]LogShaderLibrary: Display: ShaderCodeLibraryPakFileMountedCallback: pending pak file info (ChunkID:-1 Root:root:/ File:C:/UnrealEngine/FeaturePacks/TP_FlyingBP.upack)
[2022.02.26-01.09.27:336][  0]LogPakFile: OnPakFileMounted2Time == 0.000269
[2022.02.26-01.09.27:341][  0]LogShaderLibrary: Display: ShaderCodeLibraryPakFileMountedCallback: PakFile 'C:/UnrealEngine/FeaturePacks/TP_Puzzle.upack' (chunk index -1, root 'root:/') mounted
[2022.02.26-01.09.27:341][  0]LogShaderLibrary: Display: ShaderCodeLibraryPakFileMountedCallback: pending pak file info (ChunkID:-1 Root:root:/ File:C:/UnrealEngine/FeaturePacks/TP_Puzzle.upack)
[2022.02.26-01.09.27:341][  0]LogPakFile: OnPakFileMounted2Time == 0.000286
[2022.02.26-01.09.27:348][  0]LogShaderLibrary: Display: ShaderCodeLibraryPakFileMountedCallback: PakFile 'C:/UnrealEngine/FeaturePacks/TP_PuzzleBP.upack' (chunk index -1, root 'root:/') mounted
[2022.02.26-01.09.27:348][  0]LogShaderLibrary: Display: ShaderCodeLibraryPakFileMountedCallback: pending pak file info (ChunkID:-1 Root:root:/ File:C:/UnrealEngine/FeaturePacks/TP_PuzzleBP.upack)
[2022.02.26-01.09.27:348][  0]LogPakFile: OnPakFileMounted2Time == 0.000276
[2022.02.26-01.09.27:357][  0]LogShaderLibrary: Display: ShaderCodeLibraryPakFileMountedCallback: PakFile 'C:/UnrealEngine/FeaturePacks/TP_Rolling.upack' (chunk index -1, root 'root:/') mounted
[2022.02.26-01.09.27:357][  0]LogShaderLibrary: Display: ShaderCodeLibraryPakFileMountedCallback: pending pak file info (ChunkID:-1 Root:root:/ File:C:/UnrealEngine/FeaturePacks/TP_Rolling.upack)
[2022.02.26-01.09.27:357][  0]LogPakFile: OnPakFileMounted2Time == 0.000338
[2022.02.26-01.09.27:362][  0]LogShaderLibrary: Display: ShaderCodeLibraryPakFileMountedCallback: PakFile 'C:/UnrealEngine/FeaturePacks/TP_RollingBP.upack' (chunk index -1, root 'root:/') mounted
[2022.02.26-01.09.27:363][  0]LogShaderLibrary: Display: ShaderCodeLibraryPakFileMountedCallback: pending pak file info (ChunkID:-1 Root:root:/ File:C:/UnrealEngine/FeaturePacks/TP_RollingBP.upack)
[2022.02.26-01.09.27:363][  0]LogPakFile: OnPakFileMounted2Time == 0.000325
[2022.02.26-01.09.27:369][  0]LogShaderLibrary: Display: ShaderCodeLibraryPakFileMountedCallback: PakFile 'C:/UnrealEngine/FeaturePacks/TP_SideScroller.upack' (chunk index -1, root 'root:/') mounted
[2022.02.26-01.09.27:369][  0]LogShaderLibrary: Display: ShaderCodeLibraryPakFileMountedCallback: pending pak file info (ChunkID:-1 Root:root:/ File:C:/UnrealEngine/FeaturePacks/TP_SideScroller.upack)
[2022.02.26-01.09.27:369][  0]LogPakFile: OnPakFileMounted2Time == 0.000327
[2022.02.26-01.09.27:375][  0]LogShaderLibrary: Display: ShaderCodeLibraryPakFileMountedCallback: PakFile 'C:/UnrealEngine/FeaturePacks/TP_SideScrollerBP.upack' (chunk index -1, root 'root:/') mounted
[2022.02.26-01.09.27:375][  0]LogShaderLibrary: Display: ShaderCodeLibraryPakFileMountedCallback: pending pak file info (ChunkID:-1 Root:root:/ File:C:/UnrealEngine/FeaturePacks/TP_SideScrollerBP.upack)
[2022.02.26-01.09.27:375][  0]LogPakFile: OnPakFileMounted2Time == 0.000394
[2022.02.26-01.09.27:381][  0]LogShaderLibrary: Display: ShaderCodeLibraryPakFileMountedCallback: PakFile 'C:/UnrealEngine/FeaturePacks/TP_ThirdPerson.upack' (chunk index -1, root 'root:/') mounted
[2022.02.26-01.09.27:382][  0]LogShaderLibrary: Display: ShaderCodeLibraryPakFileMountedCallback: pending pak file info (ChunkID:-1 Root:root:/ File:C:/UnrealEngine/FeaturePacks/TP_ThirdPerson.upack)
[2022.02.26-01.09.27:382][  0]LogPakFile: OnPakFileMounted2Time == 0.000384
[2022.02.26-01.09.27:387][  0]LogShaderLibrary: Display: ShaderCodeLibraryPakFileMountedCallback: PakFile 'C:/UnrealEngine/FeaturePacks/TP_ThirdPersonBP.upack' (chunk index -1, root 'root:/') mounted
[2022.02.26-01.09.27:388][  0]LogShaderLibrary: Display: ShaderCodeLibraryPakFileMountedCallback: pending pak file info (ChunkID:-1 Root:root:/ File:C:/UnrealEngine/FeaturePacks/TP_ThirdPersonBP.upack)
[2022.02.26-01.09.27:388][  0]LogPakFile: OnPakFileMounted2Time == 0.000475
[2022.02.26-01.09.27:394][  0]LogShaderLibrary: Display: ShaderCodeLibraryPakFileMountedCallback: PakFile 'C:/UnrealEngine/FeaturePacks/TP_TopDown.upack' (chunk index -1, root 'root:/') mounted
[2022.02.26-01.09.27:394][  0]LogShaderLibrary: Display: ShaderCodeLibraryPakFileMountedCallback: pending pak file info (ChunkID:-1 Root:root:/ File:C:/UnrealEngine/FeaturePacks/TP_TopDown.upack)
[2022.02.26-01.09.27:394][  0]LogPakFile: OnPakFileMounted2Time == 0.000323
[2022.02.26-01.09.27:402][  0]LogShaderLibrary: Display: ShaderCodeLibraryPakFileMountedCallback: PakFile 'C:/UnrealEngine/FeaturePacks/TP_TopDownBP.upack' (chunk index -1, root 'root:/') mounted
[2022.02.26-01.09.27:402][  0]LogShaderLibrary: Display: ShaderCodeLibraryPakFileMountedCallback: pending pak file info (ChunkID:-1 Root:root:/ File:C:/UnrealEngine/FeaturePacks/TP_TopDownBP.upack)
[2022.02.26-01.09.27:403][  0]LogPakFile: OnPakFileMounted2Time == 0.000420
[2022.02.26-01.09.27:409][  0]LogShaderLibrary: Display: ShaderCodeLibraryPakFileMountedCallback: PakFile 'C:/UnrealEngine/FeaturePacks/TP_TwinStick.upack' (chunk index -1, root 'root:/') mounted
[2022.02.26-01.09.27:410][  0]LogShaderLibrary: Display: ShaderCodeLibraryPakFileMountedCallback: pending pak file info (ChunkID:-1 Root:root:/ File:C:/UnrealEngine/FeaturePacks/TP_TwinStick.upack)
[2022.02.26-01.09.27:410][  0]LogPakFile: OnPakFileMounted2Time == 0.000260
[2022.02.26-01.09.27:417][  0]LogShaderLibrary: Display: ShaderCodeLibraryPakFileMountedCallback: PakFile 'C:/UnrealEngine/FeaturePacks/TP_TwinStickBP.upack' (chunk index -1, root 'root:/') mounted
[2022.02.26-01.09.27:417][  0]LogShaderLibrary: Display: ShaderCodeLibraryPakFileMountedCallback: pending pak file info (ChunkID:-1 Root:root:/ File:C:/UnrealEngine/FeaturePacks/TP_TwinStickBP.upack)
[2022.02.26-01.09.27:417][  0]LogPakFile: OnPakFileMounted2Time == 0.000257
[2022.02.26-01.09.27:423][  0]LogShaderLibrary: Display: ShaderCodeLibraryPakFileMountedCallback: PakFile 'C:/UnrealEngine/FeaturePacks/TP_Vehicle.upack' (chunk index -1, root 'root:/') mounted
[2022.02.26-01.09.27:423][  0]LogShaderLibrary: Display: ShaderCodeLibraryPakFileMountedCallback: pending pak file info (ChunkID:-1 Root:root:/ File:C:/UnrealEngine/FeaturePacks/TP_Vehicle.upack)
[2022.02.26-01.09.27:423][  0]LogPakFile: OnPakFileMounted2Time == 0.000291
[2022.02.26-01.09.27:429][  0]LogShaderLibrary: Display: ShaderCodeLibraryPakFileMountedCallback: PakFile 'C:/UnrealEngine/FeaturePacks/TP_VehicleAdv.upack' (chunk index -1, root 'root:/') mounted
[2022.02.26-01.09.27:429][  0]LogShaderLibrary: Display: ShaderCodeLibraryPakFileMountedCallback: pending pak file info (ChunkID:-1 Root:root:/ File:C:/UnrealEngine/FeaturePacks/TP_VehicleAdv.upack)
[2022.02.26-01.09.27:429][  0]LogPakFile: OnPakFileMounted2Time == 0.000448
[2022.02.26-01.09.27:435][  0]LogShaderLibrary: Display: ShaderCodeLibraryPakFileMountedCallback: PakFile 'C:/UnrealEngine/FeaturePacks/TP_VehicleAdvBP.upack' (chunk index -1, root 'root:/') mounted
[2022.02.26-01.09.27:436][  0]LogShaderLibrary: Display: ShaderCodeLibraryPakFileMountedCallback: pending pak file info (ChunkID:-1 Root:root:/ File:C:/UnrealEngine/FeaturePacks/TP_VehicleAdvBP.upack)
[2022.02.26-01.09.27:436][  0]LogPakFile: OnPakFileMounted2Time == 0.000336
[2022.02.26-01.09.27:441][  0]LogShaderLibrary: Display: ShaderCodeLibraryPakFileMountedCallback: PakFile 'C:/UnrealEngine/FeaturePacks/TP_VehicleBP.upack' (chunk index -1, root 'root:/') mounted
[2022.02.26-01.09.27:441][  0]LogShaderLibrary: Display: ShaderCodeLibraryPakFileMountedCallback: pending pak file info (ChunkID:-1 Root:root:/ File:C:/UnrealEngine/FeaturePacks/TP_VehicleBP.upack)
[2022.02.26-01.09.27:441][  0]LogPakFile: OnPakFileMounted2Time == 0.000276
[2022.02.26-01.09.27:447][  0]LogPakFile: PakFile PrimaryIndexSize=192
[2022.02.26-01.09.27:448][  0]LogPakFile: PakFile PathHashIndexSize=101
[2022.02.26-01.09.27:448][  0]LogPakFile: PakFile FullDirectoryIndexSize=158
[2022.02.26-01.09.27:448][  0]LogShaderLibrary: Display: ShaderCodeLibraryPakFileMountedCallback: PakFile 'C:/UnrealEngine/FeaturePacks/TP_VirtualRealityBP.upack' (chunk index -1, root 'root:/') mounted
[2022.02.26-01.09.27:448][  0]LogShaderLibrary: Display: ShaderCodeLibraryPakFileMountedCallback: pending pak file info (ChunkID:-1 Root:root:/ File:C:/UnrealEngine/FeaturePacks/TP_VirtualRealityBP.upack)
[2022.02.26-01.09.27:448][  0]LogPakFile: OnPakFileMounted2Time == 0.000221
[2022.02.26-01.09.27:690][  0]LogNativeClassHierarchy: Verbose: Native class hierarchy updated for 'AddContentDialog' in 0.0003 seconds. Added 0 classes and 0 folders.
[2022.02.26-01.09.27:692][  0]LogNativeClassHierarchy: Verbose: Native class hierarchy updated for 'SceneOutliner' in 0.0003 seconds. Added 2 classes and 0 folders.
[2022.02.26-01.09.27:733][  0]LogSlate: Took 0.004750 seconds to synchronously load lazily loaded font '../../../Engine/Content/Slate/Fonts/Roboto-Regular.ttf' (155K)
[2022.02.26-01.09.27:738][  0]LogSlate: Took 0.004483 seconds to synchronously load lazily loaded font '../../../Engine/Content/Editor/Slate/Fonts/FontAwesome.ttf' (139K)
[2022.02.26-01.09.27:743][  0]LogSlate: Took 0.003812 seconds to synchronously load lazily loaded font '../../../Engine/Content/Slate/Fonts/Roboto-Bold.ttf' (160K)
[2022.02.26-01.09.27:925][  0]LogRenderer: Reallocating scene render targets to support 1208x572 Format 10 NumSamples 1 (Frame:1).
[2022.02.26-01.09.27:975][  0]LogSlate: Took 0.005105 seconds to synchronously load lazily loaded font '../../../Engine/Content/Slate/Fonts/Roboto-Light.ttf' (167K)
[2022.02.26-01.09.28:267][  0]LogNativeClassHierarchy: Verbose: Native class hierarchy updated for 'HierarchicalLODOutliner' in 0.0003 seconds. Added 0 classes and 0 folders.
[2022.02.26-01.09.28:267][  0]LogLoad: (Engine Initialization) Total time: 31.27 seconds
[2022.02.26-01.09.28:267][  0]LogLoad: (Engine Initialization) Total Blueprint compile time: 0.00 seconds
[2022.02.26-01.09.28:326][  0]LogAssetRegistry: Asset discovery search completed in 16.5152 seconds
[2022.02.26-01.09.28:355][  0]LogCollectionManager: Fixed up redirectors for 0 collections in 0.000006 seconds (updated 0 objects)
[2022.02.26-01.09.28:358][  0]LogContentStreaming: Texture pool size now 1000 MB
[2022.02.26-01.09.28:395][  1]LogFileCache: Retrieving MD5 hashes for directory 'C:/FEM_Unreal/FEM/Content/' took 0.11s
[2022.02.26-01.09.31:291][345]LogSlate: Took 0.000174 seconds to synchronously load lazily loaded font '../../../Engine/Content/Slate/Fonts/Roboto-Light.ttf' (167K)
[2022.02.26-01.19.32:130][326]LogUObjectHash: Compacting FUObjectHashTables data took   0.91ms
[2022.02.26-01.21.14:121][572]LogEditorClassViewer: Warning: Class /Engine/Tutorial/InWorldBlueprintEditing/TutorialAssets/IWBE_Blutility.IWBE_Blutility_C has parent /Script/Blutility.PlacedEditorUtilityBase, but this parent is not found. The Class will not be shown in ClassViewer.
[2022.02.26-01.21.14:196][572]LogSlate: Took 0.000221 seconds to synchronously load lazily loaded font '../../../Engine/Content/Slate/Fonts/Roboto-BoldCondensed.ttf' (158K)
[2022.02.26-01.21.27:954][214]LogAssetEditorSubsystem: Opening Asset editor for Blueprint /Game/Blueprint/BP_ProceduralMesh.BP_ProceduralMesh
[2022.02.26-01.21.27:955][214]LogChaos: FPhysicsSolverBase::AsyncDt:-1.000000
[2022.02.26-01.21.28:200][214]LogNativeClassHierarchy: Verbose: Native class hierarchy updated for 'BlueprintGraph' in 0.0006 seconds. Added 126 classes and 0 folders.
[2022.02.26-01.21.29:391][214]LogSlate: Window 'Add Blueprint Class' being destroyed
[2022.02.26-01.21.32:282][435]LogSlate: Took 0.010510 seconds to synchronously load lazily loaded font '../../../Engine/Content/Slate/Fonts/Roboto-Italic.ttf' (157K)
